#
# A fatal error has been detected by the Java Runtime Environment:
#
#  SIGSEGV (0xb) at pc=0x00007f2bbcea3ca0, pid=5221, tid=139824498345744
#
# JRE version: 6.0_18-b18
# Java VM: OpenJDK 64-Bit Server VM (16.0-b13 mixed mode linux-amd64 )
# Derivative: IcedTea6 1.8.2
# Distribution: Ubuntu 10.04.1 LTS, package 6b18-1.8.2-4ubuntu2
# Problematic frame:
# V  [libjvm.so+0x50bca0]
#
# If you would like to submit a bug report, please include
# instructions how to reproduce the bug and visit:
#   https://bugs.launchpad.net/ubuntu/+source/openjdk-6/
#

---------------  T H R E A D  ---------------

Current thread (0x00007f2b68004000):  JavaThread "CompilerThread1" daemon [_thread_in_native, id=5238, stack(0x00007f2b6d7e0000,0x00007f2b6d8e1000)]

siginfo:si_signo=SIGSEGV: si_errno=0, si_code=1 (SEGV_MAPERR), si_addr=0x0000000000000008

Registers:
RAX=0x0000000000000000, RBX=0x00007f2b6d8dda80, RCX=0x00007f2b68e196a0, RDX=0x0000000000002000
RSP=0x00007f2b6d8dc290, RBP=0x00007f2b6d8dc2d0, RSI=0x00007f2b68dc1690, RDI=0x0000000000000000
R8 =0x00007f2b68849da0, R9 =0x00007f2b69753828, R10=0x0000000000000000, R11=0x00007f2bbd4fee53
R12=0x0000000000e852b8, R13=0x00007f2b69becc60, R14=0x00007f2b6d8ddaa0, R15=0x00007f2b697563e0
RIP=0x00007f2bbcea3ca0, EFL=0x0000000000010206, CSGSFS=0x0000000000000033, ERR=0x0000000000000004
  TRAPNO=0x000000000000000e

Top of Stack: (sp=0x00007f2b6d8dc290)
0x00007f2b6d8dc290:   00007f2b6d8dc5b0 0000000000001268
0x00007f2b6d8dc2a0:   00007f2b6d8dc2d0 00007f2b6d8dc570
0x00007f2b6d8dc2b0:   00007f2b6d8dda80 0000000000e852b8
0x00007f2b6d8dc2c0:   0000000000000002 00007f2b6987abb8
0x00007f2b6d8dc2d0:   00007f2b6d8dc340 00007f2bbcea4207
0x00007f2b6d8dc2e0:   0000000000000020 00007f2b00000001
0x00007f2b6d8dc2f0:   00007f2b6d8de410 0000000000000000
0x00007f2b6d8dc300:   00007f2b6d8dc550 00007f2b6d8dc5b0
0x00007f2b6d8dc310:   0000000000001565 00007f2b6d8dda80
0x00007f2b6d8dc320:   00007f2b6d8dd070 00007f2b6d8dc5b0
0x00007f2b6d8dc330:   00007f2b6d8dc550 0000000000000000
0x00007f2b6d8dc340:   00007f2b6d8dc610 00007f2bbcea7750
0x00007f2b6d8dc350:   00007f2b6d8dd070 0000000001829ce0
0x00007f2b6d8dc360:   00007f2b6d8dd070 0000000000001553
0x00007f2b6d8dc370:   000000000000ab90 00007f2bbd428d7c
0x00007f2b6d8dc380:   01007f2b6d8dc3e0 00007f2b6d8dc570
0x00007f2b6d8dc390:   00007f2b6d8dc3b0 00007f2bbd029fb6
0x00007f2b6d8dc3a0:   0000000000933100 00007f2b68006440
0x00007f2b6d8dc3b0:   00007f2b6d8dc3d0 00007f2bbd029fb6
0x00007f2b6d8dc3c0:   0000000000933100 00007f2b68006440
0x00007f2b6d8dc3d0:   0000000000fc2f80 00007f2b68006440
0x00007f2b6d8dc3e0:   00007f2b6d8dc3f0 00007f2bbd02924d
0x00007f2b6d8dc3f0:   00007f2b6d8dc450 00007f2bbccc540e
0x00007f2b6d8dc400:   0000000000000000 895d9d050049c5c8
0x00007f2b6d8dc410:   0000000000000000 00000000bd02d818
0x00007f2b6d8dc420:   00007f2b88ca6bff 00007f2b6849c5c8
0x00007f2b6d8dc430:   00007f2bbd433758 00007f2b68006440
0x00007f2b6d8dc440:   00007f2b68d44010 00000000009331b0
0x00007f2b6d8dc450:   00007f2b6849c5c8 00007f2bbd02aa03
0x00007f2b6d8dc460:   00000000009331b0 0000000000000000
0x00007f2b6d8dc470:   0000000000000001 00007f2b69757f58
0x00007f2b6d8dc480:   00007f2b6d8dc510 00007f2bbced924c 

Instructions: (pc=0x00007f2bbcea3ca0)
0x00007f2bbcea3c90:   89 f6 48 c1 e6 03 48 03 b3 d0 09 00 00 48 8b 06
0x00007f2bbcea3ca0:   48 8b 50 08 48 83 3a 00 75 27 8b 4b 28 0f 1f 00 

Stack: [0x00007f2b6d7e0000,0x00007f2b6d8e1000],  sp=0x00007f2b6d8dc290,  free space=3f00000000000000030k
Native frames: (J=compiled Java code, j=interpreted, Vv=VM code, C=native code)
V  [libjvm.so+0x50bca0]
V  [libjvm.so+0x50c207]
V  [libjvm.so+0x50f750]
V  [libjvm.so+0x2b7a9b]
V  [libjvm.so+0x2b85ea]
V  [libjvm.so+0x246f7c]
V  [libjvm.so+0x2bd4ca]
V  [libjvm.so+0x2bdaef]
V  [libjvm.so+0x687d0b]
V  [libjvm.so+0x58fff2]


Current CompileTask:
C2:1031      jregex.Pretokenizer.next()V (1064 bytes)


---------------  P R O C E S S  ---------------

Java Threads: ( => current thread )
  0x00007f2b60383000 JavaThread "com.mchange.v2.async.ThreadPoolAsynchronousRunner$PoolThread-#2" daemon [_thread_blocked, id=5249, stack(0x00007f2b6c63e000,0x00007f2b6c73f000)]
  0x00007f2b60382000 JavaThread "com.mchange.v2.async.ThreadPoolAsynchronousRunner$PoolThread-#1" daemon [_thread_blocked, id=5248, stack(0x00007f2b6c73f000,0x00007f2b6c840000)]
  0x00007f2b6036e000 JavaThread "com.mchange.v2.async.ThreadPoolAsynchronousRunner$PoolThread-#0" daemon [_thread_blocked, id=5247, stack(0x00007f2b6c840000,0x00007f2b6c941000)]
  0x00007f2b60372000 JavaThread "Timer-0" daemon [_thread_blocked, id=5246, stack(0x00007f2b6c941000,0x00007f2b6ca42000)]
  0x00000000011fe800 JavaThread "pool-3-thread-1" [_thread_in_vm, id=5245, stack(0x00007f2b6cc51000,0x00007f2b6cd52000)]
  0x000000000102b800 JavaThread "NioProcessor-1" [_thread_in_native, id=5244, stack(0x00007f2b6cd52000,0x00007f2b6ce53000)]
  0x00000000008e2800 JavaThread "DestroyJavaVM" [_thread_blocked, id=5222, stack(0x00007f2bbe12e000,0x00007f2bbe22f000)]
  0x0000000000d7e800 JavaThread "NioSocketAcceptor-1" [_thread_in_native, id=5243, stack(0x00007f2b6ce53000,0x00007f2b6cf54000)]
  0x0000000000ab4800 JavaThread "NioSocketAcceptor-1-idleStatusChecker" [_thread_blocked, id=5242, stack(0x00007f2b6cf54000,0x00007f2b6d055000)]
  0x00000000009ca800 JavaThread "Low Memory Detector" daemon [_thread_blocked, id=5239, stack(0x00007f2b6d6df000,0x00007f2b6d7e0000)]
=>0x00007f2b68004000 JavaThread "CompilerThread1" daemon [_thread_in_native, id=5238, stack(0x00007f2b6d7e0000,0x00007f2b6d8e1000)]
  0x00007f2b68001000 JavaThread "CompilerThread0" daemon [_thread_in_native, id=5237, stack(0x00007f2b6d8e1000,0x00007f2b6d9e2000)]
  0x00000000009b3000 JavaThread "JDWP Event Helper Thread" daemon [_thread_blocked, id=5236, stack(0x00007f2b6d9e2000,0x00007f2b6dae3000)]
  0x00000000009af800 JavaThread "JDWP Transport Listener: dt_socket" daemon [_thread_in_native, id=5235, stack(0x00007f2b6dae3000,0x00007f2b6dbe4000)]
  0x000000000097c000 JavaThread "Signal Dispatcher" daemon [_thread_blocked, id=5234, stack(0x00007f2b6dde9000,0x00007f2b6deea000)]
  0x000000000095e000 JavaThread "Finalizer" daemon [_thread_blocked, id=5233, stack(0x00007f2b6deea000,0x00007f2b6dfeb000)]
  0x0000000000956800 JavaThread "Reference Handler" daemon [_thread_blocked, id=5232, stack(0x00007f2b6dfeb000,0x00007f2b6e0ec000)]

Other Threads:
  0x0000000000952000 VMThread [stack: 0x00007f2b6e0ec000,0x00007f2b6e1ed000] [id=5231]
  0x00000000009cd800 WatcherThread [stack: 0x00007f2b6d5de000,0x00007f2b6d6df000] [id=5240]

VM state:not at safepoint (normal execution)

VM Mutex/Monitor currently owned by a thread: None

Heap
 PSYoungGen      total 33280K, used 25726K [0x00007f2ba3300000, 0x00007f2ba5ab0000, 0x00007f2bb7c50000)
  eden space 28480K, 85% used [0x00007f2ba3300000,0x00007f2ba4aa9148,0x00007f2ba4ed0000)
  from space 4800K, 31% used [0x00007f2ba5600000,0x00007f2ba5776908,0x00007f2ba5ab0000)
  to   space 6080K, 0% used [0x00007f2ba4ed0000,0x00007f2ba4ed0000,0x00007f2ba54c0000)
 PSOldGen        total 42176K, used 23960K [0x00007f2b7a050000, 0x00007f2b7c980000, 0x00007f2ba3300000)
  object space 42176K, 56% used [0x00007f2b7a050000,0x00007f2b7b7b61b0,0x00007f2b7c980000)
 PSPermGen       total 40832K, used 40693K [0x00007f2b6f850000, 0x00007f2b72030000, 0x00007f2b7a050000)
  object space 40832K, 99% used [0x00007f2b6f850000,0x00007f2b7200d648,0x00007f2b72030000)

Dynamic libraries:
00400000-00409000 r-xp 00000000 08:01 18615065                           /usr/lib/jvm/java-6-openjdk/jre/bin/java
00608000-00609000 r--p 00008000 08:01 18615065                           /usr/lib/jvm/java-6-openjdk/jre/bin/java
00609000-0060a000 rw-p 00009000 08:01 18615065                           /usr/lib/jvm/java-6-openjdk/jre/bin/java
008d0000-0290d000 rw-p 00000000 00:00 0                                  [heap]
7f2b60000000-7f2b60b91000 rw-p 00000000 00:00 0 
7f2b60b91000-7f2b64000000 ---p 00000000 00:00 0 
7f2b68000000-7f2b6b438000 rw-p 00000000 00:00 0 
7f2b6b438000-7f2b6c000000 ---p 00000000 00:00 0 
7f2b6c639000-7f2b6c63c000 r--s 00031000 08:01 18612807                   /usr/lib/jvm/java-6-openjdk/jre/lib/ext/sunjce_provider.jar
7f2b6c63c000-7f2b6c63e000 r--s 00013000 08:01 18612823                   /usr/lib/jvm/java-6-openjdk/jre/lib/jce.jar
7f2b6c63e000-7f2b6c641000 ---p 00000000 00:00 0 
7f2b6c641000-7f2b6c73f000 rw-p 00000000 00:00 0 
7f2b6c73f000-7f2b6c742000 ---p 00000000 00:00 0 
7f2b6c742000-7f2b6c840000 rw-p 00000000 00:00 0 
7f2b6c840000-7f2b6c843000 ---p 00000000 00:00 0 
7f2b6c843000-7f2b6c941000 rw-p 00000000 00:00 0 
7f2b6c941000-7f2b6c944000 ---p 00000000 00:00 0 
7f2b6c944000-7f2b6ca42000 rw-p 00000000 00:00 0 
7f2b6ca42000-7f2b6ca49000 r-xp 00000000 08:01 18613949                   /usr/lib/jvm/java-6-openjdk/jre/lib/amd64/libmanagement.so
7f2b6ca49000-7f2b6cc48000 ---p 00007000 08:01 18613949                   /usr/lib/jvm/java-6-openjdk/jre/lib/amd64/libmanagement.so
7f2b6cc48000-7f2b6cc49000 r--p 00006000 08:01 18613949                   /usr/lib/jvm/java-6-openjdk/jre/lib/amd64/libmanagement.so
7f2b6cc49000-7f2b6cc4a000 rw-p 00007000 08:01 18613949                   /usr/lib/jvm/java-6-openjdk/jre/lib/amd64/libmanagement.so
7f2b6cc4a000-7f2b6cc51000 r--s 00102000 08:01 18612843                   /usr/lib/jvm/java-6-openjdk/jre/lib/resources.jar
7f2b6cc51000-7f2b6cc54000 ---p 00000000 00:00 0 
7f2b6cc54000-7f2b6cd52000 rw-p 00000000 00:00 0 
7f2b6cd52000-7f2b6cd55000 ---p 00000000 00:00 0 
7f2b6cd55000-7f2b6ce53000 rw-p 00000000 00:00 0 
7f2b6ce53000-7f2b6ce56000 ---p 00000000 00:00 0 
7f2b6ce56000-7f2b6cf54000 rw-p 00000000 00:00 0 
7f2b6cf54000-7f2b6cf57000 ---p 00000000 00:00 0 
7f2b6cf57000-7f2b6d055000 rw-p 00000000 00:00 0 
7f2b6d055000-7f2b6d05d000 r-xp 00000000 08:01 18613952                   /usr/lib/jvm/java-6-openjdk/jre/lib/amd64/libnio.so
7f2b6d05d000-7f2b6d25c000 ---p 00008000 08:01 18613952                   /usr/lib/jvm/java-6-openjdk/jre/lib/amd64/libnio.so
7f2b6d25c000-7f2b6d25d000 r--p 00007000 08:01 18613952                   /usr/lib/jvm/java-6-openjdk/jre/lib/amd64/libnio.so
7f2b6d25d000-7f2b6d25e000 rw-p 00008000 08:01 18613952                   /usr/lib/jvm/java-6-openjdk/jre/lib/amd64/libnio.so
7f2b6d25e000-7f2b6d273000 r-xp 00000000 08:01 18613951                   /usr/lib/jvm/java-6-openjdk/jre/lib/amd64/libnet.so
7f2b6d273000-7f2b6d472000 ---p 00015000 08:01 18613951                   /usr/lib/jvm/java-6-openjdk/jre/lib/amd64/libnet.so
7f2b6d472000-7f2b6d473000 r--p 00014000 08:01 18613951                   /usr/lib/jvm/java-6-openjdk/jre/lib/amd64/libnet.so
7f2b6d473000-7f2b6d474000 rw-p 00015000 08:01 18613951                   /usr/lib/jvm/java-6-openjdk/jre/lib/amd64/libnet.so
7f2b6d474000-7f2b6d478000 r--s 0002f000 08:01 22941597                   /home/d3orn/play-1.0.3.2/framework/lib/commons-lang.jar
7f2b6d478000-7f2b6d480000 r--s 0008a000 08:01 22941614                   /home/d3orn/play-1.0.3.2/framework/lib/javassist.jar
7f2b6d480000-7f2b6d483000 r--s 00011000 08:01 22941603                   /home/d3orn/play-1.0.3.2/framework/lib/ezmorph-1.0.3.jar
7f2b6d483000-7f2b6d486000 r--s 00018000 08:01 22941596                   /home/d3orn/play-1.0.3.2/framework/lib/commons-io.jar
7f2b6d486000-7f2b6d489000 r--s 0000a000 08:01 22941602                   /home/d3orn/play-1.0.3.2/framework/lib/ejb3-persistence.jar
7f2b6d489000-7f2b6d48c000 r--s 00022000 08:01 22941613                   /home/d3orn/play-1.0.3.2/framework/lib/jamon-2.7.jar
7f2b6d48c000-7f2b6d492000 r--s 00049000 08:01 22941590                   /home/d3orn/play-1.0.3.2/framework/lib/cglib-nodep-2.2.jar
7f2b6d492000-7f2b6d495000 r--s 0001b000 08:01 22941608                   /home/d3orn/play-1.0.3.2/framework/lib/hibernate-entitymanager.jar
7f2b6d495000-7f2b6d497000 r--s 00017000 08:01 22941583                   /home/d3orn/play-1.0.3.2/framework/lib/WikiText.jar
7f2b6d497000-7f2b6d499000 r--s 0000c000 08:01 22941585                   /home/d3orn/play-1.0.3.2/framework/lib/activation.jar
7f2b6d499000-7f2b6d49e000 r--s 00040000 08:01 22941595                   /home/d3orn/play-1.0.3.2/framework/lib/commons-httpclient.jar
7f2b6d49e000-7f2b6d4a4000 r--s 00056000 08:01 22941610                   /home/d3orn/play-1.0.3.2/framework/lib/hibernate3-ast.jar
7f2b6d4a4000-7f2b6d4f3000 r--s 004b1000 08:01 22941604                   /home/d3orn/play-1.0.3.2/framework/lib/groovy-all-1.7.1.jar
7f2b6d4f3000-7f2b6d4f5000 r--s 00001000 08:01 22941618                   /home/d3orn/play-1.0.3.2/framework/lib/jsr107cache-1.0.jar
7f2b6d4f5000-7f2b6d4f7000 r--s 00011000 08:01 22941584                   /home/d3orn/play-1.0.3.2/framework/lib/ZDB.jar
7f2b6d4f7000-7f2b6d506000 r--s 00074000 08:01 22941616                   /home/d3orn/play-1.0.3.2/framework/lib/joda-time-1.6.jar
7f2b6d506000-7f2b6d508000 r--s 0000a000 08:01 22941592                   /home/d3orn/play-1.0.3.2/framework/lib/commons-codec.jar
7f2b6d508000-7f2b6d50f000 r--s 00059000 08:01 22941621                   /home/d3orn/play-1.0.3.2/framework/lib/log4j-1.2.15.jar
7f2b6d50f000-7f2b6d515000 r--s 00055000 08:01 22941624                   /home/d3orn/play-1.0.3.2/framework/lib/mail.jar
7f2b6d515000-7f2b6d521000 r--s 0014c000 08:01 22941599                   /home/d3orn/play-1.0.3.2/framework/lib/compiler-jdt.jar
7f2b6d521000-7f2b6d523000 r--s 00003000 08:01 22941632                   /home/d3orn/play-1.0.3.2/framework/lib/slf4j-api-1.5.0.jar
7f2b6d523000-7f2b6d547000 r--s 00473000 08:01 22941611                   /home/d3orn/play-1.0.3.2/framework/lib/hibernate3.jar
7f2b6d547000-7f2b6d54b000 r--s 00020000 08:01 22941630                   /home/d3orn/play-1.0.3.2/framework/lib/play-imaging.jar
7f2b6d54b000-7f2b6d550000 r--s 00023000 08:01 22941620                   /home/d3orn/play-1.0.3.2/framework/lib/junit-4.4.jar
7f2b6d550000-7f2b6d553000 r--s 0000f000 08:01 22941631                   /home/d3orn/play-1.0.3.2/framework/lib/provided-geronimo-servlet_2.5_spec-1.2.jar
7f2b6d553000-7f2b6d55f000 r--s 00097000 08:01 22941623                   /home/d3orn/play-1.0.3.2/framework/lib/lucene-core-2.3.1.jar
7f2b6d55f000-7f2b6d562000 r--s 0000e000 08:01 22941607                   /home/d3orn/play-1.0.3.2/framework/lib/hibernate-commons-annotations.jar
7f2b6d562000-7f2b6d567000 r--s 00037000 08:01 22941625                   /home/d3orn/play-1.0.3.2/framework/lib/memcached-2.4.2.jar
7f2b6d567000-7f2b6d56d000 r--s 0002c000 08:01 22941582                   /home/d3orn/play-1.0.3.2/framework/lib/SnakeYAML-1.2.jar
7f2b6d56d000-7f2b6d57a000 r--s 0007c000 08:01 22941593                   /home/d3orn/play-1.0.3.2/framework/lib/commons-collections-3.1.jar
7f2b6d57a000-7f2b6d580000 r--s 00041000 08:01 22941628                   /home/d3orn/play-1.0.3.2/framework/lib/oval-1.31.jar
7f2b6d580000-7f2b6d585000 r--s 00040000 08:01 22941606                   /home/d3orn/play-1.0.3.2/framework/lib/hibernate-annotations.jar
7f2b6d585000-7f2b6d58d000 r--s 000a3000 08:01 22941612                   /home/d3orn/play-1.0.3.2/framework/lib/hsqldb.jar
7f2b6d58d000-7f2b6d593000 r--s 00067000 08:01 22941586                   /home/d3orn/play-1.0.3.2/framework/lib/antlr-2.7.6.jar
7f2b6d593000-7f2b6d599000 r--s 00032000 08:01 22941615                   /home/d3orn/play-1.0.3.2/framework/lib/jaxen-1.1.jar
7f2b6d599000-7f2b6d59f000 r--s 00024000 08:01 22941587                   /home/d3orn/play-1.0.3.2/framework/lib/asyncweb-common-0.9.0-SNAPSHOT.jar
7f2b6d59f000-7f2b6d5a1000 r--s 00015000 08:01 22941617                   /home/d3orn/play-1.0.3.2/framework/lib/jregex1.2_01.jar
7f2b6d5a1000-7f2b6d5ac000 r--s 00071000 08:01 22941626                   /home/d3orn/play-1.0.3.2/framework/lib/mina-core-2.0.0-M2-SNAPSHOT.jar
7f2b6d5ac000-7f2b6d5b3000 r--s 000aa000 08:01 22941627                   /home/d3orn/play-1.0.3.2/framework/lib/mysql-connector-java-5.1.8-bin.jar
7f2b6d5b3000-7f2b6d5b8000 r--s 00048000 08:01 22941600                   /home/d3orn/play-1.0.3.2/framework/lib/dom4j-1.6.1.jar
7f2b6d5b8000-7f2b6d5bd000 r--s 0002a000 08:01 22941591                   /home/d3orn/play-1.0.3.2/framework/lib/commons-beanutils.jar
7f2b6d5bd000-7f2b6d5c2000 r--s 0003c000 08:01 22941601                   /home/d3orn/play-1.0.3.2/framework/lib/ehcache-1.5.0.jar
7f2b6d5c2000-7f2b6d5c4000 r--s 00001000 08:01 22941619                   /home/d3orn/play-1.0.3.2/framework/lib/jta.jar
7f2b6d5c4000-7f2b6d5c6000 r--s 0000b000 08:01 22941594                   /home/d3orn/play-1.0.3.2/framework/lib/commons-fileupload-1.2.jar
7f2b6d5c6000-7f2b6d5cf000 r--s 00048000 08:01 22941588                   /home/d3orn/play-1.0.3.2/framework/lib/backport-util-concurrent-3.0.jar
7f2b6d5cf000-7f2b6d5d3000 r--s 00023000 08:01 22941605                   /home/d3orn/play-1.0.3.2/framework/lib/gson-1.3.jar
7f2b6d5d3000-7f2b6d5de000 r--s 0008a000 08:01 22941589                   /home/d3orn/play-1.0.3.2/framework/lib/c3p0-0.9.1.jar
7f2b6d5de000-7f2b6d5df000 ---p 00000000 00:00 0 
7f2b6d5df000-7f2b6d6df000 rw-p 00000000 00:00 0 
7f2b6d6df000-7f2b6d6e2000 ---p 00000000 00:00 0 
7f2b6d6e2000-7f2b6d7e0000 rw-p 00000000 00:00 0 
7f2b6d7e0000-7f2b6d7e3000 ---p 00000000 00:00 0 
7f2b6d7e3000-7f2b6d8e1000 rw-p 00000000 00:00 0 
7f2b6d8e1000-7f2b6d8e4000 ---p 00000000 00:00 0 
7f2b6d8e4000-7f2b6d9e2000 rw-p 00000000 00:00 0 
7f2b6d9e2000-7f2b6d9e5000 ---p 00000000 00:00 0 
7f2b6d9e5000-7f2b6dae3000 rw-p 00000000 00:00 0 
7f2b6dae3000-7f2b6dae6000 ---p 00000000 00:00 0 
7f2b6dae6000-7f2b6dbe4000 rw-p 00000000 00:00 0 
7f2b6dbe4000-7f2b6dbe8000 r-xp 00000000 08:01 18612475                   /usr/lib/jvm/java-6-openjdk/jre/lib/amd64/libdt_socket.so
7f2b6dbe8000-7f2b6dde7000 ---p 00004000 08:01 18612475                   /usr/lib/jvm/java-6-openjdk/jre/lib/amd64/libdt_socket.so
7f2b6dde7000-7f2b6dde8000 r--p 00003000 08:01 18612475                   /usr/lib/jvm/java-6-openjdk/jre/lib/amd64/libdt_socket.so
7f2b6dde8000-7f2b6dde9000 rw-p 00004000 08:01 18612475                   /usr/lib/jvm/java-6-openjdk/jre/lib/amd64/libdt_socket.so
7f2b6dde9000-7f2b6ddec000 ---p 00000000 00:00 0 
7f2b6ddec000-7f2b6deea000 rw-p 00000000 00:00 0 
7f2b6deea000-7f2b6deed000 ---p 00000000 00:00 0 
7f2b6deed000-7f2b6dfeb000 rw-p 00000000 00:00 0 
7f2b6dfeb000-7f2b6dfee000 ---p 00000000 00:00 0 
7f2b6dfee000-7f2b6e0ec000 rw-p 00000000 00:00 0 
7f2b6e0ec000-7f2b6e0ed000 ---p 00000000 00:00 0 
7f2b6e0ed000-7f2b6eb29000 rw-p 00000000 00:00 0 
7f2b6eb29000-7f2b6ecbb000 r--s 03916000 08:01 18612322                   /usr/lib/jvm/java-6-openjdk/jre/lib/rt.jar
7f2b6ecbb000-7f2b6ecbc000 ---p 00000000 00:00 0 
7f2b6ecbc000-7f2b6edbc000 rw-p 00000000 00:00 0 
7f2b6edbc000-7f2b6edbd000 ---p 00000000 00:00 0 
7f2b6edbd000-7f2b6eebd000 rw-p 00000000 00:00 0 
7f2b6eebd000-7f2b6eebe000 ---p 00000000 00:00 0 
7f2b6eebe000-7f2b6efbe000 rw-p 00000000 00:00 0 
7f2b6efbe000-7f2b6efbf000 ---p 00000000 00:00 0 
7f2b6efbf000-7f2b6f0bf000 rw-p 00000000 00:00 0 
7f2b6f0bf000-7f2b6f0c0000 ---p 00000000 00:00 0 
7f2b6f0c0000-7f2b6f1c0000 rw-p 00000000 00:00 0 
7f2b6f1c0000-7f2b6f1c1000 ---p 00000000 00:00 0 
7f2b6f1c1000-7f2b6f2c1000 rw-p 00000000 00:00 0 
7f2b6f2c1000-7f2b6f2c2000 ---p 00000000 00:00 0 
7f2b6f2c2000-7f2b6f3c2000 rw-p 00000000 00:00 0 
7f2b6f3c2000-7f2b6f3c3000 ---p 00000000 00:00 0 
7f2b6f3c3000-7f2b6f4d8000 rw-p 00000000 00:00 0 
7f2b6f4d8000-7f2b6f60d000 rw-p 00000000 00:00 0 
7f2b6f60d000-7f2b6f621000 rw-p 00000000 00:00 0 
7f2b6f621000-7f2b6f661000 rw-p 00000000 00:00 0 
7f2b6f661000-7f2b6f676000 rw-p 00000000 00:00 0 
7f2b6f676000-7f2b6f7aa000 rw-p 00000000 00:00 0 
7f2b6f7aa000-7f2b6f7bf000 rw-p 00000000 00:00 0 
7f2b6f7bf000-7f2b6f7d6000 ---p 00000000 00:00 0 
7f2b6f7d6000-7f2b6f84f000 rw-p 00000000 00:00 0 
7f2b6f84f000-7f2b72030000 rw-p 00000000 00:00 0 
7f2b72030000-7f2b7a050000 rw-p 00000000 00:00 0 
7f2b7a050000-7f2b7c980000 rw-p 00000000 00:00 0 
7f2b7c980000-7f2ba3300000 rw-p 00000000 00:00 0 
7f2ba3300000-7f2ba5ab0000 rw-p 00000000 00:00 0 
7f2ba5ab0000-7f2ba89e0000 ---p 00000000 00:00 0 
7f2ba89e0000-7f2bb7c50000 rw-p 00000000 00:00 0 
7f2bb7c50000-7f2bb7c52000 r--s 00012000 08:01 22941622                   /home/d3orn/play-1.0.3.2/framework/lib/lucene-analyzers-2.3.1.jar
7f2bb7c52000-7f2bb7c59000 r--s 00038000 08:01 22941634                   /home/d3orn/play-1.0.3.2/framework/lib/wikitext.core_1.1.1.jar
7f2bb7c59000-7f2bb7c6d000 rw-p 00000000 00:00 0 
7f2bb7c6d000-7f2bb7d19000 rw-p 00000000 00:00 0 
7f2bb7d19000-7f2bb8209000 rwxp 00000000 00:00 0 
7f2bb8209000-7f2bbad19000 rw-p 00000000 00:00 0 
7f2bbad19000-7f2bbad20000 r-xp 00000000 08:01 18613958                   /usr/lib/jvm/java-6-openjdk/jre/lib/amd64/libzip.so
7f2bbad20000-7f2bbaf1f000 ---p 00007000 08:01 18613958                   /usr/lib/jvm/java-6-openjdk/jre/lib/amd64/libzip.so
7f2bbaf1f000-7f2bbaf20000 r--p 00006000 08:01 18613958                   /usr/lib/jvm/java-6-openjdk/jre/lib/amd64/libzip.so
7f2bbaf20000-7f2bbaf21000 rw-p 00007000 08:01 18613958                   /usr/lib/jvm/java-6-openjdk/jre/lib/amd64/libzip.so
7f2bbaf21000-7f2bbaf2d000 r-xp 00000000 08:01 29622883                   /lib/libnss_files-2.11.1.so
7f2bbaf2d000-7f2bbb12c000 ---p 0000c000 08:01 29622883                   /lib/libnss_files-2.11.1.so
7f2bbb12c000-7f2bbb12d000 r--p 0000b000 08:01 29622883                   /lib/libnss_files-2.11.1.so
7f2bbb12d000-7f2bbb12e000 rw-p 0000c000 08:01 29622883                   /lib/libnss_files-2.11.1.so
7f2bbb12e000-7f2bbb138000 r-xp 00000000 08:01 29622873                   /lib/libnss_nis-2.11.1.so
7f2bbb138000-7f2bbb337000 ---p 0000a000 08:01 29622873                   /lib/libnss_nis-2.11.1.so
7f2bbb337000-7f2bbb338000 r--p 00009000 08:01 29622873                   /lib/libnss_nis-2.11.1.so
7f2bbb338000-7f2bbb339000 rw-p 0000a000 08:01 29622873                   /lib/libnss_nis-2.11.1.so
7f2bbb339000-7f2bbb341000 r-xp 00000000 08:01 29622872                   /lib/libnss_compat-2.11.1.so
7f2bbb341000-7f2bbb540000 ---p 00008000 08:01 29622872                   /lib/libnss_compat-2.11.1.so
7f2bbb540000-7f2bbb541000 r--p 00007000 08:01 29622872                   /lib/libnss_compat-2.11.1.so
7f2bbb541000-7f2bbb542000 rw-p 00008000 08:01 29622872                   /lib/libnss_compat-2.11.1.so
7f2bbb542000-7f2bbb660000 r--p 00000000 08:01 18095795                   /usr/lib/locale/en_US.utf8/LC_COLLATE
7f2bbb660000-7f2bbb663000 r-xp 00000000 08:01 18613953                   /usr/lib/jvm/java-6-openjdk/jre/lib/amd64/libnpt.so
7f2bbb663000-7f2bbb862000 ---p 00003000 08:01 18613953                   /usr/lib/jvm/java-6-openjdk/jre/lib/amd64/libnpt.so
7f2bbb862000-7f2bbb863000 r--p 00002000 08:01 18613953                   /usr/lib/jvm/java-6-openjdk/jre/lib/amd64/libnpt.so
7f2bbb863000-7f2bbb864000 rw-p 00003000 08:01 18613953                   /usr/lib/jvm/java-6-openjdk/jre/lib/amd64/libnpt.so
7f2bbb864000-7f2bbb86d000 r-xp 00000000 08:01 18612584                   /usr/lib/jvm/java-6-openjdk/jre/lib/amd64/libinstrument.so
7f2bbb86d000-7f2bbba6d000 ---p 00009000 08:01 18612584                   /usr/lib/jvm/java-6-openjdk/jre/lib/amd64/libinstrument.so
7f2bbba6d000-7f2bbba6e000 r--p 00009000 08:01 18612584                   /usr/lib/jvm/java-6-openjdk/jre/lib/amd64/libinstrument.so
7f2bbba6e000-7f2bbba6f000 rw-p 0000a000 08:01 18612584                   /usr/lib/jvm/java-6-openjdk/jre/lib/amd64/libinstrument.so
7f2bbba6f000-7f2bbbaa8000 r-xp 00000000 08:01 18613498                   /usr/lib/jvm/java-6-openjdk/jre/lib/amd64/libjdwp.so
7f2bbbaa8000-7f2bbbca7000 ---p 00039000 08:01 18613498                   /usr/lib/jvm/java-6-openjdk/jre/lib/amd64/libjdwp.so
7f2bbbca7000-7f2bbbca8000 r--p 00038000 08:01 18613498                   /usr/lib/jvm/java-6-openjdk/jre/lib/amd64/libjdwp.so
7f2bbbca8000-7f2bbbca9000 rw-p 00039000 08:01 18613498                   /usr/lib/jvm/java-6-openjdk/jre/lib/amd64/libjdwp.so
7f2bbbca9000-7f2bbbcb1000 r-xp 00000000 08:01 18613959                   /usr/lib/jvm/java-6-openjdk/jre/lib/amd64/native_threads/libhpi.so
7f2bbbcb1000-7f2bbbeb0000 ---p 00008000 08:01 18613959                   /usr/lib/jvm/java-6-openjdk/jre/lib/amd64/native_threads/libhpi.so
7f2bbbeb0000-7f2bbbeb1000 r--p 00007000 08:01 18613959                   /usr/lib/jvm/java-6-openjdk/jre/lib/amd64/native_threads/libhpi.so
7f2bbbeb1000-7f2bbbeb2000 rw-p 00008000 08:01 18613959                   /usr/lib/jvm/java-6-openjdk/jre/lib/amd64/native_threads/libhpi.so
7f2bbbeb2000-7f2bbbec9000 r-xp 00000000 08:01 29622442                   /lib/libnsl-2.11.1.so
7f2bbbec9000-7f2bbc0c8000 ---p 00017000 08:01 29622442                   /lib/libnsl-2.11.1.so
7f2bbc0c8000-7f2bbc0c9000 r--p 00016000 08:01 29622442                   /lib/libnsl-2.11.1.so
7f2bbc0c9000-7f2bbc0ca000 rw-p 00017000 08:01 29622442                   /lib/libnsl-2.11.1.so
7f2bbc0ca000-7f2bbc0cc000 rw-p 00000000 00:00 0 
7f2bbc0cc000-7f2bbc0f9000 r-xp 00000000 08:01 18613494                   /usr/lib/jvm/java-6-openjdk/jre/lib/amd64/libjava.so
7f2bbc0f9000-7f2bbc2f8000 ---p 0002d000 08:01 18613494                   /usr/lib/jvm/java-6-openjdk/jre/lib/amd64/libjava.so
7f2bbc2f8000-7f2bbc2f9000 r--p 0002c000 08:01 18613494                   /usr/lib/jvm/java-6-openjdk/jre/lib/amd64/libjava.so
7f2bbc2f9000-7f2bbc2fc000 rw-p 0002d000 08:01 18613494                   /usr/lib/jvm/java-6-openjdk/jre/lib/amd64/libjava.so
7f2bbc2fc000-7f2bbc30b000 r-xp 00000000 08:01 18613957                   /usr/lib/jvm/java-6-openjdk/jre/lib/amd64/libverify.so
7f2bbc30b000-7f2bbc50a000 ---p 0000f000 08:01 18613957                   /usr/lib/jvm/java-6-openjdk/jre/lib/amd64/libverify.so
7f2bbc50a000-7f2bbc50c000 r--p 0000e000 08:01 18613957                   /usr/lib/jvm/java-6-openjdk/jre/lib/amd64/libverify.so
7f2bbc50c000-7f2bbc50d000 rw-p 00010000 08:01 18613957                   /usr/lib/jvm/java-6-openjdk/jre/lib/amd64/libverify.so
7f2bbc50d000-7f2bbc514000 r-xp 00000000 08:01 29622868                   /lib/librt-2.11.1.so
7f2bbc514000-7f2bbc713000 ---p 00007000 08:01 29622868                   /lib/librt-2.11.1.so
7f2bbc713000-7f2bbc714000 r--p 00006000 08:01 29622868                   /lib/librt-2.11.1.so
7f2bbc714000-7f2bbc715000 rw-p 00007000 08:01 29622868                   /lib/librt-2.11.1.so
7f2bbc715000-7f2bbc797000 r-xp 00000000 08:01 29622432                   /lib/libm-2.11.1.so
7f2bbc797000-7f2bbc996000 ---p 00082000 08:01 29622432                   /lib/libm-2.11.1.so
7f2bbc996000-7f2bbc997000 r--p 00081000 08:01 29622432                   /lib/libm-2.11.1.so
7f2bbc997000-7f2bbc998000 rw-p 00082000 08:01 29622432                   /lib/libm-2.11.1.so
7f2bbc998000-7f2bbd1b3000 r-xp 00000000 08:01 18613961                   /usr/lib/jvm/java-6-openjdk/jre/lib/amd64/server/libjvm.so
7f2bbd1b3000-7f2bbd3b2000 ---p 0081b000 08:01 18613961                   /usr/lib/jvm/java-6-openjdk/jre/lib/amd64/server/libjvm.so
7f2bbd3b2000-7f2bbd426000 r--p 0081a000 08:01 18613961                   /usr/lib/jvm/java-6-openjdk/jre/lib/amd64/server/libjvm.so
7f2bbd426000-7f2bbd440000 rw-p 0088e000 08:01 18613961                   /usr/lib/jvm/java-6-openjdk/jre/lib/amd64/server/libjvm.so
7f2bbd440000-7f2bbd479000 rw-p 00000000 00:00 0 
7f2bbd479000-7f2bbd5f3000 r-xp 00000000 08:01 29622880                   /lib/libc-2.11.1.so
7f2bbd5f3000-7f2bbd7f2000 ---p 0017a000 08:01 29622880                   /lib/libc-2.11.1.so
7f2bbd7f2000-7f2bbd7f6000 r--p 00179000 08:01 29622880                   /lib/libc-2.11.1.so
7f2bbd7f6000-7f2bbd7f7000 rw-p 0017d000 08:01 29622880                   /lib/libc-2.11.1.so
7f2bbd7f7000-7f2bbd7fc000 rw-p 00000000 00:00 0 
7f2bbd7fc000-7f2bbd7fe000 r-xp 00000000 08:01 29622884                   /lib/libdl-2.11.1.so
7f2bbd7fe000-7f2bbd9fe000 ---p 00002000 08:01 29622884                   /lib/libdl-2.11.1.so
7f2bbd9fe000-7f2bbd9ff000 r--p 00002000 08:01 29622884                   /lib/libdl-2.11.1.so
7f2bbd9ff000-7f2bbda00000 rw-p 00003000 08:01 29622884                   /lib/libdl-2.11.1.so
7f2bbda00000-7f2bbda04000 r-xp 00000000 08:01 18612351                   /usr/lib/jvm/java-6-openjdk/jre/lib/amd64/jli/libjli.so
7f2bbda04000-7f2bbdc03000 ---p 00004000 08:01 18612351                   /usr/lib/jvm/java-6-openjdk/jre/lib/amd64/jli/libjli.so
7f2bbdc03000-7f2bbdc04000 r--p 00003000 08:01 18612351                   /usr/lib/jvm/java-6-openjdk/jre/lib/amd64/jli/libjli.so
7f2bbdc04000-7f2bbdc05000 rw-p 00004000 08:01 18612351                   /usr/lib/jvm/java-6-openjdk/jre/lib/amd64/jli/libjli.so
7f2bbdc05000-7f2bbdc1d000 r-xp 00000000 08:01 29622878                   /lib/libpthread-2.11.1.so
7f2bbdc1d000-7f2bbde1c000 ---p 00018000 08:01 29622878                   /lib/libpthread-2.11.1.so
7f2bbde1c000-7f2bbde1d000 r--p 00017000 08:01 29622878                   /lib/libpthread-2.11.1.so
7f2bbde1d000-7f2bbde1e000 rw-p 00018000 08:01 29622878                   /lib/libpthread-2.11.1.so
7f2bbde1e000-7f2bbde22000 rw-p 00000000 00:00 0 
7f2bbde22000-7f2bbde38000 r-xp 00000000 08:01 29622466                   /lib/libz.so.1.2.3.3
7f2bbde38000-7f2bbe037000 ---p 00016000 08:01 29622466                   /lib/libz.so.1.2.3.3
7f2bbe037000-7f2bbe038000 r--p 00015000 08:01 29622466                   /lib/libz.so.1.2.3.3
7f2bbe038000-7f2bbe039000 rw-p 00016000 08:01 29622466                   /lib/libz.so.1.2.3.3
7f2bbe039000-7f2bbe059000 r-xp 00000000 08:01 29622863                   /lib/ld-2.11.1.so
7f2bbe05a000-7f2bbe05c000 r--s 00001000 08:01 22941633                   /home/d3orn/play-1.0.3.2/framework/lib/slf4j-log4j12-1.5.0.jar
7f2bbe05c000-7f2bbe05f000 r--s 0000d000 08:01 22941609                   /home/d3orn/play-1.0.3.2/framework/lib/hibernate-validator.jar
7f2bbe05f000-7f2bbe063000 r--s 0007c000 08:01 18612827                   /usr/lib/jvm/java-6-openjdk/jre/lib/jsse.jar
7f2bbe063000-7f2bbe06a000 r--s 00079000 08:01 22941635                   /home/d3orn/play-1.0.3.2/framework/play.jar
7f2bbe06a000-7f2bbe073000 r--s 00065000 08:01 18229017                   /usr/share/java/gnome-java-bridge.jar
7f2bbe073000-7f2bbe0af000 rw-p 00000000 00:00 0 
7f2bbe0af000-7f2bbe0ef000 rw-p 00000000 00:00 0 
7f2bbe0ef000-7f2bbe12e000 r--p 00000000 08:01 18096017                   /usr/lib/locale/en_US.utf8/LC_CTYPE
7f2bbe12e000-7f2bbe131000 ---p 00000000 00:00 0 
7f2bbe131000-7f2bbe234000 rw-p 00000000 00:00 0 
7f2bbe234000-7f2bbe235000 r--s 00015000 08:01 22941629                   /home/d3orn/play-1.0.3.2/framework/lib/play-SimpleCaptcha.jar
7f2bbe235000-7f2bbe237000 r--s 0000d000 08:01 22941598                   /home/d3orn/play-1.0.3.2/framework/lib/commons-logging-1.1.1.jar
7f2bbe237000-7f2bbe238000 rw-p 00000000 00:00 0 
7f2bbe238000-7f2bbe23b000 r--s 0000f000 08:01 18612809                   /usr/lib/jvm/java-6-openjdk/jre/lib/ext/pulse-java.jar
7f2bbe23b000-7f2bbe243000 rw-s 00000000 08:01 15728877                   /tmp/hsperfdata_d3orn/5221
7f2bbe243000-7f2bbe244000 r--p 00000000 08:01 18096139                   /usr/lib/locale/en_US.utf8/LC_NUMERIC
7f2bbe244000-7f2bbe245000 r--p 00000000 08:01 18098299                   /usr/lib/locale/en_US.utf8/LC_TIME
7f2bbe245000-7f2bbe246000 r--p 00000000 08:01 18098300                   /usr/lib/locale/en_US.utf8/LC_MONETARY
7f2bbe246000-7f2bbe247000 r--p 00000000 08:01 18098301                   /usr/lib/locale/en_US.utf8/LC_MESSAGES/SYS_LC_MESSAGES
7f2bbe247000-7f2bbe248000 r--p 00000000 08:01 18095789                   /usr/lib/locale/en_US.utf8/LC_PAPER
7f2bbe248000-7f2bbe249000 r--p 00000000 08:01 18095709                   /usr/lib/locale/en_US.utf8/LC_NAME
7f2bbe249000-7f2bbe24a000 r--p 00000000 08:01 18098302                   /usr/lib/locale/en_US.utf8/LC_ADDRESS
7f2bbe24a000-7f2bbe24b000 r--p 00000000 08:01 18098303                   /usr/lib/locale/en_US.utf8/LC_TELEPHONE
7f2bbe24b000-7f2bbe24c000 r--p 00000000 08:01 18096071                   /usr/lib/locale/en_US.utf8/LC_MEASUREMENT
7f2bbe24c000-7f2bbe253000 r--s 00000000 08:01 18093123                   /usr/lib/gconv/gconv-modules.cache
7f2bbe253000-7f2bbe254000 r--p 00000000 08:01 18098304                   /usr/lib/locale/en_US.utf8/LC_IDENTIFICATION
7f2bbe254000-7f2bbe255000 rw-p 00000000 00:00 0 
7f2bbe255000-7f2bbe256000 r--p 00000000 00:00 0 
7f2bbe256000-7f2bbe258000 rw-p 00000000 00:00 0 
7f2bbe258000-7f2bbe259000 r--p 0001f000 08:01 29622863                   /lib/ld-2.11.1.so
7f2bbe259000-7f2bbe25a000 rw-p 00020000 08:01 29622863                   /lib/ld-2.11.1.so
7f2bbe25a000-7f2bbe25b000 rw-p 00000000 00:00 0 
7fff71a72000-7fff71a88000 rw-p 00000000 00:00 0                          [stack]
7fff71bb6000-7fff71bb7000 r-xp 00000000 00:00 0                          [vdso]
ffffffffff600000-ffffffffff601000 r-xp 00000000 00:00 0                  [vsyscall]

VM Arguments:
jvm_args: -javaagent:/home/d3orn/play-1.0.3.2/framework/play.jar -Dplay.debug=yes -Xrunjdwp:transport=dt_socket,address=8000,server=y,suspend=n -Xdebug -Dapplication.path=/home/d3orn/ese2010-team4/qa -Dplay.id= 
java_command: play.server.Server
Launcher Type: SUN_STANDARD

Environment Variables:
PATH=/usr/local/sbin:/usr/local/bin:/usr/sbin:/usr/bin:/sbin:/bin:/usr/games
USERNAME=d3orn
LD_LIBRARY_PATH=/usr/lib/jvm/java-6-openjdk/jre/lib/amd64/server:/usr/lib/jvm/java-6-openjdk/jre/lib/amd64:/usr/lib/jvm/java-6-openjdk/jre/../lib/amd64
SHELL=/bin/bash
DISPLAY=:0.0

Signal Handlers:
SIGSEGV: [libjvm.so+0x6c2030], sa_mask[0]=0x7ffbfeff, sa_flags=0x10000004
SIGBUS: [libjvm.so+0x6c2030], sa_mask[0]=0x7ffbfeff, sa_flags=0x10000004
SIGFPE: [libjvm.so+0x58ca90], sa_mask[0]=0x7ffbfeff, sa_flags=0x10000004
SIGPIPE: [libjvm.so+0x58ca90], sa_mask[0]=0x7ffbfeff, sa_flags=0x10000004
SIGXFSZ: [libjvm.so+0x58ca90], sa_mask[0]=0x7ffbfeff, sa_flags=0x10000004
SIGILL: [libjvm.so+0x58ca90], sa_mask[0]=0x7ffbfeff, sa_flags=0x10000004
SIGUSR1: SIG_DFL, sa_mask[0]=0x00000000, sa_flags=0x00000000
SIGUSR2: [libjvm.so+0x58c1e0], sa_mask[0]=0x00000000, sa_flags=0x10000004
SIGHUP: [libjvm.so+0x58e8d0], sa_mask[0]=0x7ffbfeff, sa_flags=0x10000004
SIGINT: [libjvm.so+0x58e8d0], sa_mask[0]=0x7ffbfeff, sa_flags=0x10000004
SIGTERM: [libjvm.so+0x58e8d0], sa_mask[0]=0x7ffbfeff, sa_flags=0x10000004
SIGQUIT: [libjvm.so+0x58e8d0], sa_mask[0]=0x7ffbfeff, sa_flags=0x10000004


---------------  S Y S T E M  ---------------

OS:Ubuntu 10.04 (lucid)
uname:Linux 2.6.32-25-generic #45-Ubuntu SMP Sat Oct 16 19:52:42 UTC 2010 x86_64
libc:glibc 2.11.1 NPTL 2.11.1 
rlimit: STACK 8192k, CORE 0k, NPROC infinity, NOFILE 1024, AS infinity
load average:1.20 1.26 1.17

CPU:total 8 (8 cores per cpu, 2 threads per core) family 6 model 30 stepping 5, cmov, cx8, fxsr, mmx, sse, sse2, sse3, ssse3, sse4.1, sse4.2, popcnt, ht

Memory: 4k page, physical 4046404k(612652k free), swap 11852792k(11852792k free)

vm_info: OpenJDK 64-Bit Server VM (16.0-b13) for linux-amd64 JRE (1.6.0_18-b18), built on Oct 25 2010 18:07:10 by "buildd" with gcc 4.4.3

time: Tue Nov 16 11:07:53 2010
elapsed time: 58 seconds

