#
# A fatal error has been detected by the Java Runtime Environment:
#
#  SIGSEGV (0xb) at pc=0x00007f1b574e8ca0, pid=3519, tid=139754006898448
#
# JRE version: 6.0_18-b18
# Java VM: OpenJDK 64-Bit Server VM (16.0-b13 mixed mode linux-amd64 )
# Derivative: IcedTea6 1.8.2
# Distribution: Ubuntu 10.04.1 LTS, package 6b18-1.8.2-4ubuntu2
# Problematic frame:
# V  [libjvm.so+0x50bca0]
#
# If you would like to submit a bug report, please include
# instructions how to reproduce the bug and visit:
#   https://bugs.launchpad.net/ubuntu/+source/openjdk-6/
#

---------------  T H R E A D  ---------------

Current thread (0x00007f1b04004000):  JavaThread "CompilerThread1" daemon [_thread_in_native, id=3536, stack(0x00007f1b03dfe000,0x00007f1b03eff000)]

siginfo:si_signo=SIGSEGV: si_errno=0, si_code=1 (SEGV_MAPERR), si_addr=0x0000000000000008

Registers:
RAX=0x0000000000000000, RBX=0x00007f1b03efbb80, RCX=0x00000000024ae0a0, RDX=0x0000000000002000
RSP=0x00007f1b03efa390, RBP=0x00007f1b03efa3d0, RSI=0x0000000002894240, RDI=0x0000000000000000
R8 =0x000000000286ebb0, R9 =0x0000000002003458, R10=0x0000000000000000, R11=0x00007f1b57b43e53
R12=0x00007f1b0450a138, R13=0x00007f1b04295670, R14=0x00007f1b03efbba0, R15=0x0000000002006010
RIP=0x00007f1b574e8ca0, EFL=0x0000000000010202, CSGSFS=0x0000000000000033, ERR=0x0000000000000004
  TRAPNO=0x000000000000000e

Top of Stack: (sp=0x00007f1b03efa390)
0x00007f1b03efa390:   00007f1b03efa6b0 0000000000001268
0x00007f1b03efa3a0:   00007f1b03efa3d0 00007f1b03efa670
0x00007f1b03efa3b0:   00007f1b03efbb80 00007f1b0450a138
0x00007f1b03efa3c0:   0000000000000002 00000000024d9308
0x00007f1b03efa3d0:   00007f1b03efa440 00007f1b574e9207
0x00007f1b03efa3e0:   0000000000000020 00007f1b00000001
0x00007f1b03efa3f0:   00007f1b03efc510 0000000000000000
0x00007f1b03efa400:   00007f1b03efa650 00007f1b03efa6b0
0x00007f1b03efa410:   0000000000001565 00007f1b03efbb80
0x00007f1b03efa420:   00007f1b03efb170 00007f1b03efa6b0
0x00007f1b03efa430:   00007f1b03efa650 0000000000000000
0x00007f1b03efa440:   00007f1b03efa710 00007f1b574ec750
0x00007f1b03efa450:   00007f1b03efb170 0000000002606dc0
0x00007f1b03efa460:   00007f1b03efb170 0000000000001553
0x00007f1b03efa470:   000000000000ab90 00007f1b57a6dd7c
0x00007f1b03efa480:   01007f1b03efa4e0 00007f1b03efa670
0x00007f1b03efa490:   00007f1b03efa4b0 00007f1b5766efb6
0x00007f1b03efa4a0:   0000000001ea2050 00000000021399f0
0x00007f1b03efa4b0:   00007f1b03efa4d0 00007f1b5766efb6
0x00007f1b03efa4c0:   0000000001ea2050 00000000021399f0
0x00007f1b03efa4d0:   00000000025b6cb0 00000000021399f0
0x00007f1b03efa4e0:   00007f1b03efa4f0 00007f1b5766e24d
0x00007f1b03efa4f0:   00007f1b03efa550 00007f1b5730a40e
0x00007f1b03efa500:   0000000000000000 8ab48c55004988a0
0x00007f1b03efa510:   0000000000000000 0000000057672818
0x00007f1b03efa520:   00007f1b88ca6bff 00000000024988a0
0x00007f1b03efa530:   00007f1b57a78758 00000000021399f0
0x00007f1b03efa540:   00007f1b04573940 0000000001ea20c0
0x00007f1b03efa550:   00000000024988a0 00007f1b5766fa03
0x00007f1b03efa560:   0000000001ea20c0 0000000000000000
0x00007f1b03efa570:   0000000000000001 0000000002007b88
0x00007f1b03efa580:   00007f1b03efa610 00007f1b5751e24c 

Instructions: (pc=0x00007f1b574e8ca0)
0x00007f1b574e8c90:   89 f6 48 c1 e6 03 48 03 b3 d0 09 00 00 48 8b 06
0x00007f1b574e8ca0:   48 8b 50 08 48 83 3a 00 75 27 8b 4b 28 0f 1f 00 

Stack: [0x00007f1b03dfe000,0x00007f1b03eff000],  sp=0x00007f1b03efa390,  free space=3f00000000000000030k
Native frames: (J=compiled Java code, j=interpreted, Vv=VM code, C=native code)
V  [libjvm.so+0x50bca0]
V  [libjvm.so+0x50c207]
V  [libjvm.so+0x50f750]
V  [libjvm.so+0x2b7a9b]
V  [libjvm.so+0x2b85ea]
V  [libjvm.so+0x246f7c]
V  [libjvm.so+0x2bd4ca]
V  [libjvm.so+0x2bdaef]
V  [libjvm.so+0x687d0b]
V  [libjvm.so+0x58fff2]


Current CompileTask:
C2:649      jregex.Pretokenizer.next()V (1064 bytes)


---------------  P R O C E S S  ---------------

Java Threads: ( => current thread )
  0x0000000001f76000 JavaThread "NioProcessor-1" [_thread_in_native, id=3770, stack(0x00007f1b03395000,0x00007f1b03496000)]
  0x00007f1afdc3a000 JavaThread "File Reaper" daemon [_thread_blocked, id=3552, stack(0x00007f1b02b20000,0x00007f1b02c21000)]
  0x0000000002716800 JavaThread "com.mchange.v2.async.ThreadPoolAsynchronousRunner$PoolThread-#2" daemon [_thread_blocked, id=3547, stack(0x00007f1b02e89000,0x00007f1b02f8a000)]
  0x0000000002689800 JavaThread "com.mchange.v2.async.ThreadPoolAsynchronousRunner$PoolThread-#1" daemon [_thread_blocked, id=3546, stack(0x00007f1b02f8a000,0x00007f1b0308b000)]
  0x0000000002252800 JavaThread "com.mchange.v2.async.ThreadPoolAsynchronousRunner$PoolThread-#0" daemon [_thread_blocked, id=3545, stack(0x00007f1b0308b000,0x00007f1b0318c000)]
  0x0000000002484800 JavaThread "Timer-0" daemon [_thread_blocked, id=3544, stack(0x00007f1b0318c000,0x00007f1b0328d000)]
  0x0000000001f59800 JavaThread "pool-3-thread-1" [_thread_in_Java, id=3543, stack(0x00007f1b03294000,0x00007f1b03395000)]
  0x00007f1b042c2000 JavaThread "DestroyJavaVM" [_thread_blocked, id=3520, stack(0x00007f1b58773000,0x00007f1b58874000)]
  0x00007f1b04231800 JavaThread "NioSocketAcceptor-1" [_thread_in_native, id=3540, stack(0x00007f1b03496000,0x00007f1b03597000)]
  0x00007f1b0421a800 JavaThread "NioSocketAcceptor-1-idleStatusChecker" [_thread_blocked, id=3539, stack(0x00007f1b03597000,0x00007f1b03698000)]
  0x00007f1b04006800 JavaThread "Low Memory Detector" daemon [_thread_blocked, id=3537, stack(0x00007f1b03cfd000,0x00007f1b03dfe000)]
=>0x00007f1b04004000 JavaThread "CompilerThread1" daemon [_thread_in_native, id=3536, stack(0x00007f1b03dfe000,0x00007f1b03eff000)]
  0x00007f1b04001000 JavaThread "CompilerThread0" daemon [_thread_in_native, id=3535, stack(0x00007f1b03eff000,0x00007f1b04000000)]
  0x0000000001f22000 JavaThread "JDWP Event Helper Thread" daemon [_thread_blocked, id=3534, stack(0x00007f1b08022000,0x00007f1b08123000)]
  0x0000000001f1e800 JavaThread "JDWP Transport Listener: dt_socket" daemon [_thread_in_native, id=3533, stack(0x00007f1b08123000,0x00007f1b08224000)]
  0x0000000001eeb000 JavaThread "Signal Dispatcher" daemon [_thread_blocked, id=3532, stack(0x00007f1b08429000,0x00007f1b0852a000)]
  0x0000000001ecd000 JavaThread "Finalizer" daemon [_thread_blocked, id=3531, stack(0x00007f1b0852a000,0x00007f1b0862b000)]
  0x0000000001ec5800 JavaThread "Reference Handler" daemon [_thread_blocked, id=3530, stack(0x00007f1b0862b000,0x00007f1b0872c000)]

Other Threads:
  0x0000000001ec1000 VMThread [stack: 0x00007f1b0872c000,0x00007f1b0882d000] [id=3529]
  0x00007f1b04009000 WatcherThread [stack: 0x00007f1b03bfc000,0x00007f1b03cfd000] [id=3538]

VM state:not at safepoint (normal execution)

VM Mutex/Monitor currently owned by a thread: None

Heap
 PSYoungGen      total 32128K, used 4042K [0x00007f1b3d940000, 0x00007f1b402d0000, 0x00007f1b52290000)
  eden space 30400K, 7% used [0x00007f1b3d940000,0x00007f1b3db8e678,0x00007f1b3f6f0000)
  from space 1728K, 97% used [0x00007f1b3f7f0000,0x00007f1b3f994450,0x00007f1b3f9a0000)
  to   space 6080K, 0% used [0x00007f1b3fce0000,0x00007f1b3fce0000,0x00007f1b402d0000)
 PSOldGen        total 42176K, used 25244K [0x00007f1b14690000, 0x00007f1b16fc0000, 0x00007f1b3d940000)
  object space 42176K, 59% used [0x00007f1b14690000,0x00007f1b15f37260,0x00007f1b16fc0000)
 PSPermGen       total 43520K, used 43442K [0x00007f1b09e90000, 0x00007f1b0c910000, 0x00007f1b14690000)
  object space 43520K, 99% used [0x00007f1b09e90000,0x00007f1b0c8fca80,0x00007f1b0c910000)

Dynamic libraries:
00400000-00409000 r-xp 00000000 08:01 18615065                           /usr/lib/jvm/java-6-openjdk/jre/bin/java
00608000-00609000 r--p 00008000 08:01 18615065                           /usr/lib/jvm/java-6-openjdk/jre/bin/java
00609000-0060a000 rw-p 00009000 08:01 18615065                           /usr/lib/jvm/java-6-openjdk/jre/bin/java
01e3f000-02915000 rw-p 00000000 00:00 0                                  [heap]
7f1afc000000-7f1affb36000 rw-p 00000000 00:00 0 
7f1affb36000-7f1b00000000 ---p 00000000 00:00 0 
7f1b02b20000-7f1b02b23000 ---p 00000000 00:00 0 
7f1b02b23000-7f1b02c21000 rw-p 00000000 00:00 0 
7f1b02c21000-7f1b02c28000 r-xp 00000000 08:01 18613949                   /usr/lib/jvm/java-6-openjdk/jre/lib/amd64/libmanagement.so
7f1b02c28000-7f1b02e27000 ---p 00007000 08:01 18613949                   /usr/lib/jvm/java-6-openjdk/jre/lib/amd64/libmanagement.so
7f1b02e27000-7f1b02e28000 r--p 00006000 08:01 18613949                   /usr/lib/jvm/java-6-openjdk/jre/lib/amd64/libmanagement.so
7f1b02e28000-7f1b02e29000 rw-p 00007000 08:01 18613949                   /usr/lib/jvm/java-6-openjdk/jre/lib/amd64/libmanagement.so
7f1b02e84000-7f1b02e87000 r--s 00031000 08:01 18612807                   /usr/lib/jvm/java-6-openjdk/jre/lib/ext/sunjce_provider.jar
7f1b02e87000-7f1b02e89000 r--s 00013000 08:01 18612823                   /usr/lib/jvm/java-6-openjdk/jre/lib/jce.jar
7f1b02e89000-7f1b02e8c000 ---p 00000000 00:00 0 
7f1b02e8c000-7f1b02f8a000 rw-p 00000000 00:00 0 
7f1b02f8a000-7f1b02f8d000 ---p 00000000 00:00 0 
7f1b02f8d000-7f1b0308b000 rw-p 00000000 00:00 0 
7f1b0308b000-7f1b0308e000 ---p 00000000 00:00 0 
7f1b0308e000-7f1b0318c000 rw-p 00000000 00:00 0 
7f1b0318c000-7f1b0318f000 ---p 00000000 00:00 0 
7f1b0318f000-7f1b0328d000 rw-p 00000000 00:00 0 
7f1b0328d000-7f1b03294000 r--s 00102000 08:01 18612843                   /usr/lib/jvm/java-6-openjdk/jre/lib/resources.jar
7f1b03294000-7f1b03297000 ---p 00000000 00:00 0 
7f1b03297000-7f1b03395000 rw-p 00000000 00:00 0 
7f1b03395000-7f1b03398000 ---p 00000000 00:00 0 
7f1b03398000-7f1b03496000 rw-p 00000000 00:00 0 
7f1b03496000-7f1b03499000 ---p 00000000 00:00 0 
7f1b03499000-7f1b03597000 rw-p 00000000 00:00 0 
7f1b03597000-7f1b0359a000 ---p 00000000 00:00 0 
7f1b0359a000-7f1b03698000 rw-p 00000000 00:00 0 
7f1b03698000-7f1b036a0000 r-xp 00000000 08:01 18613952                   /usr/lib/jvm/java-6-openjdk/jre/lib/amd64/libnio.so
7f1b036a0000-7f1b0389f000 ---p 00008000 08:01 18613952                   /usr/lib/jvm/java-6-openjdk/jre/lib/amd64/libnio.so
7f1b0389f000-7f1b038a0000 r--p 00007000 08:01 18613952                   /usr/lib/jvm/java-6-openjdk/jre/lib/amd64/libnio.so
7f1b038a0000-7f1b038a1000 rw-p 00008000 08:01 18613952                   /usr/lib/jvm/java-6-openjdk/jre/lib/amd64/libnio.so
7f1b038a1000-7f1b038b6000 r-xp 00000000 08:01 18613951                   /usr/lib/jvm/java-6-openjdk/jre/lib/amd64/libnet.so
7f1b038b6000-7f1b03ab5000 ---p 00015000 08:01 18613951                   /usr/lib/jvm/java-6-openjdk/jre/lib/amd64/libnet.so
7f1b03ab5000-7f1b03ab6000 r--p 00014000 08:01 18613951                   /usr/lib/jvm/java-6-openjdk/jre/lib/amd64/libnet.so
7f1b03ab6000-7f1b03ab7000 rw-p 00015000 08:01 18613951                   /usr/lib/jvm/java-6-openjdk/jre/lib/amd64/libnet.so
7f1b03ab7000-7f1b03abb000 r--s 0002f000 08:01 22941597                   /home/d3orn/play-1.0.3.2/framework/lib/commons-lang.jar
7f1b03abb000-7f1b03ac3000 r--s 0008a000 08:01 22941614                   /home/d3orn/play-1.0.3.2/framework/lib/javassist.jar
7f1b03ac3000-7f1b03ac6000 r--s 00011000 08:01 22941603                   /home/d3orn/play-1.0.3.2/framework/lib/ezmorph-1.0.3.jar
7f1b03ac6000-7f1b03ac9000 r--s 00018000 08:01 22941596                   /home/d3orn/play-1.0.3.2/framework/lib/commons-io.jar
7f1b03ac9000-7f1b03acc000 r--s 0000a000 08:01 22941602                   /home/d3orn/play-1.0.3.2/framework/lib/ejb3-persistence.jar
7f1b03acc000-7f1b03acf000 r--s 00022000 08:01 22941613                   /home/d3orn/play-1.0.3.2/framework/lib/jamon-2.7.jar
7f1b03acf000-7f1b03ad5000 r--s 00049000 08:01 22941590                   /home/d3orn/play-1.0.3.2/framework/lib/cglib-nodep-2.2.jar
7f1b03ad5000-7f1b03ad8000 r--s 0001b000 08:01 22941608                   /home/d3orn/play-1.0.3.2/framework/lib/hibernate-entitymanager.jar
7f1b03ad8000-7f1b03ada000 r--s 00017000 08:01 22941583                   /home/d3orn/play-1.0.3.2/framework/lib/WikiText.jar
7f1b03ada000-7f1b03adc000 r--s 0000c000 08:01 22941585                   /home/d3orn/play-1.0.3.2/framework/lib/activation.jar
7f1b03adc000-7f1b03ae1000 r--s 00040000 08:01 22941595                   /home/d3orn/play-1.0.3.2/framework/lib/commons-httpclient.jar
7f1b03ae1000-7f1b03ae7000 r--s 00056000 08:01 22941610                   /home/d3orn/play-1.0.3.2/framework/lib/hibernate3-ast.jar
7f1b03ae7000-7f1b03b36000 r--s 004b1000 08:01 22941604                   /home/d3orn/play-1.0.3.2/framework/lib/groovy-all-1.7.1.jar
7f1b03b36000-7f1b03b38000 r--s 00001000 08:01 22941618                   /home/d3orn/play-1.0.3.2/framework/lib/jsr107cache-1.0.jar
7f1b03b38000-7f1b03b3a000 r--s 00011000 08:01 22941584                   /home/d3orn/play-1.0.3.2/framework/lib/ZDB.jar
7f1b03b3a000-7f1b03b49000 r--s 00074000 08:01 22941616                   /home/d3orn/play-1.0.3.2/framework/lib/joda-time-1.6.jar
7f1b03b49000-7f1b03b4b000 r--s 0000a000 08:01 22941592                   /home/d3orn/play-1.0.3.2/framework/lib/commons-codec.jar
7f1b03b4b000-7f1b03b52000 r--s 00059000 08:01 22941621                   /home/d3orn/play-1.0.3.2/framework/lib/log4j-1.2.15.jar
7f1b03b52000-7f1b03b58000 r--s 00055000 08:01 22941624                   /home/d3orn/play-1.0.3.2/framework/lib/mail.jar
7f1b03b58000-7f1b03b64000 r--s 0014c000 08:01 22941599                   /home/d3orn/play-1.0.3.2/framework/lib/compiler-jdt.jar
7f1b03b64000-7f1b03b66000 r--s 00003000 08:01 22941632                   /home/d3orn/play-1.0.3.2/framework/lib/slf4j-api-1.5.0.jar
7f1b03b66000-7f1b03b8a000 r--s 00473000 08:01 22941611                   /home/d3orn/play-1.0.3.2/framework/lib/hibernate3.jar
7f1b03b8a000-7f1b03b8e000 r--s 00020000 08:01 22941630                   /home/d3orn/play-1.0.3.2/framework/lib/play-imaging.jar
7f1b03b8e000-7f1b03b93000 r--s 00023000 08:01 22941620                   /home/d3orn/play-1.0.3.2/framework/lib/junit-4.4.jar
7f1b03b93000-7f1b03b96000 r--s 0000f000 08:01 22941631                   /home/d3orn/play-1.0.3.2/framework/lib/provided-geronimo-servlet_2.5_spec-1.2.jar
7f1b03b96000-7f1b03ba2000 r--s 00097000 08:01 22941623                   /home/d3orn/play-1.0.3.2/framework/lib/lucene-core-2.3.1.jar
7f1b03ba2000-7f1b03ba7000 r--s 00040000 08:01 22941606                   /home/d3orn/play-1.0.3.2/framework/lib/hibernate-annotations.jar
7f1b03ba7000-7f1b03baf000 r--s 000a3000 08:01 22941612                   /home/d3orn/play-1.0.3.2/framework/lib/hsqldb.jar
7f1b03baf000-7f1b03bb5000 r--s 00067000 08:01 22941586                   /home/d3orn/play-1.0.3.2/framework/lib/antlr-2.7.6.jar
7f1b03bb5000-7f1b03bbb000 r--s 00032000 08:01 22941615                   /home/d3orn/play-1.0.3.2/framework/lib/jaxen-1.1.jar
7f1b03bbb000-7f1b03bc1000 r--s 00024000 08:01 22941587                   /home/d3orn/play-1.0.3.2/framework/lib/asyncweb-common-0.9.0-SNAPSHOT.jar
7f1b03bc1000-7f1b03bc3000 r--s 00015000 08:01 22941617                   /home/d3orn/play-1.0.3.2/framework/lib/jregex1.2_01.jar
7f1b03bc4000-7f1b03bc7000 r--s 0000e000 08:01 22941607                   /home/d3orn/play-1.0.3.2/framework/lib/hibernate-commons-annotations.jar
7f1b03bc7000-7f1b03bcc000 r--s 00037000 08:01 22941625                   /home/d3orn/play-1.0.3.2/framework/lib/memcached-2.4.2.jar
7f1b03bcc000-7f1b03bd2000 r--s 0002c000 08:01 22941582                   /home/d3orn/play-1.0.3.2/framework/lib/SnakeYAML-1.2.jar
7f1b03bd2000-7f1b03bdf000 r--s 0007c000 08:01 22941593                   /home/d3orn/play-1.0.3.2/framework/lib/commons-collections-3.1.jar
7f1b03bdf000-7f1b03be5000 r--s 00041000 08:01 22941628                   /home/d3orn/play-1.0.3.2/framework/lib/oval-1.31.jar
7f1b03be5000-7f1b03bf0000 r--s 00071000 08:01 22941626                   /home/d3orn/play-1.0.3.2/framework/lib/mina-core-2.0.0-M2-SNAPSHOT.jar
7f1b03bf0000-7f1b03bf7000 r--s 000aa000 08:01 22941627                   /home/d3orn/play-1.0.3.2/framework/lib/mysql-connector-java-5.1.8-bin.jar
7f1b03bf7000-7f1b03bfc000 r--s 00048000 08:01 22941600                   /home/d3orn/play-1.0.3.2/framework/lib/dom4j-1.6.1.jar
7f1b03bfc000-7f1b03bfd000 ---p 00000000 00:00 0 
7f1b03bfd000-7f1b03cfd000 rw-p 00000000 00:00 0 
7f1b03cfd000-7f1b03d00000 ---p 00000000 00:00 0 
7f1b03d00000-7f1b03dfe000 rw-p 00000000 00:00 0 
7f1b03dfe000-7f1b03e01000 ---p 00000000 00:00 0 
7f1b03e01000-7f1b03eff000 rw-p 00000000 00:00 0 
7f1b03eff000-7f1b03f02000 ---p 00000000 00:00 0 
7f1b03f02000-7f1b04000000 rw-p 00000000 00:00 0 
7f1b04000000-7f1b075d4000 rw-p 00000000 00:00 0 
7f1b075d4000-7f1b08000000 ---p 00000000 00:00 0 
7f1b08000000-7f1b08005000 r--s 0002a000 08:01 22941591                   /home/d3orn/play-1.0.3.2/framework/lib/commons-beanutils.jar
7f1b08005000-7f1b0800a000 r--s 0003c000 08:01 22941601                   /home/d3orn/play-1.0.3.2/framework/lib/ehcache-1.5.0.jar
7f1b0800a000-7f1b0800c000 r--s 00001000 08:01 22941619                   /home/d3orn/play-1.0.3.2/framework/lib/jta.jar
7f1b0800c000-7f1b0800e000 r--s 0000b000 08:01 22941594                   /home/d3orn/play-1.0.3.2/framework/lib/commons-fileupload-1.2.jar
7f1b0800e000-7f1b08017000 r--s 00048000 08:01 22941588                   /home/d3orn/play-1.0.3.2/framework/lib/backport-util-concurrent-3.0.jar
7f1b08017000-7f1b0801b000 r--s 00023000 08:01 22941605                   /home/d3orn/play-1.0.3.2/framework/lib/gson-1.3.jar
7f1b0801b000-7f1b08022000 r--s 00038000 08:01 22941634                   /home/d3orn/play-1.0.3.2/framework/lib/wikitext.core_1.1.1.jar
7f1b08022000-7f1b08025000 ---p 00000000 00:00 0 
7f1b08025000-7f1b08123000 rw-p 00000000 00:00 0 
7f1b08123000-7f1b08126000 ---p 00000000 00:00 0 
7f1b08126000-7f1b08224000 rw-p 00000000 00:00 0 
7f1b08224000-7f1b08228000 r-xp 00000000 08:01 18612475                   /usr/lib/jvm/java-6-openjdk/jre/lib/amd64/libdt_socket.so
7f1b08228000-7f1b08427000 ---p 00004000 08:01 18612475                   /usr/lib/jvm/java-6-openjdk/jre/lib/amd64/libdt_socket.so
7f1b08427000-7f1b08428000 r--p 00003000 08:01 18612475                   /usr/lib/jvm/java-6-openjdk/jre/lib/amd64/libdt_socket.so
7f1b08428000-7f1b08429000 rw-p 00004000 08:01 18612475                   /usr/lib/jvm/java-6-openjdk/jre/lib/amd64/libdt_socket.so
7f1b08429000-7f1b0842c000 ---p 00000000 00:00 0 
7f1b0842c000-7f1b0852a000 rw-p 00000000 00:00 0 
7f1b0852a000-7f1b0852d000 ---p 00000000 00:00 0 
7f1b0852d000-7f1b0862b000 rw-p 00000000 00:00 0 
7f1b0862b000-7f1b0862e000 ---p 00000000 00:00 0 
7f1b0862e000-7f1b0872c000 rw-p 00000000 00:00 0 
7f1b0872c000-7f1b0872d000 ---p 00000000 00:00 0 
7f1b0872d000-7f1b09169000 rw-p 00000000 00:00 0 
7f1b09169000-7f1b092fb000 r--s 03916000 08:01 18612322                   /usr/lib/jvm/java-6-openjdk/jre/lib/rt.jar
7f1b092fb000-7f1b092fc000 ---p 00000000 00:00 0 
7f1b092fc000-7f1b093fc000 rw-p 00000000 00:00 0 
7f1b093fc000-7f1b093fd000 ---p 00000000 00:00 0 
7f1b093fd000-7f1b094fd000 rw-p 00000000 00:00 0 
7f1b094fd000-7f1b094fe000 ---p 00000000 00:00 0 
7f1b094fe000-7f1b095fe000 rw-p 00000000 00:00 0 
7f1b095fe000-7f1b095ff000 ---p 00000000 00:00 0 
7f1b095ff000-7f1b096ff000 rw-p 00000000 00:00 0 
7f1b096ff000-7f1b09700000 ---p 00000000 00:00 0 
7f1b09700000-7f1b09800000 rw-p 00000000 00:00 0 
7f1b09800000-7f1b09801000 ---p 00000000 00:00 0 
7f1b09801000-7f1b09901000 rw-p 00000000 00:00 0 
7f1b09901000-7f1b09902000 ---p 00000000 00:00 0 
7f1b09902000-7f1b09a02000 rw-p 00000000 00:00 0 
7f1b09a02000-7f1b09a03000 ---p 00000000 00:00 0 
7f1b09a03000-7f1b09b18000 rw-p 00000000 00:00 0 
7f1b09b18000-7f1b09c4d000 rw-p 00000000 00:00 0 
7f1b09c4d000-7f1b09c63000 rw-p 00000000 00:00 0 
7f1b09c63000-7f1b09ca1000 rw-p 00000000 00:00 0 
7f1b09ca1000-7f1b09cb6000 rw-p 00000000 00:00 0 
7f1b09cb6000-7f1b09dea000 rw-p 00000000 00:00 0 
7f1b09dea000-7f1b09e00000 rw-p 00000000 00:00 0 
7f1b09e00000-7f1b09e04000 ---p 00000000 00:00 0 
7f1b09e04000-7f1b09e8f000 rw-p 00000000 00:00 0 
7f1b09e8f000-7f1b0c910000 rw-p 00000000 00:00 0 
7f1b0c910000-7f1b14690000 rw-p 00000000 00:00 0 
7f1b14690000-7f1b16fc0000 rw-p 00000000 00:00 0 
7f1b16fc0000-7f1b3d940000 rw-p 00000000 00:00 0 
7f1b3d940000-7f1b402d0000 rw-p 00000000 00:00 0 
7f1b402d0000-7f1b40b40000 ---p 00000000 00:00 0 
7f1b40b40000-7f1b52290000 rw-p 00000000 00:00 0 
7f1b52291000-7f1b52293000 r--s 00001000 08:01 22941633                   /home/d3orn/play-1.0.3.2/framework/lib/slf4j-log4j12-1.5.0.jar
7f1b52293000-7f1b5229e000 r--s 0008a000 08:01 22941589                   /home/d3orn/play-1.0.3.2/framework/lib/c3p0-0.9.1.jar
7f1b5229e000-7f1b522ae000 rw-p 00000000 00:00 0 
7f1b522ae000-7f1b5235e000 rw-p 00000000 00:00 0 
7f1b5235e000-7f1b5273e000 rwxp 00000000 00:00 0 
7f1b5273e000-7f1b5535e000 rw-p 00000000 00:00 0 
7f1b5535e000-7f1b55365000 r-xp 00000000 08:01 18613958                   /usr/lib/jvm/java-6-openjdk/jre/lib/amd64/libzip.so
7f1b55365000-7f1b55564000 ---p 00007000 08:01 18613958                   /usr/lib/jvm/java-6-openjdk/jre/lib/amd64/libzip.so
7f1b55564000-7f1b55565000 r--p 00006000 08:01 18613958                   /usr/lib/jvm/java-6-openjdk/jre/lib/amd64/libzip.so
7f1b55565000-7f1b55566000 rw-p 00007000 08:01 18613958                   /usr/lib/jvm/java-6-openjdk/jre/lib/amd64/libzip.so
7f1b55566000-7f1b55572000 r-xp 00000000 08:01 29622883                   /lib/libnss_files-2.11.1.so
7f1b55572000-7f1b55771000 ---p 0000c000 08:01 29622883                   /lib/libnss_files-2.11.1.so
7f1b55771000-7f1b55772000 r--p 0000b000 08:01 29622883                   /lib/libnss_files-2.11.1.so
7f1b55772000-7f1b55773000 rw-p 0000c000 08:01 29622883                   /lib/libnss_files-2.11.1.so
7f1b55773000-7f1b5577d000 r-xp 00000000 08:01 29622873                   /lib/libnss_nis-2.11.1.so
7f1b5577d000-7f1b5597c000 ---p 0000a000 08:01 29622873                   /lib/libnss_nis-2.11.1.so
7f1b5597c000-7f1b5597d000 r--p 00009000 08:01 29622873                   /lib/libnss_nis-2.11.1.so
7f1b5597d000-7f1b5597e000 rw-p 0000a000 08:01 29622873                   /lib/libnss_nis-2.11.1.so
7f1b5597e000-7f1b55986000 r-xp 00000000 08:01 29622872                   /lib/libnss_compat-2.11.1.so
7f1b55986000-7f1b55b85000 ---p 00008000 08:01 29622872                   /lib/libnss_compat-2.11.1.so
7f1b55b85000-7f1b55b86000 r--p 00007000 08:01 29622872                   /lib/libnss_compat-2.11.1.so
7f1b55b86000-7f1b55b87000 rw-p 00008000 08:01 29622872                   /lib/libnss_compat-2.11.1.so
7f1b55b87000-7f1b55ca5000 r--p 00000000 08:01 18095795                   /usr/lib/locale/en_US.utf8/LC_COLLATE
7f1b55ca5000-7f1b55ca8000 r-xp 00000000 08:01 18613953                   /usr/lib/jvm/java-6-openjdk/jre/lib/amd64/libnpt.so
7f1b55ca8000-7f1b55ea7000 ---p 00003000 08:01 18613953                   /usr/lib/jvm/java-6-openjdk/jre/lib/amd64/libnpt.so
7f1b55ea7000-7f1b55ea8000 r--p 00002000 08:01 18613953                   /usr/lib/jvm/java-6-openjdk/jre/lib/amd64/libnpt.so
7f1b55ea8000-7f1b55ea9000 rw-p 00003000 08:01 18613953                   /usr/lib/jvm/java-6-openjdk/jre/lib/amd64/libnpt.so
7f1b55ea9000-7f1b55eb2000 r-xp 00000000 08:01 18612584                   /usr/lib/jvm/java-6-openjdk/jre/lib/amd64/libinstrument.so
7f1b55eb2000-7f1b560b2000 ---p 00009000 08:01 18612584                   /usr/lib/jvm/java-6-openjdk/jre/lib/amd64/libinstrument.so
7f1b560b2000-7f1b560b3000 r--p 00009000 08:01 18612584                   /usr/lib/jvm/java-6-openjdk/jre/lib/amd64/libinstrument.so
7f1b560b3000-7f1b560b4000 rw-p 0000a000 08:01 18612584                   /usr/lib/jvm/java-6-openjdk/jre/lib/amd64/libinstrument.so
7f1b560b4000-7f1b560ed000 r-xp 00000000 08:01 18613498                   /usr/lib/jvm/java-6-openjdk/jre/lib/amd64/libjdwp.so
7f1b560ed000-7f1b562ec000 ---p 00039000 08:01 18613498                   /usr/lib/jvm/java-6-openjdk/jre/lib/amd64/libjdwp.so
7f1b562ec000-7f1b562ed000 r--p 00038000 08:01 18613498                   /usr/lib/jvm/java-6-openjdk/jre/lib/amd64/libjdwp.so
7f1b562ed000-7f1b562ee000 rw-p 00039000 08:01 18613498                   /usr/lib/jvm/java-6-openjdk/jre/lib/amd64/libjdwp.so
7f1b562ee000-7f1b562f6000 r-xp 00000000 08:01 18613959                   /usr/lib/jvm/java-6-openjdk/jre/lib/amd64/native_threads/libhpi.so
7f1b562f6000-7f1b564f5000 ---p 00008000 08:01 18613959                   /usr/lib/jvm/java-6-openjdk/jre/lib/amd64/native_threads/libhpi.so
7f1b564f5000-7f1b564f6000 r--p 00007000 08:01 18613959                   /usr/lib/jvm/java-6-openjdk/jre/lib/amd64/native_threads/libhpi.so
7f1b564f6000-7f1b564f7000 rw-p 00008000 08:01 18613959                   /usr/lib/jvm/java-6-openjdk/jre/lib/amd64/native_threads/libhpi.so
7f1b564f7000-7f1b5650e000 r-xp 00000000 08:01 29622442                   /lib/libnsl-2.11.1.so
7f1b5650e000-7f1b5670d000 ---p 00017000 08:01 29622442                   /lib/libnsl-2.11.1.so
7f1b5670d000-7f1b5670e000 r--p 00016000 08:01 29622442                   /lib/libnsl-2.11.1.so
7f1b5670e000-7f1b5670f000 rw-p 00017000 08:01 29622442                   /lib/libnsl-2.11.1.so
7f1b5670f000-7f1b56711000 rw-p 00000000 00:00 0 
7f1b56711000-7f1b5673e000 r-xp 00000000 08:01 18613494                   /usr/lib/jvm/java-6-openjdk/jre/lib/amd64/libjava.so
7f1b5673e000-7f1b5693d000 ---p 0002d000 08:01 18613494                   /usr/lib/jvm/java-6-openjdk/jre/lib/amd64/libjava.so
7f1b5693d000-7f1b5693e000 r--p 0002c000 08:01 18613494                   /usr/lib/jvm/java-6-openjdk/jre/lib/amd64/libjava.so
7f1b5693e000-7f1b56941000 rw-p 0002d000 08:01 18613494                   /usr/lib/jvm/java-6-openjdk/jre/lib/amd64/libjava.so
7f1b56941000-7f1b56950000 r-xp 00000000 08:01 18613957                   /usr/lib/jvm/java-6-openjdk/jre/lib/amd64/libverify.so
7f1b56950000-7f1b56b4f000 ---p 0000f000 08:01 18613957                   /usr/lib/jvm/java-6-openjdk/jre/lib/amd64/libverify.so
7f1b56b4f000-7f1b56b51000 r--p 0000e000 08:01 18613957                   /usr/lib/jvm/java-6-openjdk/jre/lib/amd64/libverify.so
7f1b56b51000-7f1b56b52000 rw-p 00010000 08:01 18613957                   /usr/lib/jvm/java-6-openjdk/jre/lib/amd64/libverify.so
7f1b56b52000-7f1b56b59000 r-xp 00000000 08:01 29622868                   /lib/librt-2.11.1.so
7f1b56b59000-7f1b56d58000 ---p 00007000 08:01 29622868                   /lib/librt-2.11.1.so
7f1b56d58000-7f1b56d59000 r--p 00006000 08:01 29622868                   /lib/librt-2.11.1.so
7f1b56d59000-7f1b56d5a000 rw-p 00007000 08:01 29622868                   /lib/librt-2.11.1.so
7f1b56d5a000-7f1b56ddc000 r-xp 00000000 08:01 29622432                   /lib/libm-2.11.1.so
7f1b56ddc000-7f1b56fdb000 ---p 00082000 08:01 29622432                   /lib/libm-2.11.1.so
7f1b56fdb000-7f1b56fdc000 r--p 00081000 08:01 29622432                   /lib/libm-2.11.1.so
7f1b56fdc000-7f1b56fdd000 rw-p 00082000 08:01 29622432                   /lib/libm-2.11.1.so
7f1b56fdd000-7f1b577f8000 r-xp 00000000 08:01 18613961                   /usr/lib/jvm/java-6-openjdk/jre/lib/amd64/server/libjvm.so
7f1b577f8000-7f1b579f7000 ---p 0081b000 08:01 18613961                   /usr/lib/jvm/java-6-openjdk/jre/lib/amd64/server/libjvm.so
7f1b579f7000-7f1b57a6b000 r--p 0081a000 08:01 18613961                   /usr/lib/jvm/java-6-openjdk/jre/lib/amd64/server/libjvm.so
7f1b57a6b000-7f1b57a85000 rw-p 0088e000 08:01 18613961                   /usr/lib/jvm/java-6-openjdk/jre/lib/amd64/server/libjvm.so
7f1b57a85000-7f1b57abe000 rw-p 00000000 00:00 0 
7f1b57abe000-7f1b57c38000 r-xp 00000000 08:01 29622880                   /lib/libc-2.11.1.so
7f1b57c38000-7f1b57e37000 ---p 0017a000 08:01 29622880                   /lib/libc-2.11.1.so
7f1b57e37000-7f1b57e3b000 r--p 00179000 08:01 29622880                   /lib/libc-2.11.1.so
7f1b57e3b000-7f1b57e3c000 rw-p 0017d000 08:01 29622880                   /lib/libc-2.11.1.so
7f1b57e3c000-7f1b57e41000 rw-p 00000000 00:00 0 
7f1b57e41000-7f1b57e43000 r-xp 00000000 08:01 29622884                   /lib/libdl-2.11.1.so
7f1b57e43000-7f1b58043000 ---p 00002000 08:01 29622884                   /lib/libdl-2.11.1.so
7f1b58043000-7f1b58044000 r--p 00002000 08:01 29622884                   /lib/libdl-2.11.1.so
7f1b58044000-7f1b58045000 rw-p 00003000 08:01 29622884                   /lib/libdl-2.11.1.so
7f1b58045000-7f1b58049000 r-xp 00000000 08:01 18612351                   /usr/lib/jvm/java-6-openjdk/jre/lib/amd64/jli/libjli.so
7f1b58049000-7f1b58248000 ---p 00004000 08:01 18612351                   /usr/lib/jvm/java-6-openjdk/jre/lib/amd64/jli/libjli.so
7f1b58248000-7f1b58249000 r--p 00003000 08:01 18612351                   /usr/lib/jvm/java-6-openjdk/jre/lib/amd64/jli/libjli.so
7f1b58249000-7f1b5824a000 rw-p 00004000 08:01 18612351                   /usr/lib/jvm/java-6-openjdk/jre/lib/amd64/jli/libjli.so
7f1b5824a000-7f1b58262000 r-xp 00000000 08:01 29622878                   /lib/libpthread-2.11.1.so
7f1b58262000-7f1b58461000 ---p 00018000 08:01 29622878                   /lib/libpthread-2.11.1.so
7f1b58461000-7f1b58462000 r--p 00017000 08:01 29622878                   /lib/libpthread-2.11.1.so
7f1b58462000-7f1b58463000 rw-p 00018000 08:01 29622878                   /lib/libpthread-2.11.1.so
7f1b58463000-7f1b58467000 rw-p 00000000 00:00 0 
7f1b58467000-7f1b5847d000 r-xp 00000000 08:01 29622466                   /lib/libz.so.1.2.3.3
7f1b5847d000-7f1b5867c000 ---p 00016000 08:01 29622466                   /lib/libz.so.1.2.3.3
7f1b5867c000-7f1b5867d000 r--p 00015000 08:01 29622466                   /lib/libz.so.1.2.3.3
7f1b5867d000-7f1b5867e000 rw-p 00016000 08:01 29622466                   /lib/libz.so.1.2.3.3
7f1b5867e000-7f1b5869e000 r-xp 00000000 08:01 29622863                   /lib/ld-2.11.1.so
7f1b5869e000-7f1b5869f000 r--s 00015000 08:01 22941629                   /home/d3orn/play-1.0.3.2/framework/lib/play-SimpleCaptcha.jar
7f1b5869f000-7f1b586a1000 r--s 00012000 08:01 22941622                   /home/d3orn/play-1.0.3.2/framework/lib/lucene-analyzers-2.3.1.jar
7f1b586a1000-7f1b586a4000 r--s 0000d000 08:01 22941609                   /home/d3orn/play-1.0.3.2/framework/lib/hibernate-validator.jar
7f1b586a4000-7f1b586a8000 r--s 0007c000 08:01 18612827                   /usr/lib/jvm/java-6-openjdk/jre/lib/jsse.jar
7f1b586a8000-7f1b586af000 r--s 00079000 08:01 22941635                   /home/d3orn/play-1.0.3.2/framework/play.jar
7f1b586af000-7f1b586b8000 r--s 00065000 08:01 18229017                   /usr/share/java/gnome-java-bridge.jar
7f1b586b8000-7f1b586f6000 rw-p 00000000 00:00 0 
7f1b586f6000-7f1b58734000 rw-p 00000000 00:00 0 
7f1b58734000-7f1b58773000 r--p 00000000 08:01 18096017                   /usr/lib/locale/en_US.utf8/LC_CTYPE
7f1b58773000-7f1b58776000 ---p 00000000 00:00 0 
7f1b58776000-7f1b58879000 rw-p 00000000 00:00 0 
7f1b5887a000-7f1b5887c000 r--s 0000d000 08:01 22941598                   /home/d3orn/play-1.0.3.2/framework/lib/commons-logging-1.1.1.jar
7f1b5887c000-7f1b5887d000 rw-p 00000000 00:00 0 
7f1b5887d000-7f1b58880000 r--s 0000f000 08:01 18612809                   /usr/lib/jvm/java-6-openjdk/jre/lib/ext/pulse-java.jar
7f1b58880000-7f1b58888000 rw-s 00000000 08:01 15728840                   /tmp/hsperfdata_d3orn/3519
7f1b58888000-7f1b58889000 r--p 00000000 08:01 18096139                   /usr/lib/locale/en_US.utf8/LC_NUMERIC
7f1b58889000-7f1b5888a000 r--p 00000000 08:01 18098299                   /usr/lib/locale/en_US.utf8/LC_TIME
7f1b5888a000-7f1b5888b000 r--p 00000000 08:01 18098300                   /usr/lib/locale/en_US.utf8/LC_MONETARY
7f1b5888b000-7f1b5888c000 r--p 00000000 08:01 18098301                   /usr/lib/locale/en_US.utf8/LC_MESSAGES/SYS_LC_MESSAGES
7f1b5888c000-7f1b5888d000 r--p 00000000 08:01 18095789                   /usr/lib/locale/en_US.utf8/LC_PAPER
7f1b5888d000-7f1b5888e000 r--p 00000000 08:01 18095709                   /usr/lib/locale/en_US.utf8/LC_NAME
7f1b5888e000-7f1b5888f000 r--p 00000000 08:01 18098302                   /usr/lib/locale/en_US.utf8/LC_ADDRESS
7f1b5888f000-7f1b58890000 r--p 00000000 08:01 18098303                   /usr/lib/locale/en_US.utf8/LC_TELEPHONE
7f1b58890000-7f1b58891000 r--p 00000000 08:01 18096071                   /usr/lib/locale/en_US.utf8/LC_MEASUREMENT
7f1b58891000-7f1b58898000 r--s 00000000 08:01 18093123                   /usr/lib/gconv/gconv-modules.cache
7f1b58898000-7f1b58899000 r--p 00000000 08:01 18098304                   /usr/lib/locale/en_US.utf8/LC_IDENTIFICATION
7f1b58899000-7f1b5889a000 rw-p 00000000 00:00 0 
7f1b5889a000-7f1b5889b000 r--p 00000000 00:00 0 
7f1b5889b000-7f1b5889d000 rw-p 00000000 00:00 0 
7f1b5889d000-7f1b5889e000 r--p 0001f000 08:01 29622863                   /lib/ld-2.11.1.so
7f1b5889e000-7f1b5889f000 rw-p 00020000 08:01 29622863                   /lib/ld-2.11.1.so
7f1b5889f000-7f1b588a0000 rw-p 00000000 00:00 0 
7fff194ab000-7fff194c1000 rw-p 00000000 00:00 0                          [stack]
7fff19571000-7fff19572000 r-xp 00000000 00:00 0                          [vdso]
ffffffffff600000-ffffffffff601000 r-xp 00000000 00:00 0                  [vsyscall]

VM Arguments:
jvm_args: -javaagent:/home/d3orn/play-1.0.3.2/framework/play.jar -Dplay.debug=yes -Xrunjdwp:transport=dt_socket,address=8000,server=y,suspend=n -Xdebug -Dapplication.path=/home/d3orn/ese2010-team4/qa -Dplay.id= 
java_command: play.server.Server
Launcher Type: SUN_STANDARD

Environment Variables:
PATH=/usr/local/sbin:/usr/local/bin:/usr/sbin:/usr/bin:/sbin:/bin:/usr/games
USERNAME=d3orn
LD_LIBRARY_PATH=/usr/lib/jvm/java-6-openjdk/jre/lib/amd64/server:/usr/lib/jvm/java-6-openjdk/jre/lib/amd64:/usr/lib/jvm/java-6-openjdk/jre/../lib/amd64
SHELL=/bin/bash
DISPLAY=:0.0

Signal Handlers:
SIGSEGV: [libjvm.so+0x6c2030], sa_mask[0]=0x7ffbfeff, sa_flags=0x10000004
SIGBUS: [libjvm.so+0x6c2030], sa_mask[0]=0x7ffbfeff, sa_flags=0x10000004
SIGFPE: [libjvm.so+0x58ca90], sa_mask[0]=0x7ffbfeff, sa_flags=0x10000004
SIGPIPE: [libjvm.so+0x58ca90], sa_mask[0]=0x7ffbfeff, sa_flags=0x10000004
SIGXFSZ: [libjvm.so+0x58ca90], sa_mask[0]=0x7ffbfeff, sa_flags=0x10000004
SIGILL: [libjvm.so+0x58ca90], sa_mask[0]=0x7ffbfeff, sa_flags=0x10000004
SIGUSR1: SIG_DFL, sa_mask[0]=0x00000000, sa_flags=0x00000000
SIGUSR2: [libjvm.so+0x58c1e0], sa_mask[0]=0x00000000, sa_flags=0x10000004
SIGHUP: [libjvm.so+0x58e8d0], sa_mask[0]=0x7ffbfeff, sa_flags=0x10000004
SIGINT: [libjvm.so+0x58e8d0], sa_mask[0]=0x7ffbfeff, sa_flags=0x10000004
SIGTERM: [libjvm.so+0x58e8d0], sa_mask[0]=0x7ffbfeff, sa_flags=0x10000004
SIGQUIT: [libjvm.so+0x58e8d0], sa_mask[0]=0x7ffbfeff, sa_flags=0x10000004


---------------  S Y S T E M  ---------------

OS:Ubuntu 10.04 (lucid)
uname:Linux 2.6.32-25-generic #45-Ubuntu SMP Sat Oct 16 19:52:42 UTC 2010 x86_64
libc:glibc 2.11.1 NPTL 2.11.1 
rlimit: STACK 8192k, CORE 0k, NPROC infinity, NOFILE 1024, AS infinity
load average:0.79 0.86 0.86

CPU:total 8 (8 cores per cpu, 2 threads per core) family 6 model 30 stepping 5, cmov, cx8, fxsr, mmx, sse, sse2, sse3, ssse3, sse4.1, sse4.2, popcnt, ht

Memory: 4k page, physical 4046404k(975724k free), swap 11852792k(11852792k free)

vm_info: OpenJDK 64-Bit Server VM (16.0-b13) for linux-amd64 JRE (1.6.0_18-b18), built on Oct 25 2010 18:07:10 by "buildd" with gcc 4.4.3

time: Tue Nov 16 14:12:01 2010
elapsed time: 420 seconds

