#
# A fatal error has been detected by the Java Runtime Environment:
#
#  SIGSEGV (0xb) at pc=0x00007fb2d3547ca0, pid=5761, tid=140404627334928
#
# JRE version: 6.0_18-b18
# Java VM: OpenJDK 64-Bit Server VM (16.0-b13 mixed mode linux-amd64 )
# Derivative: IcedTea6 1.8.2
# Distribution: Ubuntu 10.04.1 LTS, package 6b18-1.8.2-4ubuntu2
# Problematic frame:
# V  [libjvm.so+0x50bca0]
#
# If you would like to submit a bug report, please include
# instructions how to reproduce the bug and visit:
#   https://bugs.launchpad.net/ubuntu/+source/openjdk-6/
#

---------------  T H R E A D  ---------------

Current thread (0x00000000026ad000):  JavaThread "CompilerThread1" daemon [_thread_in_native, id=5778, stack(0x00007fb27fdfe000,0x00007fb27feff000)]

siginfo:si_signo=SIGSEGV: si_errno=0, si_code=1 (SEGV_MAPERR), si_addr=0x0000000000000008

Registers:
RAX=0x0000000000000000, RBX=0x00007fb27fefb880, RCX=0x0000000002dec6c0, RDX=0x0000000000002000
RSP=0x00007fb27fefa090, RBP=0x00007fb27fefa0d0, RSI=0x000000000303fc40, RDI=0x0000000000000000
R8 =0x000000000302fc20, R9 =0x0000000002a740f0, R10=0x0000000000000000, R11=0x00007fb2d3ba2e53
R12=0x0000000002df6e58, R13=0x000000000270d9d0, R14=0x00007fb27fefb8a0, R15=0x0000000002a76e38
RIP=0x00007fb2d3547ca0, EFL=0x0000000000010202, CSGSFS=0x0000000000000033, ERR=0x0000000000000004
  TRAPNO=0x000000000000000e

Top of Stack: (sp=0x00007fb27fefa090)
0x00007fb27fefa090:   00007fb27fefa3b0 0000000000001394
0x00007fb27fefa0a0:   00007fb27fefa0d0 00007fb27fefa370
0x00007fb27fefa0b0:   00007fb27fefb880 0000000002df6e58
0x00007fb27fefa0c0:   0000000000000002 0000000006f2b2f8
0x00007fb27fefa0d0:   00007fb27fefa140 00007fb2d3548207
0x00007fb27fefa0e0:   0000000000000020 00007fb200000001
0x00007fb27fefa0f0:   00007fb27fefc210 0000000000000000
0x00007fb27fefa100:   00007fb27fefa350 00007fb27fefa3b0
0x00007fb27fefa110:   0000000000001695 00007fb27fefb880
0x00007fb27fefa120:   00007fb27fefae70 00007fb27fefa3b0
0x00007fb27fefa130:   00007fb27fefa350 0000000000000000
0x00007fb27fefa140:   00007fb27fefa410 00007fb2d354b750
0x00007fb27fefa150:   00007fb27fefae70 000000000545fd10
0x00007fb27fefa160:   00007fb27fefae70 0000000000001683
0x00007fb27fefa170:   000000000000b510 00007fb2d3accd7c
0x00007fb27fefa180:   01007fb27fefa1e0 00007fb27fefa370
0x00007fb27fefa190:   00007fb27fefa1b0 00007fb2d36cdfb6
0x00007fb27fefa1a0:   0000000002614100 0000000002886ac0
0x00007fb27fefa1b0:   00007fb27fefa1d0 00007fb2d36cdfb6
0x00007fb27fefa1c0:   0000000002614100 0000000002886ac0
0x00007fb27fefa1d0:   0000000004bd2500 0000000002886ac0
0x00007fb27fefa1e0:   00007fb27fefa1f0 00007fb2d36cd24d
0x00007fb27fefa1f0:   00007fb27fefa250 00007fb2d336940e
0x00007fb27fefa200:   0000000000000000 8b2bad0500be3b50
0x00007fb27fefa210:   0000000000000000 00000000d36d1818
0x00007fb27fefa220:   0000000088ca6bff 0000000004be3b50
0x00007fb27fefa230:   00007fb27fefa290 00007fb2d33eff91
0x00007fb27fefa240:   00007fb27fefa260 00000000059c8b00
0x00007fb27fefa250:   0000000002895f68 00000000059c4038
0x00007fb27fefa260:   00007fb27fefa280 0000000002da9ac0
0x00007fb27fefa270:   00007fb27fefae70 00007fb27fefae70
0x00007fb27fefa280:   00000000028953b0 0000000002da9ac0 

Instructions: (pc=0x00007fb2d3547ca0)
0x00007fb2d3547c90:   89 f6 48 c1 e6 03 48 03 b3 d0 09 00 00 48 8b 06
0x00007fb2d3547ca0:   48 8b 50 08 48 83 3a 00 75 27 8b 4b 28 0f 1f 00 

Stack: [0x00007fb27fdfe000,0x00007fb27feff000],  sp=0x00007fb27fefa090,  free space=3f00000000000000030k
Native frames: (J=compiled Java code, j=interpreted, Vv=VM code, C=native code)
V  [libjvm.so+0x50bca0]
V  [libjvm.so+0x50c207]
V  [libjvm.so+0x50f750]
V  [libjvm.so+0x2b7a9b]
V  [libjvm.so+0x2b85ea]
V  [libjvm.so+0x246f7c]
V  [libjvm.so+0x2bd4ca]
V  [libjvm.so+0x2bdaef]
V  [libjvm.so+0x687d0b]
V  [libjvm.so+0x58fff2]


Current CompileTask:
C2:530      jregex.Pretokenizer.next()V (1064 bytes)


---------------  P R O C E S S  ---------------

Java Threads: ( => current thread )
  0x00007fb282155800 JavaThread "File Reaper" daemon [_thread_blocked, id=5796, stack(0x00007fb27efe0000,0x00007fb27f0e1000)]
  0x00007fb281401800 JavaThread "com.mchange.v2.async.ThreadPoolAsynchronousRunner$PoolThread-#2" daemon [_thread_blocked, id=5789, stack(0x00007fb27e828000,0x00007fb27e929000)]
  0x00007fb280a67800 JavaThread "com.mchange.v2.async.ThreadPoolAsynchronousRunner$PoolThread-#1" daemon [_thread_blocked, id=5788, stack(0x00007fb27e929000,0x00007fb27ea2a000)]
  0x00007fb280749000 JavaThread "com.mchange.v2.async.ThreadPoolAsynchronousRunner$PoolThread-#0" daemon [_thread_blocked, id=5787, stack(0x00007fb27ea2a000,0x00007fb27eb2b000)]
  0x00007fb28099f000 JavaThread "Timer-0" daemon [_thread_blocked, id=5786, stack(0x00007fb27eb2b000,0x00007fb27ec2c000)]
  0x00007fb2801af000 JavaThread "pool-3-thread-1" [_thread_in_native, id=5784, stack(0x00007fb27f2f5000,0x00007fb27f3f6000)]
  0x0000000002abe000 JavaThread "NioProcessor-1" [_thread_in_native, id=5783, stack(0x00007fb27f3f6000,0x00007fb27f4f7000)]
  0x00007fb280482000 JavaThread "DestroyJavaVM" [_thread_blocked, id=5762, stack(0x00007fb2d47d2000,0x00007fb2d48d3000)]
  0x00007fb2801a8800 JavaThread "NioSocketAcceptor-1" [_thread_in_native, id=5782, stack(0x00007fb27f4f7000,0x00007fb27f5f8000)]
  0x00007fb28034c800 JavaThread "NioSocketAcceptor-1-idleStatusChecker" [_thread_blocked, id=5781, stack(0x00007fb27f5f8000,0x00007fb27f6f9000)]
  0x00000000026af800 JavaThread "Low Memory Detector" daemon [_thread_blocked, id=5779, stack(0x00007fb27fcfd000,0x00007fb27fdfe000)]
=>0x00000000026ad000 JavaThread "CompilerThread1" daemon [_thread_in_native, id=5778, stack(0x00007fb27fdfe000,0x00007fb27feff000)]
  0x00000000026a9800 JavaThread "CompilerThread0" daemon [_thread_in_native, id=5777, stack(0x00007fb27feff000,0x00007fb280000000)]
  0x0000000002694000 JavaThread "JDWP Event Helper Thread" daemon [_thread_blocked, id=5776, stack(0x00007fb284082000,0x00007fb284183000)]
  0x0000000002690800 JavaThread "JDWP Transport Listener: dt_socket" daemon [_thread_in_native, id=5775, stack(0x00007fb284183000,0x00007fb284284000)]
  0x000000000265d000 JavaThread "Signal Dispatcher" daemon [_thread_blocked, id=5774, stack(0x00007fb284489000,0x00007fb28458a000)]
  0x000000000263f000 JavaThread "Finalizer" daemon [_thread_blocked, id=5773, stack(0x00007fb28458a000,0x00007fb28468b000)]
  0x0000000002637800 JavaThread "Reference Handler" daemon [_thread_blocked, id=5772, stack(0x00007fb28468b000,0x00007fb28478c000)]

Other Threads:
  0x0000000002633000 VMThread [stack: 0x00007fb28478c000,0x00007fb28488d000] [id=5771]
  0x00000000026b2800 WatcherThread [stack: 0x00007fb27fbfc000,0x00007fb27fcfd000] [id=5780]

VM state:not at safepoint (normal execution)

VM Mutex/Monitor currently owned by a thread: None

Heap
 PSYoungGen      total 79232K, used 54047K [0x00007fb2b99a0000, 0x00007fb2bef50000, 0x00007fb2ce2f0000)
  eden space 70976K, 72% used [0x00007fb2b99a0000,0x00007fb2bcc2c940,0x00007fb2bdef0000)
  from space 8256K, 27% used [0x00007fb2be740000,0x00007fb2be97b308,0x00007fb2bef50000)
  to   space 8384K, 0% used [0x00007fb2bdef0000,0x00007fb2bdef0000,0x00007fb2be720000)
 PSOldGen        total 42176K, used 18842K [0x00007fb2906f0000, 0x00007fb293020000, 0x00007fb2b99a0000)
  object space 42176K, 44% used [0x00007fb2906f0000,0x00007fb291956a58,0x00007fb293020000)
 PSPermGen       total 40832K, used 40683K [0x00007fb285ef0000, 0x00007fb2886d0000, 0x00007fb2906f0000)
  object space 40832K, 99% used [0x00007fb285ef0000,0x00007fb2886aad78,0x00007fb2886d0000)

Dynamic libraries:
00400000-00409000 r-xp 00000000 08:01 18615065                           /usr/lib/jvm/java-6-openjdk/jre/bin/java
00608000-00609000 r--p 00008000 08:01 18615065                           /usr/lib/jvm/java-6-openjdk/jre/bin/java
00609000-0060a000 rw-p 00009000 08:01 18615065                           /usr/lib/jvm/java-6-openjdk/jre/bin/java
025b1000-07d43000 rw-p 00000000 00:00 0                                  [heap]
7fb27e828000-7fb27e82b000 ---p 00000000 00:00 0 
7fb27e82b000-7fb27e929000 rw-p 00000000 00:00 0 
7fb27e929000-7fb27e92c000 ---p 00000000 00:00 0 
7fb27e92c000-7fb27ea2a000 rw-p 00000000 00:00 0 
7fb27ea2a000-7fb27ea2d000 ---p 00000000 00:00 0 
7fb27ea2d000-7fb27eb2b000 rw-p 00000000 00:00 0 
7fb27eb2b000-7fb27eb2e000 ---p 00000000 00:00 0 
7fb27eb2e000-7fb27ec2c000 rw-p 00000000 00:00 0 
7fb27efe0000-7fb27efe3000 ---p 00000000 00:00 0 
7fb27efe3000-7fb27f0e1000 rw-p 00000000 00:00 0 
7fb27f0e1000-7fb27f0e4000 r--s 00031000 08:01 18612807                   /usr/lib/jvm/java-6-openjdk/jre/lib/ext/sunjce_provider.jar
7fb27f0e4000-7fb27f0e6000 r--s 00013000 08:01 18612823                   /usr/lib/jvm/java-6-openjdk/jre/lib/jce.jar
7fb27f0e6000-7fb27f0ed000 r-xp 00000000 08:01 18613949                   /usr/lib/jvm/java-6-openjdk/jre/lib/amd64/libmanagement.so
7fb27f0ed000-7fb27f2ec000 ---p 00007000 08:01 18613949                   /usr/lib/jvm/java-6-openjdk/jre/lib/amd64/libmanagement.so
7fb27f2ec000-7fb27f2ed000 r--p 00006000 08:01 18613949                   /usr/lib/jvm/java-6-openjdk/jre/lib/amd64/libmanagement.so
7fb27f2ed000-7fb27f2ee000 rw-p 00007000 08:01 18613949                   /usr/lib/jvm/java-6-openjdk/jre/lib/amd64/libmanagement.so
7fb27f2ee000-7fb27f2f5000 r--s 00102000 08:01 18612843                   /usr/lib/jvm/java-6-openjdk/jre/lib/resources.jar
7fb27f2f5000-7fb27f2f8000 ---p 00000000 00:00 0 
7fb27f2f8000-7fb27f3f6000 rw-p 00000000 00:00 0 
7fb27f3f6000-7fb27f3f9000 ---p 00000000 00:00 0 
7fb27f3f9000-7fb27f4f7000 rw-p 00000000 00:00 0 
7fb27f4f7000-7fb27f4fa000 ---p 00000000 00:00 0 
7fb27f4fa000-7fb27f5f8000 rw-p 00000000 00:00 0 
7fb27f5f8000-7fb27f5fb000 ---p 00000000 00:00 0 
7fb27f5fb000-7fb27f6f9000 rw-p 00000000 00:00 0 
7fb27f6f9000-7fb27f701000 r-xp 00000000 08:01 18613952                   /usr/lib/jvm/java-6-openjdk/jre/lib/amd64/libnio.so
7fb27f701000-7fb27f900000 ---p 00008000 08:01 18613952                   /usr/lib/jvm/java-6-openjdk/jre/lib/amd64/libnio.so
7fb27f900000-7fb27f901000 r--p 00007000 08:01 18613952                   /usr/lib/jvm/java-6-openjdk/jre/lib/amd64/libnio.so
7fb27f901000-7fb27f902000 rw-p 00008000 08:01 18613952                   /usr/lib/jvm/java-6-openjdk/jre/lib/amd64/libnio.so
7fb27f902000-7fb27f917000 r-xp 00000000 08:01 18613951                   /usr/lib/jvm/java-6-openjdk/jre/lib/amd64/libnet.so
7fb27f917000-7fb27fb16000 ---p 00015000 08:01 18613951                   /usr/lib/jvm/java-6-openjdk/jre/lib/amd64/libnet.so
7fb27fb16000-7fb27fb17000 r--p 00014000 08:01 18613951                   /usr/lib/jvm/java-6-openjdk/jre/lib/amd64/libnet.so
7fb27fb17000-7fb27fb18000 rw-p 00015000 08:01 18613951                   /usr/lib/jvm/java-6-openjdk/jre/lib/amd64/libnet.so
7fb27fb18000-7fb27fb1c000 r--s 0002f000 08:01 22941597                   /home/d3orn/play-1.0.3.2/framework/lib/commons-lang.jar
7fb27fb1c000-7fb27fb24000 r--s 0008a000 08:01 22941614                   /home/d3orn/play-1.0.3.2/framework/lib/javassist.jar
7fb27fb24000-7fb27fb27000 r--s 00011000 08:01 22941603                   /home/d3orn/play-1.0.3.2/framework/lib/ezmorph-1.0.3.jar
7fb27fb27000-7fb27fb2a000 r--s 00018000 08:01 22941596                   /home/d3orn/play-1.0.3.2/framework/lib/commons-io.jar
7fb27fb2a000-7fb27fb2d000 r--s 0000a000 08:01 22941602                   /home/d3orn/play-1.0.3.2/framework/lib/ejb3-persistence.jar
7fb27fb2d000-7fb27fb30000 r--s 00022000 08:01 22941613                   /home/d3orn/play-1.0.3.2/framework/lib/jamon-2.7.jar
7fb27fb30000-7fb27fb36000 r--s 00049000 08:01 22941590                   /home/d3orn/play-1.0.3.2/framework/lib/cglib-nodep-2.2.jar
7fb27fb36000-7fb27fb39000 r--s 0001b000 08:01 22941608                   /home/d3orn/play-1.0.3.2/framework/lib/hibernate-entitymanager.jar
7fb27fb39000-7fb27fb3b000 r--s 00017000 08:01 22941583                   /home/d3orn/play-1.0.3.2/framework/lib/WikiText.jar
7fb27fb3b000-7fb27fb3d000 r--s 0000c000 08:01 22941585                   /home/d3orn/play-1.0.3.2/framework/lib/activation.jar
7fb27fb3d000-7fb27fb42000 r--s 00040000 08:01 22941595                   /home/d3orn/play-1.0.3.2/framework/lib/commons-httpclient.jar
7fb27fb42000-7fb27fb48000 r--s 00056000 08:01 22941610                   /home/d3orn/play-1.0.3.2/framework/lib/hibernate3-ast.jar
7fb27fb48000-7fb27fb97000 r--s 004b1000 08:01 22941604                   /home/d3orn/play-1.0.3.2/framework/lib/groovy-all-1.7.1.jar
7fb27fb97000-7fb27fb99000 r--s 00001000 08:01 22941618                   /home/d3orn/play-1.0.3.2/framework/lib/jsr107cache-1.0.jar
7fb27fb99000-7fb27fb9b000 r--s 00011000 08:01 22941584                   /home/d3orn/play-1.0.3.2/framework/lib/ZDB.jar
7fb27fb9b000-7fb27fbaa000 r--s 00074000 08:01 22941616                   /home/d3orn/play-1.0.3.2/framework/lib/joda-time-1.6.jar
7fb27fbaa000-7fb27fbac000 r--s 0000a000 08:01 22941592                   /home/d3orn/play-1.0.3.2/framework/lib/commons-codec.jar
7fb27fbac000-7fb27fbb3000 r--s 00059000 08:01 22941621                   /home/d3orn/play-1.0.3.2/framework/lib/log4j-1.2.15.jar
7fb27fbb3000-7fb27fbb9000 r--s 00055000 08:01 22941624                   /home/d3orn/play-1.0.3.2/framework/lib/mail.jar
7fb27fbb9000-7fb27fbc5000 r--s 0014c000 08:01 22941599                   /home/d3orn/play-1.0.3.2/framework/lib/compiler-jdt.jar
7fb27fbc5000-7fb27fbc7000 r--s 00003000 08:01 22941632                   /home/d3orn/play-1.0.3.2/framework/lib/slf4j-api-1.5.0.jar
7fb27fbc7000-7fb27fbeb000 r--s 00473000 08:01 22941611                   /home/d3orn/play-1.0.3.2/framework/lib/hibernate3.jar
7fb27fbeb000-7fb27fbef000 r--s 00020000 08:01 22941630                   /home/d3orn/play-1.0.3.2/framework/lib/play-imaging.jar
7fb27fbef000-7fb27fbfc000 r--s 0007c000 08:01 22941593                   /home/d3orn/play-1.0.3.2/framework/lib/commons-collections-3.1.jar
7fb27fbfc000-7fb27fbfd000 ---p 00000000 00:00 0 
7fb27fbfd000-7fb27fcfd000 rw-p 00000000 00:00 0 
7fb27fcfd000-7fb27fd00000 ---p 00000000 00:00 0 
7fb27fd00000-7fb27fdfe000 rw-p 00000000 00:00 0 
7fb27fdfe000-7fb27fe01000 ---p 00000000 00:00 0 
7fb27fe01000-7fb27feff000 rw-p 00000000 00:00 0 
7fb27feff000-7fb27ff02000 ---p 00000000 00:00 0 
7fb27ff02000-7fb280000000 rw-p 00000000 00:00 0 
7fb280000000-7fb283083000 rw-p 00000000 00:00 0 
7fb283083000-7fb284000000 ---p 00000000 00:00 0 
7fb284000000-7fb284006000 r--s 00041000 08:01 22941628                   /home/d3orn/play-1.0.3.2/framework/lib/oval-1.31.jar
7fb284006000-7fb28400b000 r--s 00040000 08:01 22941606                   /home/d3orn/play-1.0.3.2/framework/lib/hibernate-annotations.jar
7fb28400b000-7fb284013000 r--s 000a3000 08:01 22941612                   /home/d3orn/play-1.0.3.2/framework/lib/hsqldb.jar
7fb284013000-7fb284019000 r--s 00067000 08:01 22941586                   /home/d3orn/play-1.0.3.2/framework/lib/antlr-2.7.6.jar
7fb284019000-7fb28401f000 r--s 00032000 08:01 22941615                   /home/d3orn/play-1.0.3.2/framework/lib/jaxen-1.1.jar
7fb28401f000-7fb284025000 r--s 00024000 08:01 22941587                   /home/d3orn/play-1.0.3.2/framework/lib/asyncweb-common-0.9.0-SNAPSHOT.jar
7fb284025000-7fb284027000 r--s 00015000 08:01 22941617                   /home/d3orn/play-1.0.3.2/framework/lib/jregex1.2_01.jar
7fb284027000-7fb28402c000 r--s 00023000 08:01 22941620                   /home/d3orn/play-1.0.3.2/framework/lib/junit-4.4.jar
7fb28402c000-7fb28402f000 r--s 0000f000 08:01 22941631                   /home/d3orn/play-1.0.3.2/framework/lib/provided-geronimo-servlet_2.5_spec-1.2.jar
7fb28402f000-7fb28403b000 r--s 00097000 08:01 22941623                   /home/d3orn/play-1.0.3.2/framework/lib/lucene-core-2.3.1.jar
7fb28403b000-7fb28403e000 r--s 0000e000 08:01 22941607                   /home/d3orn/play-1.0.3.2/framework/lib/hibernate-commons-annotations.jar
7fb28403e000-7fb284043000 r--s 00037000 08:01 22941625                   /home/d3orn/play-1.0.3.2/framework/lib/memcached-2.4.2.jar
7fb284043000-7fb284049000 r--s 0002c000 08:01 22941582                   /home/d3orn/play-1.0.3.2/framework/lib/SnakeYAML-1.2.jar
7fb284049000-7fb284054000 r--s 00071000 08:01 22941626                   /home/d3orn/play-1.0.3.2/framework/lib/mina-core-2.0.0-M2-SNAPSHOT.jar
7fb284054000-7fb28405b000 r--s 000aa000 08:01 22941627                   /home/d3orn/play-1.0.3.2/framework/lib/mysql-connector-java-5.1.8-bin.jar
7fb28405b000-7fb284060000 r--s 00048000 08:01 22941600                   /home/d3orn/play-1.0.3.2/framework/lib/dom4j-1.6.1.jar
7fb284060000-7fb284065000 r--s 0002a000 08:01 22941591                   /home/d3orn/play-1.0.3.2/framework/lib/commons-beanutils.jar
7fb284065000-7fb28406a000 r--s 0003c000 08:01 22941601                   /home/d3orn/play-1.0.3.2/framework/lib/ehcache-1.5.0.jar
7fb28406a000-7fb28406c000 r--s 00001000 08:01 22941619                   /home/d3orn/play-1.0.3.2/framework/lib/jta.jar
7fb28406c000-7fb28406e000 r--s 0000b000 08:01 22941594                   /home/d3orn/play-1.0.3.2/framework/lib/commons-fileupload-1.2.jar
7fb28406e000-7fb284077000 r--s 00048000 08:01 22941588                   /home/d3orn/play-1.0.3.2/framework/lib/backport-util-concurrent-3.0.jar
7fb284077000-7fb28407b000 r--s 00023000 08:01 22941605                   /home/d3orn/play-1.0.3.2/framework/lib/gson-1.3.jar
7fb28407b000-7fb284082000 r--s 00038000 08:01 22941634                   /home/d3orn/play-1.0.3.2/framework/lib/wikitext.core_1.1.1.jar
7fb284082000-7fb284085000 ---p 00000000 00:00 0 
7fb284085000-7fb284183000 rw-p 00000000 00:00 0 
7fb284183000-7fb284186000 ---p 00000000 00:00 0 
7fb284186000-7fb284284000 rw-p 00000000 00:00 0 
7fb284284000-7fb284288000 r-xp 00000000 08:01 18612475                   /usr/lib/jvm/java-6-openjdk/jre/lib/amd64/libdt_socket.so
7fb284288000-7fb284487000 ---p 00004000 08:01 18612475                   /usr/lib/jvm/java-6-openjdk/jre/lib/amd64/libdt_socket.so
7fb284487000-7fb284488000 r--p 00003000 08:01 18612475                   /usr/lib/jvm/java-6-openjdk/jre/lib/amd64/libdt_socket.so
7fb284488000-7fb284489000 rw-p 00004000 08:01 18612475                   /usr/lib/jvm/java-6-openjdk/jre/lib/amd64/libdt_socket.so
7fb284489000-7fb28448c000 ---p 00000000 00:00 0 
7fb28448c000-7fb28458a000 rw-p 00000000 00:00 0 
7fb28458a000-7fb28458d000 ---p 00000000 00:00 0 
7fb28458d000-7fb28468b000 rw-p 00000000 00:00 0 
7fb28468b000-7fb28468e000 ---p 00000000 00:00 0 
7fb28468e000-7fb28478c000 rw-p 00000000 00:00 0 
7fb28478c000-7fb28478d000 ---p 00000000 00:00 0 
7fb28478d000-7fb2851c9000 rw-p 00000000 00:00 0 
7fb2851c9000-7fb28535b000 r--s 03916000 08:01 18612322                   /usr/lib/jvm/java-6-openjdk/jre/lib/rt.jar
7fb28535b000-7fb28535c000 ---p 00000000 00:00 0 
7fb28535c000-7fb28545c000 rw-p 00000000 00:00 0 
7fb28545c000-7fb28545d000 ---p 00000000 00:00 0 
7fb28545d000-7fb28555d000 rw-p 00000000 00:00 0 
7fb28555d000-7fb28555e000 ---p 00000000 00:00 0 
7fb28555e000-7fb28565e000 rw-p 00000000 00:00 0 
7fb28565e000-7fb28565f000 ---p 00000000 00:00 0 
7fb28565f000-7fb28575f000 rw-p 00000000 00:00 0 
7fb28575f000-7fb285760000 ---p 00000000 00:00 0 
7fb285760000-7fb285860000 rw-p 00000000 00:00 0 
7fb285860000-7fb285861000 ---p 00000000 00:00 0 
7fb285861000-7fb285961000 rw-p 00000000 00:00 0 
7fb285961000-7fb285962000 ---p 00000000 00:00 0 
7fb285962000-7fb285a62000 rw-p 00000000 00:00 0 
7fb285a62000-7fb285a63000 ---p 00000000 00:00 0 
7fb285a63000-7fb285b78000 rw-p 00000000 00:00 0 
7fb285b78000-7fb285cad000 rw-p 00000000 00:00 0 
7fb285cad000-7fb285cc1000 rw-p 00000000 00:00 0 
7fb285cc1000-7fb285d01000 rw-p 00000000 00:00 0 
7fb285d01000-7fb285d16000 rw-p 00000000 00:00 0 
7fb285d16000-7fb285e4a000 rw-p 00000000 00:00 0 
7fb285e4a000-7fb285e76000 rw-p 00000000 00:00 0 
7fb285e76000-7fb285eef000 rw-p 00000000 00:00 0 
7fb285eef000-7fb2886d0000 rw-p 00000000 00:00 0 
7fb2886d0000-7fb2906f0000 rw-p 00000000 00:00 0 
7fb2906f0000-7fb293020000 rw-p 00000000 00:00 0 
7fb293020000-7fb2b99a0000 rw-p 00000000 00:00 0 
7fb2b99a0000-7fb2bef50000 rw-p 00000000 00:00 0 
7fb2bef50000-7fb2bef90000 ---p 00000000 00:00 0 
7fb2bef90000-7fb2ce2f0000 rw-p 00000000 00:00 0 
7fb2ce2f0000-7fb2ce2f2000 r--s 00001000 08:01 22941633                   /home/d3orn/play-1.0.3.2/framework/lib/slf4j-log4j12-1.5.0.jar
7fb2ce2f2000-7fb2ce2fd000 r--s 0008a000 08:01 22941589                   /home/d3orn/play-1.0.3.2/framework/lib/c3p0-0.9.1.jar
7fb2ce2fd000-7fb2ce30d000 rw-p 00000000 00:00 0 
7fb2ce30d000-7fb2ce3bd000 rw-p 00000000 00:00 0 
7fb2ce3bd000-7fb2ce78d000 rwxp 00000000 00:00 0 
7fb2ce78d000-7fb2d13bd000 rw-p 00000000 00:00 0 
7fb2d13bd000-7fb2d13c4000 r-xp 00000000 08:01 18613958                   /usr/lib/jvm/java-6-openjdk/jre/lib/amd64/libzip.so
7fb2d13c4000-7fb2d15c3000 ---p 00007000 08:01 18613958                   /usr/lib/jvm/java-6-openjdk/jre/lib/amd64/libzip.so
7fb2d15c3000-7fb2d15c4000 r--p 00006000 08:01 18613958                   /usr/lib/jvm/java-6-openjdk/jre/lib/amd64/libzip.so
7fb2d15c4000-7fb2d15c5000 rw-p 00007000 08:01 18613958                   /usr/lib/jvm/java-6-openjdk/jre/lib/amd64/libzip.so
7fb2d15c5000-7fb2d15d1000 r-xp 00000000 08:01 29622883                   /lib/libnss_files-2.11.1.so
7fb2d15d1000-7fb2d17d0000 ---p 0000c000 08:01 29622883                   /lib/libnss_files-2.11.1.so
7fb2d17d0000-7fb2d17d1000 r--p 0000b000 08:01 29622883                   /lib/libnss_files-2.11.1.so
7fb2d17d1000-7fb2d17d2000 rw-p 0000c000 08:01 29622883                   /lib/libnss_files-2.11.1.so
7fb2d17d2000-7fb2d17dc000 r-xp 00000000 08:01 29622873                   /lib/libnss_nis-2.11.1.so
7fb2d17dc000-7fb2d19db000 ---p 0000a000 08:01 29622873                   /lib/libnss_nis-2.11.1.so
7fb2d19db000-7fb2d19dc000 r--p 00009000 08:01 29622873                   /lib/libnss_nis-2.11.1.so
7fb2d19dc000-7fb2d19dd000 rw-p 0000a000 08:01 29622873                   /lib/libnss_nis-2.11.1.so
7fb2d19dd000-7fb2d19e5000 r-xp 00000000 08:01 29622872                   /lib/libnss_compat-2.11.1.so
7fb2d19e5000-7fb2d1be4000 ---p 00008000 08:01 29622872                   /lib/libnss_compat-2.11.1.so
7fb2d1be4000-7fb2d1be5000 r--p 00007000 08:01 29622872                   /lib/libnss_compat-2.11.1.so
7fb2d1be5000-7fb2d1be6000 rw-p 00008000 08:01 29622872                   /lib/libnss_compat-2.11.1.so
7fb2d1be6000-7fb2d1d04000 r--p 00000000 08:01 18095795                   /usr/lib/locale/en_US.utf8/LC_COLLATE
7fb2d1d04000-7fb2d1d07000 r-xp 00000000 08:01 18613953                   /usr/lib/jvm/java-6-openjdk/jre/lib/amd64/libnpt.so
7fb2d1d07000-7fb2d1f06000 ---p 00003000 08:01 18613953                   /usr/lib/jvm/java-6-openjdk/jre/lib/amd64/libnpt.so
7fb2d1f06000-7fb2d1f07000 r--p 00002000 08:01 18613953                   /usr/lib/jvm/java-6-openjdk/jre/lib/amd64/libnpt.so
7fb2d1f07000-7fb2d1f08000 rw-p 00003000 08:01 18613953                   /usr/lib/jvm/java-6-openjdk/jre/lib/amd64/libnpt.so
7fb2d1f08000-7fb2d1f11000 r-xp 00000000 08:01 18612584                   /usr/lib/jvm/java-6-openjdk/jre/lib/amd64/libinstrument.so
7fb2d1f11000-7fb2d2111000 ---p 00009000 08:01 18612584                   /usr/lib/jvm/java-6-openjdk/jre/lib/amd64/libinstrument.so
7fb2d2111000-7fb2d2112000 r--p 00009000 08:01 18612584                   /usr/lib/jvm/java-6-openjdk/jre/lib/amd64/libinstrument.so
7fb2d2112000-7fb2d2113000 rw-p 0000a000 08:01 18612584                   /usr/lib/jvm/java-6-openjdk/jre/lib/amd64/libinstrument.so
7fb2d2113000-7fb2d214c000 r-xp 00000000 08:01 18613498                   /usr/lib/jvm/java-6-openjdk/jre/lib/amd64/libjdwp.so
7fb2d214c000-7fb2d234b000 ---p 00039000 08:01 18613498                   /usr/lib/jvm/java-6-openjdk/jre/lib/amd64/libjdwp.so
7fb2d234b000-7fb2d234c000 r--p 00038000 08:01 18613498                   /usr/lib/jvm/java-6-openjdk/jre/lib/amd64/libjdwp.so
7fb2d234c000-7fb2d234d000 rw-p 00039000 08:01 18613498                   /usr/lib/jvm/java-6-openjdk/jre/lib/amd64/libjdwp.so
7fb2d234d000-7fb2d2355000 r-xp 00000000 08:01 18613959                   /usr/lib/jvm/java-6-openjdk/jre/lib/amd64/native_threads/libhpi.so
7fb2d2355000-7fb2d2554000 ---p 00008000 08:01 18613959                   /usr/lib/jvm/java-6-openjdk/jre/lib/amd64/native_threads/libhpi.so
7fb2d2554000-7fb2d2555000 r--p 00007000 08:01 18613959                   /usr/lib/jvm/java-6-openjdk/jre/lib/amd64/native_threads/libhpi.so
7fb2d2555000-7fb2d2556000 rw-p 00008000 08:01 18613959                   /usr/lib/jvm/java-6-openjdk/jre/lib/amd64/native_threads/libhpi.so
7fb2d2556000-7fb2d256d000 r-xp 00000000 08:01 29622442                   /lib/libnsl-2.11.1.so
7fb2d256d000-7fb2d276c000 ---p 00017000 08:01 29622442                   /lib/libnsl-2.11.1.so
7fb2d276c000-7fb2d276d000 r--p 00016000 08:01 29622442                   /lib/libnsl-2.11.1.so
7fb2d276d000-7fb2d276e000 rw-p 00017000 08:01 29622442                   /lib/libnsl-2.11.1.so
7fb2d276e000-7fb2d2770000 rw-p 00000000 00:00 0 
7fb2d2770000-7fb2d279d000 r-xp 00000000 08:01 18613494                   /usr/lib/jvm/java-6-openjdk/jre/lib/amd64/libjava.so
7fb2d279d000-7fb2d299c000 ---p 0002d000 08:01 18613494                   /usr/lib/jvm/java-6-openjdk/jre/lib/amd64/libjava.so
7fb2d299c000-7fb2d299d000 r--p 0002c000 08:01 18613494                   /usr/lib/jvm/java-6-openjdk/jre/lib/amd64/libjava.so
7fb2d299d000-7fb2d29a0000 rw-p 0002d000 08:01 18613494                   /usr/lib/jvm/java-6-openjdk/jre/lib/amd64/libjava.so
7fb2d29a0000-7fb2d29af000 r-xp 00000000 08:01 18613957                   /usr/lib/jvm/java-6-openjdk/jre/lib/amd64/libverify.so
7fb2d29af000-7fb2d2bae000 ---p 0000f000 08:01 18613957                   /usr/lib/jvm/java-6-openjdk/jre/lib/amd64/libverify.so
7fb2d2bae000-7fb2d2bb0000 r--p 0000e000 08:01 18613957                   /usr/lib/jvm/java-6-openjdk/jre/lib/amd64/libverify.so
7fb2d2bb0000-7fb2d2bb1000 rw-p 00010000 08:01 18613957                   /usr/lib/jvm/java-6-openjdk/jre/lib/amd64/libverify.so
7fb2d2bb1000-7fb2d2bb8000 r-xp 00000000 08:01 29622868                   /lib/librt-2.11.1.so
7fb2d2bb8000-7fb2d2db7000 ---p 00007000 08:01 29622868                   /lib/librt-2.11.1.so
7fb2d2db7000-7fb2d2db8000 r--p 00006000 08:01 29622868                   /lib/librt-2.11.1.so
7fb2d2db8000-7fb2d2db9000 rw-p 00007000 08:01 29622868                   /lib/librt-2.11.1.so
7fb2d2db9000-7fb2d2e3b000 r-xp 00000000 08:01 29622432                   /lib/libm-2.11.1.so
7fb2d2e3b000-7fb2d303a000 ---p 00082000 08:01 29622432                   /lib/libm-2.11.1.so
7fb2d303a000-7fb2d303b000 r--p 00081000 08:01 29622432                   /lib/libm-2.11.1.so
7fb2d303b000-7fb2d303c000 rw-p 00082000 08:01 29622432                   /lib/libm-2.11.1.so
7fb2d303c000-7fb2d3857000 r-xp 00000000 08:01 18613961                   /usr/lib/jvm/java-6-openjdk/jre/lib/amd64/server/libjvm.so
7fb2d3857000-7fb2d3a56000 ---p 0081b000 08:01 18613961                   /usr/lib/jvm/java-6-openjdk/jre/lib/amd64/server/libjvm.so
7fb2d3a56000-7fb2d3aca000 r--p 0081a000 08:01 18613961                   /usr/lib/jvm/java-6-openjdk/jre/lib/amd64/server/libjvm.so
7fb2d3aca000-7fb2d3ae4000 rw-p 0088e000 08:01 18613961                   /usr/lib/jvm/java-6-openjdk/jre/lib/amd64/server/libjvm.so
7fb2d3ae4000-7fb2d3b1d000 rw-p 00000000 00:00 0 
7fb2d3b1d000-7fb2d3c97000 r-xp 00000000 08:01 29622880                   /lib/libc-2.11.1.so
7fb2d3c97000-7fb2d3e96000 ---p 0017a000 08:01 29622880                   /lib/libc-2.11.1.so
7fb2d3e96000-7fb2d3e9a000 r--p 00179000 08:01 29622880                   /lib/libc-2.11.1.so
7fb2d3e9a000-7fb2d3e9b000 rw-p 0017d000 08:01 29622880                   /lib/libc-2.11.1.so
7fb2d3e9b000-7fb2d3ea0000 rw-p 00000000 00:00 0 
7fb2d3ea0000-7fb2d3ea2000 r-xp 00000000 08:01 29622884                   /lib/libdl-2.11.1.so
7fb2d3ea2000-7fb2d40a2000 ---p 00002000 08:01 29622884                   /lib/libdl-2.11.1.so
7fb2d40a2000-7fb2d40a3000 r--p 00002000 08:01 29622884                   /lib/libdl-2.11.1.so
7fb2d40a3000-7fb2d40a4000 rw-p 00003000 08:01 29622884                   /lib/libdl-2.11.1.so
7fb2d40a4000-7fb2d40a8000 r-xp 00000000 08:01 18612351                   /usr/lib/jvm/java-6-openjdk/jre/lib/amd64/jli/libjli.so
7fb2d40a8000-7fb2d42a7000 ---p 00004000 08:01 18612351                   /usr/lib/jvm/java-6-openjdk/jre/lib/amd64/jli/libjli.so
7fb2d42a7000-7fb2d42a8000 r--p 00003000 08:01 18612351                   /usr/lib/jvm/java-6-openjdk/jre/lib/amd64/jli/libjli.so
7fb2d42a8000-7fb2d42a9000 rw-p 00004000 08:01 18612351                   /usr/lib/jvm/java-6-openjdk/jre/lib/amd64/jli/libjli.so
7fb2d42a9000-7fb2d42c1000 r-xp 00000000 08:01 29622878                   /lib/libpthread-2.11.1.so
7fb2d42c1000-7fb2d44c0000 ---p 00018000 08:01 29622878                   /lib/libpthread-2.11.1.so
7fb2d44c0000-7fb2d44c1000 r--p 00017000 08:01 29622878                   /lib/libpthread-2.11.1.so
7fb2d44c1000-7fb2d44c2000 rw-p 00018000 08:01 29622878                   /lib/libpthread-2.11.1.so
7fb2d44c2000-7fb2d44c6000 rw-p 00000000 00:00 0 
7fb2d44c6000-7fb2d44dc000 r-xp 00000000 08:01 29622466                   /lib/libz.so.1.2.3.3
7fb2d44dc000-7fb2d46db000 ---p 00016000 08:01 29622466                   /lib/libz.so.1.2.3.3
7fb2d46db000-7fb2d46dc000 r--p 00015000 08:01 29622466                   /lib/libz.so.1.2.3.3
7fb2d46dc000-7fb2d46dd000 rw-p 00016000 08:01 29622466                   /lib/libz.so.1.2.3.3
7fb2d46dd000-7fb2d46fd000 r-xp 00000000 08:01 29622863                   /lib/ld-2.11.1.so
7fb2d46fd000-7fb2d46fe000 r--s 00015000 08:01 22941629                   /home/d3orn/play-1.0.3.2/framework/lib/play-SimpleCaptcha.jar
7fb2d46fe000-7fb2d4700000 r--s 00012000 08:01 22941622                   /home/d3orn/play-1.0.3.2/framework/lib/lucene-analyzers-2.3.1.jar
7fb2d4700000-7fb2d4703000 r--s 0000d000 08:01 22941609                   /home/d3orn/play-1.0.3.2/framework/lib/hibernate-validator.jar
7fb2d4703000-7fb2d4707000 r--s 0007c000 08:01 18612827                   /usr/lib/jvm/java-6-openjdk/jre/lib/jsse.jar
7fb2d4707000-7fb2d470e000 r--s 00079000 08:01 22941635                   /home/d3orn/play-1.0.3.2/framework/play.jar
7fb2d470e000-7fb2d4717000 r--s 00065000 08:01 18229017                   /usr/share/java/gnome-java-bridge.jar
7fb2d4717000-7fb2d4753000 rw-p 00000000 00:00 0 
7fb2d4753000-7fb2d4793000 rw-p 00000000 00:00 0 
7fb2d4793000-7fb2d47d2000 r--p 00000000 08:01 18096017                   /usr/lib/locale/en_US.utf8/LC_CTYPE
7fb2d47d2000-7fb2d47d5000 ---p 00000000 00:00 0 
7fb2d47d5000-7fb2d48d8000 rw-p 00000000 00:00 0 
7fb2d48d9000-7fb2d48db000 r--s 0000d000 08:01 22941598                   /home/d3orn/play-1.0.3.2/framework/lib/commons-logging-1.1.1.jar
7fb2d48db000-7fb2d48dc000 rw-p 00000000 00:00 0 
7fb2d48dc000-7fb2d48df000 r--s 0000f000 08:01 18612809                   /usr/lib/jvm/java-6-openjdk/jre/lib/ext/pulse-java.jar
7fb2d48df000-7fb2d48e7000 rw-s 00000000 08:01 15728877                   /tmp/hsperfdata_d3orn/5761
7fb2d48e7000-7fb2d48e8000 r--p 00000000 08:01 18096139                   /usr/lib/locale/en_US.utf8/LC_NUMERIC
7fb2d48e8000-7fb2d48e9000 r--p 00000000 08:01 18098299                   /usr/lib/locale/en_US.utf8/LC_TIME
7fb2d48e9000-7fb2d48ea000 r--p 00000000 08:01 18098300                   /usr/lib/locale/en_US.utf8/LC_MONETARY
7fb2d48ea000-7fb2d48eb000 r--p 00000000 08:01 18098301                   /usr/lib/locale/en_US.utf8/LC_MESSAGES/SYS_LC_MESSAGES
7fb2d48eb000-7fb2d48ec000 r--p 00000000 08:01 18095789                   /usr/lib/locale/en_US.utf8/LC_PAPER
7fb2d48ec000-7fb2d48ed000 r--p 00000000 08:01 18095709                   /usr/lib/locale/en_US.utf8/LC_NAME
7fb2d48ed000-7fb2d48ee000 r--p 00000000 08:01 18098302                   /usr/lib/locale/en_US.utf8/LC_ADDRESS
7fb2d48ee000-7fb2d48ef000 r--p 00000000 08:01 18098303                   /usr/lib/locale/en_US.utf8/LC_TELEPHONE
7fb2d48ef000-7fb2d48f0000 r--p 00000000 08:01 18096071                   /usr/lib/locale/en_US.utf8/LC_MEASUREMENT
7fb2d48f0000-7fb2d48f7000 r--s 00000000 08:01 18093123                   /usr/lib/gconv/gconv-modules.cache
7fb2d48f7000-7fb2d48f8000 r--p 00000000 08:01 18098304                   /usr/lib/locale/en_US.utf8/LC_IDENTIFICATION
7fb2d48f8000-7fb2d48f9000 rw-p 00000000 00:00 0 
7fb2d48f9000-7fb2d48fa000 r--p 00000000 00:00 0 
7fb2d48fa000-7fb2d48fc000 rw-p 00000000 00:00 0 
7fb2d48fc000-7fb2d48fd000 r--p 0001f000 08:01 29622863                   /lib/ld-2.11.1.so
7fb2d48fd000-7fb2d48fe000 rw-p 00020000 08:01 29622863                   /lib/ld-2.11.1.so
7fb2d48fe000-7fb2d48ff000 rw-p 00000000 00:00 0 
7fff9a6c8000-7fff9a6de000 rw-p 00000000 00:00 0                          [stack]
7fff9a7ff000-7fff9a800000 r-xp 00000000 00:00 0                          [vdso]
ffffffffff600000-ffffffffff601000 r-xp 00000000 00:00 0                  [vsyscall]

VM Arguments:
jvm_args: -javaagent:/home/d3orn/play-1.0.3.2/framework/play.jar -Dplay.debug=yes -Xrunjdwp:transport=dt_socket,address=8000,server=y,suspend=n -Xdebug -Dapplication.path=/home/d3orn/ese2010-team4/qa -Dplay.id= 
java_command: play.server.Server
Launcher Type: SUN_STANDARD

Environment Variables:
PATH=/usr/local/sbin:/usr/local/bin:/usr/sbin:/usr/bin:/sbin:/bin:/usr/games
USERNAME=d3orn
LD_LIBRARY_PATH=/usr/lib/jvm/java-6-openjdk/jre/lib/amd64/server:/usr/lib/jvm/java-6-openjdk/jre/lib/amd64:/usr/lib/jvm/java-6-openjdk/jre/../lib/amd64
SHELL=/bin/bash
DISPLAY=:0.0

Signal Handlers:
SIGSEGV: [libjvm.so+0x6c2030], sa_mask[0]=0x7ffbfeff, sa_flags=0x10000004
SIGBUS: [libjvm.so+0x6c2030], sa_mask[0]=0x7ffbfeff, sa_flags=0x10000004
SIGFPE: [libjvm.so+0x58ca90], sa_mask[0]=0x7ffbfeff, sa_flags=0x10000004
SIGPIPE: [libjvm.so+0x58ca90], sa_mask[0]=0x7ffbfeff, sa_flags=0x10000004
SIGXFSZ: [libjvm.so+0x58ca90], sa_mask[0]=0x7ffbfeff, sa_flags=0x10000004
SIGILL: [libjvm.so+0x58ca90], sa_mask[0]=0x7ffbfeff, sa_flags=0x10000004
SIGUSR1: SIG_DFL, sa_mask[0]=0x00000000, sa_flags=0x00000000
SIGUSR2: [libjvm.so+0x58c1e0], sa_mask[0]=0x00000000, sa_flags=0x10000004
SIGHUP: [libjvm.so+0x58e8d0], sa_mask[0]=0x7ffbfeff, sa_flags=0x10000004
SIGINT: [libjvm.so+0x58e8d0], sa_mask[0]=0x7ffbfeff, sa_flags=0x10000004
SIGTERM: [libjvm.so+0x58e8d0], sa_mask[0]=0x7ffbfeff, sa_flags=0x10000004
SIGQUIT: [libjvm.so+0x58e8d0], sa_mask[0]=0x7ffbfeff, sa_flags=0x10000004


---------------  S Y S T E M  ---------------

OS:Ubuntu 10.04 (lucid)
uname:Linux 2.6.32-25-generic #45-Ubuntu SMP Sat Oct 16 19:52:42 UTC 2010 x86_64
libc:glibc 2.11.1 NPTL 2.11.1 
rlimit: STACK 8192k, CORE 0k, NPROC infinity, NOFILE 1024, AS infinity
load average:1.09 1.15 1.15

CPU:total 8 (8 cores per cpu, 2 threads per core) family 6 model 30 stepping 5, cmov, cx8, fxsr, mmx, sse, sse2, sse3, ssse3, sse4.1, sse4.2, popcnt, ht

Memory: 4k page, physical 4046404k(944688k free), swap 11852792k(11852792k free)

vm_info: OpenJDK 64-Bit Server VM (16.0-b13) for linux-amd64 JRE (1.6.0_18-b18), built on Oct 25 2010 18:07:10 by "buildd" with gcc 4.4.3

time: Tue Nov 16 11:27:23 2010
elapsed time: 37 seconds

