#
# A fatal error has been detected by the Java Runtime Environment:
#
#  SIGSEGV (0xb) at pc=0x00007ff0a8415ca0, pid=5067, tid=140670260283152
#
# JRE version: 6.0_18-b18
# Java VM: OpenJDK 64-Bit Server VM (16.0-b13 mixed mode linux-amd64 )
# Derivative: IcedTea6 1.8.2
# Distribution: Ubuntu 10.04.1 LTS, package 6b18-1.8.2-4ubuntu2
# Problematic frame:
# V  [libjvm.so+0x50bca0]
#
# If you would like to submit a bug report, please include
# instructions how to reproduce the bug and visit:
#   https://bugs.launchpad.net/ubuntu/+source/openjdk-6/
#

---------------  T H R E A D  ---------------

Current thread (0x0000000000863800):  JavaThread "CompilerThread1" daemon [_thread_in_native, id=5084, stack(0x00007ff058d50000,0x00007ff058e51000)]

siginfo:si_signo=SIGSEGV: si_errno=0, si_code=1 (SEGV_MAPERR), si_addr=0x0000000000000008

Registers:
RAX=0x0000000000000000, RBX=0x00007ff058e4d980, RCX=0x00007ff05627d1b0, RDX=0x0000000000002000
RSP=0x00007ff058e4c190, RBP=0x00007ff058e4c1d0, RSI=0x00007ff054243d00, RDI=0x0000000000000000
R8 =0x00007ff054ca8340, R9 =0x00007ff054a27338, R10=0x0000000000000000, R11=0x00007ff0a8a70e53
R12=0x00007ff05434f9c8, R13=0x00007ff0549f4250, R14=0x00007ff058e4d9a0, R15=0x00007ff054a29ef0
RIP=0x00007ff0a8415ca0, EFL=0x0000000000010206, CSGSFS=0x0000000000000033, ERR=0x0000000000000004
  TRAPNO=0x000000000000000e

Top of Stack: (sp=0x00007ff058e4c190)
0x00007ff058e4c190:   00007ff058e4c4b0 0000000000001268
0x00007ff058e4c1a0:   00007ff058e4c1d0 00007ff058e4c470
0x00007ff058e4c1b0:   00007ff058e4d980 00007ff05434f9c8
0x00007ff058e4c1c0:   0000000000000002 00007ff054a38698
0x00007ff058e4c1d0:   00007ff058e4c240 00007ff0a8416207
0x00007ff058e4c1e0:   0000000000000020 00007ff000000001
0x00007ff058e4c1f0:   00007ff058e4e310 0000000000000000
0x00007ff058e4c200:   00007ff058e4c450 00007ff058e4c4b0
0x00007ff058e4c210:   0000000000001565 00007ff058e4d980
0x00007ff058e4c220:   00007ff058e4cf70 00007ff058e4c4b0
0x00007ff058e4c230:   00007ff058e4c450 0000000000000000
0x00007ff058e4c240:   00007ff058e4c510 00007ff0a8419750
0x00007ff058e4c250:   00007ff0a89b8888 00007ff0a89d3ad8
0x00007ff058e4c260:   00007ff058e4c290 00007ff000001553
0x00007ff058e4c270:   000000000000ab90 00007ff0a899ad7c
0x00007ff058e4c280:   0100000000789110 00007ff058e4c470
0x00007ff058e4c290:   00007ff058e4c2b0 00007ff0a859bfb6
0x00007ff058e4c2a0:   00000000007de100 0000000000ab92e0
0x00007ff058e4c2b0:   00007ff058e4c2d0 00007ff0a859bfb6
0x00007ff058e4c2c0:   00000000007de100 0000000000ab92e0
0x00007ff058e4c2d0:   00007ff054504a50 0000000000ab92e0
0x00007ff058e4c2e0:   00007ff058e4c2f0 00007ff0a859b24d
0x00007ff058e4c2f0:   00007ff058e4c350 00007ff0a823740e
0x00007ff058e4c300:   0000000000000000 89484d05007b5000
0x00007ff058e4c310:   0000000000000000 00000000a859f818
0x00007ff058e4c320:   0000000088ca6bff 00007ff0547b5000
0x00007ff058e4c330:   00007ff0a89a5758 0000000000ab92e0
0x00007ff058e4c340:   00000000009565c0 00000000007de1b0
0x00007ff058e4c350:   00007ff0547b5000 00007ff0a859ca03
0x00007ff058e4c360:   00000000007de1b0 0000000000000000
0x00007ff058e4c370:   0000000000000001 00007ff054a2ba68
0x00007ff058e4c380:   00007ff058e4c410 00007ff0a844b24c 

Instructions: (pc=0x00007ff0a8415ca0)
0x00007ff0a8415c90:   89 f6 48 c1 e6 03 48 03 b3 d0 09 00 00 48 8b 06
0x00007ff0a8415ca0:   48 8b 50 08 48 83 3a 00 75 27 8b 4b 28 0f 1f 00 

Stack: [0x00007ff058d50000,0x00007ff058e51000],  sp=0x00007ff058e4c190,  free space=3f00000000000000030k
Native frames: (J=compiled Java code, j=interpreted, Vv=VM code, C=native code)
V  [libjvm.so+0x50bca0]
V  [libjvm.so+0x50c207]
V  [libjvm.so+0x50f750]
V  [libjvm.so+0x2b7a9b]
V  [libjvm.so+0x2b85ea]
V  [libjvm.so+0x246f7c]
V  [libjvm.so+0x2bd4ca]
V  [libjvm.so+0x2bdaef]
V  [libjvm.so+0x687d0b]
V  [libjvm.so+0x58fff2]


Current CompileTask:
C2:1078      jregex.Pretokenizer.next()V (1064 bytes)


---------------  P R O C E S S  ---------------

Java Threads: ( => current thread )
  0x0000000000aeb800 JavaThread "com.mchange.v2.async.ThreadPoolAsynchronousRunner$PoolThread-#2" daemon [_thread_blocked, id=5094, stack(0x00007ff053af5000,0x00007ff053bf6000)]
  0x0000000001bf8000 JavaThread "com.mchange.v2.async.ThreadPoolAsynchronousRunner$PoolThread-#1" daemon [_thread_blocked, id=5093, stack(0x00007ff053bf6000,0x00007ff053cf7000)]
  0x0000000001bf9800 JavaThread "com.mchange.v2.async.ThreadPoolAsynchronousRunner$PoolThread-#0" daemon [_thread_blocked, id=5092, stack(0x00007ff053cf7000,0x00007ff053df8000)]
  0x00007ff054867800 JavaThread "Timer-0" daemon [_thread_blocked, id=5091, stack(0x00007ff0580b9000,0x00007ff0581ba000)]
  0x0000000000bad800 JavaThread "pool-3-thread-1" [_thread_in_vm, id=5090, stack(0x00007ff0581c1000,0x00007ff0582c2000)]
  0x00007ff0544c8000 JavaThread "NioProcessor-1" [_thread_in_native, id=5089, stack(0x00007ff0582c2000,0x00007ff0583c3000)]
  0x000000000078d800 JavaThread "DestroyJavaVM" [_thread_blocked, id=5068, stack(0x00007ff0a96a0000,0x00007ff0a97a1000)]
  0x0000000000b8e800 JavaThread "NioSocketAcceptor-1" [_thread_in_native, id=5088, stack(0x00007ff0583c3000,0x00007ff0584c4000)]
  0x0000000000a69800 JavaThread "NioSocketAcceptor-1-idleStatusChecker" [_thread_blocked, id=5087, stack(0x00007ff0584c4000,0x00007ff0585c5000)]
  0x00007ff054016800 JavaThread "Low Memory Detector" daemon [_thread_blocked, id=5085, stack(0x00007ff058c4f000,0x00007ff058d50000)]
=>0x0000000000863800 JavaThread "CompilerThread1" daemon [_thread_in_native, id=5084, stack(0x00007ff058d50000,0x00007ff058e51000)]
  0x0000000000860800 JavaThread "CompilerThread0" daemon [_thread_in_native, id=5083, stack(0x00007ff058e51000,0x00007ff058f52000)]
  0x000000000085e000 JavaThread "JDWP Event Helper Thread" daemon [_thread_blocked, id=5082, stack(0x00007ff058f52000,0x00007ff059053000)]
  0x000000000085a800 JavaThread "JDWP Transport Listener: dt_socket" daemon [_thread_in_native, id=5081, stack(0x00007ff059053000,0x00007ff059154000)]
  0x0000000000827000 JavaThread "Signal Dispatcher" daemon [_thread_blocked, id=5080, stack(0x00007ff059359000,0x00007ff05945a000)]
  0x0000000000809000 JavaThread "Finalizer" daemon [_thread_blocked, id=5079, stack(0x00007ff05945a000,0x00007ff05955b000)]
  0x0000000000801800 JavaThread "Reference Handler" daemon [_thread_blocked, id=5078, stack(0x00007ff05955b000,0x00007ff05965c000)]

Other Threads:
  0x00000000007fd000 VMThread [stack: 0x00007ff05965c000,0x00007ff05975d000] [id=5077]
  0x00007ff054019800 WatcherThread [stack: 0x00007ff058b4e000,0x00007ff058c4f000] [id=5086]

VM state:not at safepoint (normal execution)

VM Mutex/Monitor currently owned by a thread: None

Heap
 PSYoungGen      total 51520K, used 13276K [0x00007ff08e870000, 0x00007ff092050000, 0x00007ff0a31c0000)
  eden space 47872K, 20% used [0x00007ff08e870000,0x00007ff08f1e0f60,0x00007ff091730000)
  from space 3648K, 98% used [0x00007ff091940000,0x00007ff091cc6108,0x00007ff091cd0000)
  to   space 3584K, 0% used [0x00007ff091cd0000,0x00007ff091cd0000,0x00007ff092050000)
 PSOldGen        total 42176K, used 25017K [0x00007ff0655c0000, 0x00007ff067ef0000, 0x00007ff08e870000)
  object space 42176K, 59% used [0x00007ff0655c0000,0x00007ff066e2e5f0,0x00007ff067ef0000)
 PSPermGen       total 43520K, used 43335K [0x00007ff05adc0000, 0x00007ff05d840000, 0x00007ff0655c0000)
  object space 43520K, 99% used [0x00007ff05adc0000,0x00007ff05d811fa8,0x00007ff05d840000)

Dynamic libraries:
00400000-00409000 r-xp 00000000 08:01 18615065                           /usr/lib/jvm/java-6-openjdk/jre/bin/java
00608000-00609000 r--p 00008000 08:01 18615065                           /usr/lib/jvm/java-6-openjdk/jre/bin/java
00609000-0060a000 rw-p 00009000 08:01 18615065                           /usr/lib/jvm/java-6-openjdk/jre/bin/java
0077b000-04947000 rw-p 00000000 00:00 0                                  [heap]
7ff053af5000-7ff053af8000 ---p 00000000 00:00 0 
7ff053af8000-7ff053bf6000 rw-p 00000000 00:00 0 
7ff053bf6000-7ff053bf9000 ---p 00000000 00:00 0 
7ff053bf9000-7ff053cf7000 rw-p 00000000 00:00 0 
7ff053cf7000-7ff053cfa000 ---p 00000000 00:00 0 
7ff053cfa000-7ff053df8000 rw-p 00000000 00:00 0 
7ff053df8000-7ff053dff000 r-xp 00000000 08:01 18613949                   /usr/lib/jvm/java-6-openjdk/jre/lib/amd64/libmanagement.so
7ff053dff000-7ff053ffe000 ---p 00007000 08:01 18613949                   /usr/lib/jvm/java-6-openjdk/jre/lib/amd64/libmanagement.so
7ff053ffe000-7ff053fff000 r--p 00006000 08:01 18613949                   /usr/lib/jvm/java-6-openjdk/jre/lib/amd64/libmanagement.so
7ff053fff000-7ff054000000 rw-p 00007000 08:01 18613949                   /usr/lib/jvm/java-6-openjdk/jre/lib/amd64/libmanagement.so
7ff054000000-7ff056d71000 rw-p 00000000 00:00 0 
7ff056d71000-7ff058000000 ---p 00000000 00:00 0 
7ff0580b4000-7ff0580b7000 r--s 00031000 08:01 18612807                   /usr/lib/jvm/java-6-openjdk/jre/lib/ext/sunjce_provider.jar
7ff0580b7000-7ff0580b9000 r--s 00013000 08:01 18612823                   /usr/lib/jvm/java-6-openjdk/jre/lib/jce.jar
7ff0580b9000-7ff0580bc000 ---p 00000000 00:00 0 
7ff0580bc000-7ff0581ba000 rw-p 00000000 00:00 0 
7ff0581ba000-7ff0581c1000 r--s 00102000 08:01 18612843                   /usr/lib/jvm/java-6-openjdk/jre/lib/resources.jar
7ff0581c1000-7ff0581c4000 ---p 00000000 00:00 0 
7ff0581c4000-7ff0582c2000 rw-p 00000000 00:00 0 
7ff0582c2000-7ff0582c5000 ---p 00000000 00:00 0 
7ff0582c5000-7ff0583c3000 rw-p 00000000 00:00 0 
7ff0583c3000-7ff0583c6000 ---p 00000000 00:00 0 
7ff0583c6000-7ff0584c4000 rw-p 00000000 00:00 0 
7ff0584c4000-7ff0584c7000 ---p 00000000 00:00 0 
7ff0584c7000-7ff0585c5000 rw-p 00000000 00:00 0 
7ff0585c5000-7ff0585cd000 r-xp 00000000 08:01 18613952                   /usr/lib/jvm/java-6-openjdk/jre/lib/amd64/libnio.so
7ff0585cd000-7ff0587cc000 ---p 00008000 08:01 18613952                   /usr/lib/jvm/java-6-openjdk/jre/lib/amd64/libnio.so
7ff0587cc000-7ff0587cd000 r--p 00007000 08:01 18613952                   /usr/lib/jvm/java-6-openjdk/jre/lib/amd64/libnio.so
7ff0587cd000-7ff0587ce000 rw-p 00008000 08:01 18613952                   /usr/lib/jvm/java-6-openjdk/jre/lib/amd64/libnio.so
7ff0587ce000-7ff0587e3000 r-xp 00000000 08:01 18613951                   /usr/lib/jvm/java-6-openjdk/jre/lib/amd64/libnet.so
7ff0587e3000-7ff0589e2000 ---p 00015000 08:01 18613951                   /usr/lib/jvm/java-6-openjdk/jre/lib/amd64/libnet.so
7ff0589e2000-7ff0589e3000 r--p 00014000 08:01 18613951                   /usr/lib/jvm/java-6-openjdk/jre/lib/amd64/libnet.so
7ff0589e3000-7ff0589e4000 rw-p 00015000 08:01 18613951                   /usr/lib/jvm/java-6-openjdk/jre/lib/amd64/libnet.so
7ff0589e4000-7ff0589e8000 r--s 0002f000 08:01 22941597                   /home/d3orn/play-1.0.3.2/framework/lib/commons-lang.jar
7ff0589e8000-7ff0589f0000 r--s 0008a000 08:01 22941614                   /home/d3orn/play-1.0.3.2/framework/lib/javassist.jar
7ff0589f0000-7ff0589f3000 r--s 00011000 08:01 22941603                   /home/d3orn/play-1.0.3.2/framework/lib/ezmorph-1.0.3.jar
7ff0589f3000-7ff0589f6000 r--s 00018000 08:01 22941596                   /home/d3orn/play-1.0.3.2/framework/lib/commons-io.jar
7ff0589f6000-7ff0589f9000 r--s 0000a000 08:01 22941602                   /home/d3orn/play-1.0.3.2/framework/lib/ejb3-persistence.jar
7ff0589f9000-7ff0589fc000 r--s 00022000 08:01 22941613                   /home/d3orn/play-1.0.3.2/framework/lib/jamon-2.7.jar
7ff0589fc000-7ff058a02000 r--s 00049000 08:01 22941590                   /home/d3orn/play-1.0.3.2/framework/lib/cglib-nodep-2.2.jar
7ff058a02000-7ff058a05000 r--s 0001b000 08:01 22941608                   /home/d3orn/play-1.0.3.2/framework/lib/hibernate-entitymanager.jar
7ff058a05000-7ff058a07000 r--s 00017000 08:01 22941583                   /home/d3orn/play-1.0.3.2/framework/lib/WikiText.jar
7ff058a07000-7ff058a09000 r--s 0000c000 08:01 22941585                   /home/d3orn/play-1.0.3.2/framework/lib/activation.jar
7ff058a09000-7ff058a0e000 r--s 00040000 08:01 22941595                   /home/d3orn/play-1.0.3.2/framework/lib/commons-httpclient.jar
7ff058a0e000-7ff058a14000 r--s 00056000 08:01 22941610                   /home/d3orn/play-1.0.3.2/framework/lib/hibernate3-ast.jar
7ff058a14000-7ff058a63000 r--s 004b1000 08:01 22941604                   /home/d3orn/play-1.0.3.2/framework/lib/groovy-all-1.7.1.jar
7ff058a63000-7ff058a65000 r--s 00001000 08:01 22941618                   /home/d3orn/play-1.0.3.2/framework/lib/jsr107cache-1.0.jar
7ff058a65000-7ff058a67000 r--s 00011000 08:01 22941584                   /home/d3orn/play-1.0.3.2/framework/lib/ZDB.jar
7ff058a67000-7ff058a76000 r--s 00074000 08:01 22941616                   /home/d3orn/play-1.0.3.2/framework/lib/joda-time-1.6.jar
7ff058a76000-7ff058a78000 r--s 0000a000 08:01 22941592                   /home/d3orn/play-1.0.3.2/framework/lib/commons-codec.jar
7ff058a78000-7ff058a7f000 r--s 00059000 08:01 22941621                   /home/d3orn/play-1.0.3.2/framework/lib/log4j-1.2.15.jar
7ff058a7f000-7ff058a85000 r--s 00055000 08:01 22941624                   /home/d3orn/play-1.0.3.2/framework/lib/mail.jar
7ff058a85000-7ff058a91000 r--s 0014c000 08:01 22941599                   /home/d3orn/play-1.0.3.2/framework/lib/compiler-jdt.jar
7ff058a91000-7ff058a93000 r--s 00003000 08:01 22941632                   /home/d3orn/play-1.0.3.2/framework/lib/slf4j-api-1.5.0.jar
7ff058a93000-7ff058ab7000 r--s 00473000 08:01 22941611                   /home/d3orn/play-1.0.3.2/framework/lib/hibernate3.jar
7ff058ab7000-7ff058abb000 r--s 00020000 08:01 22941630                   /home/d3orn/play-1.0.3.2/framework/lib/play-imaging.jar
7ff058abb000-7ff058ac0000 r--s 00023000 08:01 22941620                   /home/d3orn/play-1.0.3.2/framework/lib/junit-4.4.jar
7ff058ac0000-7ff058ac3000 r--s 0000f000 08:01 22941631                   /home/d3orn/play-1.0.3.2/framework/lib/provided-geronimo-servlet_2.5_spec-1.2.jar
7ff058ac3000-7ff058acf000 r--s 00097000 08:01 22941623                   /home/d3orn/play-1.0.3.2/framework/lib/lucene-core-2.3.1.jar
7ff058acf000-7ff058ad4000 r--s 00040000 08:01 22941606                   /home/d3orn/play-1.0.3.2/framework/lib/hibernate-annotations.jar
7ff058ad4000-7ff058adc000 r--s 000a3000 08:01 22941612                   /home/d3orn/play-1.0.3.2/framework/lib/hsqldb.jar
7ff058adc000-7ff058ae2000 r--s 00067000 08:01 22941586                   /home/d3orn/play-1.0.3.2/framework/lib/antlr-2.7.6.jar
7ff058ae2000-7ff058ae8000 r--s 00032000 08:01 22941615                   /home/d3orn/play-1.0.3.2/framework/lib/jaxen-1.1.jar
7ff058ae8000-7ff058aee000 r--s 00024000 08:01 22941587                   /home/d3orn/play-1.0.3.2/framework/lib/asyncweb-common-0.9.0-SNAPSHOT.jar
7ff058aee000-7ff058af0000 r--s 00015000 08:01 22941617                   /home/d3orn/play-1.0.3.2/framework/lib/jregex1.2_01.jar
7ff058af1000-7ff058af4000 r--s 0000e000 08:01 22941607                   /home/d3orn/play-1.0.3.2/framework/lib/hibernate-commons-annotations.jar
7ff058af4000-7ff058af9000 r--s 00037000 08:01 22941625                   /home/d3orn/play-1.0.3.2/framework/lib/memcached-2.4.2.jar
7ff058af9000-7ff058aff000 r--s 0002c000 08:01 22941582                   /home/d3orn/play-1.0.3.2/framework/lib/SnakeYAML-1.2.jar
7ff058aff000-7ff058b0c000 r--s 0007c000 08:01 22941593                   /home/d3orn/play-1.0.3.2/framework/lib/commons-collections-3.1.jar
7ff058b0c000-7ff058b12000 r--s 00041000 08:01 22941628                   /home/d3orn/play-1.0.3.2/framework/lib/oval-1.31.jar
7ff058b12000-7ff058b1d000 r--s 00071000 08:01 22941626                   /home/d3orn/play-1.0.3.2/framework/lib/mina-core-2.0.0-M2-SNAPSHOT.jar
7ff058b1d000-7ff058b24000 r--s 000aa000 08:01 22941627                   /home/d3orn/play-1.0.3.2/framework/lib/mysql-connector-java-5.1.8-bin.jar
7ff058b24000-7ff058b29000 r--s 00048000 08:01 22941600                   /home/d3orn/play-1.0.3.2/framework/lib/dom4j-1.6.1.jar
7ff058b29000-7ff058b2e000 r--s 0002a000 08:01 22941591                   /home/d3orn/play-1.0.3.2/framework/lib/commons-beanutils.jar
7ff058b2e000-7ff058b33000 r--s 0003c000 08:01 22941601                   /home/d3orn/play-1.0.3.2/framework/lib/ehcache-1.5.0.jar
7ff058b33000-7ff058b35000 r--s 00001000 08:01 22941619                   /home/d3orn/play-1.0.3.2/framework/lib/jta.jar
7ff058b35000-7ff058b37000 r--s 0000b000 08:01 22941594                   /home/d3orn/play-1.0.3.2/framework/lib/commons-fileupload-1.2.jar
7ff058b37000-7ff058b40000 r--s 00048000 08:01 22941588                   /home/d3orn/play-1.0.3.2/framework/lib/backport-util-concurrent-3.0.jar
7ff058b40000-7ff058b44000 r--s 00023000 08:01 22941605                   /home/d3orn/play-1.0.3.2/framework/lib/gson-1.3.jar
7ff058b44000-7ff058b45000 r--s 00015000 08:01 22941629                   /home/d3orn/play-1.0.3.2/framework/lib/play-SimpleCaptcha.jar
7ff058b45000-7ff058b47000 r--s 00012000 08:01 22941622                   /home/d3orn/play-1.0.3.2/framework/lib/lucene-analyzers-2.3.1.jar
7ff058b47000-7ff058b4e000 r--s 00038000 08:01 22941634                   /home/d3orn/play-1.0.3.2/framework/lib/wikitext.core_1.1.1.jar
7ff058b4e000-7ff058b4f000 ---p 00000000 00:00 0 
7ff058b4f000-7ff058c4f000 rw-p 00000000 00:00 0 
7ff058c4f000-7ff058c52000 ---p 00000000 00:00 0 
7ff058c52000-7ff058d50000 rw-p 00000000 00:00 0 
7ff058d50000-7ff058d53000 ---p 00000000 00:00 0 
7ff058d53000-7ff058e51000 rw-p 00000000 00:00 0 
7ff058e51000-7ff058e54000 ---p 00000000 00:00 0 
7ff058e54000-7ff058f52000 rw-p 00000000 00:00 0 
7ff058f52000-7ff058f55000 ---p 00000000 00:00 0 
7ff058f55000-7ff059053000 rw-p 00000000 00:00 0 
7ff059053000-7ff059056000 ---p 00000000 00:00 0 
7ff059056000-7ff059154000 rw-p 00000000 00:00 0 
7ff059154000-7ff059158000 r-xp 00000000 08:01 18612475                   /usr/lib/jvm/java-6-openjdk/jre/lib/amd64/libdt_socket.so
7ff059158000-7ff059357000 ---p 00004000 08:01 18612475                   /usr/lib/jvm/java-6-openjdk/jre/lib/amd64/libdt_socket.so
7ff059357000-7ff059358000 r--p 00003000 08:01 18612475                   /usr/lib/jvm/java-6-openjdk/jre/lib/amd64/libdt_socket.so
7ff059358000-7ff059359000 rw-p 00004000 08:01 18612475                   /usr/lib/jvm/java-6-openjdk/jre/lib/amd64/libdt_socket.so
7ff059359000-7ff05935c000 ---p 00000000 00:00 0 
7ff05935c000-7ff05945a000 rw-p 00000000 00:00 0 
7ff05945a000-7ff05945d000 ---p 00000000 00:00 0 
7ff05945d000-7ff05955b000 rw-p 00000000 00:00 0 
7ff05955b000-7ff05955e000 ---p 00000000 00:00 0 
7ff05955e000-7ff05965c000 rw-p 00000000 00:00 0 
7ff05965c000-7ff05965d000 ---p 00000000 00:00 0 
7ff05965d000-7ff05a099000 rw-p 00000000 00:00 0 
7ff05a099000-7ff05a22b000 r--s 03916000 08:01 18612322                   /usr/lib/jvm/java-6-openjdk/jre/lib/rt.jar
7ff05a22b000-7ff05a22c000 ---p 00000000 00:00 0 
7ff05a22c000-7ff05a32c000 rw-p 00000000 00:00 0 
7ff05a32c000-7ff05a32d000 ---p 00000000 00:00 0 
7ff05a32d000-7ff05a42d000 rw-p 00000000 00:00 0 
7ff05a42d000-7ff05a42e000 ---p 00000000 00:00 0 
7ff05a42e000-7ff05a52e000 rw-p 00000000 00:00 0 
7ff05a52e000-7ff05a52f000 ---p 00000000 00:00 0 
7ff05a52f000-7ff05a62f000 rw-p 00000000 00:00 0 
7ff05a62f000-7ff05a630000 ---p 00000000 00:00 0 
7ff05a630000-7ff05a730000 rw-p 00000000 00:00 0 
7ff05a730000-7ff05a731000 ---p 00000000 00:00 0 
7ff05a731000-7ff05a831000 rw-p 00000000 00:00 0 
7ff05a831000-7ff05a832000 ---p 00000000 00:00 0 
7ff05a832000-7ff05a932000 rw-p 00000000 00:00 0 
7ff05a932000-7ff05a933000 ---p 00000000 00:00 0 
7ff05a933000-7ff05aa48000 rw-p 00000000 00:00 0 
7ff05aa48000-7ff05ab7d000 rw-p 00000000 00:00 0 
7ff05ab7d000-7ff05ab93000 rw-p 00000000 00:00 0 
7ff05ab93000-7ff05abd1000 rw-p 00000000 00:00 0 
7ff05abd1000-7ff05abe6000 rw-p 00000000 00:00 0 
7ff05abe6000-7ff05ad1a000 rw-p 00000000 00:00 0 
7ff05ad1a000-7ff05ad37000 rw-p 00000000 00:00 0 
7ff05ad37000-7ff05ad39000 ---p 00000000 00:00 0 
7ff05ad39000-7ff05adbf000 rw-p 00000000 00:00 0 
7ff05adbf000-7ff05d840000 rw-p 00000000 00:00 0 
7ff05d840000-7ff0655c0000 rw-p 00000000 00:00 0 
7ff0655c0000-7ff067ef0000 rw-p 00000000 00:00 0 
7ff067ef0000-7ff08e870000 rw-p 00000000 00:00 0 
7ff08e870000-7ff092050000 rw-p 00000000 00:00 0 
7ff092050000-7ff092480000 ---p 00000000 00:00 0 
7ff092480000-7ff0a31c0000 rw-p 00000000 00:00 0 
7ff0a31c0000-7ff0a31cb000 r--s 0008a000 08:01 22941589                   /home/d3orn/play-1.0.3.2/framework/lib/c3p0-0.9.1.jar
7ff0a31cb000-7ff0a31e0000 rw-p 00000000 00:00 0 
7ff0a31e0000-7ff0a328b000 rw-p 00000000 00:00 0 
7ff0a328b000-7ff0a37cb000 rwxp 00000000 00:00 0 
7ff0a37cb000-7ff0a628b000 rw-p 00000000 00:00 0 
7ff0a628b000-7ff0a6292000 r-xp 00000000 08:01 18613958                   /usr/lib/jvm/java-6-openjdk/jre/lib/amd64/libzip.so
7ff0a6292000-7ff0a6491000 ---p 00007000 08:01 18613958                   /usr/lib/jvm/java-6-openjdk/jre/lib/amd64/libzip.so
7ff0a6491000-7ff0a6492000 r--p 00006000 08:01 18613958                   /usr/lib/jvm/java-6-openjdk/jre/lib/amd64/libzip.so
7ff0a6492000-7ff0a6493000 rw-p 00007000 08:01 18613958                   /usr/lib/jvm/java-6-openjdk/jre/lib/amd64/libzip.so
7ff0a6493000-7ff0a649f000 r-xp 00000000 08:01 29622883                   /lib/libnss_files-2.11.1.so
7ff0a649f000-7ff0a669e000 ---p 0000c000 08:01 29622883                   /lib/libnss_files-2.11.1.so
7ff0a669e000-7ff0a669f000 r--p 0000b000 08:01 29622883                   /lib/libnss_files-2.11.1.so
7ff0a669f000-7ff0a66a0000 rw-p 0000c000 08:01 29622883                   /lib/libnss_files-2.11.1.so
7ff0a66a0000-7ff0a66aa000 r-xp 00000000 08:01 29622873                   /lib/libnss_nis-2.11.1.so
7ff0a66aa000-7ff0a68a9000 ---p 0000a000 08:01 29622873                   /lib/libnss_nis-2.11.1.so
7ff0a68a9000-7ff0a68aa000 r--p 00009000 08:01 29622873                   /lib/libnss_nis-2.11.1.so
7ff0a68aa000-7ff0a68ab000 rw-p 0000a000 08:01 29622873                   /lib/libnss_nis-2.11.1.so
7ff0a68ab000-7ff0a68b3000 r-xp 00000000 08:01 29622872                   /lib/libnss_compat-2.11.1.so
7ff0a68b3000-7ff0a6ab2000 ---p 00008000 08:01 29622872                   /lib/libnss_compat-2.11.1.so
7ff0a6ab2000-7ff0a6ab3000 r--p 00007000 08:01 29622872                   /lib/libnss_compat-2.11.1.so
7ff0a6ab3000-7ff0a6ab4000 rw-p 00008000 08:01 29622872                   /lib/libnss_compat-2.11.1.so
7ff0a6ab4000-7ff0a6bd2000 r--p 00000000 08:01 18095795                   /usr/lib/locale/en_US.utf8/LC_COLLATE
7ff0a6bd2000-7ff0a6bd5000 r-xp 00000000 08:01 18613953                   /usr/lib/jvm/java-6-openjdk/jre/lib/amd64/libnpt.so
7ff0a6bd5000-7ff0a6dd4000 ---p 00003000 08:01 18613953                   /usr/lib/jvm/java-6-openjdk/jre/lib/amd64/libnpt.so
7ff0a6dd4000-7ff0a6dd5000 r--p 00002000 08:01 18613953                   /usr/lib/jvm/java-6-openjdk/jre/lib/amd64/libnpt.so
7ff0a6dd5000-7ff0a6dd6000 rw-p 00003000 08:01 18613953                   /usr/lib/jvm/java-6-openjdk/jre/lib/amd64/libnpt.so
7ff0a6dd6000-7ff0a6ddf000 r-xp 00000000 08:01 18612584                   /usr/lib/jvm/java-6-openjdk/jre/lib/amd64/libinstrument.so
7ff0a6ddf000-7ff0a6fdf000 ---p 00009000 08:01 18612584                   /usr/lib/jvm/java-6-openjdk/jre/lib/amd64/libinstrument.so
7ff0a6fdf000-7ff0a6fe0000 r--p 00009000 08:01 18612584                   /usr/lib/jvm/java-6-openjdk/jre/lib/amd64/libinstrument.so
7ff0a6fe0000-7ff0a6fe1000 rw-p 0000a000 08:01 18612584                   /usr/lib/jvm/java-6-openjdk/jre/lib/amd64/libinstrument.so
7ff0a6fe1000-7ff0a701a000 r-xp 00000000 08:01 18613498                   /usr/lib/jvm/java-6-openjdk/jre/lib/amd64/libjdwp.so
7ff0a701a000-7ff0a7219000 ---p 00039000 08:01 18613498                   /usr/lib/jvm/java-6-openjdk/jre/lib/amd64/libjdwp.so
7ff0a7219000-7ff0a721a000 r--p 00038000 08:01 18613498                   /usr/lib/jvm/java-6-openjdk/jre/lib/amd64/libjdwp.so
7ff0a721a000-7ff0a721b000 rw-p 00039000 08:01 18613498                   /usr/lib/jvm/java-6-openjdk/jre/lib/amd64/libjdwp.so
7ff0a721b000-7ff0a7223000 r-xp 00000000 08:01 18613959                   /usr/lib/jvm/java-6-openjdk/jre/lib/amd64/native_threads/libhpi.so
7ff0a7223000-7ff0a7422000 ---p 00008000 08:01 18613959                   /usr/lib/jvm/java-6-openjdk/jre/lib/amd64/native_threads/libhpi.so
7ff0a7422000-7ff0a7423000 r--p 00007000 08:01 18613959                   /usr/lib/jvm/java-6-openjdk/jre/lib/amd64/native_threads/libhpi.so
7ff0a7423000-7ff0a7424000 rw-p 00008000 08:01 18613959                   /usr/lib/jvm/java-6-openjdk/jre/lib/amd64/native_threads/libhpi.so
7ff0a7424000-7ff0a743b000 r-xp 00000000 08:01 29622442                   /lib/libnsl-2.11.1.so
7ff0a743b000-7ff0a763a000 ---p 00017000 08:01 29622442                   /lib/libnsl-2.11.1.so
7ff0a763a000-7ff0a763b000 r--p 00016000 08:01 29622442                   /lib/libnsl-2.11.1.so
7ff0a763b000-7ff0a763c000 rw-p 00017000 08:01 29622442                   /lib/libnsl-2.11.1.so
7ff0a763c000-7ff0a763e000 rw-p 00000000 00:00 0 
7ff0a763e000-7ff0a766b000 r-xp 00000000 08:01 18613494                   /usr/lib/jvm/java-6-openjdk/jre/lib/amd64/libjava.so
7ff0a766b000-7ff0a786a000 ---p 0002d000 08:01 18613494                   /usr/lib/jvm/java-6-openjdk/jre/lib/amd64/libjava.so
7ff0a786a000-7ff0a786b000 r--p 0002c000 08:01 18613494                   /usr/lib/jvm/java-6-openjdk/jre/lib/amd64/libjava.so
7ff0a786b000-7ff0a786e000 rw-p 0002d000 08:01 18613494                   /usr/lib/jvm/java-6-openjdk/jre/lib/amd64/libjava.so
7ff0a786e000-7ff0a787d000 r-xp 00000000 08:01 18613957                   /usr/lib/jvm/java-6-openjdk/jre/lib/amd64/libverify.so
7ff0a787d000-7ff0a7a7c000 ---p 0000f000 08:01 18613957                   /usr/lib/jvm/java-6-openjdk/jre/lib/amd64/libverify.so
7ff0a7a7c000-7ff0a7a7e000 r--p 0000e000 08:01 18613957                   /usr/lib/jvm/java-6-openjdk/jre/lib/amd64/libverify.so
7ff0a7a7e000-7ff0a7a7f000 rw-p 00010000 08:01 18613957                   /usr/lib/jvm/java-6-openjdk/jre/lib/amd64/libverify.so
7ff0a7a7f000-7ff0a7a86000 r-xp 00000000 08:01 29622868                   /lib/librt-2.11.1.so
7ff0a7a86000-7ff0a7c85000 ---p 00007000 08:01 29622868                   /lib/librt-2.11.1.so
7ff0a7c85000-7ff0a7c86000 r--p 00006000 08:01 29622868                   /lib/librt-2.11.1.so
7ff0a7c86000-7ff0a7c87000 rw-p 00007000 08:01 29622868                   /lib/librt-2.11.1.so
7ff0a7c87000-7ff0a7d09000 r-xp 00000000 08:01 29622432                   /lib/libm-2.11.1.so
7ff0a7d09000-7ff0a7f08000 ---p 00082000 08:01 29622432                   /lib/libm-2.11.1.so
7ff0a7f08000-7ff0a7f09000 r--p 00081000 08:01 29622432                   /lib/libm-2.11.1.so
7ff0a7f09000-7ff0a7f0a000 rw-p 00082000 08:01 29622432                   /lib/libm-2.11.1.so
7ff0a7f0a000-7ff0a8725000 r-xp 00000000 08:01 18613961                   /usr/lib/jvm/java-6-openjdk/jre/lib/amd64/server/libjvm.so
7ff0a8725000-7ff0a8924000 ---p 0081b000 08:01 18613961                   /usr/lib/jvm/java-6-openjdk/jre/lib/amd64/server/libjvm.so
7ff0a8924000-7ff0a8998000 r--p 0081a000 08:01 18613961                   /usr/lib/jvm/java-6-openjdk/jre/lib/amd64/server/libjvm.so
7ff0a8998000-7ff0a89b2000 rw-p 0088e000 08:01 18613961                   /usr/lib/jvm/java-6-openjdk/jre/lib/amd64/server/libjvm.so
7ff0a89b2000-7ff0a89eb000 rw-p 00000000 00:00 0 
7ff0a89eb000-7ff0a8b65000 r-xp 00000000 08:01 29622880                   /lib/libc-2.11.1.so
7ff0a8b65000-7ff0a8d64000 ---p 0017a000 08:01 29622880                   /lib/libc-2.11.1.so
7ff0a8d64000-7ff0a8d68000 r--p 00179000 08:01 29622880                   /lib/libc-2.11.1.so
7ff0a8d68000-7ff0a8d69000 rw-p 0017d000 08:01 29622880                   /lib/libc-2.11.1.so
7ff0a8d69000-7ff0a8d6e000 rw-p 00000000 00:00 0 
7ff0a8d6e000-7ff0a8d70000 r-xp 00000000 08:01 29622884                   /lib/libdl-2.11.1.so
7ff0a8d70000-7ff0a8f70000 ---p 00002000 08:01 29622884                   /lib/libdl-2.11.1.so
7ff0a8f70000-7ff0a8f71000 r--p 00002000 08:01 29622884                   /lib/libdl-2.11.1.so
7ff0a8f71000-7ff0a8f72000 rw-p 00003000 08:01 29622884                   /lib/libdl-2.11.1.so
7ff0a8f72000-7ff0a8f76000 r-xp 00000000 08:01 18612351                   /usr/lib/jvm/java-6-openjdk/jre/lib/amd64/jli/libjli.so
7ff0a8f76000-7ff0a9175000 ---p 00004000 08:01 18612351                   /usr/lib/jvm/java-6-openjdk/jre/lib/amd64/jli/libjli.so
7ff0a9175000-7ff0a9176000 r--p 00003000 08:01 18612351                   /usr/lib/jvm/java-6-openjdk/jre/lib/amd64/jli/libjli.so
7ff0a9176000-7ff0a9177000 rw-p 00004000 08:01 18612351                   /usr/lib/jvm/java-6-openjdk/jre/lib/amd64/jli/libjli.so
7ff0a9177000-7ff0a918f000 r-xp 00000000 08:01 29622878                   /lib/libpthread-2.11.1.so
7ff0a918f000-7ff0a938e000 ---p 00018000 08:01 29622878                   /lib/libpthread-2.11.1.so
7ff0a938e000-7ff0a938f000 r--p 00017000 08:01 29622878                   /lib/libpthread-2.11.1.so
7ff0a938f000-7ff0a9390000 rw-p 00018000 08:01 29622878                   /lib/libpthread-2.11.1.so
7ff0a9390000-7ff0a9394000 rw-p 00000000 00:00 0 
7ff0a9394000-7ff0a93aa000 r-xp 00000000 08:01 29622466                   /lib/libz.so.1.2.3.3
7ff0a93aa000-7ff0a95a9000 ---p 00016000 08:01 29622466                   /lib/libz.so.1.2.3.3
7ff0a95a9000-7ff0a95aa000 r--p 00015000 08:01 29622466                   /lib/libz.so.1.2.3.3
7ff0a95aa000-7ff0a95ab000 rw-p 00016000 08:01 29622466                   /lib/libz.so.1.2.3.3
7ff0a95ab000-7ff0a95cb000 r-xp 00000000 08:01 29622863                   /lib/ld-2.11.1.so
7ff0a95cc000-7ff0a95ce000 r--s 00001000 08:01 22941633                   /home/d3orn/play-1.0.3.2/framework/lib/slf4j-log4j12-1.5.0.jar
7ff0a95ce000-7ff0a95d1000 r--s 0000d000 08:01 22941609                   /home/d3orn/play-1.0.3.2/framework/lib/hibernate-validator.jar
7ff0a95d1000-7ff0a95d5000 r--s 0007c000 08:01 18612827                   /usr/lib/jvm/java-6-openjdk/jre/lib/jsse.jar
7ff0a95d5000-7ff0a95dc000 r--s 00079000 08:01 22941635                   /home/d3orn/play-1.0.3.2/framework/play.jar
7ff0a95dc000-7ff0a95e5000 r--s 00065000 08:01 18229017                   /usr/share/java/gnome-java-bridge.jar
7ff0a95e5000-7ff0a9623000 rw-p 00000000 00:00 0 
7ff0a9623000-7ff0a9661000 rw-p 00000000 00:00 0 
7ff0a9661000-7ff0a96a0000 r--p 00000000 08:01 18096017                   /usr/lib/locale/en_US.utf8/LC_CTYPE
7ff0a96a0000-7ff0a96a3000 ---p 00000000 00:00 0 
7ff0a96a3000-7ff0a97a6000 rw-p 00000000 00:00 0 
7ff0a97a7000-7ff0a97a9000 r--s 0000d000 08:01 22941598                   /home/d3orn/play-1.0.3.2/framework/lib/commons-logging-1.1.1.jar
7ff0a97a9000-7ff0a97aa000 rw-p 00000000 00:00 0 
7ff0a97aa000-7ff0a97ad000 r--s 0000f000 08:01 18612809                   /usr/lib/jvm/java-6-openjdk/jre/lib/ext/pulse-java.jar
7ff0a97ad000-7ff0a97b5000 rw-s 00000000 08:01 15728877                   /tmp/hsperfdata_d3orn/5067
7ff0a97b5000-7ff0a97b6000 r--p 00000000 08:01 18096139                   /usr/lib/locale/en_US.utf8/LC_NUMERIC
7ff0a97b6000-7ff0a97b7000 r--p 00000000 08:01 18098299                   /usr/lib/locale/en_US.utf8/LC_TIME
7ff0a97b7000-7ff0a97b8000 r--p 00000000 08:01 18098300                   /usr/lib/locale/en_US.utf8/LC_MONETARY
7ff0a97b8000-7ff0a97b9000 r--p 00000000 08:01 18098301                   /usr/lib/locale/en_US.utf8/LC_MESSAGES/SYS_LC_MESSAGES
7ff0a97b9000-7ff0a97ba000 r--p 00000000 08:01 18095789                   /usr/lib/locale/en_US.utf8/LC_PAPER
7ff0a97ba000-7ff0a97bb000 r--p 00000000 08:01 18095709                   /usr/lib/locale/en_US.utf8/LC_NAME
7ff0a97bb000-7ff0a97bc000 r--p 00000000 08:01 18098302                   /usr/lib/locale/en_US.utf8/LC_ADDRESS
7ff0a97bc000-7ff0a97bd000 r--p 00000000 08:01 18098303                   /usr/lib/locale/en_US.utf8/LC_TELEPHONE
7ff0a97bd000-7ff0a97be000 r--p 00000000 08:01 18096071                   /usr/lib/locale/en_US.utf8/LC_MEASUREMENT
7ff0a97be000-7ff0a97c5000 r--s 00000000 08:01 18093123                   /usr/lib/gconv/gconv-modules.cache
7ff0a97c5000-7ff0a97c6000 r--p 00000000 08:01 18098304                   /usr/lib/locale/en_US.utf8/LC_IDENTIFICATION
7ff0a97c6000-7ff0a97c7000 rw-p 00000000 00:00 0 
7ff0a97c7000-7ff0a97c8000 r--p 00000000 00:00 0 
7ff0a97c8000-7ff0a97ca000 rw-p 00000000 00:00 0 
7ff0a97ca000-7ff0a97cb000 r--p 0001f000 08:01 29622863                   /lib/ld-2.11.1.so
7ff0a97cb000-7ff0a97cc000 rw-p 00020000 08:01 29622863                   /lib/ld-2.11.1.so
7ff0a97cc000-7ff0a97cd000 rw-p 00000000 00:00 0 
7fff2b037000-7fff2b04d000 rw-p 00000000 00:00 0                          [stack]
7fff2b0f6000-7fff2b0f7000 r-xp 00000000 00:00 0                          [vdso]
ffffffffff600000-ffffffffff601000 r-xp 00000000 00:00 0                  [vsyscall]

VM Arguments:
jvm_args: -javaagent:/home/d3orn/play-1.0.3.2/framework/play.jar -Dplay.debug=yes -Xrunjdwp:transport=dt_socket,address=8000,server=y,suspend=n -Xdebug -Dapplication.path=/home/d3orn/ese2010-team4/qa -Dplay.id= 
java_command: play.server.Server
Launcher Type: SUN_STANDARD

Environment Variables:
PATH=/usr/local/sbin:/usr/local/bin:/usr/sbin:/usr/bin:/sbin:/bin:/usr/games
USERNAME=d3orn
LD_LIBRARY_PATH=/usr/lib/jvm/java-6-openjdk/jre/lib/amd64/server:/usr/lib/jvm/java-6-openjdk/jre/lib/amd64:/usr/lib/jvm/java-6-openjdk/jre/../lib/amd64
SHELL=/bin/bash
DISPLAY=:0.0

Signal Handlers:
SIGSEGV: [libjvm.so+0x6c2030], sa_mask[0]=0x7ffbfeff, sa_flags=0x10000004
SIGBUS: [libjvm.so+0x6c2030], sa_mask[0]=0x7ffbfeff, sa_flags=0x10000004
SIGFPE: [libjvm.so+0x58ca90], sa_mask[0]=0x7ffbfeff, sa_flags=0x10000004
SIGPIPE: [libjvm.so+0x58ca90], sa_mask[0]=0x7ffbfeff, sa_flags=0x10000004
SIGXFSZ: [libjvm.so+0x58ca90], sa_mask[0]=0x7ffbfeff, sa_flags=0x10000004
SIGILL: [libjvm.so+0x58ca90], sa_mask[0]=0x7ffbfeff, sa_flags=0x10000004
SIGUSR1: SIG_DFL, sa_mask[0]=0x00000000, sa_flags=0x00000000
SIGUSR2: [libjvm.so+0x58c1e0], sa_mask[0]=0x00000000, sa_flags=0x10000004
SIGHUP: [libjvm.so+0x58e8d0], sa_mask[0]=0x7ffbfeff, sa_flags=0x10000004
SIGINT: [libjvm.so+0x58e8d0], sa_mask[0]=0x7ffbfeff, sa_flags=0x10000004
SIGTERM: [libjvm.so+0x58e8d0], sa_mask[0]=0x7ffbfeff, sa_flags=0x10000004
SIGQUIT: [libjvm.so+0x58e8d0], sa_mask[0]=0x7ffbfeff, sa_flags=0x10000004


---------------  S Y S T E M  ---------------

OS:Ubuntu 10.04 (lucid)
uname:Linux 2.6.32-25-generic #45-Ubuntu SMP Sat Oct 16 19:52:42 UTC 2010 x86_64
libc:glibc 2.11.1 NPTL 2.11.1 
rlimit: STACK 8192k, CORE 0k, NPROC infinity, NOFILE 1024, AS infinity
load average:1.27 1.16 1.11

CPU:total 8 (8 cores per cpu, 2 threads per core) family 6 model 30 stepping 5, cmov, cx8, fxsr, mmx, sse, sse2, sse3, ssse3, sse4.1, sse4.2, popcnt, ht

Memory: 4k page, physical 4046404k(597000k free), swap 11852792k(11852792k free)

vm_info: OpenJDK 64-Bit Server VM (16.0-b13) for linux-amd64 JRE (1.6.0_18-b18), built on Oct 25 2010 18:07:10 by "buildd" with gcc 4.4.3

time: Tue Nov 16 11:02:37 2010
elapsed time: 86 seconds

