#
# A fatal error has been detected by the Java Runtime Environment:
#
#  SIGSEGV (0xb) at pc=0x00007f069ce08ca0, pid=5260, tid=139665048082192
#
# JRE version: 6.0_18-b18
# Java VM: OpenJDK 64-Bit Server VM (16.0-b13 mixed mode linux-amd64 )
# Derivative: IcedTea6 1.8.2
# Distribution: Ubuntu 10.04.1 LTS, package 6b18-1.8.2-4ubuntu2
# Problematic frame:
# V  [libjvm.so+0x50bca0]
#
# If you would like to submit a bug report, please include
# instructions how to reproduce the bug and visit:
#   https://bugs.launchpad.net/ubuntu/+source/openjdk-6/
#

---------------  T H R E A D  ---------------

Current thread (0x000000000170a800):  JavaThread "CompilerThread0" daemon [_thread_in_native, id=5276, stack(0x00007f064d841000,0x00007f064d942000)]

siginfo:si_signo=SIGSEGV: si_errno=0, si_code=1 (SEGV_MAPERR), si_addr=0x0000000000000008

Registers:
RAX=0x0000000000000000, RBX=0x00007f064d93ea80, RCX=0x00007f0648ce0bc0, RDX=0x0000000000002000
RSP=0x00007f064d93d290, RBP=0x00007f064d93d2d0, RSI=0x00007f0648242460, RDI=0x0000000000000000
R8 =0x00007f0648b5c890, R9 =0x00007f064a0c98f0, R10=0x0000000000000000, R11=0x00007f069d463e53
R12=0x00007f0648372528, R13=0x00007f0649efc0b8, R14=0x00007f064d93eaa0, R15=0x00007f064a0cc4a8
RIP=0x00007f069ce08ca0, EFL=0x0000000000010206, CSGSFS=0x0000000000000033, ERR=0x0000000000000004
  TRAPNO=0x000000000000000e

Top of Stack: (sp=0x00007f064d93d290)
0x00007f064d93d290:   00007f064d93d5b0 000000000000138a
0x00007f064d93d2a0:   00007f064d93d2d0 00007f064d93d570
0x00007f064d93d2b0:   00007f064d93ea80 00007f0648372528
0x00007f064d93d2c0:   0000000000000002 00007f0649398398
0x00007f064d93d2d0:   00007f064d93d340 00007f069ce09207
0x00007f064d93d2e0:   0000000000000020 00007f0600000001
0x00007f064d93d2f0:   00007f064d93f410 0000000000000000
0x00007f064d93d300:   00007f064d93d550 00007f064d93d5b0
0x00007f064d93d310:   0000000000001687 00007f064d93ea80
0x00007f064d93d320:   00007f064d93e070 00007f064d93d5b0
0x00007f064d93d330:   00007f064d93d550 0000000000000000
0x00007f064d93d340:   00007f064d93d610 00007f069ce0c750
0x00007f064d93d350:   00007f069d3ab888 00007f069d3c6ad8
0x00007f064d93d360:   00007f064d93d390 00007f0600001675
0x00007f064d93d370:   000000000000b4a0 00007f069d38dd7c
0x00007f064d93d380:   0100000001633110 00007f064d93d570
0x00007f064d93d390:   00007f064d93d3b0 00007f069cf8efb6
0x00007f064d93d3a0:   0000000001688100 00007f06490e7fd0
0x00007f064d93d3b0:   00007f064d93d3d0 00007f069cf8efb6
0x00007f064d93d3c0:   0000000001688100 00007f06490e7fd0
0x00007f064d93d3d0:   00007f064a43f9e0 00007f06490e7fd0
0x00007f064d93d3e0:   00007f064d93d3f0 00007f069cf8e24d
0x00007f064d93d3f0:   00007f064d93d450 00007f069cc2a40e
0x00007f064d93d400:   0000000000000000 8a32ed0500f063d8
0x00007f064d93d410:   0000000000000000 000000009cf92818
0x00007f064d93d420:   00007f0688ca6bff 00007f0648f063d8
0x00007f064d93d430:   00007f064d93d490 00007f069ccb0f91
0x00007f064d93d440:   00007f064d93d460 00007f06491ae070
0x00007f064d93d450:   00007f0648cc8d28 0000000048433968
0x00007f064d93d460:   00007f064d93d480 00007f0648cc8dd8
0x00007f064d93d470:   00007f064d93e070 00007f064d93e070
0x00007f064d93d480:   00007f0648433ec0 00007f0648cc8dd8 

Instructions: (pc=0x00007f069ce08ca0)
0x00007f069ce08c90:   89 f6 48 c1 e6 03 48 03 b3 d0 09 00 00 48 8b 06
0x00007f069ce08ca0:   48 8b 50 08 48 83 3a 00 75 27 8b 4b 28 0f 1f 00 

Stack: [0x00007f064d841000,0x00007f064d942000],  sp=0x00007f064d93d290,  free space=3f00000000000000030k
Native frames: (J=compiled Java code, j=interpreted, Vv=VM code, C=native code)
V  [libjvm.so+0x50bca0]
V  [libjvm.so+0x50c207]
V  [libjvm.so+0x50f750]
V  [libjvm.so+0x2b7a9b]
V  [libjvm.so+0x2b85ea]
V  [libjvm.so+0x246f7c]
V  [libjvm.so+0x2bd4ca]
V  [libjvm.so+0x2bdaef]
V  [libjvm.so+0x687d0b]
V  [libjvm.so+0x58fff2]


Current CompileTask:
C2:1054      jregex.Pretokenizer.next()V (1064 bytes)


---------------  P R O C E S S  ---------------

Java Threads: ( => current thread )
  0x00007f0648bcf800 JavaThread "com.mchange.v2.async.ThreadPoolAsynchronousRunner$PoolThread-#2" daemon [_thread_blocked, id=5288, stack(0x00007f064c5a0000,0x00007f064c6a1000)]
  0x00007f0648fe0000 JavaThread "com.mchange.v2.async.ThreadPoolAsynchronousRunner$PoolThread-#1" daemon [_thread_blocked, id=5287, stack(0x00007f064c6a1000,0x00007f064c7a2000)]
  0x00007f064975b000 JavaThread "com.mchange.v2.async.ThreadPoolAsynchronousRunner$PoolThread-#0" daemon [_thread_blocked, id=5286, stack(0x00007f064c7a2000,0x00007f064c8a3000)]
  0x00000000027aa000 JavaThread "Timer-0" daemon [_thread_blocked, id=5285, stack(0x00007f064c8a3000,0x00007f064c9a4000)]
  0x0000000001c02800 JavaThread "pool-3-thread-1" [_thread_in_Java, id=5284, stack(0x00007f064cbb3000,0x00007f064ccb4000)]
  0x000000000197d000 JavaThread "NioProcessor-1" [_thread_in_native, id=5283, stack(0x00007f064ccb4000,0x00007f064cdb5000)]
  0x0000000001637800 JavaThread "DestroyJavaVM" [_thread_blocked, id=5261, stack(0x00007f069e093000,0x00007f069e194000)]
  0x0000000001a0b000 JavaThread "NioSocketAcceptor-1" [_thread_in_native, id=5281, stack(0x00007f064cdb5000,0x00007f064ceb6000)]
  0x0000000001934000 JavaThread "NioSocketAcceptor-1-idleStatusChecker" [_thread_blocked, id=5280, stack(0x00007f064ceb6000,0x00007f064cfb7000)]
  0x00007f0648016000 JavaThread "Low Memory Detector" daemon [_thread_blocked, id=5278, stack(0x00007f064d63f000,0x00007f064d740000)]
  0x000000000170e000 JavaThread "CompilerThread1" daemon [_thread_in_native, id=5277, stack(0x00007f064d740000,0x00007f064d841000)]
=>0x000000000170a800 JavaThread "CompilerThread0" daemon [_thread_in_native, id=5276, stack(0x00007f064d841000,0x00007f064d942000)]
  0x0000000001708000 JavaThread "JDWP Event Helper Thread" daemon [_thread_blocked, id=5275, stack(0x00007f064d942000,0x00007f064da43000)]
  0x0000000001704800 JavaThread "JDWP Transport Listener: dt_socket" daemon [_thread_in_native, id=5274, stack(0x00007f064da43000,0x00007f064db44000)]
  0x00000000016d1000 JavaThread "Signal Dispatcher" daemon [_thread_blocked, id=5273, stack(0x00007f064dd49000,0x00007f064de4a000)]
  0x00000000016b3000 JavaThread "Finalizer" daemon [_thread_blocked, id=5272, stack(0x00007f064de4a000,0x00007f064df4b000)]
  0x00000000016ab800 JavaThread "Reference Handler" daemon [_thread_blocked, id=5271, stack(0x00007f064df4b000,0x00007f064e04c000)]

Other Threads:
  0x00000000016a7000 VMThread [stack: 0x00007f064e04c000,0x00007f064e14d000] [id=5270]
  0x00007f0648018800 WatcherThread [stack: 0x00007f064d53e000,0x00007f064d63f000] [id=5279]

VM state:not at safepoint (normal execution)

VM Mutex/Monitor currently owned by a thread: None

Heap
 PSYoungGen      total 30400K, used 12721K [0x00007f0683260000, 0x00007f0685670000, 0x00007f0697bb0000)
  eden space 25920K, 40% used [0x00007f0683260000,0x00007f0683cb2c40,0x00007f0684bb0000)
  from space 4480K, 47% used [0x00007f0685210000,0x00007f06854297f8,0x00007f0685670000)
  to   space 5504K, 0% used [0x00007f0684bb0000,0x00007f0684bb0000,0x00007f0685110000)
 PSOldGen        total 42176K, used 24447K [0x00007f0659fb0000, 0x00007f065c8e0000, 0x00007f0683260000)
  object space 42176K, 57% used [0x00007f0659fb0000,0x00007f065b78feb8,0x00007f065c8e0000)
 PSPermGen       total 41216K, used 41158K [0x00007f064f7b0000, 0x00007f0651ff0000, 0x00007f0659fb0000)
  object space 41216K, 99% used [0x00007f064f7b0000,0x00007f0651fe1b78,0x00007f0651ff0000)

Dynamic libraries:
00400000-00409000 r-xp 00000000 08:01 18615065                           /usr/lib/jvm/java-6-openjdk/jre/bin/java
00608000-00609000 r--p 00008000 08:01 18615065                           /usr/lib/jvm/java-6-openjdk/jre/bin/java
00609000-0060a000 rw-p 00009000 08:01 18615065                           /usr/lib/jvm/java-6-openjdk/jre/bin/java
01625000-03d8b000 rw-p 00000000 00:00 0                                  [heap]
7f0648000000-7f064b550000 rw-p 00000000 00:00 0 
7f064b550000-7f064c000000 ---p 00000000 00:00 0 
7f064c59d000-7f064c5a0000 r--s 00031000 08:01 18612807                   /usr/lib/jvm/java-6-openjdk/jre/lib/ext/sunjce_provider.jar
7f064c5a0000-7f064c5a3000 ---p 00000000 00:00 0 
7f064c5a3000-7f064c6a1000 rw-p 00000000 00:00 0 
7f064c6a1000-7f064c6a4000 ---p 00000000 00:00 0 
7f064c6a4000-7f064c7a2000 rw-p 00000000 00:00 0 
7f064c7a2000-7f064c7a5000 ---p 00000000 00:00 0 
7f064c7a5000-7f064c8a3000 rw-p 00000000 00:00 0 
7f064c8a3000-7f064c8a6000 ---p 00000000 00:00 0 
7f064c8a6000-7f064c9a4000 rw-p 00000000 00:00 0 
7f064c9a4000-7f064c9ab000 r-xp 00000000 08:01 18613949                   /usr/lib/jvm/java-6-openjdk/jre/lib/amd64/libmanagement.so
7f064c9ab000-7f064cbaa000 ---p 00007000 08:01 18613949                   /usr/lib/jvm/java-6-openjdk/jre/lib/amd64/libmanagement.so
7f064cbaa000-7f064cbab000 r--p 00006000 08:01 18613949                   /usr/lib/jvm/java-6-openjdk/jre/lib/amd64/libmanagement.so
7f064cbab000-7f064cbac000 rw-p 00007000 08:01 18613949                   /usr/lib/jvm/java-6-openjdk/jre/lib/amd64/libmanagement.so
7f064cbac000-7f064cbb3000 r--s 00102000 08:01 18612843                   /usr/lib/jvm/java-6-openjdk/jre/lib/resources.jar
7f064cbb3000-7f064cbb6000 ---p 00000000 00:00 0 
7f064cbb6000-7f064ccb4000 rw-p 00000000 00:00 0 
7f064ccb4000-7f064ccb7000 ---p 00000000 00:00 0 
7f064ccb7000-7f064cdb5000 rw-p 00000000 00:00 0 
7f064cdb5000-7f064cdb8000 ---p 00000000 00:00 0 
7f064cdb8000-7f064ceb6000 rw-p 00000000 00:00 0 
7f064ceb6000-7f064ceb9000 ---p 00000000 00:00 0 
7f064ceb9000-7f064cfb7000 rw-p 00000000 00:00 0 
7f064cfb7000-7f064cfbf000 r-xp 00000000 08:01 18613952                   /usr/lib/jvm/java-6-openjdk/jre/lib/amd64/libnio.so
7f064cfbf000-7f064d1be000 ---p 00008000 08:01 18613952                   /usr/lib/jvm/java-6-openjdk/jre/lib/amd64/libnio.so
7f064d1be000-7f064d1bf000 r--p 00007000 08:01 18613952                   /usr/lib/jvm/java-6-openjdk/jre/lib/amd64/libnio.so
7f064d1bf000-7f064d1c0000 rw-p 00008000 08:01 18613952                   /usr/lib/jvm/java-6-openjdk/jre/lib/amd64/libnio.so
7f064d1c0000-7f064d1d5000 r-xp 00000000 08:01 18613951                   /usr/lib/jvm/java-6-openjdk/jre/lib/amd64/libnet.so
7f064d1d5000-7f064d3d4000 ---p 00015000 08:01 18613951                   /usr/lib/jvm/java-6-openjdk/jre/lib/amd64/libnet.so
7f064d3d4000-7f064d3d5000 r--p 00014000 08:01 18613951                   /usr/lib/jvm/java-6-openjdk/jre/lib/amd64/libnet.so
7f064d3d5000-7f064d3d6000 rw-p 00015000 08:01 18613951                   /usr/lib/jvm/java-6-openjdk/jre/lib/amd64/libnet.so
7f064d3d6000-7f064d3da000 r--s 0002f000 08:01 22941597                   /home/d3orn/play-1.0.3.2/framework/lib/commons-lang.jar
7f064d3da000-7f064d3e2000 r--s 0008a000 08:01 22941614                   /home/d3orn/play-1.0.3.2/framework/lib/javassist.jar
7f064d3e2000-7f064d3e5000 r--s 00011000 08:01 22941603                   /home/d3orn/play-1.0.3.2/framework/lib/ezmorph-1.0.3.jar
7f064d3e5000-7f064d3e8000 r--s 00018000 08:01 22941596                   /home/d3orn/play-1.0.3.2/framework/lib/commons-io.jar
7f064d3e8000-7f064d3eb000 r--s 0000a000 08:01 22941602                   /home/d3orn/play-1.0.3.2/framework/lib/ejb3-persistence.jar
7f064d3eb000-7f064d3ee000 r--s 00022000 08:01 22941613                   /home/d3orn/play-1.0.3.2/framework/lib/jamon-2.7.jar
7f064d3ee000-7f064d3f4000 r--s 00049000 08:01 22941590                   /home/d3orn/play-1.0.3.2/framework/lib/cglib-nodep-2.2.jar
7f064d3f4000-7f064d3f7000 r--s 0001b000 08:01 22941608                   /home/d3orn/play-1.0.3.2/framework/lib/hibernate-entitymanager.jar
7f064d3f7000-7f064d3f9000 r--s 00017000 08:01 22941583                   /home/d3orn/play-1.0.3.2/framework/lib/WikiText.jar
7f064d3f9000-7f064d3fb000 r--s 0000c000 08:01 22941585                   /home/d3orn/play-1.0.3.2/framework/lib/activation.jar
7f064d3fb000-7f064d400000 r--s 00040000 08:01 22941595                   /home/d3orn/play-1.0.3.2/framework/lib/commons-httpclient.jar
7f064d400000-7f064d406000 r--s 00056000 08:01 22941610                   /home/d3orn/play-1.0.3.2/framework/lib/hibernate3-ast.jar
7f064d406000-7f064d455000 r--s 004b1000 08:01 22941604                   /home/d3orn/play-1.0.3.2/framework/lib/groovy-all-1.7.1.jar
7f064d455000-7f064d457000 r--s 00001000 08:01 22941618                   /home/d3orn/play-1.0.3.2/framework/lib/jsr107cache-1.0.jar
7f064d457000-7f064d459000 r--s 00011000 08:01 22941584                   /home/d3orn/play-1.0.3.2/framework/lib/ZDB.jar
7f064d459000-7f064d468000 r--s 00074000 08:01 22941616                   /home/d3orn/play-1.0.3.2/framework/lib/joda-time-1.6.jar
7f064d468000-7f064d46a000 r--s 0000a000 08:01 22941592                   /home/d3orn/play-1.0.3.2/framework/lib/commons-codec.jar
7f064d46a000-7f064d471000 r--s 00059000 08:01 22941621                   /home/d3orn/play-1.0.3.2/framework/lib/log4j-1.2.15.jar
7f064d471000-7f064d477000 r--s 00055000 08:01 22941624                   /home/d3orn/play-1.0.3.2/framework/lib/mail.jar
7f064d477000-7f064d483000 r--s 0014c000 08:01 22941599                   /home/d3orn/play-1.0.3.2/framework/lib/compiler-jdt.jar
7f064d483000-7f064d485000 r--s 00003000 08:01 22941632                   /home/d3orn/play-1.0.3.2/framework/lib/slf4j-api-1.5.0.jar
7f064d485000-7f064d4a9000 r--s 00473000 08:01 22941611                   /home/d3orn/play-1.0.3.2/framework/lib/hibernate3.jar
7f064d4a9000-7f064d4ad000 r--s 00020000 08:01 22941630                   /home/d3orn/play-1.0.3.2/framework/lib/play-imaging.jar
7f064d4ad000-7f064d4b2000 r--s 00023000 08:01 22941620                   /home/d3orn/play-1.0.3.2/framework/lib/junit-4.4.jar
7f064d4b2000-7f064d4b5000 r--s 0000f000 08:01 22941631                   /home/d3orn/play-1.0.3.2/framework/lib/provided-geronimo-servlet_2.5_spec-1.2.jar
7f064d4b5000-7f064d4c1000 r--s 00097000 08:01 22941623                   /home/d3orn/play-1.0.3.2/framework/lib/lucene-core-2.3.1.jar
7f064d4c1000-7f064d4c4000 r--s 0000e000 08:01 22941607                   /home/d3orn/play-1.0.3.2/framework/lib/hibernate-commons-annotations.jar
7f064d4c4000-7f064d4c9000 r--s 00037000 08:01 22941625                   /home/d3orn/play-1.0.3.2/framework/lib/memcached-2.4.2.jar
7f064d4c9000-7f064d4cf000 r--s 0002c000 08:01 22941582                   /home/d3orn/play-1.0.3.2/framework/lib/SnakeYAML-1.2.jar
7f064d4cf000-7f064d4d5000 r--s 00067000 08:01 22941586                   /home/d3orn/play-1.0.3.2/framework/lib/antlr-2.7.6.jar
7f064d4d5000-7f064d4db000 r--s 00032000 08:01 22941615                   /home/d3orn/play-1.0.3.2/framework/lib/jaxen-1.1.jar
7f064d4db000-7f064d4e1000 r--s 00024000 08:01 22941587                   /home/d3orn/play-1.0.3.2/framework/lib/asyncweb-common-0.9.0-SNAPSHOT.jar
7f064d4e1000-7f064d4e3000 r--s 00015000 08:01 22941617                   /home/d3orn/play-1.0.3.2/framework/lib/jregex1.2_01.jar
7f064d4e3000-7f064d4e5000 r--s 00013000 08:01 18612823                   /usr/lib/jvm/java-6-openjdk/jre/lib/jce.jar
7f064d4e5000-7f064d4f2000 r--s 0007c000 08:01 22941593                   /home/d3orn/play-1.0.3.2/framework/lib/commons-collections-3.1.jar
7f064d4f2000-7f064d4f8000 r--s 00041000 08:01 22941628                   /home/d3orn/play-1.0.3.2/framework/lib/oval-1.31.jar
7f064d4f8000-7f064d4fd000 r--s 00040000 08:01 22941606                   /home/d3orn/play-1.0.3.2/framework/lib/hibernate-annotations.jar
7f064d4fd000-7f064d505000 r--s 000a3000 08:01 22941612                   /home/d3orn/play-1.0.3.2/framework/lib/hsqldb.jar
7f064d505000-7f064d510000 r--s 00071000 08:01 22941626                   /home/d3orn/play-1.0.3.2/framework/lib/mina-core-2.0.0-M2-SNAPSHOT.jar
7f064d510000-7f064d517000 r--s 000aa000 08:01 22941627                   /home/d3orn/play-1.0.3.2/framework/lib/mysql-connector-java-5.1.8-bin.jar
7f064d517000-7f064d51c000 r--s 00048000 08:01 22941600                   /home/d3orn/play-1.0.3.2/framework/lib/dom4j-1.6.1.jar
7f064d51c000-7f064d521000 r--s 0002a000 08:01 22941591                   /home/d3orn/play-1.0.3.2/framework/lib/commons-beanutils.jar
7f064d521000-7f064d526000 r--s 0003c000 08:01 22941601                   /home/d3orn/play-1.0.3.2/framework/lib/ehcache-1.5.0.jar
7f064d526000-7f064d528000 r--s 00001000 08:01 22941619                   /home/d3orn/play-1.0.3.2/framework/lib/jta.jar
7f064d528000-7f064d52a000 r--s 0000b000 08:01 22941594                   /home/d3orn/play-1.0.3.2/framework/lib/commons-fileupload-1.2.jar
7f064d52a000-7f064d533000 r--s 00048000 08:01 22941588                   /home/d3orn/play-1.0.3.2/framework/lib/backport-util-concurrent-3.0.jar
7f064d533000-7f064d537000 r--s 00023000 08:01 22941605                   /home/d3orn/play-1.0.3.2/framework/lib/gson-1.3.jar
7f064d537000-7f064d53e000 r--s 00038000 08:01 22941634                   /home/d3orn/play-1.0.3.2/framework/lib/wikitext.core_1.1.1.jar
7f064d53e000-7f064d53f000 ---p 00000000 00:00 0 
7f064d53f000-7f064d63f000 rw-p 00000000 00:00 0 
7f064d63f000-7f064d642000 ---p 00000000 00:00 0 
7f064d642000-7f064d740000 rw-p 00000000 00:00 0 
7f064d740000-7f064d743000 ---p 00000000 00:00 0 
7f064d743000-7f064d841000 rw-p 00000000 00:00 0 
7f064d841000-7f064d844000 ---p 00000000 00:00 0 
7f064d844000-7f064d942000 rw-p 00000000 00:00 0 
7f064d942000-7f064d945000 ---p 00000000 00:00 0 
7f064d945000-7f064da43000 rw-p 00000000 00:00 0 
7f064da43000-7f064da46000 ---p 00000000 00:00 0 
7f064da46000-7f064db44000 rw-p 00000000 00:00 0 
7f064db44000-7f064db48000 r-xp 00000000 08:01 18612475                   /usr/lib/jvm/java-6-openjdk/jre/lib/amd64/libdt_socket.so
7f064db48000-7f064dd47000 ---p 00004000 08:01 18612475                   /usr/lib/jvm/java-6-openjdk/jre/lib/amd64/libdt_socket.so
7f064dd47000-7f064dd48000 r--p 00003000 08:01 18612475                   /usr/lib/jvm/java-6-openjdk/jre/lib/amd64/libdt_socket.so
7f064dd48000-7f064dd49000 rw-p 00004000 08:01 18612475                   /usr/lib/jvm/java-6-openjdk/jre/lib/amd64/libdt_socket.so
7f064dd49000-7f064dd4c000 ---p 00000000 00:00 0 
7f064dd4c000-7f064de4a000 rw-p 00000000 00:00 0 
7f064de4a000-7f064de4d000 ---p 00000000 00:00 0 
7f064de4d000-7f064df4b000 rw-p 00000000 00:00 0 
7f064df4b000-7f064df4e000 ---p 00000000 00:00 0 
7f064df4e000-7f064e04c000 rw-p 00000000 00:00 0 
7f064e04c000-7f064e04d000 ---p 00000000 00:00 0 
7f064e04d000-7f064ea89000 rw-p 00000000 00:00 0 
7f064ea89000-7f064ec1b000 r--s 03916000 08:01 18612322                   /usr/lib/jvm/java-6-openjdk/jre/lib/rt.jar
7f064ec1b000-7f064ec1c000 ---p 00000000 00:00 0 
7f064ec1c000-7f064ed1c000 rw-p 00000000 00:00 0 
7f064ed1c000-7f064ed1d000 ---p 00000000 00:00 0 
7f064ed1d000-7f064ee1d000 rw-p 00000000 00:00 0 
7f064ee1d000-7f064ee1e000 ---p 00000000 00:00 0 
7f064ee1e000-7f064ef1e000 rw-p 00000000 00:00 0 
7f064ef1e000-7f064ef1f000 ---p 00000000 00:00 0 
7f064ef1f000-7f064f01f000 rw-p 00000000 00:00 0 
7f064f01f000-7f064f020000 ---p 00000000 00:00 0 
7f064f020000-7f064f120000 rw-p 00000000 00:00 0 
7f064f120000-7f064f121000 ---p 00000000 00:00 0 
7f064f121000-7f064f221000 rw-p 00000000 00:00 0 
7f064f221000-7f064f222000 ---p 00000000 00:00 0 
7f064f222000-7f064f322000 rw-p 00000000 00:00 0 
7f064f322000-7f064f323000 ---p 00000000 00:00 0 
7f064f323000-7f064f438000 rw-p 00000000 00:00 0 
7f064f438000-7f064f56d000 rw-p 00000000 00:00 0 
7f064f56d000-7f064f582000 rw-p 00000000 00:00 0 
7f064f582000-7f064f5c1000 rw-p 00000000 00:00 0 
7f064f5c1000-7f064f5d6000 rw-p 00000000 00:00 0 
7f064f5d6000-7f064f70a000 rw-p 00000000 00:00 0 
7f064f70a000-7f064f71d000 rw-p 00000000 00:00 0 
7f064f71d000-7f064f729000 ---p 00000000 00:00 0 
7f064f729000-7f064f7af000 rw-p 00000000 00:00 0 
7f064f7af000-7f0651ff0000 rw-p 00000000 00:00 0 
7f0651ff0000-7f0659fb0000 rw-p 00000000 00:00 0 
7f0659fb0000-7f065c8e0000 rw-p 00000000 00:00 0 
7f065c8e0000-7f0683260000 rw-p 00000000 00:00 0 
7f0683260000-7f0685670000 rw-p 00000000 00:00 0 
7f0685670000-7f0686f40000 ---p 00000000 00:00 0 
7f0686f40000-7f0697bb0000 rw-p 00000000 00:00 0 
7f0697bb1000-7f0697bb3000 r--s 00001000 08:01 22941633                   /home/d3orn/play-1.0.3.2/framework/lib/slf4j-log4j12-1.5.0.jar
7f0697bb3000-7f0697bbe000 r--s 0008a000 08:01 22941589                   /home/d3orn/play-1.0.3.2/framework/lib/c3p0-0.9.1.jar
7f0697bbe000-7f0697bd3000 rw-p 00000000 00:00 0 
7f0697bd3000-7f0697c7e000 rw-p 00000000 00:00 0 
7f0697c7e000-7f069818e000 rwxp 00000000 00:00 0 
7f069818e000-7f069ac7e000 rw-p 00000000 00:00 0 
7f069ac7e000-7f069ac85000 r-xp 00000000 08:01 18613958                   /usr/lib/jvm/java-6-openjdk/jre/lib/amd64/libzip.so
7f069ac85000-7f069ae84000 ---p 00007000 08:01 18613958                   /usr/lib/jvm/java-6-openjdk/jre/lib/amd64/libzip.so
7f069ae84000-7f069ae85000 r--p 00006000 08:01 18613958                   /usr/lib/jvm/java-6-openjdk/jre/lib/amd64/libzip.so
7f069ae85000-7f069ae86000 rw-p 00007000 08:01 18613958                   /usr/lib/jvm/java-6-openjdk/jre/lib/amd64/libzip.so
7f069ae86000-7f069ae92000 r-xp 00000000 08:01 29622883                   /lib/libnss_files-2.11.1.so
7f069ae92000-7f069b091000 ---p 0000c000 08:01 29622883                   /lib/libnss_files-2.11.1.so
7f069b091000-7f069b092000 r--p 0000b000 08:01 29622883                   /lib/libnss_files-2.11.1.so
7f069b092000-7f069b093000 rw-p 0000c000 08:01 29622883                   /lib/libnss_files-2.11.1.so
7f069b093000-7f069b09d000 r-xp 00000000 08:01 29622873                   /lib/libnss_nis-2.11.1.so
7f069b09d000-7f069b29c000 ---p 0000a000 08:01 29622873                   /lib/libnss_nis-2.11.1.so
7f069b29c000-7f069b29d000 r--p 00009000 08:01 29622873                   /lib/libnss_nis-2.11.1.so
7f069b29d000-7f069b29e000 rw-p 0000a000 08:01 29622873                   /lib/libnss_nis-2.11.1.so
7f069b29e000-7f069b2a6000 r-xp 00000000 08:01 29622872                   /lib/libnss_compat-2.11.1.so
7f069b2a6000-7f069b4a5000 ---p 00008000 08:01 29622872                   /lib/libnss_compat-2.11.1.so
7f069b4a5000-7f069b4a6000 r--p 00007000 08:01 29622872                   /lib/libnss_compat-2.11.1.so
7f069b4a6000-7f069b4a7000 rw-p 00008000 08:01 29622872                   /lib/libnss_compat-2.11.1.so
7f069b4a7000-7f069b5c5000 r--p 00000000 08:01 18095795                   /usr/lib/locale/en_US.utf8/LC_COLLATE
7f069b5c5000-7f069b5c8000 r-xp 00000000 08:01 18613953                   /usr/lib/jvm/java-6-openjdk/jre/lib/amd64/libnpt.so
7f069b5c8000-7f069b7c7000 ---p 00003000 08:01 18613953                   /usr/lib/jvm/java-6-openjdk/jre/lib/amd64/libnpt.so
7f069b7c7000-7f069b7c8000 r--p 00002000 08:01 18613953                   /usr/lib/jvm/java-6-openjdk/jre/lib/amd64/libnpt.so
7f069b7c8000-7f069b7c9000 rw-p 00003000 08:01 18613953                   /usr/lib/jvm/java-6-openjdk/jre/lib/amd64/libnpt.so
7f069b7c9000-7f069b7d2000 r-xp 00000000 08:01 18612584                   /usr/lib/jvm/java-6-openjdk/jre/lib/amd64/libinstrument.so
7f069b7d2000-7f069b9d2000 ---p 00009000 08:01 18612584                   /usr/lib/jvm/java-6-openjdk/jre/lib/amd64/libinstrument.so
7f069b9d2000-7f069b9d3000 r--p 00009000 08:01 18612584                   /usr/lib/jvm/java-6-openjdk/jre/lib/amd64/libinstrument.so
7f069b9d3000-7f069b9d4000 rw-p 0000a000 08:01 18612584                   /usr/lib/jvm/java-6-openjdk/jre/lib/amd64/libinstrument.so
7f069b9d4000-7f069ba0d000 r-xp 00000000 08:01 18613498                   /usr/lib/jvm/java-6-openjdk/jre/lib/amd64/libjdwp.so
7f069ba0d000-7f069bc0c000 ---p 00039000 08:01 18613498                   /usr/lib/jvm/java-6-openjdk/jre/lib/amd64/libjdwp.so
7f069bc0c000-7f069bc0d000 r--p 00038000 08:01 18613498                   /usr/lib/jvm/java-6-openjdk/jre/lib/amd64/libjdwp.so
7f069bc0d000-7f069bc0e000 rw-p 00039000 08:01 18613498                   /usr/lib/jvm/java-6-openjdk/jre/lib/amd64/libjdwp.so
7f069bc0e000-7f069bc16000 r-xp 00000000 08:01 18613959                   /usr/lib/jvm/java-6-openjdk/jre/lib/amd64/native_threads/libhpi.so
7f069bc16000-7f069be15000 ---p 00008000 08:01 18613959                   /usr/lib/jvm/java-6-openjdk/jre/lib/amd64/native_threads/libhpi.so
7f069be15000-7f069be16000 r--p 00007000 08:01 18613959                   /usr/lib/jvm/java-6-openjdk/jre/lib/amd64/native_threads/libhpi.so
7f069be16000-7f069be17000 rw-p 00008000 08:01 18613959                   /usr/lib/jvm/java-6-openjdk/jre/lib/amd64/native_threads/libhpi.so
7f069be17000-7f069be2e000 r-xp 00000000 08:01 29622442                   /lib/libnsl-2.11.1.so
7f069be2e000-7f069c02d000 ---p 00017000 08:01 29622442                   /lib/libnsl-2.11.1.so
7f069c02d000-7f069c02e000 r--p 00016000 08:01 29622442                   /lib/libnsl-2.11.1.so
7f069c02e000-7f069c02f000 rw-p 00017000 08:01 29622442                   /lib/libnsl-2.11.1.so
7f069c02f000-7f069c031000 rw-p 00000000 00:00 0 
7f069c031000-7f069c05e000 r-xp 00000000 08:01 18613494                   /usr/lib/jvm/java-6-openjdk/jre/lib/amd64/libjava.so
7f069c05e000-7f069c25d000 ---p 0002d000 08:01 18613494                   /usr/lib/jvm/java-6-openjdk/jre/lib/amd64/libjava.so
7f069c25d000-7f069c25e000 r--p 0002c000 08:01 18613494                   /usr/lib/jvm/java-6-openjdk/jre/lib/amd64/libjava.so
7f069c25e000-7f069c261000 rw-p 0002d000 08:01 18613494                   /usr/lib/jvm/java-6-openjdk/jre/lib/amd64/libjava.so
7f069c261000-7f069c270000 r-xp 00000000 08:01 18613957                   /usr/lib/jvm/java-6-openjdk/jre/lib/amd64/libverify.so
7f069c270000-7f069c46f000 ---p 0000f000 08:01 18613957                   /usr/lib/jvm/java-6-openjdk/jre/lib/amd64/libverify.so
7f069c46f000-7f069c471000 r--p 0000e000 08:01 18613957                   /usr/lib/jvm/java-6-openjdk/jre/lib/amd64/libverify.so
7f069c471000-7f069c472000 rw-p 00010000 08:01 18613957                   /usr/lib/jvm/java-6-openjdk/jre/lib/amd64/libverify.so
7f069c472000-7f069c479000 r-xp 00000000 08:01 29622868                   /lib/librt-2.11.1.so
7f069c479000-7f069c678000 ---p 00007000 08:01 29622868                   /lib/librt-2.11.1.so
7f069c678000-7f069c679000 r--p 00006000 08:01 29622868                   /lib/librt-2.11.1.so
7f069c679000-7f069c67a000 rw-p 00007000 08:01 29622868                   /lib/librt-2.11.1.so
7f069c67a000-7f069c6fc000 r-xp 00000000 08:01 29622432                   /lib/libm-2.11.1.so
7f069c6fc000-7f069c8fb000 ---p 00082000 08:01 29622432                   /lib/libm-2.11.1.so
7f069c8fb000-7f069c8fc000 r--p 00081000 08:01 29622432                   /lib/libm-2.11.1.so
7f069c8fc000-7f069c8fd000 rw-p 00082000 08:01 29622432                   /lib/libm-2.11.1.so
7f069c8fd000-7f069d118000 r-xp 00000000 08:01 18613961                   /usr/lib/jvm/java-6-openjdk/jre/lib/amd64/server/libjvm.so
7f069d118000-7f069d317000 ---p 0081b000 08:01 18613961                   /usr/lib/jvm/java-6-openjdk/jre/lib/amd64/server/libjvm.so
7f069d317000-7f069d38b000 r--p 0081a000 08:01 18613961                   /usr/lib/jvm/java-6-openjdk/jre/lib/amd64/server/libjvm.so
7f069d38b000-7f069d3a5000 rw-p 0088e000 08:01 18613961                   /usr/lib/jvm/java-6-openjdk/jre/lib/amd64/server/libjvm.so
7f069d3a5000-7f069d3de000 rw-p 00000000 00:00 0 
7f069d3de000-7f069d558000 r-xp 00000000 08:01 29622880                   /lib/libc-2.11.1.so
7f069d558000-7f069d757000 ---p 0017a000 08:01 29622880                   /lib/libc-2.11.1.so
7f069d757000-7f069d75b000 r--p 00179000 08:01 29622880                   /lib/libc-2.11.1.so
7f069d75b000-7f069d75c000 rw-p 0017d000 08:01 29622880                   /lib/libc-2.11.1.so
7f069d75c000-7f069d761000 rw-p 00000000 00:00 0 
7f069d761000-7f069d763000 r-xp 00000000 08:01 29622884                   /lib/libdl-2.11.1.so
7f069d763000-7f069d963000 ---p 00002000 08:01 29622884                   /lib/libdl-2.11.1.so
7f069d963000-7f069d964000 r--p 00002000 08:01 29622884                   /lib/libdl-2.11.1.so
7f069d964000-7f069d965000 rw-p 00003000 08:01 29622884                   /lib/libdl-2.11.1.so
7f069d965000-7f069d969000 r-xp 00000000 08:01 18612351                   /usr/lib/jvm/java-6-openjdk/jre/lib/amd64/jli/libjli.so
7f069d969000-7f069db68000 ---p 00004000 08:01 18612351                   /usr/lib/jvm/java-6-openjdk/jre/lib/amd64/jli/libjli.so
7f069db68000-7f069db69000 r--p 00003000 08:01 18612351                   /usr/lib/jvm/java-6-openjdk/jre/lib/amd64/jli/libjli.so
7f069db69000-7f069db6a000 rw-p 00004000 08:01 18612351                   /usr/lib/jvm/java-6-openjdk/jre/lib/amd64/jli/libjli.so
7f069db6a000-7f069db82000 r-xp 00000000 08:01 29622878                   /lib/libpthread-2.11.1.so
7f069db82000-7f069dd81000 ---p 00018000 08:01 29622878                   /lib/libpthread-2.11.1.so
7f069dd81000-7f069dd82000 r--p 00017000 08:01 29622878                   /lib/libpthread-2.11.1.so
7f069dd82000-7f069dd83000 rw-p 00018000 08:01 29622878                   /lib/libpthread-2.11.1.so
7f069dd83000-7f069dd87000 rw-p 00000000 00:00 0 
7f069dd87000-7f069dd9d000 r-xp 00000000 08:01 29622466                   /lib/libz.so.1.2.3.3
7f069dd9d000-7f069df9c000 ---p 00016000 08:01 29622466                   /lib/libz.so.1.2.3.3
7f069df9c000-7f069df9d000 r--p 00015000 08:01 29622466                   /lib/libz.so.1.2.3.3
7f069df9d000-7f069df9e000 rw-p 00016000 08:01 29622466                   /lib/libz.so.1.2.3.3
7f069df9e000-7f069dfbe000 r-xp 00000000 08:01 29622863                   /lib/ld-2.11.1.so
7f069dfbe000-7f069dfbf000 r--s 00015000 08:01 22941629                   /home/d3orn/play-1.0.3.2/framework/lib/play-SimpleCaptcha.jar
7f069dfbf000-7f069dfc1000 r--s 00012000 08:01 22941622                   /home/d3orn/play-1.0.3.2/framework/lib/lucene-analyzers-2.3.1.jar
7f069dfc1000-7f069dfc4000 r--s 0000d000 08:01 22941609                   /home/d3orn/play-1.0.3.2/framework/lib/hibernate-validator.jar
7f069dfc4000-7f069dfc8000 r--s 0007c000 08:01 18612827                   /usr/lib/jvm/java-6-openjdk/jre/lib/jsse.jar
7f069dfc8000-7f069dfcf000 r--s 00079000 08:01 22941635                   /home/d3orn/play-1.0.3.2/framework/play.jar
7f069dfcf000-7f069dfd8000 r--s 00065000 08:01 18229017                   /usr/share/java/gnome-java-bridge.jar
7f069dfd8000-7f069e015000 rw-p 00000000 00:00 0 
7f069e015000-7f069e054000 rw-p 00000000 00:00 0 
7f069e054000-7f069e093000 r--p 00000000 08:01 18096017                   /usr/lib/locale/en_US.utf8/LC_CTYPE
7f069e093000-7f069e096000 ---p 00000000 00:00 0 
7f069e096000-7f069e199000 rw-p 00000000 00:00 0 
7f069e19a000-7f069e19c000 r--s 0000d000 08:01 22941598                   /home/d3orn/play-1.0.3.2/framework/lib/commons-logging-1.1.1.jar
7f069e19c000-7f069e19d000 rw-p 00000000 00:00 0 
7f069e19d000-7f069e1a0000 r--s 0000f000 08:01 18612809                   /usr/lib/jvm/java-6-openjdk/jre/lib/ext/pulse-java.jar
7f069e1a0000-7f069e1a8000 rw-s 00000000 08:01 15728877                   /tmp/hsperfdata_d3orn/5260
7f069e1a8000-7f069e1a9000 r--p 00000000 08:01 18096139                   /usr/lib/locale/en_US.utf8/LC_NUMERIC
7f069e1a9000-7f069e1aa000 r--p 00000000 08:01 18098299                   /usr/lib/locale/en_US.utf8/LC_TIME
7f069e1aa000-7f069e1ab000 r--p 00000000 08:01 18098300                   /usr/lib/locale/en_US.utf8/LC_MONETARY
7f069e1ab000-7f069e1ac000 r--p 00000000 08:01 18098301                   /usr/lib/locale/en_US.utf8/LC_MESSAGES/SYS_LC_MESSAGES
7f069e1ac000-7f069e1ad000 r--p 00000000 08:01 18095789                   /usr/lib/locale/en_US.utf8/LC_PAPER
7f069e1ad000-7f069e1ae000 r--p 00000000 08:01 18095709                   /usr/lib/locale/en_US.utf8/LC_NAME
7f069e1ae000-7f069e1af000 r--p 00000000 08:01 18098302                   /usr/lib/locale/en_US.utf8/LC_ADDRESS
7f069e1af000-7f069e1b0000 r--p 00000000 08:01 18098303                   /usr/lib/locale/en_US.utf8/LC_TELEPHONE
7f069e1b0000-7f069e1b1000 r--p 00000000 08:01 18096071                   /usr/lib/locale/en_US.utf8/LC_MEASUREMENT
7f069e1b1000-7f069e1b8000 r--s 00000000 08:01 18093123                   /usr/lib/gconv/gconv-modules.cache
7f069e1b8000-7f069e1b9000 r--p 00000000 08:01 18098304                   /usr/lib/locale/en_US.utf8/LC_IDENTIFICATION
7f069e1b9000-7f069e1ba000 rw-p 00000000 00:00 0 
7f069e1ba000-7f069e1bb000 r--p 00000000 00:00 0 
7f069e1bb000-7f069e1bd000 rw-p 00000000 00:00 0 
7f069e1bd000-7f069e1be000 r--p 0001f000 08:01 29622863                   /lib/ld-2.11.1.so
7f069e1be000-7f069e1bf000 rw-p 00020000 08:01 29622863                   /lib/ld-2.11.1.so
7f069e1bf000-7f069e1c0000 rw-p 00000000 00:00 0 
7ffff94a5000-7ffff94bb000 rw-p 00000000 00:00 0                          [stack]
7ffff94f9000-7ffff94fa000 r-xp 00000000 00:00 0                          [vdso]
ffffffffff600000-ffffffffff601000 r-xp 00000000 00:00 0                  [vsyscall]

VM Arguments:
jvm_args: -javaagent:/home/d3orn/play-1.0.3.2/framework/play.jar -Dplay.debug=yes -Xrunjdwp:transport=dt_socket,address=8000,server=y,suspend=n -Xdebug -Dapplication.path=/home/d3orn/ese2010-team4/qa -Dplay.id= 
java_command: play.server.Server
Launcher Type: SUN_STANDARD

Environment Variables:
PATH=/usr/local/sbin:/usr/local/bin:/usr/sbin:/usr/bin:/sbin:/bin:/usr/games
USERNAME=d3orn
LD_LIBRARY_PATH=/usr/lib/jvm/java-6-openjdk/jre/lib/amd64/server:/usr/lib/jvm/java-6-openjdk/jre/lib/amd64:/usr/lib/jvm/java-6-openjdk/jre/../lib/amd64
SHELL=/bin/bash
DISPLAY=:0.0

Signal Handlers:
SIGSEGV: [libjvm.so+0x6c2030], sa_mask[0]=0x7ffbfeff, sa_flags=0x10000004
SIGBUS: [libjvm.so+0x6c2030], sa_mask[0]=0x7ffbfeff, sa_flags=0x10000004
SIGFPE: [libjvm.so+0x58ca90], sa_mask[0]=0x7ffbfeff, sa_flags=0x10000004
SIGPIPE: [libjvm.so+0x58ca90], sa_mask[0]=0x7ffbfeff, sa_flags=0x10000004
SIGXFSZ: [libjvm.so+0x58ca90], sa_mask[0]=0x7ffbfeff, sa_flags=0x10000004
SIGILL: [libjvm.so+0x58ca90], sa_mask[0]=0x7ffbfeff, sa_flags=0x10000004
SIGUSR1: SIG_DFL, sa_mask[0]=0x00000000, sa_flags=0x00000000
SIGUSR2: [libjvm.so+0x58c1e0], sa_mask[0]=0x00000000, sa_flags=0x10000004
SIGHUP: [libjvm.so+0x58e8d0], sa_mask[0]=0x7ffbfeff, sa_flags=0x10000004
SIGINT: [libjvm.so+0x58e8d0], sa_mask[0]=0x7ffbfeff, sa_flags=0x10000004
SIGTERM: [libjvm.so+0x58e8d0], sa_mask[0]=0x7ffbfeff, sa_flags=0x10000004
SIGQUIT: [libjvm.so+0x58e8d0], sa_mask[0]=0x7ffbfeff, sa_flags=0x10000004


---------------  S Y S T E M  ---------------

OS:Ubuntu 10.04 (lucid)
uname:Linux 2.6.32-25-generic #45-Ubuntu SMP Sat Oct 16 19:52:42 UTC 2010 x86_64
libc:glibc 2.11.1 NPTL 2.11.1 
rlimit: STACK 8192k, CORE 0k, NPROC infinity, NOFILE 1024, AS infinity
load average:1.11 1.23 1.17

CPU:total 8 (8 cores per cpu, 2 threads per core) family 6 model 30 stepping 5, cmov, cx8, fxsr, mmx, sse, sse2, sse3, ssse3, sse4.1, sse4.2, popcnt, ht

Memory: 4k page, physical 4046404k(612460k free), swap 11852792k(11852792k free)

vm_info: OpenJDK 64-Bit Server VM (16.0-b13) for linux-amd64 JRE (1.6.0_18-b18), built on Oct 25 2010 18:07:10 by "buildd" with gcc 4.4.3

time: Tue Nov 16 11:09:18 2010
elapsed time: 82 seconds

