#
# A fatal error has been detected by the Java Runtime Environment:
#
#  SIGSEGV (0xb) at pc=0x00007f815ef16ca0, pid=10752, tid=140192288933648
#
# JRE version: 6.0_18-b18
# Java VM: OpenJDK 64-Bit Server VM (16.0-b13 mixed mode linux-amd64 )
# Derivative: IcedTea6 1.8.2
# Distribution: Ubuntu 10.04.1 LTS, package 6b18-1.8.2-4ubuntu2
# Problematic frame:
# V  [libjvm.so+0x50bca0]
#
# If you would like to submit a bug report, please include
# instructions how to reproduce the bug and visit:
#   https://bugs.launchpad.net/ubuntu/+source/openjdk-6/
#

---------------  T H R E A D  ---------------

Current thread (0x00007f8108001000):  JavaThread "CompilerThread1" daemon [_thread_in_native, id=10769, stack(0x00007f810f850000,0x00007f810f951000)]

siginfo:si_signo=SIGSEGV: si_errno=0, si_code=1 (SEGV_MAPERR), si_addr=0x0000000000000008

Registers:
RAX=0x0000000000000000, RBX=0x00007f810f94d800, RCX=0x0000000002e27be0, RDX=0x0000000000002000
RSP=0x00007f810f94c010, RBP=0x00007f810f94c050, RSI=0x00000000015b0bb0, RDI=0x0000000000000000
R8 =0x0000000001ae2cf0, R9 =0x0000000003bfc560, R10=0x0000000000000000, R11=0x00007f815f571e53
R12=0x0000000001c5c4a8, R13=0x000000000123b048, R14=0x00007f810f94d820, R15=0x0000000003bff118
RIP=0x00007f815ef16ca0, EFL=0x0000000000010202, CSGSFS=0x0000000000000033, ERR=0x0000000000000004
  TRAPNO=0x000000000000000e

Top of Stack: (sp=0x00007f810f94c010)
0x00007f810f94c010:   00007f810f94c330 000000000000138a
0x00007f810f94c020:   00007f810f94c050 00007f810f94c2f0
0x00007f810f94c030:   00007f810f94d800 0000000001c5c4a8
0x00007f810f94c040:   0000000000000002 0000000003fb9b98
0x00007f810f94c050:   00007f810f94c0c0 00007f815ef17207
0x00007f810f94c060:   0000000000000020 00007f8100000001
0x00007f810f94c070:   00007f810f94e190 0000000000000000
0x00007f810f94c080:   00007f810f94c2d0 00007f810f94c330
0x00007f810f94c090:   0000000000001687 00007f810f94d800
0x00007f810f94c0a0:   00007f810f94cdf0 00007f810f94c330
0x00007f810f94c0b0:   00007f810f94c2d0 0000000000000000
0x00007f810f94c0c0:   00007f810f94c390 00007f815ef1a750
0x00007f810f94c0d0:   00007f810f94cdf0 00007f8108ca5570
0x00007f810f94c0e0:   00007f810f94cdf0 0000000000001675
0x00007f810f94c0f0:   000000000000b4a0 00007f815f49bd7c
0x00007f810f94c100:   01007f810f94c160 00007f810f94c2f0
0x00007f810f94c110:   00007f810f94c130 00007f815f09cfb6
0x00007f810f94c120:   0000000000e06100 00007f81082da0b0
0x00007f810f94c130:   00007f810f94c150 00007f815f09cfb6
0x00007f810f94c140:   0000000000e06100 00007f81082da0b0
0x00007f810f94c150:   00000000018ed980 00007f81082da0b0
0x00007f810f94c160:   00007f810f94c170 00007f815f09c24d
0x00007f810f94c170:   00007f810f94c1d0 00007f815ed3840e
0x00007f810f94c180:   0000000000000000 89aacd0500e61fe0
0x00007f810f94c190:   0000000000000000 000000005f0a0818
0x00007f810f94c1a0:   0000000088ca6bff 0000000001e61fe0
0x00007f810f94c1b0:   00007f810f94c210 00007f815edbef91
0x00007f810f94c1c0:   00007f810f94c1e0 000000000110e380
0x00007f810f94c1d0:   0000000001575e08 000000000196ade8
0x00007f810f94c1e0:   00007f810f94c200 0000000001575eb8
0x00007f810f94c1f0:   00007f810f94cdf0 00007f810f94cdf0
0x00007f810f94c200:   000000000196b340 0000000001575eb8 

Instructions: (pc=0x00007f815ef16ca0)
0x00007f815ef16c90:   89 f6 48 c1 e6 03 48 03 b3 d0 09 00 00 48 8b 06
0x00007f815ef16ca0:   48 8b 50 08 48 83 3a 00 75 27 8b 4b 28 0f 1f 00 

Stack: [0x00007f810f850000,0x00007f810f951000],  sp=0x00007f810f94c010,  free space=3f00000000000000030k
Native frames: (J=compiled Java code, j=interpreted, Vv=VM code, C=native code)
V  [libjvm.so+0x50bca0]
V  [libjvm.so+0x50c207]
V  [libjvm.so+0x50f750]
V  [libjvm.so+0x2b7a9b]
V  [libjvm.so+0x2b85ea]
V  [libjvm.so+0x246f7c]
V  [libjvm.so+0x2bd4ca]
V  [libjvm.so+0x2bdaef]
V  [libjvm.so+0x687d0b]
V  [libjvm.so+0x58fff2]


Current CompileTask:
C2:1047      jregex.Pretokenizer.next()V (1064 bytes)


---------------  P R O C E S S  ---------------

Java Threads: ( => current thread )
  0x000000000274e800 JavaThread "AWT-XAWT" daemon [_thread_in_native, id=10788, stack(0x00007f81075b5000,0x00007f81076b6000)]
  0x00007f8109076800 JavaThread "Java2D Disposer" daemon [_thread_blocked, id=10787, stack(0x00007f810c778000,0x00007f810c879000)]
  0x000000000150a000 JavaThread "com.mchange.v2.async.ThreadPoolAsynchronousRunner$PoolThread-#2" daemon [_thread_blocked, id=10785, stack(0x00007f810e8b7000,0x00007f810e9b8000)]
  0x0000000002961000 JavaThread "com.mchange.v2.async.ThreadPoolAsynchronousRunner$PoolThread-#1" daemon [_thread_blocked, id=10784, stack(0x00007f810e9b8000,0x00007f810eab9000)]
  0x000000000199d000 JavaThread "com.mchange.v2.async.ThreadPoolAsynchronousRunner$PoolThread-#0" daemon [_thread_blocked, id=10783, stack(0x00007f810eab9000,0x00007f810ebba000)]
  0x0000000001095800 JavaThread "Timer-0" daemon [_thread_blocked, id=10782, stack(0x00007f810ebba000,0x00007f810ecbb000)]
  0x00000000012d1000 JavaThread "pool-3-thread-1" [_thread_in_Java, id=10781, stack(0x00007f810ecc2000,0x00007f810edc3000)]
  0x00000000014c7800 JavaThread "NioProcessor-1" [_thread_in_native, id=10780, stack(0x00007f810edc3000,0x00007f810eec4000)]
  0x00007f81082e5800 JavaThread "DestroyJavaVM" [_thread_blocked, id=10753, stack(0x00007f81601a1000,0x00007f81602a2000)]
  0x00007f81082e9800 JavaThread "NioSocketAcceptor-1" [_thread_in_native, id=10775, stack(0x00007f810eec4000,0x00007f810efc5000)]
  0x00007f81082f4800 JavaThread "NioSocketAcceptor-1-idleStatusChecker" [_thread_blocked, id=10774, stack(0x00007f810efc5000,0x00007f810f0c6000)]
  0x00007f8108003800 JavaThread "Low Memory Detector" daemon [_thread_blocked, id=10770, stack(0x00007f810f74f000,0x00007f810f850000)]
=>0x00007f8108001000 JavaThread "CompilerThread1" daemon [_thread_in_native, id=10769, stack(0x00007f810f850000,0x00007f810f951000)]
  0x0000000000e9b800 JavaThread "CompilerThread0" daemon [_thread_blocked, id=10768, stack(0x00007f810f951000,0x00007f810fa52000)]
  0x0000000000e86000 JavaThread "JDWP Event Helper Thread" daemon [_thread_blocked, id=10767, stack(0x00007f810fa52000,0x00007f810fb53000)]
  0x0000000000e82800 JavaThread "JDWP Transport Listener: dt_socket" daemon [_thread_in_native, id=10766, stack(0x00007f810fb53000,0x00007f810fc54000)]
  0x0000000000e4f000 JavaThread "Signal Dispatcher" daemon [_thread_blocked, id=10765, stack(0x00007f810fe59000,0x00007f810ff5a000)]
  0x0000000000e31000 JavaThread "Finalizer" daemon [_thread_blocked, id=10764, stack(0x00007f810ff5a000,0x00007f811005b000)]
  0x0000000000e29800 JavaThread "Reference Handler" daemon [_thread_blocked, id=10763, stack(0x00007f811005b000,0x00007f811015c000)]

Other Threads:
  0x0000000000e25000 VMThread [stack: 0x00007f811015c000,0x00007f811025d000] [id=10762]
  0x00007f8108006000 WatcherThread [stack: 0x00007f810f64e000,0x00007f810f74f000] [id=10771]

VM state:not at safepoint (normal execution)

VM Mutex/Monitor currently owned by a thread: None

Heap
 PSYoungGen      total 145472K, used 22019K [0x00007f8145370000, 0x00007f8157160000, 0x00007f8159cc0000)
  eden space 143872K, 14% used [0x00007f8145370000,0x00007f8146763ed0,0x00007f814dff0000)
  from space 1600K, 99% used [0x00007f8156fd0000,0x00007f815715d0c0,0x00007f8157160000)
  to   space 10432K, 0% used [0x00007f8155d00000,0x00007f8155d00000,0x00007f8156730000)
 PSOldGen        total 42176K, used 27302K [0x00007f811c0c0000, 0x00007f811e9f0000, 0x00007f8145370000)
  object space 42176K, 64% used [0x00007f811c0c0000,0x00007f811db698a8,0x00007f811e9f0000)
 PSPermGen       total 50048K, used 49884K [0x00007f81118c0000, 0x00007f81149a0000, 0x00007f811c0c0000)
  object space 50048K, 99% used [0x00007f81118c0000,0x00007f8114977188,0x00007f81149a0000)

Dynamic libraries:
00400000-00409000 r-xp 00000000 08:01 18615065                           /usr/lib/jvm/java-6-openjdk/jre/bin/java
00608000-00609000 r--p 00008000 08:01 18615065                           /usr/lib/jvm/java-6-openjdk/jre/bin/java
00609000-0060a000 rw-p 00009000 08:01 18615065                           /usr/lib/jvm/java-6-openjdk/jre/bin/java
00da3000-0452b000 rw-p 00000000 00:00 0                                  [heap]
7f8106f73000-7f8106f7d000 r-xp 00000000 08:01 18613499                   /usr/lib/jvm/java-6-openjdk/jre/lib/amd64/libjpeg.so
7f8106f7d000-7f810717c000 ---p 0000a000 08:01 18613499                   /usr/lib/jvm/java-6-openjdk/jre/lib/amd64/libjpeg.so
7f810717c000-7f810717d000 r--p 00009000 08:01 18613499                   /usr/lib/jvm/java-6-openjdk/jre/lib/amd64/libjpeg.so
7f810717d000-7f810717e000 rw-p 0000a000 08:01 18613499                   /usr/lib/jvm/java-6-openjdk/jre/lib/amd64/libjpeg.so
7f810717e000-7f81071b0000 r-xp 00000000 08:01 18613948                   /usr/lib/jvm/java-6-openjdk/jre/lib/amd64/liblcms.so
7f81071b0000-7f81073af000 ---p 00032000 08:01 18613948                   /usr/lib/jvm/java-6-openjdk/jre/lib/amd64/liblcms.so
7f81073af000-7f81073b0000 r--p 00031000 08:01 18613948                   /usr/lib/jvm/java-6-openjdk/jre/lib/amd64/liblcms.so
7f81073b0000-7f81073b1000 rw-p 00032000 08:01 18613948                   /usr/lib/jvm/java-6-openjdk/jre/lib/amd64/liblcms.so
7f81073b1000-7f81073b3000 rw-p 00000000 00:00 0 
7f81073b3000-7f81073b6000 ---p 00000000 00:00 0 
7f81073b6000-7f81074b4000 rw-p 00000000 00:00 0 
7f81074b4000-7f81074b7000 ---p 00000000 00:00 0 
7f81074b7000-7f81075b5000 rw-p 00000000 00:00 0 
7f81075b5000-7f81075b8000 ---p 00000000 00:00 0 
7f81075b8000-7f81076b6000 rw-p 00000000 00:00 0 
7f81076b6000-7f81076bb000 r-xp 00000000 08:01 18090805                   /usr/lib/libXfixes.so.3.1.0
7f81076bb000-7f81078ba000 ---p 00005000 08:01 18090805                   /usr/lib/libXfixes.so.3.1.0
7f81078ba000-7f81078bb000 r--p 00004000 08:01 18090805                   /usr/lib/libXfixes.so.3.1.0
7f81078bb000-7f81078bc000 rw-p 00005000 08:01 18090805                   /usr/lib/libXfixes.so.3.1.0
7f81078bc000-7f81078c5000 r-xp 00000000 08:01 18090797                   /usr/lib/libXcursor.so.1.0.2
7f81078c5000-7f8107ac4000 ---p 00009000 08:01 18090797                   /usr/lib/libXcursor.so.1.0.2
7f8107ac4000-7f8107ac5000 r--p 00008000 08:01 18090797                   /usr/lib/libXcursor.so.1.0.2
7f8107ac5000-7f8107ac6000 rw-p 00009000 08:01 18090797                   /usr/lib/libXcursor.so.1.0.2
7f8108000000-7f810baa9000 rw-p 00000000 00:00 0 
7f810baa9000-7f810c000000 ---p 00000000 00:00 0 
7f810c2bf000-7f810c2c0000 r--s 00000000 08:01 2883649                    /var/cache/fontconfig/c05880de57d1f5e948fdfacc138775d9-le64.cache-3
7f810c2c0000-7f810c2c9000 r--s 00000000 08:01 2883646                    /var/cache/fontconfig/945677eb7aeaf62f1d50efc3fb3ec7d8-le64.cache-3
7f810c2c9000-7f810c2cb000 r--s 00000000 08:01 2883647                    /var/cache/fontconfig/99e8ed0e538f840c565b6ed5dad60d56-le64.cache-3
7f810c2cb000-7f810c2ce000 r--s 00000000 08:01 2883656                    /var/cache/fontconfig/e383d7ea5fbe662a33d9b44caf393297-le64.cache-3
7f810c2ce000-7f810c2cf000 r--s 00000000 08:01 2883657                    /var/cache/fontconfig/e7071f4a29fa870f4323321c154eba04-le64.cache-3
7f810c2cf000-7f810c2d2000 r--s 00000000 08:01 2891611                    /var/cache/fontconfig/b5ea634b0fb353b8ea17632d1f9ef766-le64.cache-3
7f810c2d2000-7f810c2d6000 r--s 00000000 08:01 2883643                    /var/cache/fontconfig/6eb3985aa4124903f6ff08ba781cd364-le64.cache-3
7f810c2d6000-7f810c2dc000 r--s 00000000 08:01 2883648                    /var/cache/fontconfig/a755afe4a08bf5b97852ceb7400b47bc-le64.cache-3
7f810c2dc000-7f810c2e5000 r--s 00000000 08:01 2891862                    /var/cache/fontconfig/6d41288fd70b0be22e8c3a91e032eec0-le64.cache-3
7f810c2e5000-7f810c2f5000 r--s 00000000 08:01 2883634                    /var/cache/fontconfig/0f34bcd4b6ee430af32735b75db7f02b-le64.cache-3
7f810c2f5000-7f810c2f8000 r--s 00000000 08:01 2883653                    /var/cache/fontconfig/d60319d88cac85ba9e1a07bd06cfbb8c-le64.cache-3
7f810c2fb000-7f810c2fc000 r--p 00000000 00:00 0 
7f810c756000-7f810c757000 r--s 00000000 08:01 2883639                    /var/cache/fontconfig/4c73fe0c47614734b17d736dbde7580a-le64.cache-3
7f810c757000-7f810c761000 r--s 00000000 08:01 2883652                    /var/cache/fontconfig/d52a8644073d54c13679302ca1180695-le64.cache-3
7f810c761000-7f810c774000 r--s 00000000 08:01 2891445                    /var/cache/fontconfig/e13b20fdb08344e0e664864cc2ede53d-le64.cache-3
7f810c774000-7f810c778000 r--s 00000000 08:01 2893045                    /var/cache/fontconfig/7ef2298fde41cc6eeb7af42e48b7d293-le64.cache-3
7f810c778000-7f810c77b000 ---p 00000000 00:00 0 
7f810c77b000-7f810c879000 rw-p 00000000 00:00 0 
7f810c879000-7f810c88f000 r-xp 00000000 08:01 29622351                   /lib/libgcc_s.so.1
7f810c88f000-7f810ca8e000 ---p 00016000 08:01 29622351                   /lib/libgcc_s.so.1
7f810ca8e000-7f810ca8f000 r--p 00015000 08:01 29622351                   /lib/libgcc_s.so.1
7f810ca8f000-7f810ca90000 rw-p 00016000 08:01 29622351                   /lib/libgcc_s.so.1
7f810ca90000-7f810cb10000 r-xp 00000000 08:01 18089136                   /usr/lib/libfreetype.so.6.3.22
7f810cb10000-7f810cd10000 ---p 00080000 08:01 18089136                   /usr/lib/libfreetype.so.6.3.22
7f810cd10000-7f810cd15000 r--p 00080000 08:01 18089136                   /usr/lib/libfreetype.so.6.3.22
7f810cd15000-7f810cd16000 rw-p 00085000 08:01 18089136                   /usr/lib/libfreetype.so.6.3.22
7f810cd16000-7f810cd5d000 r-xp 00000000 08:01 18612555                   /usr/lib/jvm/java-6-openjdk/jre/lib/amd64/libfontmanager.so
7f810cd5d000-7f810cf5c000 ---p 00047000 08:01 18612555                   /usr/lib/jvm/java-6-openjdk/jre/lib/amd64/libfontmanager.so
7f810cf5c000-7f810cf5f000 r--p 00046000 08:01 18612555                   /usr/lib/jvm/java-6-openjdk/jre/lib/amd64/libfontmanager.so
7f810cf5f000-7f810cf60000 rw-p 00049000 08:01 18612555                   /usr/lib/jvm/java-6-openjdk/jre/lib/amd64/libfontmanager.so
7f810cf60000-7f810cf72000 rw-p 00000000 00:00 0 
7f810cf72000-7f810cf77000 r-xp 00000000 08:01 18090801                   /usr/lib/libXdmcp.so.6.0.0
7f810cf77000-7f810d176000 ---p 00005000 08:01 18090801                   /usr/lib/libXdmcp.so.6.0.0
7f810d176000-7f810d177000 r--p 00004000 08:01 18090801                   /usr/lib/libXdmcp.so.6.0.0
7f810d177000-7f810d178000 rw-p 00005000 08:01 18090801                   /usr/lib/libXdmcp.so.6.0.0
7f810d178000-7f810d17a000 r-xp 00000000 08:01 18090790                   /usr/lib/libXau.so.6.0.0
7f810d17a000-7f810d37a000 ---p 00002000 08:01 18090790                   /usr/lib/libXau.so.6.0.0
7f810d37a000-7f810d37b000 r--p 00002000 08:01 18090790                   /usr/lib/libXau.so.6.0.0
7f810d37b000-7f810d37c000 rw-p 00003000 08:01 18090790                   /usr/lib/libXau.so.6.0.0
7f810d37c000-7f810d397000 r-xp 00000000 08:01 18091796                   /usr/lib/libxcb.so.1.1.0
7f810d397000-7f810d596000 ---p 0001b000 08:01 18091796                   /usr/lib/libxcb.so.1.1.0
7f810d596000-7f810d597000 r--p 0001a000 08:01 18091796                   /usr/lib/libxcb.so.1.1.0
7f810d597000-7f810d598000 rw-p 0001b000 08:01 18091796                   /usr/lib/libxcb.so.1.1.0
7f810d598000-7f810d5a7000 r-xp 00000000 08:01 18090811                   /usr/lib/libXi.so.6.1.0
7f810d5a7000-7f810d7a6000 ---p 0000f000 08:01 18090811                   /usr/lib/libXi.so.6.1.0
7f810d7a6000-7f810d7a7000 r--p 0000e000 08:01 18090811                   /usr/lib/libXi.so.6.1.0
7f810d7a7000-7f810d7a8000 rw-p 0000f000 08:01 18090811                   /usr/lib/libXi.so.6.1.0
7f810d7a8000-7f810d7ad000 r-xp 00000000 08:01 18090831                   /usr/lib/libXtst.so.6.1.0
7f810d7ad000-7f810d9ad000 ---p 00005000 08:01 18090831                   /usr/lib/libXtst.so.6.1.0
7f810d9ad000-7f810d9ae000 r--p 00005000 08:01 18090831                   /usr/lib/libXtst.so.6.1.0
7f810d9ae000-7f810d9af000 rw-p 00006000 08:01 18090831                   /usr/lib/libXtst.so.6.1.0
7f810d9af000-7f810d9b8000 r-xp 00000000 08:01 18090825                   /usr/lib/libXrender.so.1.3.0
7f810d9b8000-7f810dbb7000 ---p 00009000 08:01 18090825                   /usr/lib/libXrender.so.1.3.0
7f810dbb7000-7f810dbb8000 r--p 00008000 08:01 18090825                   /usr/lib/libXrender.so.1.3.0
7f810dbb8000-7f810dbb9000 rw-p 00009000 08:01 18090825                   /usr/lib/libXrender.so.1.3.0
7f810dbb9000-7f810dcea000 r-xp 00000000 08:01 18090786                   /usr/lib/libX11.so.6.3.0
7f810dcea000-7f810deea000 ---p 00131000 08:01 18090786                   /usr/lib/libX11.so.6.3.0
7f810deea000-7f810deeb000 r--p 00131000 08:01 18090786                   /usr/lib/libX11.so.6.3.0
7f810deeb000-7f810deef000 rw-p 00132000 08:01 18090786                   /usr/lib/libX11.so.6.3.0
7f810deef000-7f810df00000 r-xp 00000000 08:01 18090803                   /usr/lib/libXext.so.6.4.0
7f810df00000-7f810e0ff000 ---p 00011000 08:01 18090803                   /usr/lib/libXext.so.6.4.0
7f810e0ff000-7f810e100000 r--p 00010000 08:01 18090803                   /usr/lib/libXext.so.6.4.0
7f810e100000-7f810e101000 rw-p 00011000 08:01 18090803                   /usr/lib/libXext.so.6.4.0
7f810e101000-7f810e14d000 r-xp 00000000 08:01 18613535                   /usr/lib/jvm/java-6-openjdk/jre/lib/amd64/xawt/libmawt.so
7f810e14d000-7f810e34d000 ---p 0004c000 08:01 18613535                   /usr/lib/jvm/java-6-openjdk/jre/lib/amd64/xawt/libmawt.so
7f810e34d000-7f810e34e000 r--p 0004c000 08:01 18613535                   /usr/lib/jvm/java-6-openjdk/jre/lib/amd64/xawt/libmawt.so
7f810e34e000-7f810e351000 rw-p 0004d000 08:01 18613535                   /usr/lib/jvm/java-6-openjdk/jre/lib/amd64/xawt/libmawt.so
7f810e351000-7f810e352000 rw-p 00000000 00:00 0 
7f810e352000-7f810e3f4000 r-xp 00000000 08:01 18612465                   /usr/lib/jvm/java-6-openjdk/jre/lib/amd64/libawt.so
7f810e3f4000-7f810e5f3000 ---p 000a2000 08:01 18612465                   /usr/lib/jvm/java-6-openjdk/jre/lib/amd64/libawt.so
7f810e5f3000-7f810e5f4000 r--p 000a1000 08:01 18612465                   /usr/lib/jvm/java-6-openjdk/jre/lib/amd64/libawt.so
7f810e5f4000-7f810e5ff000 rw-p 000a2000 08:01 18612465                   /usr/lib/jvm/java-6-openjdk/jre/lib/amd64/libawt.so
7f810e5ff000-7f810e624000 rw-p 00000000 00:00 0 
7f810e624000-7f810e62b000 r-xp 00000000 08:01 18613949                   /usr/lib/jvm/java-6-openjdk/jre/lib/amd64/libmanagement.so
7f810e62b000-7f810e82a000 ---p 00007000 08:01 18613949                   /usr/lib/jvm/java-6-openjdk/jre/lib/amd64/libmanagement.so
7f810e82a000-7f810e82b000 r--p 00006000 08:01 18613949                   /usr/lib/jvm/java-6-openjdk/jre/lib/amd64/libmanagement.so
7f810e82b000-7f810e82c000 rw-p 00007000 08:01 18613949                   /usr/lib/jvm/java-6-openjdk/jre/lib/amd64/libmanagement.so
7f810e82c000-7f810e840000 r--s 00000000 08:01 2891444                    /var/cache/fontconfig/865f88548240fee46819705c6468c165-le64.cache-3
7f810e840000-7f810e841000 r--s 00000000 08:01 2883649                    /var/cache/fontconfig/c05880de57d1f5e948fdfacc138775d9-le64.cache-3
7f810e841000-7f810e84a000 r--s 00000000 08:01 2883646                    /var/cache/fontconfig/945677eb7aeaf62f1d50efc3fb3ec7d8-le64.cache-3
7f810e84a000-7f810e84c000 r--s 00000000 08:01 2883647                    /var/cache/fontconfig/99e8ed0e538f840c565b6ed5dad60d56-le64.cache-3
7f810e84c000-7f810e84f000 r--s 00000000 08:01 2883656                    /var/cache/fontconfig/e383d7ea5fbe662a33d9b44caf393297-le64.cache-3
7f810e84f000-7f810e850000 r--s 00000000 08:01 2883657                    /var/cache/fontconfig/e7071f4a29fa870f4323321c154eba04-le64.cache-3
7f810e850000-7f810e853000 r--s 00000000 08:01 2891611                    /var/cache/fontconfig/b5ea634b0fb353b8ea17632d1f9ef766-le64.cache-3
7f810e853000-7f810e857000 r--s 00000000 08:01 2883643                    /var/cache/fontconfig/6eb3985aa4124903f6ff08ba781cd364-le64.cache-3
7f810e857000-7f810e858000 r--s 00000000 08:01 2883639                    /var/cache/fontconfig/4c73fe0c47614734b17d736dbde7580a-le64.cache-3
7f810e858000-7f810e859000 r--s 00000000 08:01 2883633                    /var/cache/fontconfig/0d8c3b2ac0904cb8a57a757ad11a4a08-le64.cache-3
7f810e859000-7f810e85a000 r--s 00000000 08:01 2883641                    /var/cache/fontconfig/6a53c69dea097a2d716e069445527da8-le64.cache-3
7f810e85a000-7f810e860000 r--s 00000000 08:01 2883648                    /var/cache/fontconfig/a755afe4a08bf5b97852ceb7400b47bc-le64.cache-3
7f810e860000-7f810e869000 r--s 00000000 08:01 2891862                    /var/cache/fontconfig/6d41288fd70b0be22e8c3a91e032eec0-le64.cache-3
7f810e869000-7f810e879000 r--s 00000000 08:01 2883634                    /var/cache/fontconfig/0f34bcd4b6ee430af32735b75db7f02b-le64.cache-3
7f810e879000-7f810e87c000 r--s 00000000 08:01 2883653                    /var/cache/fontconfig/d60319d88cac85ba9e1a07bd06cfbb8c-le64.cache-3
7f810e87c000-7f810e87d000 r--s 00000000 08:01 2892747                    /var/cache/fontconfig/4794a0821666d79190d59a36cb4f44b5-le64.cache-3
7f810e87d000-7f810e887000 r--s 00000000 08:01 2883652                    /var/cache/fontconfig/d52a8644073d54c13679302ca1180695-le64.cache-3
7f810e887000-7f810e89a000 r--s 00000000 08:01 2891445                    /var/cache/fontconfig/e13b20fdb08344e0e664864cc2ede53d-le64.cache-3
7f810e89a000-7f810e89e000 r--s 00000000 08:01 2893045                    /var/cache/fontconfig/7ef2298fde41cc6eeb7af42e48b7d293-le64.cache-3
7f810e89e000-7f810e8b2000 r--s 00000000 08:01 2891444                    /var/cache/fontconfig/865f88548240fee46819705c6468c165-le64.cache-3
7f810e8b2000-7f810e8b5000 r--s 00031000 08:01 18612807                   /usr/lib/jvm/java-6-openjdk/jre/lib/ext/sunjce_provider.jar
7f810e8b5000-7f810e8b7000 r--s 00013000 08:01 18612823                   /usr/lib/jvm/java-6-openjdk/jre/lib/jce.jar
7f810e8b7000-7f810e8ba000 ---p 00000000 00:00 0 
7f810e8ba000-7f810e9b8000 rw-p 00000000 00:00 0 
7f810e9b8000-7f810e9bb000 ---p 00000000 00:00 0 
7f810e9bb000-7f810eab9000 rw-p 00000000 00:00 0 
7f810eab9000-7f810eabc000 ---p 00000000 00:00 0 
7f810eabc000-7f810ebba000 rw-p 00000000 00:00 0 
7f810ebba000-7f810ebbd000 ---p 00000000 00:00 0 
7f810ebbd000-7f810ecbb000 rw-p 00000000 00:00 0 
7f810ecbb000-7f810ecc2000 r--s 00102000 08:01 18612843                   /usr/lib/jvm/java-6-openjdk/jre/lib/resources.jar
7f810ecc2000-7f810ecc5000 ---p 00000000 00:00 0 
7f810ecc5000-7f810edc3000 rw-p 00000000 00:00 0 
7f810edc3000-7f810edc6000 ---p 00000000 00:00 0 
7f810edc6000-7f810eec4000 rw-p 00000000 00:00 0 
7f810eec4000-7f810eec7000 ---p 00000000 00:00 0 
7f810eec7000-7f810efc5000 rw-p 00000000 00:00 0 
7f810efc5000-7f810efc8000 ---p 00000000 00:00 0 
7f810efc8000-7f810f0c6000 rw-p 00000000 00:00 0 
7f810f0c6000-7f810f0ce000 r-xp 00000000 08:01 18613952                   /usr/lib/jvm/java-6-openjdk/jre/lib/amd64/libnio.so
7f810f0ce000-7f810f2cd000 ---p 00008000 08:01 18613952                   /usr/lib/jvm/java-6-openjdk/jre/lib/amd64/libnio.so
7f810f2cd000-7f810f2ce000 r--p 00007000 08:01 18613952                   /usr/lib/jvm/java-6-openjdk/jre/lib/amd64/libnio.so
7f810f2ce000-7f810f2cf000 rw-p 00008000 08:01 18613952                   /usr/lib/jvm/java-6-openjdk/jre/lib/amd64/libnio.so
7f810f2cf000-7f810f2e4000 r-xp 00000000 08:01 18613951                   /usr/lib/jvm/java-6-openjdk/jre/lib/amd64/libnet.so
7f810f2e4000-7f810f4e3000 ---p 00015000 08:01 18613951                   /usr/lib/jvm/java-6-openjdk/jre/lib/amd64/libnet.so
7f810f4e3000-7f810f4e4000 r--p 00014000 08:01 18613951                   /usr/lib/jvm/java-6-openjdk/jre/lib/amd64/libnet.so
7f810f4e4000-7f810f4e5000 rw-p 00015000 08:01 18613951                   /usr/lib/jvm/java-6-openjdk/jre/lib/amd64/libnet.so
7f810f4e5000-7f810f4e9000 r--s 0002f000 08:01 22941597                   /home/d3orn/play-1.0.3.2/framework/lib/commons-lang.jar
7f810f4e9000-7f810f4f1000 r--s 0008a000 08:01 22941614                   /home/d3orn/play-1.0.3.2/framework/lib/javassist.jar
7f810f4f1000-7f810f4f4000 r--s 00011000 08:01 22941603                   /home/d3orn/play-1.0.3.2/framework/lib/ezmorph-1.0.3.jar
7f810f4f4000-7f810f4f7000 r--s 00018000 08:01 22941596                   /home/d3orn/play-1.0.3.2/framework/lib/commons-io.jar
7f810f4f7000-7f810f4fa000 r--s 0000a000 08:01 22941602                   /home/d3orn/play-1.0.3.2/framework/lib/ejb3-persistence.jar
7f810f4fa000-7f810f4fd000 r--s 00022000 08:01 22941613                   /home/d3orn/play-1.0.3.2/framework/lib/jamon-2.7.jar
7f810f4fd000-7f810f503000 r--s 00049000 08:01 22941590                   /home/d3orn/play-1.0.3.2/framework/lib/cglib-nodep-2.2.jar
7f810f503000-7f810f506000 r--s 0001b000 08:01 22941608                   /home/d3orn/play-1.0.3.2/framework/lib/hibernate-entitymanager.jar
7f810f506000-7f810f508000 r--s 00017000 08:01 22941583                   /home/d3orn/play-1.0.3.2/framework/lib/WikiText.jar
7f810f508000-7f810f50a000 r--s 0000c000 08:01 22941585                   /home/d3orn/play-1.0.3.2/framework/lib/activation.jar
7f810f50a000-7f810f50f000 r--s 00040000 08:01 22941595                   /home/d3orn/play-1.0.3.2/framework/lib/commons-httpclient.jar
7f810f50f000-7f810f515000 r--s 00056000 08:01 22941610                   /home/d3orn/play-1.0.3.2/framework/lib/hibernate3-ast.jar
7f810f515000-7f810f564000 r--s 004b1000 08:01 22941604                   /home/d3orn/play-1.0.3.2/framework/lib/groovy-all-1.7.1.jar
7f810f564000-7f810f566000 r--s 00001000 08:01 22941618                   /home/d3orn/play-1.0.3.2/framework/lib/jsr107cache-1.0.jar
7f810f566000-7f810f568000 r--s 00011000 08:01 22941584                   /home/d3orn/play-1.0.3.2/framework/lib/ZDB.jar
7f810f568000-7f810f577000 r--s 00074000 08:01 22941616                   /home/d3orn/play-1.0.3.2/framework/lib/joda-time-1.6.jar
7f810f577000-7f810f579000 r--s 0000a000 08:01 22941592                   /home/d3orn/play-1.0.3.2/framework/lib/commons-codec.jar
7f810f579000-7f810f580000 r--s 00059000 08:01 22941621                   /home/d3orn/play-1.0.3.2/framework/lib/log4j-1.2.15.jar
7f810f580000-7f810f586000 r--s 00055000 08:01 22941624                   /home/d3orn/play-1.0.3.2/framework/lib/mail.jar
7f810f586000-7f810f592000 r--s 0014c000 08:01 22941599                   /home/d3orn/play-1.0.3.2/framework/lib/compiler-jdt.jar
7f810f592000-7f810f594000 r--s 00003000 08:01 22941632                   /home/d3orn/play-1.0.3.2/framework/lib/slf4j-api-1.5.0.jar
7f810f594000-7f810f5b8000 r--s 00473000 08:01 22941611                   /home/d3orn/play-1.0.3.2/framework/lib/hibernate3.jar
7f810f5b8000-7f810f5bc000 r--s 00020000 08:01 22941630                   /home/d3orn/play-1.0.3.2/framework/lib/play-imaging.jar
7f810f5bc000-7f810f5c1000 r--s 00023000 08:01 22941620                   /home/d3orn/play-1.0.3.2/framework/lib/junit-4.4.jar
7f810f5c1000-7f810f5c4000 r--s 0000f000 08:01 22941631                   /home/d3orn/play-1.0.3.2/framework/lib/provided-geronimo-servlet_2.5_spec-1.2.jar
7f810f5c4000-7f810f5d0000 r--s 00097000 08:01 22941623                   /home/d3orn/play-1.0.3.2/framework/lib/lucene-core-2.3.1.jar
7f810f5d0000-7f810f5d3000 r--s 0000e000 08:01 22941607                   /home/d3orn/play-1.0.3.2/framework/lib/hibernate-commons-annotations.jar
7f810f5d3000-7f810f5d8000 r--s 00037000 08:01 22941625                   /home/d3orn/play-1.0.3.2/framework/lib/memcached-2.4.2.jar
7f810f5d8000-7f810f5de000 r--s 0002c000 08:01 22941582                   /home/d3orn/play-1.0.3.2/framework/lib/SnakeYAML-1.2.jar
7f810f5de000-7f810f5eb000 r--s 0007c000 08:01 22941593                   /home/d3orn/play-1.0.3.2/framework/lib/commons-collections-3.1.jar
7f810f5eb000-7f810f5f1000 r--s 00041000 08:01 22941628                   /home/d3orn/play-1.0.3.2/framework/lib/oval-1.31.jar
7f810f5f1000-7f810f5f6000 r--s 00040000 08:01 22941606                   /home/d3orn/play-1.0.3.2/framework/lib/hibernate-annotations.jar
7f810f5f6000-7f810f5fe000 r--s 000a3000 08:01 22941612                   /home/d3orn/play-1.0.3.2/framework/lib/hsqldb.jar
7f810f5fe000-7f810f604000 r--s 00067000 08:01 22941586                   /home/d3orn/play-1.0.3.2/framework/lib/antlr-2.7.6.jar
7f810f604000-7f810f60a000 r--s 00032000 08:01 22941615                   /home/d3orn/play-1.0.3.2/framework/lib/jaxen-1.1.jar
7f810f60a000-7f810f610000 r--s 00024000 08:01 22941587                   /home/d3orn/play-1.0.3.2/framework/lib/asyncweb-common-0.9.0-SNAPSHOT.jar
7f810f610000-7f810f612000 r--s 00015000 08:01 22941617                   /home/d3orn/play-1.0.3.2/framework/lib/jregex1.2_01.jar
7f810f612000-7f810f61d000 r--s 00071000 08:01 22941626                   /home/d3orn/play-1.0.3.2/framework/lib/mina-core-2.0.0-M2-SNAPSHOT.jar
7f810f61d000-7f810f624000 r--s 000aa000 08:01 22941627                   /home/d3orn/play-1.0.3.2/framework/lib/mysql-connector-java-5.1.8-bin.jar
7f810f624000-7f810f629000 r--s 00048000 08:01 22941600                   /home/d3orn/play-1.0.3.2/framework/lib/dom4j-1.6.1.jar
7f810f629000-7f810f62e000 r--s 0002a000 08:01 22941591                   /home/d3orn/play-1.0.3.2/framework/lib/commons-beanutils.jar
7f810f62e000-7f810f633000 r--s 0003c000 08:01 22941601                   /home/d3orn/play-1.0.3.2/framework/lib/ehcache-1.5.0.jar
7f810f633000-7f810f635000 r--s 00001000 08:01 22941619                   /home/d3orn/play-1.0.3.2/framework/lib/jta.jar
7f810f635000-7f810f637000 r--s 0000b000 08:01 22941594                   /home/d3orn/play-1.0.3.2/framework/lib/commons-fileupload-1.2.jar
7f810f637000-7f810f640000 r--s 00048000 08:01 22941588                   /home/d3orn/play-1.0.3.2/framework/lib/backport-util-concurrent-3.0.jar
7f810f640000-7f810f644000 r--s 00023000 08:01 22941605                   /home/d3orn/play-1.0.3.2/framework/lib/gson-1.3.jar
7f810f644000-7f810f645000 r--s 00015000 08:01 22941629                   /home/d3orn/play-1.0.3.2/framework/lib/play-SimpleCaptcha.jar
7f810f645000-7f810f647000 r--s 00012000 08:01 22941622                   /home/d3orn/play-1.0.3.2/framework/lib/lucene-analyzers-2.3.1.jar
7f810f647000-7f810f64e000 r--s 00038000 08:01 22941634                   /home/d3orn/play-1.0.3.2/framework/lib/wikitext.core_1.1.1.jar
7f810f64e000-7f810f64f000 ---p 00000000 00:00 0 
7f810f64f000-7f810f74f000 rw-p 00000000 00:00 0 
7f810f74f000-7f810f752000 ---p 00000000 00:00 0 
7f810f752000-7f810f850000 rw-p 00000000 00:00 0 
7f810f850000-7f810f853000 ---p 00000000 00:00 0 
7f810f853000-7f810f951000 rw-p 00000000 00:00 0 
7f810f951000-7f810f954000 ---p 00000000 00:00 0 
7f810f954000-7f810fa52000 rw-p 00000000 00:00 0 
7f810fa52000-7f810fa55000 ---p 00000000 00:00 0 
7f810fa55000-7f810fb53000 rw-p 00000000 00:00 0 
7f810fb53000-7f810fb56000 ---p 00000000 00:00 0 
7f810fb56000-7f810fc54000 rw-p 00000000 00:00 0 
7f810fc54000-7f810fc58000 r-xp 00000000 08:01 18612475                   /usr/lib/jvm/java-6-openjdk/jre/lib/amd64/libdt_socket.so
7f810fc58000-7f810fe57000 ---p 00004000 08:01 18612475                   /usr/lib/jvm/java-6-openjdk/jre/lib/amd64/libdt_socket.so
7f810fe57000-7f810fe58000 r--p 00003000 08:01 18612475                   /usr/lib/jvm/java-6-openjdk/jre/lib/amd64/libdt_socket.so
7f810fe58000-7f810fe59000 rw-p 00004000 08:01 18612475                   /usr/lib/jvm/java-6-openjdk/jre/lib/amd64/libdt_socket.so
7f810fe59000-7f810fe5c000 ---p 00000000 00:00 0 
7f810fe5c000-7f810ff5a000 rw-p 00000000 00:00 0 
7f810ff5a000-7f810ff5d000 ---p 00000000 00:00 0 
7f810ff5d000-7f811005b000 rw-p 00000000 00:00 0 
7f811005b000-7f811005e000 ---p 00000000 00:00 0 
7f811005e000-7f811015c000 rw-p 00000000 00:00 0 
7f811015c000-7f811015d000 ---p 00000000 00:00 0 
7f811015d000-7f8110b99000 rw-p 00000000 00:00 0 
7f8110b99000-7f8110d2b000 r--s 03916000 08:01 18612322                   /usr/lib/jvm/java-6-openjdk/jre/lib/rt.jar
7f8110d2b000-7f8110d2c000 ---p 00000000 00:00 0 
7f8110d2c000-7f8110e2c000 rw-p 00000000 00:00 0 
7f8110e2c000-7f8110e2d000 ---p 00000000 00:00 0 
7f8110e2d000-7f8110f2d000 rw-p 00000000 00:00 0 
7f8110f2d000-7f8110f2e000 ---p 00000000 00:00 0 
7f8110f2e000-7f811102e000 rw-p 00000000 00:00 0 
7f811102e000-7f811102f000 ---p 00000000 00:00 0 
7f811102f000-7f811112f000 rw-p 00000000 00:00 0 
7f811112f000-7f8111130000 ---p 00000000 00:00 0 
7f8111130000-7f8111230000 rw-p 00000000 00:00 0 
7f8111230000-7f8111231000 ---p 00000000 00:00 0 
7f8111231000-7f8111331000 rw-p 00000000 00:00 0 
7f8111331000-7f8111332000 ---p 00000000 00:00 0 
7f8111332000-7f8111432000 rw-p 00000000 00:00 0 
7f8111432000-7f8111433000 ---p 00000000 00:00 0 
7f8111433000-7f8111548000 rw-p 00000000 00:00 0 
7f8111548000-7f811167d000 rw-p 00000000 00:00 0 
7f811167d000-7f8111696000 rw-p 00000000 00:00 0 
7f8111696000-7f81116d1000 rw-p 00000000 00:00 0 
7f81116d1000-7f81116e6000 rw-p 00000000 00:00 0 
7f81116e6000-7f811181a000 rw-p 00000000 00:00 0 
7f811181a000-7f81118aa000 rw-p 00000000 00:00 0 
7f81118aa000-7f81118bf000 ---p 00000000 00:00 0 
7f81118bf000-7f81149a0000 rw-p 00000000 00:00 0 
7f81149a0000-7f811c0c0000 rw-p 00000000 00:00 0 
7f811c0c0000-7f811e9f0000 rw-p 00000000 00:00 0 
7f811e9f0000-7f8145370000 rw-p 00000000 00:00 0 
7f8145370000-7f8157160000 rw-p 00000000 00:00 0 
7f8157160000-7f8159cc0000 ---p 00000000 00:00 0 
7f8159cc0000-7f8159cc1000 r--s 00000000 08:01 2883633                    /var/cache/fontconfig/0d8c3b2ac0904cb8a57a757ad11a4a08-le64.cache-3
7f8159cc1000-7f8159ccc000 r--s 0008a000 08:01 22941589                   /home/d3orn/play-1.0.3.2/framework/lib/c3p0-0.9.1.jar
7f8159ccc000-7f8159ce2000 rw-p 00000000 00:00 0 
7f8159ce2000-7f8159d8c000 rw-p 00000000 00:00 0 
7f8159d8c000-7f815a30c000 rwxp 00000000 00:00 0 
7f815a30c000-7f815cd8c000 rw-p 00000000 00:00 0 
7f815cd8c000-7f815cd93000 r-xp 00000000 08:01 18613958                   /usr/lib/jvm/java-6-openjdk/jre/lib/amd64/libzip.so
7f815cd93000-7f815cf92000 ---p 00007000 08:01 18613958                   /usr/lib/jvm/java-6-openjdk/jre/lib/amd64/libzip.so
7f815cf92000-7f815cf93000 r--p 00006000 08:01 18613958                   /usr/lib/jvm/java-6-openjdk/jre/lib/amd64/libzip.so
7f815cf93000-7f815cf94000 rw-p 00007000 08:01 18613958                   /usr/lib/jvm/java-6-openjdk/jre/lib/amd64/libzip.so
7f815cf94000-7f815cfa0000 r-xp 00000000 08:01 29622883                   /lib/libnss_files-2.11.1.so
7f815cfa0000-7f815d19f000 ---p 0000c000 08:01 29622883                   /lib/libnss_files-2.11.1.so
7f815d19f000-7f815d1a0000 r--p 0000b000 08:01 29622883                   /lib/libnss_files-2.11.1.so
7f815d1a0000-7f815d1a1000 rw-p 0000c000 08:01 29622883                   /lib/libnss_files-2.11.1.so
7f815d1a1000-7f815d1ab000 r-xp 00000000 08:01 29622873                   /lib/libnss_nis-2.11.1.so
7f815d1ab000-7f815d3aa000 ---p 0000a000 08:01 29622873                   /lib/libnss_nis-2.11.1.so
7f815d3aa000-7f815d3ab000 r--p 00009000 08:01 29622873                   /lib/libnss_nis-2.11.1.so
7f815d3ab000-7f815d3ac000 rw-p 0000a000 08:01 29622873                   /lib/libnss_nis-2.11.1.so
7f815d3ac000-7f815d3b4000 r-xp 00000000 08:01 29622872                   /lib/libnss_compat-2.11.1.so
7f815d3b4000-7f815d5b3000 ---p 00008000 08:01 29622872                   /lib/libnss_compat-2.11.1.so
7f815d5b3000-7f815d5b4000 r--p 00007000 08:01 29622872                   /lib/libnss_compat-2.11.1.so
7f815d5b4000-7f815d5b5000 rw-p 00008000 08:01 29622872                   /lib/libnss_compat-2.11.1.so
7f815d5b5000-7f815d6d3000 r--p 00000000 08:01 18095795                   /usr/lib/locale/en_US.utf8/LC_COLLATE
7f815d6d3000-7f815d6d6000 r-xp 00000000 08:01 18613953                   /usr/lib/jvm/java-6-openjdk/jre/lib/amd64/libnpt.so
7f815d6d6000-7f815d8d5000 ---p 00003000 08:01 18613953                   /usr/lib/jvm/java-6-openjdk/jre/lib/amd64/libnpt.so
7f815d8d5000-7f815d8d6000 r--p 00002000 08:01 18613953                   /usr/lib/jvm/java-6-openjdk/jre/lib/amd64/libnpt.so
7f815d8d6000-7f815d8d7000 rw-p 00003000 08:01 18613953                   /usr/lib/jvm/java-6-openjdk/jre/lib/amd64/libnpt.so
7f815d8d7000-7f815d8e0000 r-xp 00000000 08:01 18612584                   /usr/lib/jvm/java-6-openjdk/jre/lib/amd64/libinstrument.so
7f815d8e0000-7f815dae0000 ---p 00009000 08:01 18612584                   /usr/lib/jvm/java-6-openjdk/jre/lib/amd64/libinstrument.so
7f815dae0000-7f815dae1000 r--p 00009000 08:01 18612584                   /usr/lib/jvm/java-6-openjdk/jre/lib/amd64/libinstrument.so
7f815dae1000-7f815dae2000 rw-p 0000a000 08:01 18612584                   /usr/lib/jvm/java-6-openjdk/jre/lib/amd64/libinstrument.so
7f815dae2000-7f815db1b000 r-xp 00000000 08:01 18613498                   /usr/lib/jvm/java-6-openjdk/jre/lib/amd64/libjdwp.so
7f815db1b000-7f815dd1a000 ---p 00039000 08:01 18613498                   /usr/lib/jvm/java-6-openjdk/jre/lib/amd64/libjdwp.so
7f815dd1a000-7f815dd1b000 r--p 00038000 08:01 18613498                   /usr/lib/jvm/java-6-openjdk/jre/lib/amd64/libjdwp.so
7f815dd1b000-7f815dd1c000 rw-p 00039000 08:01 18613498                   /usr/lib/jvm/java-6-openjdk/jre/lib/amd64/libjdwp.so
7f815dd1c000-7f815dd24000 r-xp 00000000 08:01 18613959                   /usr/lib/jvm/java-6-openjdk/jre/lib/amd64/native_threads/libhpi.so
7f815dd24000-7f815df23000 ---p 00008000 08:01 18613959                   /usr/lib/jvm/java-6-openjdk/jre/lib/amd64/native_threads/libhpi.so
7f815df23000-7f815df24000 r--p 00007000 08:01 18613959                   /usr/lib/jvm/java-6-openjdk/jre/lib/amd64/native_threads/libhpi.so
7f815df24000-7f815df25000 rw-p 00008000 08:01 18613959                   /usr/lib/jvm/java-6-openjdk/jre/lib/amd64/native_threads/libhpi.so
7f815df25000-7f815df3c000 r-xp 00000000 08:01 29622442                   /lib/libnsl-2.11.1.so
7f815df3c000-7f815e13b000 ---p 00017000 08:01 29622442                   /lib/libnsl-2.11.1.so
7f815e13b000-7f815e13c000 r--p 00016000 08:01 29622442                   /lib/libnsl-2.11.1.so
7f815e13c000-7f815e13d000 rw-p 00017000 08:01 29622442                   /lib/libnsl-2.11.1.so
7f815e13d000-7f815e13f000 rw-p 00000000 00:00 0 
7f815e13f000-7f815e16c000 r-xp 00000000 08:01 18613494                   /usr/lib/jvm/java-6-openjdk/jre/lib/amd64/libjava.so
7f815e16c000-7f815e36b000 ---p 0002d000 08:01 18613494                   /usr/lib/jvm/java-6-openjdk/jre/lib/amd64/libjava.so
7f815e36b000-7f815e36c000 r--p 0002c000 08:01 18613494                   /usr/lib/jvm/java-6-openjdk/jre/lib/amd64/libjava.so
7f815e36c000-7f815e36f000 rw-p 0002d000 08:01 18613494                   /usr/lib/jvm/java-6-openjdk/jre/lib/amd64/libjava.so
7f815e36f000-7f815e37e000 r-xp 00000000 08:01 18613957                   /usr/lib/jvm/java-6-openjdk/jre/lib/amd64/libverify.so
7f815e37e000-7f815e57d000 ---p 0000f000 08:01 18613957                   /usr/lib/jvm/java-6-openjdk/jre/lib/amd64/libverify.so
7f815e57d000-7f815e57f000 r--p 0000e000 08:01 18613957                   /usr/lib/jvm/java-6-openjdk/jre/lib/amd64/libverify.so
7f815e57f000-7f815e580000 rw-p 00010000 08:01 18613957                   /usr/lib/jvm/java-6-openjdk/jre/lib/amd64/libverify.so
7f815e580000-7f815e587000 r-xp 00000000 08:01 29622868                   /lib/librt-2.11.1.so
7f815e587000-7f815e786000 ---p 00007000 08:01 29622868                   /lib/librt-2.11.1.so
7f815e786000-7f815e787000 r--p 00006000 08:01 29622868                   /lib/librt-2.11.1.so
7f815e787000-7f815e788000 rw-p 00007000 08:01 29622868                   /lib/librt-2.11.1.so
7f815e788000-7f815e80a000 r-xp 00000000 08:01 29622432                   /lib/libm-2.11.1.so
7f815e80a000-7f815ea09000 ---p 00082000 08:01 29622432                   /lib/libm-2.11.1.so
7f815ea09000-7f815ea0a000 r--p 00081000 08:01 29622432                   /lib/libm-2.11.1.so
7f815ea0a000-7f815ea0b000 rw-p 00082000 08:01 29622432                   /lib/libm-2.11.1.so
7f815ea0b000-7f815f226000 r-xp 00000000 08:01 18613961                   /usr/lib/jvm/java-6-openjdk/jre/lib/amd64/server/libjvm.so
7f815f226000-7f815f425000 ---p 0081b000 08:01 18613961                   /usr/lib/jvm/java-6-openjdk/jre/lib/amd64/server/libjvm.so
7f815f425000-7f815f499000 r--p 0081a000 08:01 18613961                   /usr/lib/jvm/java-6-openjdk/jre/lib/amd64/server/libjvm.so
7f815f499000-7f815f4b3000 rw-p 0088e000 08:01 18613961                   /usr/lib/jvm/java-6-openjdk/jre/lib/amd64/server/libjvm.so
7f815f4b3000-7f815f4ec000 rw-p 00000000 00:00 0 
7f815f4ec000-7f815f666000 r-xp 00000000 08:01 29622880                   /lib/libc-2.11.1.so
7f815f666000-7f815f865000 ---p 0017a000 08:01 29622880                   /lib/libc-2.11.1.so
7f815f865000-7f815f869000 r--p 00179000 08:01 29622880                   /lib/libc-2.11.1.so
7f815f869000-7f815f86a000 rw-p 0017d000 08:01 29622880                   /lib/libc-2.11.1.so
7f815f86a000-7f815f86f000 rw-p 00000000 00:00 0 
7f815f86f000-7f815f871000 r-xp 00000000 08:01 29622884                   /lib/libdl-2.11.1.so
7f815f871000-7f815fa71000 ---p 00002000 08:01 29622884                   /lib/libdl-2.11.1.so
7f815fa71000-7f815fa72000 r--p 00002000 08:01 29622884                   /lib/libdl-2.11.1.so
7f815fa72000-7f815fa73000 rw-p 00003000 08:01 29622884                   /lib/libdl-2.11.1.so
7f815fa73000-7f815fa77000 r-xp 00000000 08:01 18612351                   /usr/lib/jvm/java-6-openjdk/jre/lib/amd64/jli/libjli.so
7f815fa77000-7f815fc76000 ---p 00004000 08:01 18612351                   /usr/lib/jvm/java-6-openjdk/jre/lib/amd64/jli/libjli.so
7f815fc76000-7f815fc77000 r--p 00003000 08:01 18612351                   /usr/lib/jvm/java-6-openjdk/jre/lib/amd64/jli/libjli.so
7f815fc77000-7f815fc78000 rw-p 00004000 08:01 18612351                   /usr/lib/jvm/java-6-openjdk/jre/lib/amd64/jli/libjli.so
7f815fc78000-7f815fc90000 r-xp 00000000 08:01 29622878                   /lib/libpthread-2.11.1.so
7f815fc90000-7f815fe8f000 ---p 00018000 08:01 29622878                   /lib/libpthread-2.11.1.so
7f815fe8f000-7f815fe90000 r--p 00017000 08:01 29622878                   /lib/libpthread-2.11.1.so
7f815fe90000-7f815fe91000 rw-p 00018000 08:01 29622878                   /lib/libpthread-2.11.1.so
7f815fe91000-7f815fe95000 rw-p 00000000 00:00 0 
7f815fe95000-7f815feab000 r-xp 00000000 08:01 29622466                   /lib/libz.so.1.2.3.3
7f815feab000-7f81600aa000 ---p 00016000 08:01 29622466                   /lib/libz.so.1.2.3.3
7f81600aa000-7f81600ab000 r--p 00015000 08:01 29622466                   /lib/libz.so.1.2.3.3
7f81600ab000-7f81600ac000 rw-p 00016000 08:01 29622466                   /lib/libz.so.1.2.3.3
7f81600ac000-7f81600cc000 r-xp 00000000 08:01 29622863                   /lib/ld-2.11.1.so
7f81600cc000-7f81600cd000 r--s 00000000 08:01 2883641                    /var/cache/fontconfig/6a53c69dea097a2d716e069445527da8-le64.cache-3
7f81600cd000-7f81600cf000 r--s 00001000 08:01 22941633                   /home/d3orn/play-1.0.3.2/framework/lib/slf4j-log4j12-1.5.0.jar
7f81600cf000-7f81600d2000 r--s 0000d000 08:01 22941609                   /home/d3orn/play-1.0.3.2/framework/lib/hibernate-validator.jar
7f81600d2000-7f81600d6000 r--s 0007c000 08:01 18612827                   /usr/lib/jvm/java-6-openjdk/jre/lib/jsse.jar
7f81600d6000-7f81600dd000 r--s 00079000 08:01 22941635                   /home/d3orn/play-1.0.3.2/framework/play.jar
7f81600dd000-7f81600e6000 r--s 00065000 08:01 18229017                   /usr/share/java/gnome-java-bridge.jar
7f81600e6000-7f8160127000 rw-p 00000000 00:00 0 
7f8160127000-7f8160162000 rw-p 00000000 00:00 0 
7f8160162000-7f81601a1000 r--p 00000000 08:01 18096017                   /usr/lib/locale/en_US.utf8/LC_CTYPE
7f81601a1000-7f81601a4000 ---p 00000000 00:00 0 
7f81601a4000-7f81602a7000 rw-p 00000000 00:00 0 
7f81602a7000-7f81602a8000 r--s 00000000 08:01 2892747                    /var/cache/fontconfig/4794a0821666d79190d59a36cb4f44b5-le64.cache-3
7f81602a8000-7f81602aa000 r--s 0000d000 08:01 22941598                   /home/d3orn/play-1.0.3.2/framework/lib/commons-logging-1.1.1.jar
7f81602aa000-7f81602ab000 rw-p 00000000 00:00 0 
7f81602ab000-7f81602ae000 r--s 0000f000 08:01 18612809                   /usr/lib/jvm/java-6-openjdk/jre/lib/ext/pulse-java.jar
7f81602ae000-7f81602b6000 rw-s 00000000 08:01 15728895                   /tmp/hsperfdata_d3orn/10752
7f81602b6000-7f81602b7000 r--p 00000000 08:01 18096139                   /usr/lib/locale/en_US.utf8/LC_NUMERIC
7f81602b7000-7f81602b8000 r--p 00000000 08:01 18098299                   /usr/lib/locale/en_US.utf8/LC_TIME
7f81602b8000-7f81602b9000 r--p 00000000 08:01 18098300                   /usr/lib/locale/en_US.utf8/LC_MONETARY
7f81602b9000-7f81602ba000 r--p 00000000 08:01 18098301                   /usr/lib/locale/en_US.utf8/LC_MESSAGES/SYS_LC_MESSAGES
7f81602ba000-7f81602bb000 r--p 00000000 08:01 18095789                   /usr/lib/locale/en_US.utf8/LC_PAPER
7f81602bb000-7f81602bc000 r--p 00000000 08:01 18095709                   /usr/lib/locale/en_US.utf8/LC_NAME
7f81602bc000-7f81602bd000 r--p 00000000 08:01 18098302                   /usr/lib/locale/en_US.utf8/LC_ADDRESS
7f81602bd000-7f81602be000 r--p 00000000 08:01 18098303                   /usr/lib/locale/en_US.utf8/LC_TELEPHONE
7f81602be000-7f81602bf000 r--p 00000000 08:01 18096071                   /usr/lib/locale/en_US.utf8/LC_MEASUREMENT
7f81602bf000-7f81602c6000 r--s 00000000 08:01 18093123                   /usr/lib/gconv/gconv-modules.cache
7f81602c6000-7f81602c7000 r--p 00000000 08:01 18098304                   /usr/lib/locale/en_US.utf8/LC_IDENTIFICATION
7f81602c7000-7f81602c8000 rw-p 00000000 00:00 0 
7f81602c8000-7f81602c9000 r--p 00000000 00:00 0 
7f81602c9000-7f81602cb000 rw-p 00000000 00:00 0 
7f81602cb000-7f81602cc000 r--p 0001f000 08:01 29622863                   /lib/ld-2.11.1.so
7f81602cc000-7f81602cd000 rw-p 00020000 08:01 29622863                   /lib/ld-2.11.1.so
7f81602cd000-7f81602ce000 rw-p 00000000 00:00 0 
7fff7d65b000-7fff7d671000 rw-p 00000000 00:00 0                          [stack]
7fff7d7ff000-7fff7d800000 r-xp 00000000 00:00 0                          [vdso]
ffffffffff600000-ffffffffff601000 r-xp 00000000 00:00 0                  [vsyscall]

VM Arguments:
jvm_args: -javaagent:/home/d3orn/play-1.0.3.2/framework/play.jar -Dplay.debug=yes -Xrunjdwp:transport=dt_socket,address=8000,server=y,suspend=n -Xdebug -Dapplication.path=/home/d3orn/ese2010-team4/qa -Dplay.id= 
java_command: play.server.Server
Launcher Type: SUN_STANDARD

Environment Variables:
PATH=/usr/local/sbin:/usr/local/bin:/usr/sbin:/usr/bin:/sbin:/bin:/usr/games
USERNAME=d3orn
LD_LIBRARY_PATH=/usr/lib/jvm/java-6-openjdk/jre/lib/amd64/server:/usr/lib/jvm/java-6-openjdk/jre/lib/amd64:/usr/lib/jvm/java-6-openjdk/jre/../lib/amd64
SHELL=/bin/bash
DISPLAY=:0.0

Signal Handlers:
SIGSEGV: [libjvm.so+0x6c2030], sa_mask[0]=0x7ffbfeff, sa_flags=0x10000004
SIGBUS: [libjvm.so+0x6c2030], sa_mask[0]=0x7ffbfeff, sa_flags=0x10000004
SIGFPE: [libjvm.so+0x58ca90], sa_mask[0]=0x7ffbfeff, sa_flags=0x10000004
SIGPIPE: [libjvm.so+0x58ca90], sa_mask[0]=0x7ffbfeff, sa_flags=0x10000004
SIGXFSZ: [libjvm.so+0x58ca90], sa_mask[0]=0x7ffbfeff, sa_flags=0x10000004
SIGILL: [libjvm.so+0x58ca90], sa_mask[0]=0x7ffbfeff, sa_flags=0x10000004
SIGUSR1: SIG_DFL, sa_mask[0]=0x00000000, sa_flags=0x00000000
SIGUSR2: [libjvm.so+0x58c1e0], sa_mask[0]=0x00000000, sa_flags=0x10000004
SIGHUP: [libjvm.so+0x58e8d0], sa_mask[0]=0x7ffbfeff, sa_flags=0x10000004
SIGINT: [libjvm.so+0x58e8d0], sa_mask[0]=0x7ffbfeff, sa_flags=0x10000004
SIGTERM: [libjvm.so+0x58e8d0], sa_mask[0]=0x7ffbfeff, sa_flags=0x10000004
SIGQUIT: [libjvm.so+0x58e8d0], sa_mask[0]=0x7ffbfeff, sa_flags=0x10000004


---------------  S Y S T E M  ---------------

OS:Ubuntu 10.04 (lucid)
uname:Linux 2.6.32-25-generic #45-Ubuntu SMP Sat Oct 16 19:52:42 UTC 2010 x86_64
libc:glibc 2.11.1 NPTL 2.11.1 
rlimit: STACK 8192k, CORE 0k, NPROC infinity, NOFILE 1024, AS infinity
load average:1.86 1.68 1.52

CPU:total 8 (8 cores per cpu, 2 threads per core) family 6 model 30 stepping 5, cmov, cx8, fxsr, mmx, sse, sse2, sse3, ssse3, sse4.1, sse4.2, popcnt, ht

Memory: 4k page, physical 4046404k(69724k free), swap 11852792k(11822928k free)

vm_info: OpenJDK 64-Bit Server VM (16.0-b13) for linux-amd64 JRE (1.6.0_18-b18), built on Oct 25 2010 18:07:10 by "buildd" with gcc 4.4.3

time: Thu Dec  2 12:27:08 2010
elapsed time: 899 seconds

