#
# A fatal error has been detected by the Java Runtime Environment:
#
#  SIGSEGV (0xb) at pc=0x012f673b, pid=8052, tid=2344856432
#
# JRE version: 6.0_20-b20
# Java VM: OpenJDK Server VM (19.0-b09 mixed mode linux-x86 )
# Derivative: IcedTea6 1.9.2
# Distribution: Ubuntu 10.04.1 LTS, package 6b20-1.9.2-0ubuntu1~10.04.1
# Problematic frame:
# V  [libjvm.so+0x48b73b]
#
# If you would like to submit a bug report, please include
# instructions how to reproduce the bug and visit:
#   https://bugs.launchpad.net/ubuntu/+source/openjdk-6/
#

---------------  T H R E A D  ---------------

Current thread (0x09afe800):  JavaThread "CompilerThread1" daemon [_thread_in_native, id=8063, stack(0x8bbba000,0x8bc3b000)]

siginfo:si_signo=SIGSEGV: si_errno=0, si_code=1 (SEGV_MAPERR), si_addr=0x00000004

Registers:
EAX=0x00000000, EBX=0x01562ff4, ECX=0x00001300, EDX=0x8b7b7c28
ESP=0x8bc38920, EBP=0x8bc38968, ESI=0x8bc391fc, EDI=0x0ae31658
EIP=0x012f673b, CR2=0x00000004, EFLAGS=0x00210217

Register to memory mapping:

EAX=0x00000000
0x00000000 is pointing to unknown location

EBX=0x01562ff4
0x01562ff4: <offset 0x6f7ff4> in /usr/lib/jvm/java-6-openjdk/jre/lib/i386/server/libjvm.so at 0x00e6b000

ECX=0x00001300
0x00001300 is pointing to unknown location

EDX=0x8b7b7c28
0x8b7b7c28 is pointing to unknown location

ESP=0x8bc38920
0x8bc38920 is pointing into the stack for thread: 0x09afe800
"CompilerThread1" daemon prio=10 tid=0x09afe800 nid=0x1f7f runnable [0x00000000]
   java.lang.Thread.State: RUNNABLE

EBP=0x8bc38968
0x8bc38968 is pointing into the stack for thread: 0x09afe800
"CompilerThread1" daemon prio=10 tid=0x09afe800 nid=0x1f7f runnable [0x00000000]
   java.lang.Thread.State: RUNNABLE

ESI=0x8bc391fc
0x8bc391fc is pointing into the stack for thread: 0x09afe800
"CompilerThread1" daemon prio=10 tid=0x09afe800 nid=0x1f7f runnable [0x00000000]
   java.lang.Thread.State: RUNNABLE

EDI=0x0ae31658
0x0ae31658 is pointing to unknown location


Top of Stack: (sp=0x8bc38920)
0x8bc38920:   00000400 00c280bb 01562ff4 00002000
0x8bc38930:   0a2fd978 00000000 00000400 8bc3920c
0x8bc38940:   8aaacc2c 00e31658 8a8bb700 0000133b
0x8bc38950:   0a868638 0a870624 0a870648 01562ff4
0x8bc38960:   0a26f424 8a8c0088 8bc389e8 012f6cec
0x8bc38970:   8bc391fc 0a26f424 00000002 00000002
0x8bc38980:   8b4a6ba8 00000000 00007ff0 00000002
0x8bc38990:   8be8a1bc 8bc391fc 8bc389e8 00000004 

Instructions: (pc=0x012f673b)
0x012f672b:   50 1c 89 45 e0 8b 86 d0 02 00 00 8d 14 90 8b 02
0x012f673b:   8b 48 04 8b 39 85 ff 75 1f 8b 7e 14 90 8b 48 1c 

Stack: [0x8bbba000,0x8bc3b000],  sp=0x8bc38920,  free space=506k
Native frames: (J=compiled Java code, j=interpreted, Vv=VM code, C=native code)
V  [libjvm.so+0x48b73b]
V  [libjvm.so+0x48bcec]
V  [libjvm.so+0x490100]
V  [libjvm.so+0x24c36d]
V  [libjvm.so+0x24ce7b]
V  [libjvm.so+0x1d9503]
V  [libjvm.so+0x2517c1]
V  [libjvm.so+0x25203f]
V  [libjvm.so+0x5f9678]
V  [libjvm.so+0x5fe8cc]
V  [libjvm.so+0x5fe992]
V  [libjvm.so+0x512321]
C  [libpthread.so.0+0x596e]


Current CompileTask:
C2:1205      jregex.Pretokenizer.next()V (1064 bytes)


---------------  P R O C E S S  ---------------

Java Threads: ( => current thread )
  0x09c80400 JavaThread "NioProcessor-1" [_thread_in_native, id=8506, stack(0x8b65e000,0x8b6af000)]
  0x8b270000 JavaThread "com.mchange.v2.async.ThreadPoolAsynchronousRunner$PoolThread-#2" daemon [_thread_blocked, id=8073, stack(0x8a5af000,0x8a600000)]
  0x8b58b400 JavaThread "com.mchange.v2.async.ThreadPoolAsynchronousRunner$PoolThread-#1" daemon [_thread_blocked, id=8072, stack(0x8b30d000,0x8b35e000)]
  0x8b58ac00 JavaThread "com.mchange.v2.async.ThreadPoolAsynchronousRunner$PoolThread-#0" daemon [_thread_blocked, id=8071, stack(0x8b35e000,0x8b3af000)]
  0x8b5cbc00 JavaThread "Timer-0" daemon [_thread_blocked, id=8070, stack(0x8b3af000,0x8b400000)]
  0x09badc00 JavaThread "pool-3-thread-1" [_thread_in_vm, id=8069, stack(0x8b60d000,0x8b65e000)]
  0x8b957800 JavaThread "DestroyJavaVM" [_thread_blocked, id=8053, stack(0xb7713000,0xb7764000)]
  0x8b51a400 JavaThread "NioSocketAcceptor-1" [_thread_in_native, id=8067, stack(0x8b6af000,0x8b700000)]
  0x8b50f400 JavaThread "NioSocketAcceptor-1-idleStatusChecker" [_thread_blocked, id=8066, stack(0x8b81b000,0x8b86c000)]
  0x8be00c00 JavaThread "Low Memory Detector" daemon [_thread_blocked, id=8064, stack(0x8bb69000,0x8bbba000)]
=>0x09afe800 JavaThread "CompilerThread1" daemon [_thread_in_native, id=8063, stack(0x8bbba000,0x8bc3b000)]
  0x09afc800 JavaThread "CompilerThread0" daemon [_thread_in_native, id=8062, stack(0x8bc3b000,0x8bcbc000)]
  0x09af1000 JavaThread "JDWP Event Helper Thread" daemon [_thread_blocked, id=8061, stack(0x8bcbc000,0x8bd0d000)]
  0x09aee800 JavaThread "JDWP Transport Listener: dt_socket" daemon [_thread_in_native, id=8060, stack(0x8bd0d000,0x8bd5e000)]
  0x09acd000 JavaThread "Signal Dispatcher" daemon [_thread_blocked, id=8059, stack(0x8bd5e000,0x8bdaf000)]
  0x09ab7800 JavaThread "Finalizer" daemon [_thread_blocked, id=8058, stack(0x8bdaf000,0x8be00000)]
  0x09ab6000 JavaThread "Reference Handler" daemon [_thread_blocked, id=8057, stack(0x8bf19000,0x8bf6a000)]

Other Threads:
  0x09ab2400 VMThread [stack: 0x8bf6a000,0x8bfeb000] [id=8056]
  0x8be02c00 WatcherThread [stack: 0x8bae8000,0x8bb69000] [id=8065]

VM state:not at safepoint (normal execution)

VM Mutex/Monitor currently owned by a thread: None

Heap
 PSYoungGen      total 70976K, used 68003K [0xa9a40000, 0xaf210000, 0xb44e0000)
  eden space 69440K, 95% used [0xa9a40000,0xadb2b348,0xade10000)
  from space 1536K, 99% used [0xaebe0000,0xaed5da18,0xaed60000)
  to   space 3136K, 0% used [0xaef00000,0xaef00000,0xaf210000)
 PSOldGen        total 21504K, used 17993K [0x944e0000, 0x959e0000, 0xa9a40000)
  object space 21504K, 83% used [0x944e0000,0x956725a8,0x959e0000)
 PSPermGen       total 31104K, used 31029K [0x8c4e0000, 0x8e340000, 0x944e0000)
  object space 31104K, 99% used [0x8c4e0000,0x8e32d7e8,0x8e340000)

Dynamic libraries:
00110000-00119000 r-xp 00000000 08:05 5553       /usr/lib/jvm/java-6-openjdk/jre/lib/i386/libinstrument.so
00119000-0011a000 r--p 00008000 08:05 5553       /usr/lib/jvm/java-6-openjdk/jre/lib/i386/libinstrument.so
0011a000-0011b000 rw-p 00009000 08:05 5553       /usr/lib/jvm/java-6-openjdk/jre/lib/i386/libinstrument.so
0011b000-00123000 r-xp 00000000 08:05 3720       /lib/tls/i686/cmov/libnss_nis-2.11.1.so
00123000-00124000 r--p 00007000 08:05 3720       /lib/tls/i686/cmov/libnss_nis-2.11.1.so
00124000-00125000 rw-p 00008000 08:05 3720       /lib/tls/i686/cmov/libnss_nis-2.11.1.so
00125000-00139000 r-xp 00000000 08:05 6953       /usr/lib/jvm/java-6-openjdk/jre/lib/i386/libnet.so
00139000-0013a000 r--p 00013000 08:05 6953       /usr/lib/jvm/java-6-openjdk/jre/lib/i386/libnet.so
0013a000-0013b000 rw-p 00014000 08:05 6953       /usr/lib/jvm/java-6-openjdk/jre/lib/i386/libnet.so
0013b000-00142000 r-xp 00000000 08:05 6957       /usr/lib/jvm/java-6-openjdk/jre/lib/i386/libnio.so
00142000-00143000 r--p 00006000 08:05 6957       /usr/lib/jvm/java-6-openjdk/jre/lib/i386/libnio.so
00143000-00144000 rw-p 00007000 08:05 6957       /usr/lib/jvm/java-6-openjdk/jre/lib/i386/libnio.so
00144000-0014a000 r-xp 00000000 08:05 6938       /usr/lib/jvm/java-6-openjdk/jre/lib/i386/libmanagement.so
0014a000-0014b000 r--p 00005000 08:05 6938       /usr/lib/jvm/java-6-openjdk/jre/lib/i386/libmanagement.so
0014b000-0014c000 rw-p 00006000 08:05 6938       /usr/lib/jvm/java-6-openjdk/jre/lib/i386/libmanagement.so
001ca000-001ee000 r-xp 00000000 08:05 3588       /lib/tls/i686/cmov/libm-2.11.1.so
001ee000-001ef000 r--p 00023000 08:05 3588       /lib/tls/i686/cmov/libm-2.11.1.so
001ef000-001f0000 rw-p 00024000 08:05 3588       /lib/tls/i686/cmov/libm-2.11.1.so
002ef000-002f5000 r-xp 00000000 08:05 3591       /lib/tls/i686/cmov/libnss_compat-2.11.1.so
002f5000-002f6000 r--p 00006000 08:05 3591       /lib/tls/i686/cmov/libnss_compat-2.11.1.so
002f6000-002f7000 rw-p 00007000 08:05 3591       /lib/tls/i686/cmov/libnss_compat-2.11.1.so
0036e000-00378000 r-xp 00000000 08:05 3652       /lib/tls/i686/cmov/libnss_files-2.11.1.so
00378000-00379000 r--p 00009000 08:05 3652       /lib/tls/i686/cmov/libnss_files-2.11.1.so
00379000-0037a000 rw-p 0000a000 08:05 3652       /lib/tls/i686/cmov/libnss_files-2.11.1.so
0045e000-0046a000 r-xp 00000000 08:05 6964       /usr/lib/jvm/java-6-openjdk/jre/lib/i386/libverify.so
0046a000-0046b000 r--p 0000b000 08:05 6964       /usr/lib/jvm/java-6-openjdk/jre/lib/i386/libverify.so
0046b000-0046c000 rw-p 0000c000 08:05 6964       /usr/lib/jvm/java-6-openjdk/jre/lib/i386/libverify.so
004b9000-004ce000 r-xp 00000000 08:05 4239       /lib/tls/i686/cmov/libpthread-2.11.1.so
004ce000-004cf000 r--p 00014000 08:05 4239       /lib/tls/i686/cmov/libpthread-2.11.1.so
004cf000-004d0000 rw-p 00015000 08:05 4239       /lib/tls/i686/cmov/libpthread-2.11.1.so
004d0000-004d2000 rw-p 00000000 00:00 0 
00501000-00537000 r-xp 00000000 08:05 6717       /usr/lib/jvm/java-6-openjdk/jre/lib/i386/libjdwp.so
00537000-00538000 r--p 00036000 08:05 6717       /usr/lib/jvm/java-6-openjdk/jre/lib/i386/libjdwp.so
00538000-00539000 rw-p 00037000 08:05 6717       /usr/lib/jvm/java-6-openjdk/jre/lib/i386/libjdwp.so
005ab000-005ae000 r-xp 00000000 08:05 5550       /usr/lib/jvm/java-6-openjdk/jre/lib/i386/libdt_socket.so
005ae000-005af000 r--p 00002000 08:05 5550       /usr/lib/jvm/java-6-openjdk/jre/lib/i386/libdt_socket.so
005af000-005b0000 rw-p 00003000 08:05 5550       /usr/lib/jvm/java-6-openjdk/jre/lib/i386/libdt_socket.so
00693000-0069a000 r-xp 00000000 08:05 6965       /usr/lib/jvm/java-6-openjdk/jre/lib/i386/libzip.so
0069a000-0069b000 r--p 00006000 08:05 6965       /usr/lib/jvm/java-6-openjdk/jre/lib/i386/libzip.so
0069b000-0069c000 rw-p 00007000 08:05 6965       /usr/lib/jvm/java-6-openjdk/jre/lib/i386/libzip.so
0069f000-006a1000 r-xp 00000000 08:05 3587       /lib/tls/i686/cmov/libdl-2.11.1.so
006a1000-006a2000 r--p 00001000 08:05 3587       /lib/tls/i686/cmov/libdl-2.11.1.so
006a2000-006a3000 rw-p 00002000 08:05 3587       /lib/tls/i686/cmov/libdl-2.11.1.so
0070e000-00721000 r-xp 00000000 08:05 3590       /lib/tls/i686/cmov/libnsl-2.11.1.so
00721000-00722000 r--p 00012000 08:05 3590       /lib/tls/i686/cmov/libnsl-2.11.1.so
00722000-00723000 rw-p 00013000 08:05 3590       /lib/tls/i686/cmov/libnsl-2.11.1.so
00723000-00725000 rw-p 00000000 00:00 0 
0075c000-00780000 r-xp 00000000 08:05 5558       /usr/lib/jvm/java-6-openjdk/jre/lib/i386/libjava.so
00780000-00781000 r--p 00023000 08:05 5558       /usr/lib/jvm/java-6-openjdk/jre/lib/i386/libjava.so
00781000-00783000 rw-p 00024000 08:05 5558       /usr/lib/jvm/java-6-openjdk/jre/lib/i386/libjava.so
007b1000-007b8000 r-xp 00000000 08:05 677911     /usr/lib/jvm/java-6-openjdk/jre/lib/i386/native_threads/libhpi.so
007b8000-007b9000 r--p 00006000 08:05 677911     /usr/lib/jvm/java-6-openjdk/jre/lib/i386/native_threads/libhpi.so
007b9000-007ba000 rw-p 00007000 08:05 677911     /usr/lib/jvm/java-6-openjdk/jre/lib/i386/native_threads/libhpi.so
0092b000-0093e000 r-xp 00000000 08:05 1966       /lib/libz.so.1.2.3.3
0093e000-0093f000 r--p 00012000 08:05 1966       /lib/libz.so.1.2.3.3
0093f000-00940000 rw-p 00013000 08:05 1966       /lib/libz.so.1.2.3.3
00a90000-00a91000 r-xp 00000000 00:00 0          [vdso]
00b19000-00c6c000 r-xp 00000000 08:05 3584       /lib/tls/i686/cmov/libc-2.11.1.so
00c6c000-00c6d000 ---p 00153000 08:05 3584       /lib/tls/i686/cmov/libc-2.11.1.so
00c6d000-00c6f000 r--p 00153000 08:05 3584       /lib/tls/i686/cmov/libc-2.11.1.so
00c6f000-00c70000 rw-p 00155000 08:05 3584       /lib/tls/i686/cmov/libc-2.11.1.so
00c70000-00c73000 rw-p 00000000 00:00 0 
00ccf000-00cd2000 r-xp 00000000 08:05 6959       /usr/lib/jvm/java-6-openjdk/jre/lib/i386/libnpt.so
00cd2000-00cd3000 r--p 00002000 08:05 6959       /usr/lib/jvm/java-6-openjdk/jre/lib/i386/libnpt.so
00cd3000-00cd4000 rw-p 00003000 08:05 6959       /usr/lib/jvm/java-6-openjdk/jre/lib/i386/libnpt.so
00d16000-00d31000 r-xp 00000000 08:05 2373       /lib/ld-2.11.1.so
00d31000-00d32000 r--p 0001a000 08:05 2373       /lib/ld-2.11.1.so
00d32000-00d33000 rw-p 0001b000 08:05 2373       /lib/ld-2.11.1.so
00d88000-00d8f000 r-xp 00000000 08:05 4245       /lib/tls/i686/cmov/librt-2.11.1.so
00d8f000-00d90000 r--p 00006000 08:05 4245       /lib/tls/i686/cmov/librt-2.11.1.so
00d90000-00d91000 rw-p 00007000 08:05 4245       /lib/tls/i686/cmov/librt-2.11.1.so
00e66000-00e69000 r-xp 00000000 08:05 677910     /usr/lib/jvm/java-6-openjdk/jre/lib/i386/jli/libjli.so
00e69000-00e6a000 r--p 00003000 08:05 677910     /usr/lib/jvm/java-6-openjdk/jre/lib/i386/jli/libjli.so
00e6a000-00e6b000 rw-p 00004000 08:05 677910     /usr/lib/jvm/java-6-openjdk/jre/lib/i386/jli/libjli.so
00e6b000-0151d000 r-xp 00000000 08:05 678174     /usr/lib/jvm/java-6-openjdk/jre/lib/i386/server/libjvm.so
0151d000-0151e000 ---p 006b2000 08:05 678174     /usr/lib/jvm/java-6-openjdk/jre/lib/i386/server/libjvm.so
0151e000-01563000 r--p 006b2000 08:05 678174     /usr/lib/jvm/java-6-openjdk/jre/lib/i386/server/libjvm.so
01563000-01572000 rw-p 006f7000 08:05 678174     /usr/lib/jvm/java-6-openjdk/jre/lib/i386/server/libjvm.so
01572000-01991000 rw-p 00000000 00:00 0 
08048000-08051000 r-xp 00000000 08:05 678373     /usr/lib/jvm/java-6-openjdk/jre/bin/java
08051000-08052000 r--p 00008000 08:05 678373     /usr/lib/jvm/java-6-openjdk/jre/bin/java
08052000-08053000 rw-p 00009000 08:05 678373     /usr/lib/jvm/java-6-openjdk/jre/bin/java
09a1f000-0b918000 rw-p 00000000 00:00 0          [heap]
8a000000-8a100000 rw-p 00000000 00:00 0 
8a400000-8a4fb000 rw-p 00000000 00:00 0 
8a4fb000-8a500000 ---p 00000000 00:00 0 
8a5af000-8a5b2000 ---p 00000000 00:00 0 
8a5b2000-8a600000 rw-p 00000000 00:00 0 
8a600000-8a800000 rw-p 00000000 00:00 0 
8a800000-8aa00000 rw-p 00000000 00:00 0 
8aa00000-8aae9000 rw-p 00000000 00:00 0 
8aae9000-8ab00000 ---p 00000000 00:00 0 
8ab00000-8abff000 rw-p 00000000 00:00 0 
8abff000-8ac00000 ---p 00000000 00:00 0 
8ac00000-8acf8000 rw-p 00000000 00:00 0 
8acf8000-8ad00000 ---p 00000000 00:00 0 
8ad00000-8adfd000 rw-p 00000000 00:00 0 
8adfd000-8ae00000 ---p 00000000 00:00 0 
8ae00000-8aefe000 rw-p 00000000 00:00 0 
8aefe000-8af00000 ---p 00000000 00:00 0 
8af00000-8aff2000 rw-p 00000000 00:00 0 
8aff2000-8b000000 ---p 00000000 00:00 0 
8b000000-8b0ef000 rw-p 00000000 00:00 0 
8b0ef000-8b100000 ---p 00000000 00:00 0 
8b100000-8b1f0000 rw-p 00000000 00:00 0 
8b1f0000-8b200000 ---p 00000000 00:00 0 
8b200000-8b2fc000 rw-p 00000000 00:00 0 
8b2fc000-8b300000 ---p 00000000 00:00 0 
8b30d000-8b310000 ---p 00000000 00:00 0 
8b310000-8b35e000 rw-p 00000000 00:00 0 
8b35e000-8b361000 ---p 00000000 00:00 0 
8b361000-8b3af000 rw-p 00000000 00:00 0 
8b3af000-8b3b2000 ---p 00000000 00:00 0 
8b3b2000-8b400000 rw-p 00000000 00:00 0 
8b400000-8b4ff000 rw-p 00000000 00:00 0 
8b4ff000-8b500000 ---p 00000000 00:00 0 
8b500000-8b600000 rw-p 00000000 00:00 0 
8b60d000-8b610000 ---p 00000000 00:00 0 
8b610000-8b65e000 rw-p 00000000 00:00 0 
8b65e000-8b661000 ---p 00000000 00:00 0 
8b661000-8b6af000 rw-p 00000000 00:00 0 
8b6af000-8b6b2000 ---p 00000000 00:00 0 
8b6b2000-8b700000 rw-p 00000000 00:00 0 
8b700000-8b7e8000 rw-p 00000000 00:00 0 
8b7e8000-8b800000 ---p 00000000 00:00 0 
8b81b000-8b81e000 ---p 00000000 00:00 0 
8b81e000-8b86c000 rw-p 00000000 00:00 0 
8b86c000-8b86f000 r--s 0000f000 08:05 659858     /home/simon/ese2010/play-1.0.3.2/framework/lib/provided-geronimo-servlet_2.5_spec-1.2.jar
8b86f000-8b877000 r--s 0008a000 08:05 659841     /home/simon/ese2010/play-1.0.3.2/framework/lib/javassist.jar
8b877000-8b87a000 r--s 00022000 08:05 659840     /home/simon/ese2010/play-1.0.3.2/framework/lib/jamon-2.7.jar
8b87a000-8b87f000 r--s 00040000 08:05 659833     /home/simon/ese2010/play-1.0.3.2/framework/lib/hibernate-annotations.jar
8b87f000-8b881000 r--s 00001000 08:05 659860     /home/simon/ese2010/play-1.0.3.2/framework/lib/slf4j-log4j12-1.5.0.jar
8b881000-8b887000 r--s 00024000 08:05 659814     /home/simon/ese2010/play-1.0.3.2/framework/lib/asyncweb-common-0.9.0-SNAPSHOT.jar
8b887000-8b88c000 r--s 00023000 08:05 659847     /home/simon/ese2010/play-1.0.3.2/framework/lib/junit-4.4.jar
8b88c000-8b88e000 r--s 00011000 08:05 659811     /home/simon/ese2010/play-1.0.3.2/framework/lib/ZDB.jar
8b88e000-8b893000 r--s 00037000 08:05 659852     /home/simon/ese2010/play-1.0.3.2/framework/lib/memcached-2.4.2.jar
8b893000-8b896000 r--s 0000d000 08:05 659836     /home/simon/ese2010/play-1.0.3.2/framework/lib/hibernate-validator.jar
8b896000-8b89b000 r--s 0002a000 08:05 659818     /home/simon/ese2010/play-1.0.3.2/framework/lib/commons-beanutils.jar
8b89b000-8b89d000 r--s 00017000 08:05 659810     /home/simon/ese2010/play-1.0.3.2/framework/lib/WikiText.jar
8b89d000-8b8a4000 r--s 000aa000 08:05 659854     /home/simon/ese2010/play-1.0.3.2/framework/lib/mysql-connector-java-5.1.8-bin.jar
8b8a4000-8b8b1000 r--s 0007c000 08:05 659820     /home/simon/ese2010/play-1.0.3.2/framework/lib/commons-collections-3.1.jar
8b8b1000-8b900000 r--s 004b1000 08:05 659831     /home/simon/ese2010/play-1.0.3.2/framework/lib/groovy-all-1.7.1.jar
8b900000-8b9fd000 rw-p 00000000 00:00 0 
8b9fd000-8ba00000 ---p 00000000 00:00 0 
8ba06000-8ba09000 r--s 00031000 08:05 6465       /usr/lib/jvm/java-6-openjdk/jre/lib/ext/sunjce_provider.jar
8ba09000-8ba0b000 r--s 00013000 08:05 6497       /usr/lib/jvm/java-6-openjdk/jre/lib/jce.jar
8ba0b000-8ba11000 r--s 000fc000 08:05 6525       /usr/lib/jvm/java-6-openjdk/jre/lib/resources.jar
8ba11000-8ba17000 r--s 00049000 08:05 659817     /home/simon/ese2010/play-1.0.3.2/framework/lib/cglib-nodep-2.2.jar
8ba17000-8ba23000 r--s 0014c000 08:05 659826     /home/simon/ese2010/play-1.0.3.2/framework/lib/compiler-jdt.jar
8ba23000-8ba2a000 r--s 00038000 08:05 659861     /home/simon/ese2010/play-1.0.3.2/framework/lib/wikitext.core_1.1.1.jar
8ba2a000-8ba2d000 r--s 0001b000 08:05 659835     /home/simon/ese2010/play-1.0.3.2/framework/lib/hibernate-entitymanager.jar
8ba2d000-8ba2f000 r--s 00015000 08:05 659844     /home/simon/ese2010/play-1.0.3.2/framework/lib/jregex1.2_01.jar
8ba2f000-8ba53000 r--s 00473000 08:05 659838     /home/simon/ese2010/play-1.0.3.2/framework/lib/hibernate3.jar
8ba53000-8ba5e000 r--s 0008a000 08:05 659816     /home/simon/ese2010/play-1.0.3.2/framework/lib/c3p0-0.9.1.jar
8ba5e000-8ba60000 r--s 0000a000 08:05 659819     /home/simon/ese2010/play-1.0.3.2/framework/lib/commons-codec.jar
8ba60000-8ba63000 r--s 00018000 08:05 659823     /home/simon/ese2010/play-1.0.3.2/framework/lib/commons-io.jar
8ba63000-8ba69000 r--s 00041000 08:05 659855     /home/simon/ese2010/play-1.0.3.2/framework/lib/oval-1.31.jar
8ba69000-8ba6d000 r--s 00020000 08:05 659857     /home/simon/ese2010/play-1.0.3.2/framework/lib/play-imaging.jar
8ba6d000-8ba7c000 r--s 00074000 08:05 659843     /home/simon/ese2010/play-1.0.3.2/framework/lib/joda-time-1.6.jar
8ba7c000-8ba82000 r--s 00067000 08:05 659813     /home/simon/ese2010/play-1.0.3.2/framework/lib/antlr-2.7.6.jar
8ba82000-8ba84000 r--s 00001000 08:05 659846     /home/simon/ese2010/play-1.0.3.2/framework/lib/jta.jar
8ba84000-8ba86000 r--s 00003000 08:05 659859     /home/simon/ese2010/play-1.0.3.2/framework/lib/slf4j-api-1.5.0.jar
8ba86000-8ba8c000 r--s 00055000 08:05 659851     /home/simon/ese2010/play-1.0.3.2/framework/lib/mail.jar
8ba8c000-8ba8e000 r--s 00012000 08:05 659849     /home/simon/ese2010/play-1.0.3.2/framework/lib/lucene-analyzers-2.3.1.jar
8ba8e000-8ba8f000 r--s 00015000 08:05 659856     /home/simon/ese2010/play-1.0.3.2/framework/lib/play-SimpleCaptcha.jar
8ba8f000-8ba94000 r--s 00040000 08:05 659822     /home/simon/ese2010/play-1.0.3.2/framework/lib/commons-httpclient.jar
8ba94000-8ba97000 r--s 0000e000 08:05 659834     /home/simon/ese2010/play-1.0.3.2/framework/lib/hibernate-commons-annotations.jar
8ba97000-8ba9d000 r--s 00032000 08:05 659842     /home/simon/ese2010/play-1.0.3.2/framework/lib/jaxen-1.1.jar
8ba9d000-8baa2000 r--s 0003c000 08:05 659828     /home/simon/ese2010/play-1.0.3.2/framework/lib/ehcache-1.5.0.jar
8baa2000-8baa4000 r--s 00001000 08:05 659845     /home/simon/ese2010/play-1.0.3.2/framework/lib/jsr107cache-1.0.jar
8baa4000-8baa6000 r--s 0000b000 08:05 659821     /home/simon/ese2010/play-1.0.3.2/framework/lib/commons-fileupload-1.2.jar
8baa6000-8bab1000 r--s 00071000 08:05 659853     /home/simon/ese2010/play-1.0.3.2/framework/lib/mina-core-2.0.0-M2-SNAPSHOT.jar
8bab1000-8bab5000 r--s 00023000 08:05 659832     /home/simon/ese2010/play-1.0.3.2/framework/lib/gson-1.3.jar
8bab5000-8bab8000 r--s 0000a000 08:05 659829     /home/simon/ese2010/play-1.0.3.2/framework/lib/ejb3-persistence.jar
8bab8000-8babc000 r--s 0002f000 08:05 659824     /home/simon/ese2010/play-1.0.3.2/framework/lib/commons-lang.jar
8babc000-8bac8000 r--s 00097000 08:05 659850     /home/simon/ese2010/play-1.0.3.2/framework/lib/lucene-core-2.3.1.jar
8bac8000-8bace000 r--s 0002c000 08:05 659809     /home/simon/ese2010/play-1.0.3.2/framework/lib/SnakeYAML-1.2.jar
8bace000-8bad4000 r--s 00056000 08:05 659837     /home/simon/ese2010/play-1.0.3.2/framework/lib/hibernate3-ast.jar
8bad4000-8badc000 r--s 000a3000 08:05 659839     /home/simon/ese2010/play-1.0.3.2/framework/lib/hsqldb.jar
8badc000-8bae1000 r--s 00048000 08:05 659827     /home/simon/ese2010/play-1.0.3.2/framework/lib/dom4j-1.6.1.jar
8bae1000-8bae8000 r--s 00059000 08:05 659848     /home/simon/ese2010/play-1.0.3.2/framework/lib/log4j-1.2.15.jar
8bae8000-8bae9000 ---p 00000000 00:00 0 
8bae9000-8bb69000 rw-p 00000000 00:00 0 
8bb69000-8bb6c000 ---p 00000000 00:00 0 
8bb6c000-8bbba000 rw-p 00000000 00:00 0 
8bbba000-8bbbd000 ---p 00000000 00:00 0 
8bbbd000-8bc3b000 rw-p 00000000 00:00 0 
8bc3b000-8bc3e000 ---p 00000000 00:00 0 
8bc3e000-8bcbc000 rw-p 00000000 00:00 0 
8bcbc000-8bcbf000 ---p 00000000 00:00 0 
8bcbf000-8bd0d000 rw-p 00000000 00:00 0 
8bd0d000-8bd10000 ---p 00000000 00:00 0 
8bd10000-8bd5e000 rw-p 00000000 00:00 0 
8bd5e000-8bd61000 ---p 00000000 00:00 0 
8bd61000-8bdaf000 rw-p 00000000 00:00 0 
8bdaf000-8bdb2000 ---p 00000000 00:00 0 
8bdb2000-8be00000 rw-p 00000000 00:00 0 
8be00000-8befc000 rw-p 00000000 00:00 0 
8befc000-8bf00000 ---p 00000000 00:00 0 
8bf00000-8bf02000 r--s 0000d000 08:05 659825     /home/simon/ese2010/play-1.0.3.2/framework/lib/commons-logging-1.1.1.jar
8bf02000-8bf05000 r--s 00011000 08:05 659830     /home/simon/ese2010/play-1.0.3.2/framework/lib/ezmorph-1.0.3.jar
8bf05000-8bf0e000 r--s 00048000 08:05 659815     /home/simon/ese2010/play-1.0.3.2/framework/lib/backport-util-concurrent-3.0.jar
8bf0e000-8bf12000 r--s 0007c000 08:05 6500       /usr/lib/jvm/java-6-openjdk/jre/lib/jsse.jar
8bf12000-8bf19000 r--s 00079000 08:05 659862     /home/simon/ese2010/play-1.0.3.2/framework/play.jar
8bf19000-8bf1c000 ---p 00000000 00:00 0 
8bf1c000-8bf6a000 rw-p 00000000 00:00 0 
8bf6a000-8bf6b000 ---p 00000000 00:00 0 
8bf6b000-8bfeb000 rw-p 00000000 00:00 0 
8bfeb000-8bfed000 r--s 0001d000 08:05 6521       /usr/lib/jvm/java-6-openjdk/jre/lib/plugin.jar
8bfed000-8bff2000 r--s 00044000 08:05 6516       /usr/lib/jvm/java-6-openjdk/jre/lib/netx.jar
8bff2000-8c024000 rw-p 00000000 00:00 0 
8c024000-8c1b2000 r--s 038af000 08:05 5546       /usr/lib/jvm/java-6-openjdk/jre/lib/rt.jar
8c1b2000-8c1b3000 ---p 00000000 00:00 0 
8c1b3000-8c233000 rw-p 00000000 00:00 0 
8c233000-8c234000 ---p 00000000 00:00 0 
8c234000-8c2c4000 rw-p 00000000 00:00 0 
8c2c4000-8c2f4000 rw-p 00000000 00:00 0 
8c2f4000-8c2ff000 rw-p 00000000 00:00 0 
8c2ff000-8c39f000 rw-p 00000000 00:00 0 
8c39f000-8c3af000 rw-p 00000000 00:00 0 
8c3af000-8c3df000 rw-p 00000000 00:00 0 
8c3df000-8c3ea000 rw-p 00000000 00:00 0 
8c3ea000-8c489000 rw-p 00000000 00:00 0 
8c489000-8c4b6000 rw-p 00000000 00:00 0 
8c4b6000-8c4bd000 ---p 00000000 00:00 0 
8c4bd000-8c4df000 rw-p 00000000 00:00 0 
8c4df000-8e340000 rw-p 00000000 00:00 0 
8e340000-944e0000 rw-p 00000000 00:00 0 
944e0000-959e0000 rw-p 00000000 00:00 0 
959e0000-a9a40000 rw-p 00000000 00:00 0 
a9a40000-af210000 rw-p 00000000 00:00 0 
af210000-afef0000 ---p 00000000 00:00 0 
afef0000-b44e0000 rw-p 00000000 00:00 0 
b44e0000-b44e2000 r--s 0000c000 08:05 659812     /home/simon/ese2010/play-1.0.3.2/framework/lib/activation.jar
b44e2000-b44eb000 r--s 00065000 08:05 151420     /usr/share/java/gnome-java-bridge.jar
b44eb000-b44ee000 r--s 0000f000 08:05 6469       /usr/lib/jvm/java-6-openjdk/jre/lib/ext/pulse-java.jar
b44ee000-b4505000 rw-p 00000000 00:00 0 
b4505000-b45ae000 rw-p 00000000 00:00 0 
b45ae000-b4b3e000 rwxp 00000000 00:00 0 
b4b3e000-b75ae000 rw-p 00000000 00:00 0 
b75ae000-b75b6000 rw-s 00000000 08:05 539819     /tmp/hsperfdata_simon/8052
b75b6000-b75f5000 r--p 00000000 08:05 658598     /usr/lib/locale/en_US.utf8/LC_CTYPE
b75f5000-b7713000 r--p 00000000 08:05 658599     /usr/lib/locale/en_US.utf8/LC_COLLATE
b7713000-b7716000 ---p 00000000 00:00 0 
b7716000-b7768000 rw-p 00000000 00:00 0 
b7768000-b7769000 r--p 00000000 08:05 663758     /usr/lib/locale/en_US.utf8/LC_NUMERIC
b7769000-b776a000 r--p 00000000 08:05 658595     /usr/lib/locale/en_US.utf8/LC_TIME
b776a000-b776b000 r--p 00000000 08:05 661903     /usr/lib/locale/en_US.utf8/LC_MONETARY
b776b000-b776c000 r--p 00000000 08:05 661904     /usr/lib/locale/en_US.utf8/LC_MESSAGES/SYS_LC_MESSAGES
b776c000-b776d000 r--p 00000000 08:05 663764     /usr/lib/locale/en_US.utf8/LC_PAPER
b776d000-b776e000 r--p 00000000 08:05 663765     /usr/lib/locale/en_US.utf8/LC_NAME
b776e000-b776f000 r--p 00000000 08:05 661905     /usr/lib/locale/en_US.utf8/LC_ADDRESS
b776f000-b7770000 r--p 00000000 08:05 661906     /usr/lib/locale/en_US.utf8/LC_TELEPHONE
b7770000-b7771000 r--p 00000000 08:05 663768     /usr/lib/locale/en_US.utf8/LC_MEASUREMENT
b7771000-b7778000 r--s 00000000 08:05 193509     /usr/lib/gconv/gconv-modules.cache
b7778000-b7779000 r--p 00000000 08:05 661907     /usr/lib/locale/en_US.utf8/LC_IDENTIFICATION
b7779000-b777a000 rw-p 00000000 00:00 0 
b777a000-b777b000 r--p 00000000 00:00 0 
b777b000-b777d000 rw-p 00000000 00:00 0 
bfcca000-bfce0000 rw-p 00000000 00:00 0          [stack]

VM Arguments:
jvm_args: -javaagent:/home/simon/ese2010/play-1.0.3.2/framework/play.jar -Dplay.debug=yes -Xrunjdwp:transport=dt_socket,address=8000,server=y,suspend=n -Xdebug -Dapplication.path=/home/simon/ese2010/ese2010-team4/qa -Dplay.id= 
java_command: play.server.Server
Launcher Type: SUN_STANDARD

Environment Variables:
PATH=/usr/local/sbin:/usr/local/bin:/usr/sbin:/usr/bin:/sbin:/bin:/usr/games:~/ese2010/play-1.0.3.2/
USERNAME=simon
LD_LIBRARY_PATH=/usr/lib/jvm/java-6-openjdk/jre/lib/i386/server:/usr/lib/jvm/java-6-openjdk/jre/lib/i386:/usr/lib/jvm/java-6-openjdk/jre/../lib/i386
SHELL=/bin/bash
DISPLAY=:0.0

Signal Handlers:
SIGSEGV: [libjvm.so+0x637530], sa_mask[0]=0x7ffbfeff, sa_flags=0x10000004
SIGBUS: [libjvm.so+0x637530], sa_mask[0]=0x7ffbfeff, sa_flags=0x10000004
SIGFPE: [libjvm.so+0x50e640], sa_mask[0]=0x7ffbfeff, sa_flags=0x10000004
SIGPIPE: [libjvm.so+0x50e640], sa_mask[0]=0x7ffbfeff, sa_flags=0x10000004
SIGXFSZ: [libjvm.so+0x50e640], sa_mask[0]=0x7ffbfeff, sa_flags=0x10000004
SIGILL: [libjvm.so+0x50e640], sa_mask[0]=0x7ffbfeff, sa_flags=0x10000004
SIGUSR1: SIG_DFL, sa_mask[0]=0x00000000, sa_flags=0x00000000
SIGUSR2: [libjvm.so+0x50dcf0], sa_mask[0]=0x00000000, sa_flags=0x10000004
SIGHUP: [libjvm.so+0x510860], sa_mask[0]=0x7ffbfeff, sa_flags=0x10000004
SIGINT: [libjvm.so+0x510860], sa_mask[0]=0x7ffbfeff, sa_flags=0x10000004
SIGTERM: [libjvm.so+0x510860], sa_mask[0]=0x7ffbfeff, sa_flags=0x10000004
SIGQUIT: [libjvm.so+0x510860], sa_mask[0]=0x7ffbfeff, sa_flags=0x10000004


---------------  S Y S T E M  ---------------

OS:Ubuntu 10.04 (lucid)
uname:Linux 2.6.32-26-generic #48-Ubuntu SMP Wed Nov 24 09:00:03 UTC 2010 i686
libc:glibc 2.11.1 NPTL 2.11.1 
rlimit: STACK 8192k, CORE 0k, NPROC infinity, NOFILE 1024, AS infinity
load average:1.03 0.89 0.91

/proc/meminfo:
MemTotal:        2061408 kB
MemFree:           68692 kB
Buffers:          275124 kB
Cached:           922732 kB
SwapCached:            0 kB
Active:          1043040 kB
Inactive:         812048 kB
Active(anon):     631364 kB
Inactive(anon):    34352 kB
Active(file):     411676 kB
Inactive(file):   777696 kB
Unevictable:          16 kB
Mlocked:              16 kB
HighTotal:       1187528 kB
HighFree:           2852 kB
LowTotal:         873880 kB
LowFree:           65840 kB
SwapTotal:       2088408 kB
SwapFree:        2088408 kB
Dirty:               136 kB
Writeback:             0 kB
AnonPages:        657248 kB
Mapped:           123320 kB
Shmem:              8484 kB
Slab:              84660 kB
SReclaimable:      67316 kB
SUnreclaim:        17344 kB
KernelStack:        2824 kB
PageTables:         6672 kB
NFS_Unstable:          0 kB
Bounce:                0 kB
WritebackTmp:          0 kB
CommitLimit:     3119112 kB
Committed_AS:    1502552 kB
VmallocTotal:     122880 kB
VmallocUsed:       40444 kB
VmallocChunk:      74452 kB
HardwareCorrupted:     0 kB
HugePages_Total:       0
HugePages_Free:        0
HugePages_Rsvd:        0
HugePages_Surp:        0
Hugepagesize:       4096 kB
DirectMap4k:       12280 kB
DirectMap4M:      897024 kB


CPU:total 2 (2 cores per cpu, 1 threads per core) family 6 model 15 stepping 11, cmov, cx8, fxsr, mmx, sse, sse2, sse3, ssse3

Memory: 4k page, physical 2061408k(68692k free), swap 2088408k(2088408k free)

vm_info: OpenJDK Server VM (19.0-b09) for linux-x86 JRE (1.6.0_20-b20), built on Nov 25 2010 19:36:58 by "buildd" with gcc 4.4.3

time: Mon Dec 20 14:03:32 2010
elapsed time: 1417 seconds

