#
# A fatal error has been detected by the Java Runtime Environment:
#
#  SIGSEGV (0xb) at pc=0x00007fc24c937ca0, pid=2632, tid=140471153657616
#
# JRE version: 6.0_18-b18
# Java VM: OpenJDK 64-Bit Server VM (16.0-b13 mixed mode linux-amd64 )
# Derivative: IcedTea6 1.8.2
# Distribution: Ubuntu 10.04.1 LTS, package 6b18-1.8.2-4ubuntu2
# Problematic frame:
# V  [libjvm.so+0x50bca0]
#
# If you would like to submit a bug report, please include
# instructions how to reproduce the bug and visit:
#   https://bugs.launchpad.net/ubuntu/+source/openjdk-6/
#

---------------  T H R E A D  ---------------

Current thread (0x00007fc1f80b7000):  JavaThread "CompilerThread1" daemon [_thread_in_native, id=2649, stack(0x00007fc1fd270000,0x00007fc1fd371000)]

siginfo:si_signo=SIGSEGV: si_errno=0, si_code=1 (SEGV_MAPERR), si_addr=0x0000000000000008

Registers:
RAX=0x0000000000000000, RBX=0x00007fc1fd36d800, RCX=0x00007fc1f8505180, RDX=0x0000000000002000
RSP=0x00007fc1fd36c010, RBP=0x00007fc1fd36c050, RSI=0x00007fc1f9018c40, RDI=0x0000000000000000
R8 =0x00007fc1f8317f00, R9 =0x00007fc1f847daa0, R10=0x0000000000000000, R11=0x00007fc24cf92e53
R12=0x00007fc1f0e3dae8, R13=0x00007fc1f9105440, R14=0x00007fc1fd36d820, R15=0x00007fc1f84807e8
RIP=0x00007fc24c937ca0, EFL=0x0000000000010202, CSGSFS=0x0000000000000033, ERR=0x0000000000000004
  TRAPNO=0x000000000000000e

Top of Stack: (sp=0x00007fc1fd36c010)
0x00007fc1fd36c010:   00007fc1fd36c330 0000000000001394
0x00007fc1fd36c020:   00007fc1fd36c050 00007fc1fd36c2f0
0x00007fc1fd36c030:   00007fc1fd36d800 00007fc1f0e3dae8
0x00007fc1fd36c040:   0000000000000002 0000000002e6a268
0x00007fc1fd36c050:   00007fc1fd36c0c0 00007fc24c938207
0x00007fc1fd36c060:   0000000000000020 00007fc100000001
0x00007fc1fd36c070:   00007fc1fd36e190 0000000000000000
0x00007fc1fd36c080:   00007fc1fd36c2d0 00007fc1fd36c330
0x00007fc1fd36c090:   0000000000001695 00007fc1fd36d800
0x00007fc1fd36c0a0:   00007fc1fd36cdf0 00007fc1fd36c330
0x00007fc1fd36c0b0:   00007fc1fd36c2d0 0000000000000000
0x00007fc1fd36c0c0:   00007fc1fd36c390 00007fc24c93b750
0x00007fc1fd36c0d0:   00007fc24ceda888 00007fc24cef5ad8
0x00007fc1fd36c0e0:   00007fc1fd36c110 00007fc200001683
0x00007fc1fd36c0f0:   000000000000b510 00007fc24cebcd7c
0x00007fc1fd36c100:   01007fc1fd36ef40 00007fc1fd36c2f0
0x00007fc1fd36c110:   00007fc1fd36c130 00007fc24cabdfb6
0x00007fc1fd36c120:   00000000f80377d0 00007fc1f0553e20
0x00007fc1fd36c130:   00007fc1fd36c150 00007fc24cabdfb6
0x00007fc1fd36c140:   00000000f80377d0 00007fc1f0553e20
0x00007fc1fd36c150:   00007fc1f8518ee0 00007fc1f0553e20
0x00007fc1fd36c160:   00007fc1fd36c170 00007fc24cabd24d
0x00007fc1fd36c170:   00007fc1fd36c1d0 00007fc24c75940e
0x00007fc1fd36c180:   0000000000000000 80cde3d5000d7998
0x00007fc1fd36c190:   0000000000000000 000000004cac1818
0x00007fc1fd36c1a0:   00007fc188ca6bff 00007fc1f80d7998
0x00007fc1fd36c1b0:   00007fc1fd36c210 00007fc24c7dff91
0x00007fc1fd36c1c0:   00007fc1fd36c1e0 00007fc1f0bbe7a0
0x00007fc1fd36c1d0:   00007fc1f0df9808 00000000f04eb538
0x00007fc1fd36c1e0:   00007fc1fd36c200 00007fc1f8b2ceb0
0x00007fc1fd36c1f0:   00007fc1fd36cdf0 00007fc1fd36cdf0
0x00007fc1fd36c200:   00007fc1f0df8c50 00007fc1f8b2ceb0 

Instructions: (pc=0x00007fc24c937ca0)
0x00007fc24c937c90:   89 f6 48 c1 e6 03 48 03 b3 d0 09 00 00 48 8b 06
0x00007fc24c937ca0:   48 8b 50 08 48 83 3a 00 75 27 8b 4b 28 0f 1f 00 

Stack: [0x00007fc1fd270000,0x00007fc1fd371000],  sp=0x00007fc1fd36c010,  free space=3f00000000000000030k
Native frames: (J=compiled Java code, j=interpreted, Vv=VM code, C=native code)
V  [libjvm.so+0x50bca0]
V  [libjvm.so+0x50c207]
V  [libjvm.so+0x50f750]
V  [libjvm.so+0x2b7a9b]
V  [libjvm.so+0x2b85ea]
V  [libjvm.so+0x246f7c]
V  [libjvm.so+0x2bd4ca]
V  [libjvm.so+0x2bdaef]
V  [libjvm.so+0x687d0b]
V  [libjvm.so+0x58fff2]


Current CompileTask:
C2:1799      jregex.Pretokenizer.next()V (1064 bytes)


---------------  P R O C E S S  ---------------

Java Threads: ( => current thread )
  0x0000000002615000 JavaThread "NioProcessor-1" [_thread_in_native, id=2988, stack(0x00007fc1fc7db000,0x00007fc1fc8dc000)]
  0x00000000028cc000 JavaThread "com.mchange.v2.async.ThreadPoolAsynchronousRunner$PoolThread-#2" daemon [_thread_blocked, id=2659, stack(0x00007fc1fc0c7000,0x00007fc1fc1c8000)]
  0x00000000028cb000 JavaThread "com.mchange.v2.async.ThreadPoolAsynchronousRunner$PoolThread-#1" daemon [_thread_blocked, id=2658, stack(0x00007fc1fc1c8000,0x00007fc1fc2c9000)]
  0x0000000002589000 JavaThread "com.mchange.v2.async.ThreadPoolAsynchronousRunner$PoolThread-#0" daemon [_thread_blocked, id=2657, stack(0x00007fc1fc2c9000,0x00007fc1fc3ca000)]
  0x00000000025d3000 JavaThread "Timer-0" daemon [_thread_blocked, id=2656, stack(0x00007fc1fc3ca000,0x00007fc1fc4cb000)]
  0x00007fc1f020a000 JavaThread "pool-3-thread-1" [_thread_in_Java, id=2655, stack(0x00007fc1fc6da000,0x00007fc1fc7db000)]
  0x00007fc1f0244000 JavaThread "DestroyJavaVM" [_thread_blocked, id=2633, stack(0x00007fc24dbc2000,0x00007fc24dcc3000)]
  0x00007fc1f01c9000 JavaThread "NioSocketAcceptor-1" [_thread_in_native, id=2653, stack(0x00007fc1fc8dc000,0x00007fc1fc9dd000)]
  0x00007fc1f020e000 JavaThread "NioSocketAcceptor-1-idleStatusChecker" [_thread_blocked, id=2652, stack(0x00007fc1fc9dd000,0x00007fc1fcade000)]
  0x00007fc1f80ba000 JavaThread "Low Memory Detector" daemon [_thread_blocked, id=2650, stack(0x00007fc1fd16f000,0x00007fc1fd270000)]
=>0x00007fc1f80b7000 JavaThread "CompilerThread1" daemon [_thread_in_native, id=2649, stack(0x00007fc1fd270000,0x00007fc1fd371000)]
  0x00007fc1f80b4000 JavaThread "CompilerThread0" daemon [_thread_in_native, id=2648, stack(0x00007fc1fd371000,0x00007fc1fd472000)]
  0x00007fc1f80b2000 JavaThread "JDWP Event Helper Thread" daemon [_thread_blocked, id=2647, stack(0x00007fc1fd472000,0x00007fc1fd573000)]
  0x00007fc1f80ae800 JavaThread "JDWP Transport Listener: dt_socket" daemon [_thread_in_native, id=2646, stack(0x00007fc1fd573000,0x00007fc1fd674000)]
  0x00007fc1f807b000 JavaThread "Signal Dispatcher" daemon [_thread_blocked, id=2645, stack(0x00007fc1fd879000,0x00007fc1fd97a000)]
  0x00007fc1f805d000 JavaThread "Finalizer" daemon [_thread_blocked, id=2644, stack(0x00007fc1fd97a000,0x00007fc1fda7b000)]
  0x00007fc1f805b000 JavaThread "Reference Handler" daemon [_thread_blocked, id=2643, stack(0x00007fc1fda7b000,0x00007fc1fdb7c000)]

Other Threads:
  0x00007fc1f8056800 VMThread [stack: 0x00007fc1fdb7c000,0x00007fc1fdc7d000] [id=2642]
  0x00007fc1f80bc800 WatcherThread [stack: 0x00007fc1fd06e000,0x00007fc1fd16f000] [id=2651]

VM state:not at safepoint (normal execution)

VM Mutex/Monitor currently owned by a thread: None

Heap
 PSYoungGen      total 17024K, used 13360K [0x00007fc232d90000, 0x00007fc234110000, 0x00007fc2476e0000)
  eden space 14848K, 82% used [0x00007fc232d90000,0x00007fc23398c700,0x00007fc233c10000)
  from space 2176K, 49% used [0x00007fc233ef0000,0x00007fc233fffaa8,0x00007fc234110000)
  to   space 2560K, 0% used [0x00007fc233c10000,0x00007fc233c10000,0x00007fc233e90000)
 PSOldGen        total 42176K, used 37487K [0x00007fc209ae0000, 0x00007fc20c410000, 0x00007fc232d90000)
  object space 42176K, 88% used [0x00007fc209ae0000,0x00007fc20bf7bc50,0x00007fc20c410000)
 PSPermGen       total 48128K, used 47951K [0x00007fc1ff2e0000, 0x00007fc2021e0000, 0x00007fc209ae0000)
  object space 48128K, 99% used [0x00007fc1ff2e0000,0x00007fc2021b3fa0,0x00007fc2021e0000)

Dynamic libraries:
00400000-00409000 r-xp 00000000 08:01 18615065                           /usr/lib/jvm/java-6-openjdk/jre/bin/java
00608000-00609000 r--p 00008000 08:01 18615065                           /usr/lib/jvm/java-6-openjdk/jre/bin/java
00609000-0060a000 rw-p 00009000 08:01 18615065                           /usr/lib/jvm/java-6-openjdk/jre/bin/java
023f2000-03303000 rw-p 00000000 00:00 0                                  [heap]
7fc1f0000000-7fc1f3c1c000 rw-p 00000000 00:00 0 
7fc1f3c1c000-7fc1f4000000 ---p 00000000 00:00 0 
7fc1f7eff000-7fc1f7f02000 ---p 00000000 00:00 0 
7fc1f7f02000-7fc1f8000000 rw-p 00000000 00:00 0 
7fc1f8000000-7fc1fa6fe000 rw-p 00000000 00:00 0 
7fc1fa6fe000-7fc1fc000000 ---p 00000000 00:00 0 
7fc1fc0c2000-7fc1fc0c5000 r--s 00031000 08:01 18612807                   /usr/lib/jvm/java-6-openjdk/jre/lib/ext/sunjce_provider.jar
7fc1fc0c5000-7fc1fc0c7000 r--s 00013000 08:01 18612823                   /usr/lib/jvm/java-6-openjdk/jre/lib/jce.jar
7fc1fc0c7000-7fc1fc0ca000 ---p 00000000 00:00 0 
7fc1fc0ca000-7fc1fc1c8000 rw-p 00000000 00:00 0 
7fc1fc1c8000-7fc1fc1cb000 ---p 00000000 00:00 0 
7fc1fc1cb000-7fc1fc2c9000 rw-p 00000000 00:00 0 
7fc1fc2c9000-7fc1fc2cc000 ---p 00000000 00:00 0 
7fc1fc2cc000-7fc1fc3ca000 rw-p 00000000 00:00 0 
7fc1fc3ca000-7fc1fc3cd000 ---p 00000000 00:00 0 
7fc1fc3cd000-7fc1fc4cb000 rw-p 00000000 00:00 0 
7fc1fc4cb000-7fc1fc4d2000 r-xp 00000000 08:01 18613949                   /usr/lib/jvm/java-6-openjdk/jre/lib/amd64/libmanagement.so
7fc1fc4d2000-7fc1fc6d1000 ---p 00007000 08:01 18613949                   /usr/lib/jvm/java-6-openjdk/jre/lib/amd64/libmanagement.so
7fc1fc6d1000-7fc1fc6d2000 r--p 00006000 08:01 18613949                   /usr/lib/jvm/java-6-openjdk/jre/lib/amd64/libmanagement.so
7fc1fc6d2000-7fc1fc6d3000 rw-p 00007000 08:01 18613949                   /usr/lib/jvm/java-6-openjdk/jre/lib/amd64/libmanagement.so
7fc1fc6d3000-7fc1fc6da000 r--s 00102000 08:01 18612843                   /usr/lib/jvm/java-6-openjdk/jre/lib/resources.jar
7fc1fc6da000-7fc1fc6dd000 ---p 00000000 00:00 0 
7fc1fc6dd000-7fc1fc7db000 rw-p 00000000 00:00 0 
7fc1fc7db000-7fc1fc7de000 ---p 00000000 00:00 0 
7fc1fc7de000-7fc1fc8dc000 rw-p 00000000 00:00 0 
7fc1fc8dc000-7fc1fc8df000 ---p 00000000 00:00 0 
7fc1fc8df000-7fc1fc9dd000 rw-p 00000000 00:00 0 
7fc1fc9dd000-7fc1fc9e0000 ---p 00000000 00:00 0 
7fc1fc9e0000-7fc1fcade000 rw-p 00000000 00:00 0 
7fc1fcade000-7fc1fcae6000 r-xp 00000000 08:01 18613952                   /usr/lib/jvm/java-6-openjdk/jre/lib/amd64/libnio.so
7fc1fcae6000-7fc1fcce5000 ---p 00008000 08:01 18613952                   /usr/lib/jvm/java-6-openjdk/jre/lib/amd64/libnio.so
7fc1fcce5000-7fc1fcce6000 r--p 00007000 08:01 18613952                   /usr/lib/jvm/java-6-openjdk/jre/lib/amd64/libnio.so
7fc1fcce6000-7fc1fcce7000 rw-p 00008000 08:01 18613952                   /usr/lib/jvm/java-6-openjdk/jre/lib/amd64/libnio.so
7fc1fcce7000-7fc1fccfc000 r-xp 00000000 08:01 18613951                   /usr/lib/jvm/java-6-openjdk/jre/lib/amd64/libnet.so
7fc1fccfc000-7fc1fcefb000 ---p 00015000 08:01 18613951                   /usr/lib/jvm/java-6-openjdk/jre/lib/amd64/libnet.so
7fc1fcefb000-7fc1fcefc000 r--p 00014000 08:01 18613951                   /usr/lib/jvm/java-6-openjdk/jre/lib/amd64/libnet.so
7fc1fcefc000-7fc1fcefd000 rw-p 00015000 08:01 18613951                   /usr/lib/jvm/java-6-openjdk/jre/lib/amd64/libnet.so
7fc1fcefd000-7fc1fcf01000 r--s 0002f000 08:01 22941597                   /home/d3orn/play-1.0.3.2/framework/lib/commons-lang.jar
7fc1fcf01000-7fc1fcf09000 r--s 0008a000 08:01 22941614                   /home/d3orn/play-1.0.3.2/framework/lib/javassist.jar
7fc1fcf09000-7fc1fcf0c000 r--s 00011000 08:01 22941603                   /home/d3orn/play-1.0.3.2/framework/lib/ezmorph-1.0.3.jar
7fc1fcf0c000-7fc1fcf0f000 r--s 00018000 08:01 22941596                   /home/d3orn/play-1.0.3.2/framework/lib/commons-io.jar
7fc1fcf0f000-7fc1fcf12000 r--s 0000a000 08:01 22941602                   /home/d3orn/play-1.0.3.2/framework/lib/ejb3-persistence.jar
7fc1fcf12000-7fc1fcf15000 r--s 00022000 08:01 22941613                   /home/d3orn/play-1.0.3.2/framework/lib/jamon-2.7.jar
7fc1fcf15000-7fc1fcf1b000 r--s 00049000 08:01 22941590                   /home/d3orn/play-1.0.3.2/framework/lib/cglib-nodep-2.2.jar
7fc1fcf1b000-7fc1fcf1e000 r--s 0001b000 08:01 22941608                   /home/d3orn/play-1.0.3.2/framework/lib/hibernate-entitymanager.jar
7fc1fcf1e000-7fc1fcf20000 r--s 00017000 08:01 22941583                   /home/d3orn/play-1.0.3.2/framework/lib/WikiText.jar
7fc1fcf20000-7fc1fcf22000 r--s 0000c000 08:01 22941585                   /home/d3orn/play-1.0.3.2/framework/lib/activation.jar
7fc1fcf22000-7fc1fcf27000 r--s 00040000 08:01 22941595                   /home/d3orn/play-1.0.3.2/framework/lib/commons-httpclient.jar
7fc1fcf27000-7fc1fcf2d000 r--s 00056000 08:01 22941610                   /home/d3orn/play-1.0.3.2/framework/lib/hibernate3-ast.jar
7fc1fcf2d000-7fc1fcf7c000 r--s 004b1000 08:01 22941604                   /home/d3orn/play-1.0.3.2/framework/lib/groovy-all-1.7.1.jar
7fc1fcf7c000-7fc1fcf7e000 r--s 00001000 08:01 22941618                   /home/d3orn/play-1.0.3.2/framework/lib/jsr107cache-1.0.jar
7fc1fcf7e000-7fc1fcf80000 r--s 00011000 08:01 22941584                   /home/d3orn/play-1.0.3.2/framework/lib/ZDB.jar
7fc1fcf80000-7fc1fcf8f000 r--s 00074000 08:01 22941616                   /home/d3orn/play-1.0.3.2/framework/lib/joda-time-1.6.jar
7fc1fcf8f000-7fc1fcf91000 r--s 0000a000 08:01 22941592                   /home/d3orn/play-1.0.3.2/framework/lib/commons-codec.jar
7fc1fcf91000-7fc1fcf98000 r--s 00059000 08:01 22941621                   /home/d3orn/play-1.0.3.2/framework/lib/log4j-1.2.15.jar
7fc1fcf98000-7fc1fcf9e000 r--s 00055000 08:01 22941624                   /home/d3orn/play-1.0.3.2/framework/lib/mail.jar
7fc1fcf9e000-7fc1fcfaa000 r--s 0014c000 08:01 22941599                   /home/d3orn/play-1.0.3.2/framework/lib/compiler-jdt.jar
7fc1fcfaa000-7fc1fcfac000 r--s 00003000 08:01 22941632                   /home/d3orn/play-1.0.3.2/framework/lib/slf4j-api-1.5.0.jar
7fc1fcfac000-7fc1fcfd0000 r--s 00473000 08:01 22941611                   /home/d3orn/play-1.0.3.2/framework/lib/hibernate3.jar
7fc1fcfd0000-7fc1fcfd4000 r--s 00020000 08:01 22941630                   /home/d3orn/play-1.0.3.2/framework/lib/play-imaging.jar
7fc1fcfd4000-7fc1fcfd9000 r--s 00023000 08:01 22941620                   /home/d3orn/play-1.0.3.2/framework/lib/junit-4.4.jar
7fc1fcfd9000-7fc1fcfdc000 r--s 0000f000 08:01 22941631                   /home/d3orn/play-1.0.3.2/framework/lib/provided-geronimo-servlet_2.5_spec-1.2.jar
7fc1fcfdc000-7fc1fcfe8000 r--s 00097000 08:01 22941623                   /home/d3orn/play-1.0.3.2/framework/lib/lucene-core-2.3.1.jar
7fc1fcfe8000-7fc1fcfeb000 r--s 0000e000 08:01 22941607                   /home/d3orn/play-1.0.3.2/framework/lib/hibernate-commons-annotations.jar
7fc1fcfeb000-7fc1fcff0000 r--s 00037000 08:01 22941625                   /home/d3orn/play-1.0.3.2/framework/lib/memcached-2.4.2.jar
7fc1fcff0000-7fc1fcff6000 r--s 0002c000 08:01 22941582                   /home/d3orn/play-1.0.3.2/framework/lib/SnakeYAML-1.2.jar
7fc1fcff6000-7fc1fd003000 r--s 0007c000 08:01 22941593                   /home/d3orn/play-1.0.3.2/framework/lib/commons-collections-3.1.jar
7fc1fd003000-7fc1fd009000 r--s 00041000 08:01 22941628                   /home/d3orn/play-1.0.3.2/framework/lib/oval-1.31.jar
7fc1fd009000-7fc1fd00e000 r--s 00040000 08:01 22941606                   /home/d3orn/play-1.0.3.2/framework/lib/hibernate-annotations.jar
7fc1fd00e000-7fc1fd016000 r--s 000a3000 08:01 22941612                   /home/d3orn/play-1.0.3.2/framework/lib/hsqldb.jar
7fc1fd016000-7fc1fd01c000 r--s 00067000 08:01 22941586                   /home/d3orn/play-1.0.3.2/framework/lib/antlr-2.7.6.jar
7fc1fd01c000-7fc1fd022000 r--s 00032000 08:01 22941615                   /home/d3orn/play-1.0.3.2/framework/lib/jaxen-1.1.jar
7fc1fd022000-7fc1fd028000 r--s 00024000 08:01 22941587                   /home/d3orn/play-1.0.3.2/framework/lib/asyncweb-common-0.9.0-SNAPSHOT.jar
7fc1fd028000-7fc1fd02a000 r--s 00015000 08:01 22941617                   /home/d3orn/play-1.0.3.2/framework/lib/jregex1.2_01.jar
7fc1fd02a000-7fc1fd035000 r--s 00071000 08:01 22941626                   /home/d3orn/play-1.0.3.2/framework/lib/mina-core-2.0.0-M2-SNAPSHOT.jar
7fc1fd035000-7fc1fd03c000 r--s 000aa000 08:01 22941627                   /home/d3orn/play-1.0.3.2/framework/lib/mysql-connector-java-5.1.8-bin.jar
7fc1fd03c000-7fc1fd041000 r--s 00048000 08:01 22941600                   /home/d3orn/play-1.0.3.2/framework/lib/dom4j-1.6.1.jar
7fc1fd041000-7fc1fd046000 r--s 0002a000 08:01 22941591                   /home/d3orn/play-1.0.3.2/framework/lib/commons-beanutils.jar
7fc1fd046000-7fc1fd04b000 r--s 0003c000 08:01 22941601                   /home/d3orn/play-1.0.3.2/framework/lib/ehcache-1.5.0.jar
7fc1fd04b000-7fc1fd04d000 r--s 00001000 08:01 22941619                   /home/d3orn/play-1.0.3.2/framework/lib/jta.jar
7fc1fd04d000-7fc1fd056000 r--s 00048000 08:01 22941588                   /home/d3orn/play-1.0.3.2/framework/lib/backport-util-concurrent-3.0.jar
7fc1fd056000-7fc1fd05a000 r--s 00023000 08:01 22941605                   /home/d3orn/play-1.0.3.2/framework/lib/gson-1.3.jar
7fc1fd05a000-7fc1fd05c000 r--s 00012000 08:01 22941622                   /home/d3orn/play-1.0.3.2/framework/lib/lucene-analyzers-2.3.1.jar
7fc1fd05c000-7fc1fd063000 r--s 00038000 08:01 22941634                   /home/d3orn/play-1.0.3.2/framework/lib/wikitext.core_1.1.1.jar
7fc1fd063000-7fc1fd06e000 r--s 0008a000 08:01 22941589                   /home/d3orn/play-1.0.3.2/framework/lib/c3p0-0.9.1.jar
7fc1fd06e000-7fc1fd06f000 ---p 00000000 00:00 0 
7fc1fd06f000-7fc1fd16f000 rw-p 00000000 00:00 0 
7fc1fd16f000-7fc1fd172000 ---p 00000000 00:00 0 
7fc1fd172000-7fc1fd270000 rw-p 00000000 00:00 0 
7fc1fd270000-7fc1fd273000 ---p 00000000 00:00 0 
7fc1fd273000-7fc1fd371000 rw-p 00000000 00:00 0 
7fc1fd371000-7fc1fd374000 ---p 00000000 00:00 0 
7fc1fd374000-7fc1fd472000 rw-p 00000000 00:00 0 
7fc1fd472000-7fc1fd475000 ---p 00000000 00:00 0 
7fc1fd475000-7fc1fd573000 rw-p 00000000 00:00 0 
7fc1fd573000-7fc1fd576000 ---p 00000000 00:00 0 
7fc1fd576000-7fc1fd674000 rw-p 00000000 00:00 0 
7fc1fd674000-7fc1fd678000 r-xp 00000000 08:01 18612475                   /usr/lib/jvm/java-6-openjdk/jre/lib/amd64/libdt_socket.so
7fc1fd678000-7fc1fd877000 ---p 00004000 08:01 18612475                   /usr/lib/jvm/java-6-openjdk/jre/lib/amd64/libdt_socket.so
7fc1fd877000-7fc1fd878000 r--p 00003000 08:01 18612475                   /usr/lib/jvm/java-6-openjdk/jre/lib/amd64/libdt_socket.so
7fc1fd878000-7fc1fd879000 rw-p 00004000 08:01 18612475                   /usr/lib/jvm/java-6-openjdk/jre/lib/amd64/libdt_socket.so
7fc1fd879000-7fc1fd87c000 ---p 00000000 00:00 0 
7fc1fd87c000-7fc1fd97a000 rw-p 00000000 00:00 0 
7fc1fd97a000-7fc1fd97d000 ---p 00000000 00:00 0 
7fc1fd97d000-7fc1fda7b000 rw-p 00000000 00:00 0 
7fc1fda7b000-7fc1fda7e000 ---p 00000000 00:00 0 
7fc1fda7e000-7fc1fdb7c000 rw-p 00000000 00:00 0 
7fc1fdb7c000-7fc1fdb7d000 ---p 00000000 00:00 0 
7fc1fdb7d000-7fc1fe5b9000 rw-p 00000000 00:00 0 
7fc1fe5b9000-7fc1fe74b000 r--s 03916000 08:01 18612322                   /usr/lib/jvm/java-6-openjdk/jre/lib/rt.jar
7fc1fe74b000-7fc1fe74c000 ---p 00000000 00:00 0 
7fc1fe74c000-7fc1fe84c000 rw-p 00000000 00:00 0 
7fc1fe84c000-7fc1fe84d000 ---p 00000000 00:00 0 
7fc1fe84d000-7fc1fe94d000 rw-p 00000000 00:00 0 
7fc1fe94d000-7fc1fe94e000 ---p 00000000 00:00 0 
7fc1fe94e000-7fc1fea4e000 rw-p 00000000 00:00 0 
7fc1fea4e000-7fc1fea4f000 ---p 00000000 00:00 0 
7fc1fea4f000-7fc1feb4f000 rw-p 00000000 00:00 0 
7fc1feb4f000-7fc1feb50000 ---p 00000000 00:00 0 
7fc1feb50000-7fc1fec50000 rw-p 00000000 00:00 0 
7fc1fec50000-7fc1fec51000 ---p 00000000 00:00 0 
7fc1fec51000-7fc1fed51000 rw-p 00000000 00:00 0 
7fc1fed51000-7fc1fed52000 ---p 00000000 00:00 0 
7fc1fed52000-7fc1fee52000 rw-p 00000000 00:00 0 
7fc1fee52000-7fc1fee53000 ---p 00000000 00:00 0 
7fc1fee53000-7fc1fef68000 rw-p 00000000 00:00 0 
7fc1fef68000-7fc1ff09d000 rw-p 00000000 00:00 0 
7fc1ff09d000-7fc1ff0b5000 rw-p 00000000 00:00 0 
7fc1ff0b5000-7fc1ff0f1000 rw-p 00000000 00:00 0 
7fc1ff0f1000-7fc1ff106000 rw-p 00000000 00:00 0 
7fc1ff106000-7fc1ff23a000 rw-p 00000000 00:00 0 
7fc1ff23a000-7fc1ff245000 rw-p 00000000 00:00 0 
7fc1ff245000-7fc1ff25e000 ---p 00000000 00:00 0 
7fc1ff25e000-7fc1ff2df000 rw-p 00000000 00:00 0 
7fc1ff2df000-7fc2021e0000 rw-p 00000000 00:00 0 
7fc2021e0000-7fc209ae0000 rw-p 00000000 00:00 0 
7fc209ae0000-7fc20c410000 rw-p 00000000 00:00 0 
7fc20c410000-7fc232d90000 rw-p 00000000 00:00 0 
7fc232d90000-7fc234110000 rw-p 00000000 00:00 0 
7fc234110000-7fc237360000 ---p 00000000 00:00 0 
7fc237360000-7fc2476e0000 rw-p 00000000 00:00 0 
7fc2476e1000-7fc2476e3000 r--s 0000b000 08:01 22941594                   /home/d3orn/play-1.0.3.2/framework/lib/commons-fileupload-1.2.jar
7fc2476e3000-7fc2476e5000 r--s 00001000 08:01 22941633                   /home/d3orn/play-1.0.3.2/framework/lib/slf4j-log4j12-1.5.0.jar
7fc2476e5000-7fc2476e8000 r--s 0000d000 08:01 22941609                   /home/d3orn/play-1.0.3.2/framework/lib/hibernate-validator.jar
7fc2476e8000-7fc2476ea000 r--s 0000d000 08:01 22941598                   /home/d3orn/play-1.0.3.2/framework/lib/commons-logging-1.1.1.jar
7fc2476ea000-7fc2476eb000 r--s 00000000 08:01 22941927                   /home/d3orn/play-1.0.3.2/modules/testrunner/lib/play-testrunner.jar
7fc2476eb000-7fc2476ed000 r--s 00009000 08:01 24773836                   /home/d3orn/play-1.0.3.2/modules/cobertura-2.0/lib/asm-3.0.jar
7fc2476ed000-7fc24770b000 rw-p 00000000 00:00 0 
7fc24770b000-7fc2477ad000 rw-p 00000000 00:00 0 
7fc2477ad000-7fc247f0d000 rwxp 00000000 00:00 0 
7fc247f0d000-7fc24a7ad000 rw-p 00000000 00:00 0 
7fc24a7ad000-7fc24a7b4000 r-xp 00000000 08:01 18613958                   /usr/lib/jvm/java-6-openjdk/jre/lib/amd64/libzip.so
7fc24a7b4000-7fc24a9b3000 ---p 00007000 08:01 18613958                   /usr/lib/jvm/java-6-openjdk/jre/lib/amd64/libzip.so
7fc24a9b3000-7fc24a9b4000 r--p 00006000 08:01 18613958                   /usr/lib/jvm/java-6-openjdk/jre/lib/amd64/libzip.so
7fc24a9b4000-7fc24a9b5000 rw-p 00007000 08:01 18613958                   /usr/lib/jvm/java-6-openjdk/jre/lib/amd64/libzip.so
7fc24a9b5000-7fc24a9c1000 r-xp 00000000 08:01 29622883                   /lib/libnss_files-2.11.1.so
7fc24a9c1000-7fc24abc0000 ---p 0000c000 08:01 29622883                   /lib/libnss_files-2.11.1.so
7fc24abc0000-7fc24abc1000 r--p 0000b000 08:01 29622883                   /lib/libnss_files-2.11.1.so
7fc24abc1000-7fc24abc2000 rw-p 0000c000 08:01 29622883                   /lib/libnss_files-2.11.1.so
7fc24abc2000-7fc24abcc000 r-xp 00000000 08:01 29622873                   /lib/libnss_nis-2.11.1.so
7fc24abcc000-7fc24adcb000 ---p 0000a000 08:01 29622873                   /lib/libnss_nis-2.11.1.so
7fc24adcb000-7fc24adcc000 r--p 00009000 08:01 29622873                   /lib/libnss_nis-2.11.1.so
7fc24adcc000-7fc24adcd000 rw-p 0000a000 08:01 29622873                   /lib/libnss_nis-2.11.1.so
7fc24adcd000-7fc24add5000 r-xp 00000000 08:01 29622872                   /lib/libnss_compat-2.11.1.so
7fc24add5000-7fc24afd4000 ---p 00008000 08:01 29622872                   /lib/libnss_compat-2.11.1.so
7fc24afd4000-7fc24afd5000 r--p 00007000 08:01 29622872                   /lib/libnss_compat-2.11.1.so
7fc24afd5000-7fc24afd6000 rw-p 00008000 08:01 29622872                   /lib/libnss_compat-2.11.1.so
7fc24afd6000-7fc24b0f4000 r--p 00000000 08:01 18095795                   /usr/lib/locale/en_US.utf8/LC_COLLATE
7fc24b0f4000-7fc24b0f7000 r-xp 00000000 08:01 18613953                   /usr/lib/jvm/java-6-openjdk/jre/lib/amd64/libnpt.so
7fc24b0f7000-7fc24b2f6000 ---p 00003000 08:01 18613953                   /usr/lib/jvm/java-6-openjdk/jre/lib/amd64/libnpt.so
7fc24b2f6000-7fc24b2f7000 r--p 00002000 08:01 18613953                   /usr/lib/jvm/java-6-openjdk/jre/lib/amd64/libnpt.so
7fc24b2f7000-7fc24b2f8000 rw-p 00003000 08:01 18613953                   /usr/lib/jvm/java-6-openjdk/jre/lib/amd64/libnpt.so
7fc24b2f8000-7fc24b301000 r-xp 00000000 08:01 18612584                   /usr/lib/jvm/java-6-openjdk/jre/lib/amd64/libinstrument.so
7fc24b301000-7fc24b501000 ---p 00009000 08:01 18612584                   /usr/lib/jvm/java-6-openjdk/jre/lib/amd64/libinstrument.so
7fc24b501000-7fc24b502000 r--p 00009000 08:01 18612584                   /usr/lib/jvm/java-6-openjdk/jre/lib/amd64/libinstrument.so
7fc24b502000-7fc24b503000 rw-p 0000a000 08:01 18612584                   /usr/lib/jvm/java-6-openjdk/jre/lib/amd64/libinstrument.so
7fc24b503000-7fc24b53c000 r-xp 00000000 08:01 18613498                   /usr/lib/jvm/java-6-openjdk/jre/lib/amd64/libjdwp.so
7fc24b53c000-7fc24b73b000 ---p 00039000 08:01 18613498                   /usr/lib/jvm/java-6-openjdk/jre/lib/amd64/libjdwp.so
7fc24b73b000-7fc24b73c000 r--p 00038000 08:01 18613498                   /usr/lib/jvm/java-6-openjdk/jre/lib/amd64/libjdwp.so
7fc24b73c000-7fc24b73d000 rw-p 00039000 08:01 18613498                   /usr/lib/jvm/java-6-openjdk/jre/lib/amd64/libjdwp.so
7fc24b73d000-7fc24b745000 r-xp 00000000 08:01 18613959                   /usr/lib/jvm/java-6-openjdk/jre/lib/amd64/native_threads/libhpi.so
7fc24b745000-7fc24b944000 ---p 00008000 08:01 18613959                   /usr/lib/jvm/java-6-openjdk/jre/lib/amd64/native_threads/libhpi.so
7fc24b944000-7fc24b945000 r--p 00007000 08:01 18613959                   /usr/lib/jvm/java-6-openjdk/jre/lib/amd64/native_threads/libhpi.so
7fc24b945000-7fc24b946000 rw-p 00008000 08:01 18613959                   /usr/lib/jvm/java-6-openjdk/jre/lib/amd64/native_threads/libhpi.so
7fc24b946000-7fc24b95d000 r-xp 00000000 08:01 29622442                   /lib/libnsl-2.11.1.so
7fc24b95d000-7fc24bb5c000 ---p 00017000 08:01 29622442                   /lib/libnsl-2.11.1.so
7fc24bb5c000-7fc24bb5d000 r--p 00016000 08:01 29622442                   /lib/libnsl-2.11.1.so
7fc24bb5d000-7fc24bb5e000 rw-p 00017000 08:01 29622442                   /lib/libnsl-2.11.1.so
7fc24bb5e000-7fc24bb60000 rw-p 00000000 00:00 0 
7fc24bb60000-7fc24bb8d000 r-xp 00000000 08:01 18613494                   /usr/lib/jvm/java-6-openjdk/jre/lib/amd64/libjava.so
7fc24bb8d000-7fc24bd8c000 ---p 0002d000 08:01 18613494                   /usr/lib/jvm/java-6-openjdk/jre/lib/amd64/libjava.so
7fc24bd8c000-7fc24bd8d000 r--p 0002c000 08:01 18613494                   /usr/lib/jvm/java-6-openjdk/jre/lib/amd64/libjava.so
7fc24bd8d000-7fc24bd90000 rw-p 0002d000 08:01 18613494                   /usr/lib/jvm/java-6-openjdk/jre/lib/amd64/libjava.so
7fc24bd90000-7fc24bd9f000 r-xp 00000000 08:01 18613957                   /usr/lib/jvm/java-6-openjdk/jre/lib/amd64/libverify.so
7fc24bd9f000-7fc24bf9e000 ---p 0000f000 08:01 18613957                   /usr/lib/jvm/java-6-openjdk/jre/lib/amd64/libverify.so
7fc24bf9e000-7fc24bfa0000 r--p 0000e000 08:01 18613957                   /usr/lib/jvm/java-6-openjdk/jre/lib/amd64/libverify.so
7fc24bfa0000-7fc24bfa1000 rw-p 00010000 08:01 18613957                   /usr/lib/jvm/java-6-openjdk/jre/lib/amd64/libverify.so
7fc24bfa1000-7fc24bfa8000 r-xp 00000000 08:01 29622868                   /lib/librt-2.11.1.so
7fc24bfa8000-7fc24c1a7000 ---p 00007000 08:01 29622868                   /lib/librt-2.11.1.so
7fc24c1a7000-7fc24c1a8000 r--p 00006000 08:01 29622868                   /lib/librt-2.11.1.so
7fc24c1a8000-7fc24c1a9000 rw-p 00007000 08:01 29622868                   /lib/librt-2.11.1.so
7fc24c1a9000-7fc24c22b000 r-xp 00000000 08:01 29622432                   /lib/libm-2.11.1.so
7fc24c22b000-7fc24c42a000 ---p 00082000 08:01 29622432                   /lib/libm-2.11.1.so
7fc24c42a000-7fc24c42b000 r--p 00081000 08:01 29622432                   /lib/libm-2.11.1.so
7fc24c42b000-7fc24c42c000 rw-p 00082000 08:01 29622432                   /lib/libm-2.11.1.so
7fc24c42c000-7fc24cc47000 r-xp 00000000 08:01 18613961                   /usr/lib/jvm/java-6-openjdk/jre/lib/amd64/server/libjvm.so
7fc24cc47000-7fc24ce46000 ---p 0081b000 08:01 18613961                   /usr/lib/jvm/java-6-openjdk/jre/lib/amd64/server/libjvm.so
7fc24ce46000-7fc24ceba000 r--p 0081a000 08:01 18613961                   /usr/lib/jvm/java-6-openjdk/jre/lib/amd64/server/libjvm.so
7fc24ceba000-7fc24ced4000 rw-p 0088e000 08:01 18613961                   /usr/lib/jvm/java-6-openjdk/jre/lib/amd64/server/libjvm.so
7fc24ced4000-7fc24cf0d000 rw-p 00000000 00:00 0 
7fc24cf0d000-7fc24d087000 r-xp 00000000 08:01 29622880                   /lib/libc-2.11.1.so
7fc24d087000-7fc24d286000 ---p 0017a000 08:01 29622880                   /lib/libc-2.11.1.so
7fc24d286000-7fc24d28a000 r--p 00179000 08:01 29622880                   /lib/libc-2.11.1.so
7fc24d28a000-7fc24d28b000 rw-p 0017d000 08:01 29622880                   /lib/libc-2.11.1.so
7fc24d28b000-7fc24d290000 rw-p 00000000 00:00 0 
7fc24d290000-7fc24d292000 r-xp 00000000 08:01 29622884                   /lib/libdl-2.11.1.so
7fc24d292000-7fc24d492000 ---p 00002000 08:01 29622884                   /lib/libdl-2.11.1.so
7fc24d492000-7fc24d493000 r--p 00002000 08:01 29622884                   /lib/libdl-2.11.1.so
7fc24d493000-7fc24d494000 rw-p 00003000 08:01 29622884                   /lib/libdl-2.11.1.so
7fc24d494000-7fc24d498000 r-xp 00000000 08:01 18612351                   /usr/lib/jvm/java-6-openjdk/jre/lib/amd64/jli/libjli.so
7fc24d498000-7fc24d697000 ---p 00004000 08:01 18612351                   /usr/lib/jvm/java-6-openjdk/jre/lib/amd64/jli/libjli.so
7fc24d697000-7fc24d698000 r--p 00003000 08:01 18612351                   /usr/lib/jvm/java-6-openjdk/jre/lib/amd64/jli/libjli.so
7fc24d698000-7fc24d699000 rw-p 00004000 08:01 18612351                   /usr/lib/jvm/java-6-openjdk/jre/lib/amd64/jli/libjli.so
7fc24d699000-7fc24d6b1000 r-xp 00000000 08:01 29622878                   /lib/libpthread-2.11.1.so
7fc24d6b1000-7fc24d8b0000 ---p 00018000 08:01 29622878                   /lib/libpthread-2.11.1.so
7fc24d8b0000-7fc24d8b1000 r--p 00017000 08:01 29622878                   /lib/libpthread-2.11.1.so
7fc24d8b1000-7fc24d8b2000 rw-p 00018000 08:01 29622878                   /lib/libpthread-2.11.1.so
7fc24d8b2000-7fc24d8b6000 rw-p 00000000 00:00 0 
7fc24d8b6000-7fc24d8cc000 r-xp 00000000 08:01 29622466                   /lib/libz.so.1.2.3.3
7fc24d8cc000-7fc24dacb000 ---p 00016000 08:01 29622466                   /lib/libz.so.1.2.3.3
7fc24dacb000-7fc24dacc000 r--p 00015000 08:01 29622466                   /lib/libz.so.1.2.3.3
7fc24dacc000-7fc24dacd000 rw-p 00016000 08:01 29622466                   /lib/libz.so.1.2.3.3
7fc24dacd000-7fc24daed000 r-xp 00000000 08:01 29622863                   /lib/ld-2.11.1.so
7fc24daed000-7fc24daee000 r--s 00001000 08:01 24773837                   /home/d3orn/play-1.0.3.2/modules/cobertura-2.0/lib/play-cobertura.jar
7fc24daee000-7fc24daf0000 r--s 00004000 08:01 24773834                   /home/d3orn/play-1.0.3.2/modules/cobertura-2.0/lib/asm-tree-3.0.jar
7fc24daf0000-7fc24daf3000 r--s 00030000 08:01 24773833                   /home/d3orn/play-1.0.3.2/modules/cobertura-2.0/lib/cobertura-main.jar
7fc24daf3000-7fc24daf7000 r--s 0007c000 08:01 18612827                   /usr/lib/jvm/java-6-openjdk/jre/lib/jsse.jar
7fc24daf7000-7fc24dafe000 r--s 00079000 08:01 22941635                   /home/d3orn/play-1.0.3.2/framework/play.jar
7fc24dafe000-7fc24db07000 r--s 00065000 08:01 18229017                   /usr/share/java/gnome-java-bridge.jar
7fc24db07000-7fc24db47000 rw-p 00000000 00:00 0 
7fc24db47000-7fc24db83000 rw-p 00000000 00:00 0 
7fc24db83000-7fc24dbc2000 r--p 00000000 08:01 18096017                   /usr/lib/locale/en_US.utf8/LC_CTYPE
7fc24dbc2000-7fc24dbc5000 ---p 00000000 00:00 0 
7fc24dbc5000-7fc24dcc8000 rw-p 00000000 00:00 0 
7fc24dcc8000-7fc24dcc9000 r--s 00015000 08:01 22941629                   /home/d3orn/play-1.0.3.2/framework/lib/play-SimpleCaptcha.jar
7fc24dcc9000-7fc24dccb000 r--s 0000e000 08:01 24773835                   /home/d3orn/play-1.0.3.2/modules/cobertura-2.0/lib/jakarta-oro-2.0.8.jar
7fc24dccb000-7fc24dccc000 rw-p 00000000 00:00 0 
7fc24dccc000-7fc24dccf000 r--s 0000f000 08:01 18612809                   /usr/lib/jvm/java-6-openjdk/jre/lib/ext/pulse-java.jar
7fc24dccf000-7fc24dcd7000 rw-s 00000000 08:01 15728833                   /tmp/hsperfdata_d3orn/2632
7fc24dcd7000-7fc24dcd8000 r--p 00000000 08:01 18096139                   /usr/lib/locale/en_US.utf8/LC_NUMERIC
7fc24dcd8000-7fc24dcd9000 r--p 00000000 08:01 18098299                   /usr/lib/locale/en_US.utf8/LC_TIME
7fc24dcd9000-7fc24dcda000 r--p 00000000 08:01 18098300                   /usr/lib/locale/en_US.utf8/LC_MONETARY
7fc24dcda000-7fc24dcdb000 r--p 00000000 08:01 18098301                   /usr/lib/locale/en_US.utf8/LC_MESSAGES/SYS_LC_MESSAGES
7fc24dcdb000-7fc24dcdc000 r--p 00000000 08:01 18095789                   /usr/lib/locale/en_US.utf8/LC_PAPER
7fc24dcdc000-7fc24dcdd000 r--p 00000000 08:01 18095709                   /usr/lib/locale/en_US.utf8/LC_NAME
7fc24dcdd000-7fc24dcde000 r--p 00000000 08:01 18098302                   /usr/lib/locale/en_US.utf8/LC_ADDRESS
7fc24dcde000-7fc24dcdf000 r--p 00000000 08:01 18098303                   /usr/lib/locale/en_US.utf8/LC_TELEPHONE
7fc24dcdf000-7fc24dce0000 r--p 00000000 08:01 18096071                   /usr/lib/locale/en_US.utf8/LC_MEASUREMENT
7fc24dce0000-7fc24dce7000 r--s 00000000 08:01 18093123                   /usr/lib/gconv/gconv-modules.cache
7fc24dce7000-7fc24dce8000 r--p 00000000 08:01 18098304                   /usr/lib/locale/en_US.utf8/LC_IDENTIFICATION
7fc24dce8000-7fc24dce9000 rw-p 00000000 00:00 0 
7fc24dce9000-7fc24dcea000 r--p 00000000 00:00 0 
7fc24dcea000-7fc24dcec000 rw-p 00000000 00:00 0 
7fc24dcec000-7fc24dced000 r--p 0001f000 08:01 29622863                   /lib/ld-2.11.1.so
7fc24dced000-7fc24dcee000 rw-p 00020000 08:01 29622863                   /lib/ld-2.11.1.so
7fc24dcee000-7fc24dcef000 rw-p 00000000 00:00 0 
7fff4f6b1000-7fff4f6c7000 rw-p 00000000 00:00 0                          [stack]
7fff4f778000-7fff4f779000 r-xp 00000000 00:00 0                          [vdso]
ffffffffff600000-ffffffffff601000 r-xp 00000000 00:00 0                  [vsyscall]

VM Arguments:
jvm_args: -javaagent:/home/d3orn/play-1.0.3.2/framework/play.jar -Dplay.debug=yes -Xrunjdwp:transport=dt_socket,address=8000,server=y,suspend=n -Xdebug -Dapplication.path=/home/d3orn/ese2010-team4/qa -Dplay.id=test 
java_command: play.server.Server
Launcher Type: SUN_STANDARD

Environment Variables:
PATH=/usr/local/sbin:/usr/local/bin:/usr/sbin:/usr/bin:/sbin:/bin:/usr/games
USERNAME=d3orn
LD_LIBRARY_PATH=/usr/lib/jvm/java-6-openjdk/jre/lib/amd64/server:/usr/lib/jvm/java-6-openjdk/jre/lib/amd64:/usr/lib/jvm/java-6-openjdk/jre/../lib/amd64
SHELL=/bin/bash
DISPLAY=:0.0

Signal Handlers:
SIGSEGV: [libjvm.so+0x6c2030], sa_mask[0]=0x7ffbfeff, sa_flags=0x10000004
SIGBUS: [libjvm.so+0x6c2030], sa_mask[0]=0x7ffbfeff, sa_flags=0x10000004
SIGFPE: [libjvm.so+0x58ca90], sa_mask[0]=0x7ffbfeff, sa_flags=0x10000004
SIGPIPE: [libjvm.so+0x58ca90], sa_mask[0]=0x7ffbfeff, sa_flags=0x10000004
SIGXFSZ: [libjvm.so+0x58ca90], sa_mask[0]=0x7ffbfeff, sa_flags=0x10000004
SIGILL: [libjvm.so+0x58ca90], sa_mask[0]=0x7ffbfeff, sa_flags=0x10000004
SIGUSR1: SIG_DFL, sa_mask[0]=0x00000000, sa_flags=0x00000000
SIGUSR2: [libjvm.so+0x58c1e0], sa_mask[0]=0x00000000, sa_flags=0x10000004
SIGHUP: [libjvm.so+0x58e8d0], sa_mask[0]=0x7ffbfeff, sa_flags=0x10000004
SIGINT: [libjvm.so+0x58e8d0], sa_mask[0]=0x7ffbfeff, sa_flags=0x10000004
SIGTERM: [libjvm.so+0x58e8d0], sa_mask[0]=0x7ffbfeff, sa_flags=0x10000004
SIGQUIT: [libjvm.so+0x58e8d0], sa_mask[0]=0x7ffbfeff, sa_flags=0x10000004


---------------  S Y S T E M  ---------------

OS:Ubuntu 10.04 (lucid)
uname:Linux 2.6.32-25-generic #45-Ubuntu SMP Sat Oct 16 19:52:42 UTC 2010 x86_64
libc:glibc 2.11.1 NPTL 2.11.1 
rlimit: STACK 8192k, CORE 0k, NPROC infinity, NOFILE 1024, AS infinity
load average:0.92 1.06 0.87

CPU:total 8 (8 cores per cpu, 2 threads per core) family 6 model 30 stepping 5, cmov, cx8, fxsr, mmx, sse, sse2, sse3, ssse3, sse4.1, sse4.2, popcnt, ht

Memory: 4k page, physical 4046404k(1439064k free), swap 11852792k(11852792k free)

vm_info: OpenJDK 64-Bit Server VM (16.0-b13) for linux-amd64 JRE (1.6.0_18-b18), built on Oct 25 2010 18:07:10 by "buildd" with gcc 4.4.3

time: Wed Dec 15 10:51:57 2010
elapsed time: 647 seconds

