#
# A fatal error has been detected by the Java Runtime Environment:
#
#  SIGSEGV (0xb) at pc=0x00007f0f8d248ca0, pid=6434, tid=139703437756176
#
# JRE version: 6.0_18-b18
# Java VM: OpenJDK 64-Bit Server VM (16.0-b13 mixed mode linux-amd64 )
# Derivative: IcedTea6 1.8.2
# Distribution: Ubuntu 10.04.1 LTS, package 6b18-1.8.2-4ubuntu2
# Problematic frame:
# V  [libjvm.so+0x50bca0]
#
# If you would like to submit a bug report, please include
# instructions how to reproduce the bug and visit:
#   https://bugs.launchpad.net/ubuntu/+source/openjdk-6/
#

---------------  T H R E A D  ---------------

Current thread (0x0000000000b75800):  JavaThread "CompilerThread1" daemon [_thread_in_native, id=6451, stack(0x00007f0f3db80000,0x00007f0f3dc81000)]

siginfo:si_signo=SIGSEGV: si_errno=0, si_code=1 (SEGV_MAPERR), si_addr=0x0000000000000008

Registers:
RAX=0x0000000000000000, RBX=0x00007f0f3dc7d900, RCX=0x00007f0f3996ffb0, RDX=0x0000000000002000
RSP=0x00007f0f3dc7c110, RBP=0x00007f0f3dc7c150, RSI=0x0000000002da5380, RDI=0x0000000000000000
R8 =0x0000000000f27370, R9 =0x0000000000e68b38, R10=0x0000000000000000, R11=0x00007f0f8d8a3e53
R12=0x0000000001a04fe8, R13=0x000000000117fb70, R14=0x00007f0f3dc7d920, R15=0x0000000000e6b6f0
RIP=0x00007f0f8d248ca0, EFL=0x0000000000010202, CSGSFS=0x0000000000000033, ERR=0x0000000000000004
  TRAPNO=0x000000000000000e

Top of Stack: (sp=0x00007f0f3dc7c110)
0x00007f0f3dc7c110:   00007f0f3dc7c430 0000000000001268
0x00007f0f3dc7c120:   00007f0f3dc7c150 00007f0f3dc7c3f0
0x00007f0f3dc7c130:   00007f0f3dc7d900 0000000001a04fe8
0x00007f0f3dc7c140:   0000000000000002 0000000001277218
0x00007f0f3dc7c150:   00007f0f3dc7c1c0 00007f0f8d249207
0x00007f0f3dc7c160:   0000000000000020 00007f0f00000001
0x00007f0f3dc7c170:   00007f0f3dc7e290 0000000000000000
0x00007f0f3dc7c180:   00007f0f3dc7c3d0 00007f0f3dc7c430
0x00007f0f3dc7c190:   0000000000001565 00007f0f3dc7d900
0x00007f0f3dc7c1a0:   00007f0f3dc7cef0 00007f0f3dc7c430
0x00007f0f3dc7c1b0:   00007f0f3dc7c3d0 0000000000000000
0x00007f0f3dc7c1c0:   00007f0f3dc7c490 00007f0f8d24c750
0x00007f0f3dc7c1d0:   00007f0f3dc7cef0 000000000215a990
0x00007f0f3dc7c1e0:   00007f0f3dc7cef0 0000000000001553
0x00007f0f3dc7c1f0:   000000000000ab90 00007f0f8d7cdd7c
0x00007f0f3dc7c200:   01007f0f3dc7c260 00007f0f3dc7c3f0
0x00007f0f3dc7c210:   00007f0f3dc7c230 00007f0f8d3cefb6
0x00007f0f3dc7c220:   0000000000add100 00007f0f3aa66de0
0x00007f0f3dc7c230:   00007f0f3dc7c250 00007f0f8d3cefb6
0x00007f0f3dc7c240:   0000000000add100 00007f0f3aa66de0
0x00007f0f3dc7c250:   0000000001214db0 00007f0f3aa66de0
0x00007f0f3dc7c260:   00007f0f3dc7c270 00007f0f8d3ce24d
0x00007f0f3dc7c270:   00007f0f3dc7c2d0 00007f0f8d06a40e
0x00007f0f3dc7c280:   0000000000000000 89783d05000f9598
0x00007f0f3dc7c290:   0000000000000000 000000008d3d2818
0x00007f0f3dc7c2a0:   00007f0f88ca6bff 00000000010f9598
0x00007f0f3dc7c2b0:   00007f0f8d7d8758 00007f0f3aa66de0
0x00007f0f3dc7c2c0:   00007f0f399681e0 0000000000add1b0
0x00007f0f3dc7c2d0:   00000000010f9598 00007f0f8d3cfa03
0x00007f0f3dc7c2e0:   0000000000add1b0 0000000000000000
0x00007f0f3dc7c2f0:   0000000000000001 0000000000e6d268
0x00007f0f3dc7c300:   00007f0f3dc7c390 00007f0f8d27e24c 

Instructions: (pc=0x00007f0f8d248ca0)
0x00007f0f8d248c90:   89 f6 48 c1 e6 03 48 03 b3 d0 09 00 00 48 8b 06
0x00007f0f8d248ca0:   48 8b 50 08 48 83 3a 00 75 27 8b 4b 28 0f 1f 00 

Stack: [0x00007f0f3db80000,0x00007f0f3dc81000],  sp=0x00007f0f3dc7c110,  free space=3f00000000000000030k
Native frames: (J=compiled Java code, j=interpreted, Vv=VM code, C=native code)
V  [libjvm.so+0x50bca0]
V  [libjvm.so+0x50c207]
V  [libjvm.so+0x50f750]
V  [libjvm.so+0x2b7a9b]
V  [libjvm.so+0x2b85ea]
V  [libjvm.so+0x246f7c]
V  [libjvm.so+0x2bd4ca]
V  [libjvm.so+0x2bdaef]
V  [libjvm.so+0x687d0b]
V  [libjvm.so+0x58fff2]


Current CompileTask:
C2:1074      jregex.Pretokenizer.next()V (1064 bytes)


---------------  P R O C E S S  ---------------

Java Threads: ( => current thread )
  0x00007f0f38cfc000 JavaThread "File Reaper" daemon [_thread_blocked, id=6468, stack(0x00007f0f3cee7000,0x00007f0f3cfe8000)]
  0x000000000214d800 JavaThread "com.mchange.v2.async.ThreadPoolAsynchronousRunner$PoolThread-#2" daemon [_thread_blocked, id=6462, stack(0x00007f0f3c57c000,0x00007f0f3c67d000)]
  0x00000000019bd000 JavaThread "com.mchange.v2.async.ThreadPoolAsynchronousRunner$PoolThread-#1" daemon [_thread_blocked, id=6461, stack(0x00007f0f3c67d000,0x00007f0f3c77e000)]
  0x000000000304f800 JavaThread "com.mchange.v2.async.ThreadPoolAsynchronousRunner$PoolThread-#0" daemon [_thread_blocked, id=6460, stack(0x00007f0f3c77e000,0x00007f0f3c87f000)]
  0x0000000002d59000 JavaThread "Timer-0" daemon [_thread_blocked, id=6459, stack(0x00007f0f3c87f000,0x00007f0f3c980000)]
  0x0000000000e79800 JavaThread "pool-3-thread-1" [_thread_in_Java, id=6457, stack(0x00007f0f3cff2000,0x00007f0f3d0f3000)]
  0x00000000013a2000 JavaThread "NioProcessor-1" [_thread_in_native, id=6456, stack(0x00007f0f3d0f3000,0x00007f0f3d1f4000)]
  0x0000000000a8c800 JavaThread "DestroyJavaVM" [_thread_blocked, id=6435, stack(0x00007f0f8e4d3000,0x00007f0f8e5d4000)]
  0x0000000000fa9800 JavaThread "NioSocketAcceptor-1" [_thread_in_native, id=6455, stack(0x00007f0f3d1f4000,0x00007f0f3d2f5000)]
  0x00000000010e5000 JavaThread "NioSocketAcceptor-1-idleStatusChecker" [_thread_blocked, id=6454, stack(0x00007f0f3d2f5000,0x00007f0f3d3f6000)]
  0x00007f0f38003000 JavaThread "Low Memory Detector" daemon [_thread_blocked, id=6452, stack(0x00007f0f3da7f000,0x00007f0f3db80000)]
=>0x0000000000b75800 JavaThread "CompilerThread1" daemon [_thread_in_native, id=6451, stack(0x00007f0f3db80000,0x00007f0f3dc81000)]
  0x0000000000b72800 JavaThread "CompilerThread0" daemon [_thread_in_native, id=6450, stack(0x00007f0f3dc81000,0x00007f0f3dd82000)]
  0x0000000000b5d000 JavaThread "JDWP Event Helper Thread" daemon [_thread_blocked, id=6449, stack(0x00007f0f3dd82000,0x00007f0f3de83000)]
  0x0000000000b59800 JavaThread "JDWP Transport Listener: dt_socket" daemon [_thread_in_native, id=6448, stack(0x00007f0f3de83000,0x00007f0f3df84000)]
  0x0000000000b26000 JavaThread "Signal Dispatcher" daemon [_thread_blocked, id=6447, stack(0x00007f0f3e189000,0x00007f0f3e28a000)]
  0x0000000000b08000 JavaThread "Finalizer" daemon [_thread_blocked, id=6446, stack(0x00007f0f3e28a000,0x00007f0f3e38b000)]
  0x0000000000b00800 JavaThread "Reference Handler" daemon [_thread_blocked, id=6445, stack(0x00007f0f3e38b000,0x00007f0f3e48c000)]

Other Threads:
  0x0000000000afc000 VMThread [stack: 0x00007f0f3e48c000,0x00007f0f3e58d000] [id=6444]
  0x00007f0f38005800 WatcherThread [stack: 0x00007f0f3d97e000,0x00007f0f3da7f000] [id=6453]

VM state:not at safepoint (normal execution)

VM Mutex/Monitor currently owned by a thread: None

Heap
 PSYoungGen      total 25408K, used 8373K [0x00007f0f736a0000, 0x00007f0f757b0000, 0x00007f0f87ff0000)
  eden space 24000K, 29% used [0x00007f0f736a0000,0x00007f0f73d6fcc8,0x00007f0f74e10000)
  from space 1408K, 99% used [0x00007f0f75400000,0x00007f0f7555d810,0x00007f0f75560000)
  to   space 2368K, 0% used [0x00007f0f75560000,0x00007f0f75560000,0x00007f0f757b0000)
 PSOldGen        total 42176K, used 26285K [0x00007f0f4a3f0000, 0x00007f0f4cd20000, 0x00007f0f736a0000)
  object space 42176K, 62% used [0x00007f0f4a3f0000,0x00007f0f4bd9b540,0x00007f0f4cd20000)
 PSPermGen       total 41600K, used 41409K [0x00007f0f3fbf0000, 0x00007f0f42490000, 0x00007f0f4a3f0000)
  object space 41600K, 99% used [0x00007f0f3fbf0000,0x00007f0f42460798,0x00007f0f42490000)

Dynamic libraries:
00400000-00409000 r-xp 00000000 08:01 18615065                           /usr/lib/jvm/java-6-openjdk/jre/bin/java
00608000-00609000 r--p 00008000 08:01 18615065                           /usr/lib/jvm/java-6-openjdk/jre/bin/java
00609000-0060a000 rw-p 00009000 08:01 18615065                           /usr/lib/jvm/java-6-openjdk/jre/bin/java
00a7a000-03d7f000 rw-p 00000000 00:00 0                                  [heap]
7f0f30000000-7f0f30b30000 rw-p 00000000 00:00 0 
7f0f30b30000-7f0f34000000 ---p 00000000 00:00 0 
7f0f38000000-7f0f3bff9000 rw-p 00000000 00:00 0 
7f0f3bff9000-7f0f3c000000 ---p 00000000 00:00 0 
7f0f3c57c000-7f0f3c57f000 ---p 00000000 00:00 0 
7f0f3c57f000-7f0f3c67d000 rw-p 00000000 00:00 0 
7f0f3c67d000-7f0f3c680000 ---p 00000000 00:00 0 
7f0f3c680000-7f0f3c77e000 rw-p 00000000 00:00 0 
7f0f3c77e000-7f0f3c781000 ---p 00000000 00:00 0 
7f0f3c781000-7f0f3c87f000 rw-p 00000000 00:00 0 
7f0f3c87f000-7f0f3c882000 ---p 00000000 00:00 0 
7f0f3c882000-7f0f3c980000 rw-p 00000000 00:00 0 
7f0f3c980000-7f0f3c987000 r-xp 00000000 08:01 18613949                   /usr/lib/jvm/java-6-openjdk/jre/lib/amd64/libmanagement.so
7f0f3c987000-7f0f3cb86000 ---p 00007000 08:01 18613949                   /usr/lib/jvm/java-6-openjdk/jre/lib/amd64/libmanagement.so
7f0f3cb86000-7f0f3cb87000 r--p 00006000 08:01 18613949                   /usr/lib/jvm/java-6-openjdk/jre/lib/amd64/libmanagement.so
7f0f3cb87000-7f0f3cb88000 rw-p 00007000 08:01 18613949                   /usr/lib/jvm/java-6-openjdk/jre/lib/amd64/libmanagement.so
7f0f3cee7000-7f0f3ceea000 ---p 00000000 00:00 0 
7f0f3ceea000-7f0f3cfe8000 rw-p 00000000 00:00 0 
7f0f3cfe8000-7f0f3cfeb000 r--s 00031000 08:01 18612807                   /usr/lib/jvm/java-6-openjdk/jre/lib/ext/sunjce_provider.jar
7f0f3cfeb000-7f0f3cff2000 r--s 00102000 08:01 18612843                   /usr/lib/jvm/java-6-openjdk/jre/lib/resources.jar
7f0f3cff2000-7f0f3cff5000 ---p 00000000 00:00 0 
7f0f3cff5000-7f0f3d0f3000 rw-p 00000000 00:00 0 
7f0f3d0f3000-7f0f3d0f6000 ---p 00000000 00:00 0 
7f0f3d0f6000-7f0f3d1f4000 rw-p 00000000 00:00 0 
7f0f3d1f4000-7f0f3d1f7000 ---p 00000000 00:00 0 
7f0f3d1f7000-7f0f3d2f5000 rw-p 00000000 00:00 0 
7f0f3d2f5000-7f0f3d2f8000 ---p 00000000 00:00 0 
7f0f3d2f8000-7f0f3d3f6000 rw-p 00000000 00:00 0 
7f0f3d3f6000-7f0f3d3fe000 r-xp 00000000 08:01 18613952                   /usr/lib/jvm/java-6-openjdk/jre/lib/amd64/libnio.so
7f0f3d3fe000-7f0f3d5fd000 ---p 00008000 08:01 18613952                   /usr/lib/jvm/java-6-openjdk/jre/lib/amd64/libnio.so
7f0f3d5fd000-7f0f3d5fe000 r--p 00007000 08:01 18613952                   /usr/lib/jvm/java-6-openjdk/jre/lib/amd64/libnio.so
7f0f3d5fe000-7f0f3d5ff000 rw-p 00008000 08:01 18613952                   /usr/lib/jvm/java-6-openjdk/jre/lib/amd64/libnio.so
7f0f3d5ff000-7f0f3d614000 r-xp 00000000 08:01 18613951                   /usr/lib/jvm/java-6-openjdk/jre/lib/amd64/libnet.so
7f0f3d614000-7f0f3d813000 ---p 00015000 08:01 18613951                   /usr/lib/jvm/java-6-openjdk/jre/lib/amd64/libnet.so
7f0f3d813000-7f0f3d814000 r--p 00014000 08:01 18613951                   /usr/lib/jvm/java-6-openjdk/jre/lib/amd64/libnet.so
7f0f3d814000-7f0f3d815000 rw-p 00015000 08:01 18613951                   /usr/lib/jvm/java-6-openjdk/jre/lib/amd64/libnet.so
7f0f3d815000-7f0f3d819000 r--s 0002f000 08:01 22941597                   /home/d3orn/play-1.0.3.2/framework/lib/commons-lang.jar
7f0f3d819000-7f0f3d821000 r--s 0008a000 08:01 22941614                   /home/d3orn/play-1.0.3.2/framework/lib/javassist.jar
7f0f3d821000-7f0f3d824000 r--s 00011000 08:01 22941603                   /home/d3orn/play-1.0.3.2/framework/lib/ezmorph-1.0.3.jar
7f0f3d824000-7f0f3d827000 r--s 00018000 08:01 22941596                   /home/d3orn/play-1.0.3.2/framework/lib/commons-io.jar
7f0f3d827000-7f0f3d82a000 r--s 0000a000 08:01 22941602                   /home/d3orn/play-1.0.3.2/framework/lib/ejb3-persistence.jar
7f0f3d82a000-7f0f3d82d000 r--s 00022000 08:01 22941613                   /home/d3orn/play-1.0.3.2/framework/lib/jamon-2.7.jar
7f0f3d82d000-7f0f3d833000 r--s 00049000 08:01 22941590                   /home/d3orn/play-1.0.3.2/framework/lib/cglib-nodep-2.2.jar
7f0f3d833000-7f0f3d836000 r--s 0001b000 08:01 22941608                   /home/d3orn/play-1.0.3.2/framework/lib/hibernate-entitymanager.jar
7f0f3d836000-7f0f3d838000 r--s 00017000 08:01 22941583                   /home/d3orn/play-1.0.3.2/framework/lib/WikiText.jar
7f0f3d838000-7f0f3d83a000 r--s 0000c000 08:01 22941585                   /home/d3orn/play-1.0.3.2/framework/lib/activation.jar
7f0f3d83a000-7f0f3d83f000 r--s 00040000 08:01 22941595                   /home/d3orn/play-1.0.3.2/framework/lib/commons-httpclient.jar
7f0f3d83f000-7f0f3d845000 r--s 00056000 08:01 22941610                   /home/d3orn/play-1.0.3.2/framework/lib/hibernate3-ast.jar
7f0f3d845000-7f0f3d894000 r--s 004b1000 08:01 22941604                   /home/d3orn/play-1.0.3.2/framework/lib/groovy-all-1.7.1.jar
7f0f3d894000-7f0f3d896000 r--s 00001000 08:01 22941618                   /home/d3orn/play-1.0.3.2/framework/lib/jsr107cache-1.0.jar
7f0f3d896000-7f0f3d898000 r--s 00011000 08:01 22941584                   /home/d3orn/play-1.0.3.2/framework/lib/ZDB.jar
7f0f3d898000-7f0f3d8a7000 r--s 00074000 08:01 22941616                   /home/d3orn/play-1.0.3.2/framework/lib/joda-time-1.6.jar
7f0f3d8a7000-7f0f3d8a9000 r--s 0000a000 08:01 22941592                   /home/d3orn/play-1.0.3.2/framework/lib/commons-codec.jar
7f0f3d8a9000-7f0f3d8b0000 r--s 00059000 08:01 22941621                   /home/d3orn/play-1.0.3.2/framework/lib/log4j-1.2.15.jar
7f0f3d8b0000-7f0f3d8b6000 r--s 00055000 08:01 22941624                   /home/d3orn/play-1.0.3.2/framework/lib/mail.jar
7f0f3d8b6000-7f0f3d8c2000 r--s 0014c000 08:01 22941599                   /home/d3orn/play-1.0.3.2/framework/lib/compiler-jdt.jar
7f0f3d8c2000-7f0f3d8c4000 r--s 00003000 08:01 22941632                   /home/d3orn/play-1.0.3.2/framework/lib/slf4j-api-1.5.0.jar
7f0f3d8c4000-7f0f3d8e8000 r--s 00473000 08:01 22941611                   /home/d3orn/play-1.0.3.2/framework/lib/hibernate3.jar
7f0f3d8e8000-7f0f3d8ec000 r--s 00020000 08:01 22941630                   /home/d3orn/play-1.0.3.2/framework/lib/play-imaging.jar
7f0f3d8ec000-7f0f3d8f1000 r--s 00023000 08:01 22941620                   /home/d3orn/play-1.0.3.2/framework/lib/junit-4.4.jar
7f0f3d8f1000-7f0f3d8f4000 r--s 0000f000 08:01 22941631                   /home/d3orn/play-1.0.3.2/framework/lib/provided-geronimo-servlet_2.5_spec-1.2.jar
7f0f3d8f4000-7f0f3d900000 r--s 00097000 08:01 22941623                   /home/d3orn/play-1.0.3.2/framework/lib/lucene-core-2.3.1.jar
7f0f3d900000-7f0f3d903000 r--s 0000e000 08:01 22941607                   /home/d3orn/play-1.0.3.2/framework/lib/hibernate-commons-annotations.jar
7f0f3d903000-7f0f3d908000 r--s 00037000 08:01 22941625                   /home/d3orn/play-1.0.3.2/framework/lib/memcached-2.4.2.jar
7f0f3d908000-7f0f3d90e000 r--s 0002c000 08:01 22941582                   /home/d3orn/play-1.0.3.2/framework/lib/SnakeYAML-1.2.jar
7f0f3d90e000-7f0f3d91b000 r--s 0007c000 08:01 22941593                   /home/d3orn/play-1.0.3.2/framework/lib/commons-collections-3.1.jar
7f0f3d91b000-7f0f3d921000 r--s 00041000 08:01 22941628                   /home/d3orn/play-1.0.3.2/framework/lib/oval-1.31.jar
7f0f3d921000-7f0f3d923000 r--s 00015000 08:01 22941617                   /home/d3orn/play-1.0.3.2/framework/lib/jregex1.2_01.jar
7f0f3d924000-7f0f3d926000 r--s 00013000 08:01 18612823                   /usr/lib/jvm/java-6-openjdk/jre/lib/jce.jar
7f0f3d926000-7f0f3d92b000 r--s 00040000 08:01 22941606                   /home/d3orn/play-1.0.3.2/framework/lib/hibernate-annotations.jar
7f0f3d92b000-7f0f3d933000 r--s 000a3000 08:01 22941612                   /home/d3orn/play-1.0.3.2/framework/lib/hsqldb.jar
7f0f3d933000-7f0f3d939000 r--s 00067000 08:01 22941586                   /home/d3orn/play-1.0.3.2/framework/lib/antlr-2.7.6.jar
7f0f3d939000-7f0f3d93f000 r--s 00032000 08:01 22941615                   /home/d3orn/play-1.0.3.2/framework/lib/jaxen-1.1.jar
7f0f3d93f000-7f0f3d945000 r--s 00024000 08:01 22941587                   /home/d3orn/play-1.0.3.2/framework/lib/asyncweb-common-0.9.0-SNAPSHOT.jar
7f0f3d945000-7f0f3d950000 r--s 00071000 08:01 22941626                   /home/d3orn/play-1.0.3.2/framework/lib/mina-core-2.0.0-M2-SNAPSHOT.jar
7f0f3d950000-7f0f3d957000 r--s 000aa000 08:01 22941627                   /home/d3orn/play-1.0.3.2/framework/lib/mysql-connector-java-5.1.8-bin.jar
7f0f3d957000-7f0f3d95c000 r--s 00048000 08:01 22941600                   /home/d3orn/play-1.0.3.2/framework/lib/dom4j-1.6.1.jar
7f0f3d95c000-7f0f3d961000 r--s 0002a000 08:01 22941591                   /home/d3orn/play-1.0.3.2/framework/lib/commons-beanutils.jar
7f0f3d961000-7f0f3d966000 r--s 0003c000 08:01 22941601                   /home/d3orn/play-1.0.3.2/framework/lib/ehcache-1.5.0.jar
7f0f3d966000-7f0f3d968000 r--s 00001000 08:01 22941619                   /home/d3orn/play-1.0.3.2/framework/lib/jta.jar
7f0f3d968000-7f0f3d96a000 r--s 0000b000 08:01 22941594                   /home/d3orn/play-1.0.3.2/framework/lib/commons-fileupload-1.2.jar
7f0f3d96a000-7f0f3d973000 r--s 00048000 08:01 22941588                   /home/d3orn/play-1.0.3.2/framework/lib/backport-util-concurrent-3.0.jar
7f0f3d973000-7f0f3d977000 r--s 00023000 08:01 22941605                   /home/d3orn/play-1.0.3.2/framework/lib/gson-1.3.jar
7f0f3d977000-7f0f3d97e000 r--s 00038000 08:01 22941634                   /home/d3orn/play-1.0.3.2/framework/lib/wikitext.core_1.1.1.jar
7f0f3d97e000-7f0f3d97f000 ---p 00000000 00:00 0 
7f0f3d97f000-7f0f3da7f000 rw-p 00000000 00:00 0 
7f0f3da7f000-7f0f3da82000 ---p 00000000 00:00 0 
7f0f3da82000-7f0f3db80000 rw-p 00000000 00:00 0 
7f0f3db80000-7f0f3db83000 ---p 00000000 00:00 0 
7f0f3db83000-7f0f3dc81000 rw-p 00000000 00:00 0 
7f0f3dc81000-7f0f3dc84000 ---p 00000000 00:00 0 
7f0f3dc84000-7f0f3dd82000 rw-p 00000000 00:00 0 
7f0f3dd82000-7f0f3dd85000 ---p 00000000 00:00 0 
7f0f3dd85000-7f0f3de83000 rw-p 00000000 00:00 0 
7f0f3de83000-7f0f3de86000 ---p 00000000 00:00 0 
7f0f3de86000-7f0f3df84000 rw-p 00000000 00:00 0 
7f0f3df84000-7f0f3df88000 r-xp 00000000 08:01 18612475                   /usr/lib/jvm/java-6-openjdk/jre/lib/amd64/libdt_socket.so
7f0f3df88000-7f0f3e187000 ---p 00004000 08:01 18612475                   /usr/lib/jvm/java-6-openjdk/jre/lib/amd64/libdt_socket.so
7f0f3e187000-7f0f3e188000 r--p 00003000 08:01 18612475                   /usr/lib/jvm/java-6-openjdk/jre/lib/amd64/libdt_socket.so
7f0f3e188000-7f0f3e189000 rw-p 00004000 08:01 18612475                   /usr/lib/jvm/java-6-openjdk/jre/lib/amd64/libdt_socket.so
7f0f3e189000-7f0f3e18c000 ---p 00000000 00:00 0 
7f0f3e18c000-7f0f3e28a000 rw-p 00000000 00:00 0 
7f0f3e28a000-7f0f3e28d000 ---p 00000000 00:00 0 
7f0f3e28d000-7f0f3e38b000 rw-p 00000000 00:00 0 
7f0f3e38b000-7f0f3e38e000 ---p 00000000 00:00 0 
7f0f3e38e000-7f0f3e48c000 rw-p 00000000 00:00 0 
7f0f3e48c000-7f0f3e48d000 ---p 00000000 00:00 0 
7f0f3e48d000-7f0f3eec9000 rw-p 00000000 00:00 0 
7f0f3eec9000-7f0f3f05b000 r--s 03916000 08:01 18612322                   /usr/lib/jvm/java-6-openjdk/jre/lib/rt.jar
7f0f3f05b000-7f0f3f05c000 ---p 00000000 00:00 0 
7f0f3f05c000-7f0f3f15c000 rw-p 00000000 00:00 0 
7f0f3f15c000-7f0f3f15d000 ---p 00000000 00:00 0 
7f0f3f15d000-7f0f3f25d000 rw-p 00000000 00:00 0 
7f0f3f25d000-7f0f3f25e000 ---p 00000000 00:00 0 
7f0f3f25e000-7f0f3f35e000 rw-p 00000000 00:00 0 
7f0f3f35e000-7f0f3f35f000 ---p 00000000 00:00 0 
7f0f3f35f000-7f0f3f45f000 rw-p 00000000 00:00 0 
7f0f3f45f000-7f0f3f460000 ---p 00000000 00:00 0 
7f0f3f460000-7f0f3f560000 rw-p 00000000 00:00 0 
7f0f3f560000-7f0f3f561000 ---p 00000000 00:00 0 
7f0f3f561000-7f0f3f661000 rw-p 00000000 00:00 0 
7f0f3f661000-7f0f3f662000 ---p 00000000 00:00 0 
7f0f3f662000-7f0f3f762000 rw-p 00000000 00:00 0 
7f0f3f762000-7f0f3f763000 ---p 00000000 00:00 0 
7f0f3f763000-7f0f3f878000 rw-p 00000000 00:00 0 
7f0f3f878000-7f0f3f9ad000 rw-p 00000000 00:00 0 
7f0f3f9ad000-7f0f3f9c2000 rw-p 00000000 00:00 0 
7f0f3f9c2000-7f0f3fa01000 rw-p 00000000 00:00 0 
7f0f3fa01000-7f0f3fa16000 rw-p 00000000 00:00 0 
7f0f3fa16000-7f0f3fb4a000 rw-p 00000000 00:00 0 
7f0f3fb4a000-7f0f3fb5b000 rw-p 00000000 00:00 0 
7f0f3fb5b000-7f0f3fb60000 ---p 00000000 00:00 0 
7f0f3fb60000-7f0f3fbef000 rw-p 00000000 00:00 0 
7f0f3fbef000-7f0f42490000 rw-p 00000000 00:00 0 
7f0f42490000-7f0f4a3f0000 rw-p 00000000 00:00 0 
7f0f4a3f0000-7f0f4cd20000 rw-p 00000000 00:00 0 
7f0f4cd20000-7f0f736a0000 rw-p 00000000 00:00 0 
7f0f736a0000-7f0f757b0000 rw-p 00000000 00:00 0 
7f0f757b0000-7f0f761e0000 ---p 00000000 00:00 0 
7f0f761e0000-7f0f87ff0000 rw-p 00000000 00:00 0 
7f0f87ff1000-7f0f87ff3000 r--s 00001000 08:01 22941633                   /home/d3orn/play-1.0.3.2/framework/lib/slf4j-log4j12-1.5.0.jar
7f0f87ff3000-7f0f87ffe000 r--s 0008a000 08:01 22941589                   /home/d3orn/play-1.0.3.2/framework/lib/c3p0-0.9.1.jar
7f0f87ffe000-7f0f88011000 rw-p 00000000 00:00 0 
7f0f88011000-7f0f880be000 rw-p 00000000 00:00 0 
7f0f880be000-7f0f8857e000 rwxp 00000000 00:00 0 
7f0f8857e000-7f0f8b0be000 rw-p 00000000 00:00 0 
7f0f8b0be000-7f0f8b0c5000 r-xp 00000000 08:01 18613958                   /usr/lib/jvm/java-6-openjdk/jre/lib/amd64/libzip.so
7f0f8b0c5000-7f0f8b2c4000 ---p 00007000 08:01 18613958                   /usr/lib/jvm/java-6-openjdk/jre/lib/amd64/libzip.so
7f0f8b2c4000-7f0f8b2c5000 r--p 00006000 08:01 18613958                   /usr/lib/jvm/java-6-openjdk/jre/lib/amd64/libzip.so
7f0f8b2c5000-7f0f8b2c6000 rw-p 00007000 08:01 18613958                   /usr/lib/jvm/java-6-openjdk/jre/lib/amd64/libzip.so
7f0f8b2c6000-7f0f8b2d2000 r-xp 00000000 08:01 29622883                   /lib/libnss_files-2.11.1.so
7f0f8b2d2000-7f0f8b4d1000 ---p 0000c000 08:01 29622883                   /lib/libnss_files-2.11.1.so
7f0f8b4d1000-7f0f8b4d2000 r--p 0000b000 08:01 29622883                   /lib/libnss_files-2.11.1.so
7f0f8b4d2000-7f0f8b4d3000 rw-p 0000c000 08:01 29622883                   /lib/libnss_files-2.11.1.so
7f0f8b4d3000-7f0f8b4dd000 r-xp 00000000 08:01 29622873                   /lib/libnss_nis-2.11.1.so
7f0f8b4dd000-7f0f8b6dc000 ---p 0000a000 08:01 29622873                   /lib/libnss_nis-2.11.1.so
7f0f8b6dc000-7f0f8b6dd000 r--p 00009000 08:01 29622873                   /lib/libnss_nis-2.11.1.so
7f0f8b6dd000-7f0f8b6de000 rw-p 0000a000 08:01 29622873                   /lib/libnss_nis-2.11.1.so
7f0f8b6de000-7f0f8b6e6000 r-xp 00000000 08:01 29622872                   /lib/libnss_compat-2.11.1.so
7f0f8b6e6000-7f0f8b8e5000 ---p 00008000 08:01 29622872                   /lib/libnss_compat-2.11.1.so
7f0f8b8e5000-7f0f8b8e6000 r--p 00007000 08:01 29622872                   /lib/libnss_compat-2.11.1.so
7f0f8b8e6000-7f0f8b8e7000 rw-p 00008000 08:01 29622872                   /lib/libnss_compat-2.11.1.so
7f0f8b8e7000-7f0f8ba05000 r--p 00000000 08:01 18095795                   /usr/lib/locale/en_US.utf8/LC_COLLATE
7f0f8ba05000-7f0f8ba08000 r-xp 00000000 08:01 18613953                   /usr/lib/jvm/java-6-openjdk/jre/lib/amd64/libnpt.so
7f0f8ba08000-7f0f8bc07000 ---p 00003000 08:01 18613953                   /usr/lib/jvm/java-6-openjdk/jre/lib/amd64/libnpt.so
7f0f8bc07000-7f0f8bc08000 r--p 00002000 08:01 18613953                   /usr/lib/jvm/java-6-openjdk/jre/lib/amd64/libnpt.so
7f0f8bc08000-7f0f8bc09000 rw-p 00003000 08:01 18613953                   /usr/lib/jvm/java-6-openjdk/jre/lib/amd64/libnpt.so
7f0f8bc09000-7f0f8bc12000 r-xp 00000000 08:01 18612584                   /usr/lib/jvm/java-6-openjdk/jre/lib/amd64/libinstrument.so
7f0f8bc12000-7f0f8be12000 ---p 00009000 08:01 18612584                   /usr/lib/jvm/java-6-openjdk/jre/lib/amd64/libinstrument.so
7f0f8be12000-7f0f8be13000 r--p 00009000 08:01 18612584                   /usr/lib/jvm/java-6-openjdk/jre/lib/amd64/libinstrument.so
7f0f8be13000-7f0f8be14000 rw-p 0000a000 08:01 18612584                   /usr/lib/jvm/java-6-openjdk/jre/lib/amd64/libinstrument.so
7f0f8be14000-7f0f8be4d000 r-xp 00000000 08:01 18613498                   /usr/lib/jvm/java-6-openjdk/jre/lib/amd64/libjdwp.so
7f0f8be4d000-7f0f8c04c000 ---p 00039000 08:01 18613498                   /usr/lib/jvm/java-6-openjdk/jre/lib/amd64/libjdwp.so
7f0f8c04c000-7f0f8c04d000 r--p 00038000 08:01 18613498                   /usr/lib/jvm/java-6-openjdk/jre/lib/amd64/libjdwp.so
7f0f8c04d000-7f0f8c04e000 rw-p 00039000 08:01 18613498                   /usr/lib/jvm/java-6-openjdk/jre/lib/amd64/libjdwp.so
7f0f8c04e000-7f0f8c056000 r-xp 00000000 08:01 18613959                   /usr/lib/jvm/java-6-openjdk/jre/lib/amd64/native_threads/libhpi.so
7f0f8c056000-7f0f8c255000 ---p 00008000 08:01 18613959                   /usr/lib/jvm/java-6-openjdk/jre/lib/amd64/native_threads/libhpi.so
7f0f8c255000-7f0f8c256000 r--p 00007000 08:01 18613959                   /usr/lib/jvm/java-6-openjdk/jre/lib/amd64/native_threads/libhpi.so
7f0f8c256000-7f0f8c257000 rw-p 00008000 08:01 18613959                   /usr/lib/jvm/java-6-openjdk/jre/lib/amd64/native_threads/libhpi.so
7f0f8c257000-7f0f8c26e000 r-xp 00000000 08:01 29622442                   /lib/libnsl-2.11.1.so
7f0f8c26e000-7f0f8c46d000 ---p 00017000 08:01 29622442                   /lib/libnsl-2.11.1.so
7f0f8c46d000-7f0f8c46e000 r--p 00016000 08:01 29622442                   /lib/libnsl-2.11.1.so
7f0f8c46e000-7f0f8c46f000 rw-p 00017000 08:01 29622442                   /lib/libnsl-2.11.1.so
7f0f8c46f000-7f0f8c471000 rw-p 00000000 00:00 0 
7f0f8c471000-7f0f8c49e000 r-xp 00000000 08:01 18613494                   /usr/lib/jvm/java-6-openjdk/jre/lib/amd64/libjava.so
7f0f8c49e000-7f0f8c69d000 ---p 0002d000 08:01 18613494                   /usr/lib/jvm/java-6-openjdk/jre/lib/amd64/libjava.so
7f0f8c69d000-7f0f8c69e000 r--p 0002c000 08:01 18613494                   /usr/lib/jvm/java-6-openjdk/jre/lib/amd64/libjava.so
7f0f8c69e000-7f0f8c6a1000 rw-p 0002d000 08:01 18613494                   /usr/lib/jvm/java-6-openjdk/jre/lib/amd64/libjava.so
7f0f8c6a1000-7f0f8c6b0000 r-xp 00000000 08:01 18613957                   /usr/lib/jvm/java-6-openjdk/jre/lib/amd64/libverify.so
7f0f8c6b0000-7f0f8c8af000 ---p 0000f000 08:01 18613957                   /usr/lib/jvm/java-6-openjdk/jre/lib/amd64/libverify.so
7f0f8c8af000-7f0f8c8b1000 r--p 0000e000 08:01 18613957                   /usr/lib/jvm/java-6-openjdk/jre/lib/amd64/libverify.so
7f0f8c8b1000-7f0f8c8b2000 rw-p 00010000 08:01 18613957                   /usr/lib/jvm/java-6-openjdk/jre/lib/amd64/libverify.so
7f0f8c8b2000-7f0f8c8b9000 r-xp 00000000 08:01 29622868                   /lib/librt-2.11.1.so
7f0f8c8b9000-7f0f8cab8000 ---p 00007000 08:01 29622868                   /lib/librt-2.11.1.so
7f0f8cab8000-7f0f8cab9000 r--p 00006000 08:01 29622868                   /lib/librt-2.11.1.so
7f0f8cab9000-7f0f8caba000 rw-p 00007000 08:01 29622868                   /lib/librt-2.11.1.so
7f0f8caba000-7f0f8cb3c000 r-xp 00000000 08:01 29622432                   /lib/libm-2.11.1.so
7f0f8cb3c000-7f0f8cd3b000 ---p 00082000 08:01 29622432                   /lib/libm-2.11.1.so
7f0f8cd3b000-7f0f8cd3c000 r--p 00081000 08:01 29622432                   /lib/libm-2.11.1.so
7f0f8cd3c000-7f0f8cd3d000 rw-p 00082000 08:01 29622432                   /lib/libm-2.11.1.so
7f0f8cd3d000-7f0f8d558000 r-xp 00000000 08:01 18613961                   /usr/lib/jvm/java-6-openjdk/jre/lib/amd64/server/libjvm.so
7f0f8d558000-7f0f8d757000 ---p 0081b000 08:01 18613961                   /usr/lib/jvm/java-6-openjdk/jre/lib/amd64/server/libjvm.so
7f0f8d757000-7f0f8d7cb000 r--p 0081a000 08:01 18613961                   /usr/lib/jvm/java-6-openjdk/jre/lib/amd64/server/libjvm.so
7f0f8d7cb000-7f0f8d7e5000 rw-p 0088e000 08:01 18613961                   /usr/lib/jvm/java-6-openjdk/jre/lib/amd64/server/libjvm.so
7f0f8d7e5000-7f0f8d81e000 rw-p 00000000 00:00 0 
7f0f8d81e000-7f0f8d998000 r-xp 00000000 08:01 29622880                   /lib/libc-2.11.1.so
7f0f8d998000-7f0f8db97000 ---p 0017a000 08:01 29622880                   /lib/libc-2.11.1.so
7f0f8db97000-7f0f8db9b000 r--p 00179000 08:01 29622880                   /lib/libc-2.11.1.so
7f0f8db9b000-7f0f8db9c000 rw-p 0017d000 08:01 29622880                   /lib/libc-2.11.1.so
7f0f8db9c000-7f0f8dba1000 rw-p 00000000 00:00 0 
7f0f8dba1000-7f0f8dba3000 r-xp 00000000 08:01 29622884                   /lib/libdl-2.11.1.so
7f0f8dba3000-7f0f8dda3000 ---p 00002000 08:01 29622884                   /lib/libdl-2.11.1.so
7f0f8dda3000-7f0f8dda4000 r--p 00002000 08:01 29622884                   /lib/libdl-2.11.1.so
7f0f8dda4000-7f0f8dda5000 rw-p 00003000 08:01 29622884                   /lib/libdl-2.11.1.so
7f0f8dda5000-7f0f8dda9000 r-xp 00000000 08:01 18612351                   /usr/lib/jvm/java-6-openjdk/jre/lib/amd64/jli/libjli.so
7f0f8dda9000-7f0f8dfa8000 ---p 00004000 08:01 18612351                   /usr/lib/jvm/java-6-openjdk/jre/lib/amd64/jli/libjli.so
7f0f8dfa8000-7f0f8dfa9000 r--p 00003000 08:01 18612351                   /usr/lib/jvm/java-6-openjdk/jre/lib/amd64/jli/libjli.so
7f0f8dfa9000-7f0f8dfaa000 rw-p 00004000 08:01 18612351                   /usr/lib/jvm/java-6-openjdk/jre/lib/amd64/jli/libjli.so
7f0f8dfaa000-7f0f8dfc2000 r-xp 00000000 08:01 29622878                   /lib/libpthread-2.11.1.so
7f0f8dfc2000-7f0f8e1c1000 ---p 00018000 08:01 29622878                   /lib/libpthread-2.11.1.so
7f0f8e1c1000-7f0f8e1c2000 r--p 00017000 08:01 29622878                   /lib/libpthread-2.11.1.so
7f0f8e1c2000-7f0f8e1c3000 rw-p 00018000 08:01 29622878                   /lib/libpthread-2.11.1.so
7f0f8e1c3000-7f0f8e1c7000 rw-p 00000000 00:00 0 
7f0f8e1c7000-7f0f8e1dd000 r-xp 00000000 08:01 29622466                   /lib/libz.so.1.2.3.3
7f0f8e1dd000-7f0f8e3dc000 ---p 00016000 08:01 29622466                   /lib/libz.so.1.2.3.3
7f0f8e3dc000-7f0f8e3dd000 r--p 00015000 08:01 29622466                   /lib/libz.so.1.2.3.3
7f0f8e3dd000-7f0f8e3de000 rw-p 00016000 08:01 29622466                   /lib/libz.so.1.2.3.3
7f0f8e3de000-7f0f8e3fe000 r-xp 00000000 08:01 29622863                   /lib/ld-2.11.1.so
7f0f8e3fe000-7f0f8e3ff000 r--s 00015000 08:01 22941629                   /home/d3orn/play-1.0.3.2/framework/lib/play-SimpleCaptcha.jar
7f0f8e3ff000-7f0f8e401000 r--s 00012000 08:01 22941622                   /home/d3orn/play-1.0.3.2/framework/lib/lucene-analyzers-2.3.1.jar
7f0f8e401000-7f0f8e404000 r--s 0000d000 08:01 22941609                   /home/d3orn/play-1.0.3.2/framework/lib/hibernate-validator.jar
7f0f8e404000-7f0f8e408000 r--s 0007c000 08:01 18612827                   /usr/lib/jvm/java-6-openjdk/jre/lib/jsse.jar
7f0f8e408000-7f0f8e40f000 r--s 00079000 08:01 22941635                   /home/d3orn/play-1.0.3.2/framework/play.jar
7f0f8e40f000-7f0f8e418000 r--s 00065000 08:01 18229017                   /usr/share/java/gnome-java-bridge.jar
7f0f8e418000-7f0f8e455000 rw-p 00000000 00:00 0 
7f0f8e455000-7f0f8e494000 rw-p 00000000 00:00 0 
7f0f8e494000-7f0f8e4d3000 r--p 00000000 08:01 18096017                   /usr/lib/locale/en_US.utf8/LC_CTYPE
7f0f8e4d3000-7f0f8e4d6000 ---p 00000000 00:00 0 
7f0f8e4d6000-7f0f8e5d9000 rw-p 00000000 00:00 0 
7f0f8e5da000-7f0f8e5dc000 r--s 0000d000 08:01 22941598                   /home/d3orn/play-1.0.3.2/framework/lib/commons-logging-1.1.1.jar
7f0f8e5dc000-7f0f8e5dd000 rw-p 00000000 00:00 0 
7f0f8e5dd000-7f0f8e5e0000 r--s 0000f000 08:01 18612809                   /usr/lib/jvm/java-6-openjdk/jre/lib/ext/pulse-java.jar
7f0f8e5e0000-7f0f8e5e8000 rw-s 00000000 08:01 15728877                   /tmp/hsperfdata_d3orn/6434
7f0f8e5e8000-7f0f8e5e9000 r--p 00000000 08:01 18096139                   /usr/lib/locale/en_US.utf8/LC_NUMERIC
7f0f8e5e9000-7f0f8e5ea000 r--p 00000000 08:01 18098299                   /usr/lib/locale/en_US.utf8/LC_TIME
7f0f8e5ea000-7f0f8e5eb000 r--p 00000000 08:01 18098300                   /usr/lib/locale/en_US.utf8/LC_MONETARY
7f0f8e5eb000-7f0f8e5ec000 r--p 00000000 08:01 18098301                   /usr/lib/locale/en_US.utf8/LC_MESSAGES/SYS_LC_MESSAGES
7f0f8e5ec000-7f0f8e5ed000 r--p 00000000 08:01 18095789                   /usr/lib/locale/en_US.utf8/LC_PAPER
7f0f8e5ed000-7f0f8e5ee000 r--p 00000000 08:01 18095709                   /usr/lib/locale/en_US.utf8/LC_NAME
7f0f8e5ee000-7f0f8e5ef000 r--p 00000000 08:01 18098302                   /usr/lib/locale/en_US.utf8/LC_ADDRESS
7f0f8e5ef000-7f0f8e5f0000 r--p 00000000 08:01 18098303                   /usr/lib/locale/en_US.utf8/LC_TELEPHONE
7f0f8e5f0000-7f0f8e5f1000 r--p 00000000 08:01 18096071                   /usr/lib/locale/en_US.utf8/LC_MEASUREMENT
7f0f8e5f1000-7f0f8e5f8000 r--s 00000000 08:01 18093123                   /usr/lib/gconv/gconv-modules.cache
7f0f8e5f8000-7f0f8e5f9000 r--p 00000000 08:01 18098304                   /usr/lib/locale/en_US.utf8/LC_IDENTIFICATION
7f0f8e5f9000-7f0f8e5fa000 rw-p 00000000 00:00 0 
7f0f8e5fa000-7f0f8e5fb000 r--p 00000000 00:00 0 
7f0f8e5fb000-7f0f8e5fd000 rw-p 00000000 00:00 0 
7f0f8e5fd000-7f0f8e5fe000 r--p 0001f000 08:01 29622863                   /lib/ld-2.11.1.so
7f0f8e5fe000-7f0f8e5ff000 rw-p 00020000 08:01 29622863                   /lib/ld-2.11.1.so
7f0f8e5ff000-7f0f8e600000 rw-p 00000000 00:00 0 
7fff99410000-7fff99426000 rw-p 00000000 00:00 0                          [stack]
7fff995e4000-7fff995e5000 r-xp 00000000 00:00 0                          [vdso]
ffffffffff600000-ffffffffff601000 r-xp 00000000 00:00 0                  [vsyscall]

VM Arguments:
jvm_args: -javaagent:/home/d3orn/play-1.0.3.2/framework/play.jar -Dplay.debug=yes -Xrunjdwp:transport=dt_socket,address=8000,server=y,suspend=n -Xdebug -Dapplication.path=/home/d3orn/ese2010-team4/qa -Dplay.id= 
java_command: play.server.Server
Launcher Type: SUN_STANDARD

Environment Variables:
PATH=/usr/local/sbin:/usr/local/bin:/usr/sbin:/usr/bin:/sbin:/bin:/usr/games
USERNAME=d3orn
LD_LIBRARY_PATH=/usr/lib/jvm/java-6-openjdk/jre/lib/amd64/server:/usr/lib/jvm/java-6-openjdk/jre/lib/amd64:/usr/lib/jvm/java-6-openjdk/jre/../lib/amd64
SHELL=/bin/bash
DISPLAY=:0.0

Signal Handlers:
SIGSEGV: [libjvm.so+0x6c2030], sa_mask[0]=0x7ffbfeff, sa_flags=0x10000004
SIGBUS: [libjvm.so+0x6c2030], sa_mask[0]=0x7ffbfeff, sa_flags=0x10000004
SIGFPE: [libjvm.so+0x58ca90], sa_mask[0]=0x7ffbfeff, sa_flags=0x10000004
SIGPIPE: [libjvm.so+0x58ca90], sa_mask[0]=0x7ffbfeff, sa_flags=0x10000004
SIGXFSZ: [libjvm.so+0x58ca90], sa_mask[0]=0x7ffbfeff, sa_flags=0x10000004
SIGILL: [libjvm.so+0x58ca90], sa_mask[0]=0x7ffbfeff, sa_flags=0x10000004
SIGUSR1: SIG_DFL, sa_mask[0]=0x00000000, sa_flags=0x00000000
SIGUSR2: [libjvm.so+0x58c1e0], sa_mask[0]=0x00000000, sa_flags=0x10000004
SIGHUP: [libjvm.so+0x58e8d0], sa_mask[0]=0x7ffbfeff, sa_flags=0x10000004
SIGINT: [libjvm.so+0x58e8d0], sa_mask[0]=0x7ffbfeff, sa_flags=0x10000004
SIGTERM: [libjvm.so+0x58e8d0], sa_mask[0]=0x7ffbfeff, sa_flags=0x10000004
SIGQUIT: [libjvm.so+0x58e8d0], sa_mask[0]=0x7ffbfeff, sa_flags=0x10000004


---------------  S Y S T E M  ---------------

OS:Ubuntu 10.04 (lucid)
uname:Linux 2.6.32-25-generic #45-Ubuntu SMP Sat Oct 16 19:52:42 UTC 2010 x86_64
libc:glibc 2.11.1 NPTL 2.11.1 
rlimit: STACK 8192k, CORE 0k, NPROC infinity, NOFILE 1024, AS infinity
load average:0.80 0.97 1.00

CPU:total 8 (8 cores per cpu, 2 threads per core) family 6 model 30 stepping 5, cmov, cx8, fxsr, mmx, sse, sse2, sse3, ssse3, sse4.1, sse4.2, popcnt, ht

Memory: 4k page, physical 4046404k(799148k free), swap 11852792k(11852792k free)

vm_info: OpenJDK 64-Bit Server VM (16.0-b13) for linux-amd64 JRE (1.6.0_18-b18), built on Oct 25 2010 18:07:10 by "buildd" with gcc 4.4.3

time: Tue Nov 16 11:47:52 2010
elapsed time: 191 seconds

