#
# A fatal error has been detected by the Java Runtime Environment:
#
#  SIGSEGV (0xb) at pc=0x00007f851ad77ca0, pid=9548, tid=140208259417872
#
# JRE version: 6.0_18-b18
# Java VM: OpenJDK 64-Bit Server VM (16.0-b13 mixed mode linux-amd64 )
# Derivative: IcedTea6 1.8.2
# Distribution: Ubuntu 10.04.1 LTS, package 6b18-1.8.2-4ubuntu2
# Problematic frame:
# V  [libjvm.so+0x50bca0]
#
# If you would like to submit a bug report, please include
# instructions how to reproduce the bug and visit:
#   https://bugs.launchpad.net/ubuntu/+source/openjdk-6/
#

---------------  T H R E A D  ---------------

Current thread (0x00007f84c80b4000):  JavaThread "CompilerThread0" daemon [_thread_in_native, id=9564, stack(0x00007f84c76f4000,0x00007f84c77f5000)]

siginfo:si_signo=SIGSEGV: si_errno=0, si_code=1 (SEGV_MAPERR), si_addr=0x0000000000000008

Registers:
RAX=0x0000000000000000, RBX=0x00007f84c77f1a80, RCX=0x0000000001845de0, RDX=0x0000000000002000
RSP=0x00007f84c77f0290, RBP=0x00007f84c77f02d0, RSI=0x00007f84c0b9d420, RDI=0x0000000000000000
R8 =0x00007f84c09dce00, R9 =0x0000000001b1f160, R10=0x0000000000000000, R11=0x00007f851b3d2e53
R12=0x00007f84c0068a58, R13=0x000000000230c4a0, R14=0x00007f84c77f1aa0, R15=0x0000000001b21ea8
RIP=0x00007f851ad77ca0, EFL=0x0000000000010202, CSGSFS=0x0000000000000033, ERR=0x0000000000000004
  TRAPNO=0x000000000000000e

Top of Stack: (sp=0x00007f84c77f0290)
0x00007f84c77f0290:   00007f84c77f05b0 0000000000001394
0x00007f84c77f02a0:   00007f84c77f02d0 00007f84c77f0570
0x00007f84c77f02b0:   00007f84c77f1a80 00007f84c0068a58
0x00007f84c77f02c0:   0000000000000002 00007f84c0bfbfd8
0x00007f84c77f02d0:   00007f84c77f0340 00007f851ad78207
0x00007f84c77f02e0:   0000000000000020 00007f8400000001
0x00007f84c77f02f0:   00007f84c77f2410 0000000000000000
0x00007f84c77f0300:   00007f84c77f0550 00007f84c77f05b0
0x00007f84c77f0310:   0000000000001695 00007f84c77f1a80
0x00007f84c77f0320:   00007f84c77f1070 00007f84c77f05b0
0x00007f84c77f0330:   00007f84c77f0550 0000000000000000
0x00007f84c77f0340:   00007f84c77f0610 00007f851ad7b750
0x00007f84c77f0350:   00007f84c77f1070 00007f84c05b3f10
0x00007f84c77f0360:   00007f84c77f1070 0000000000001683
0x00007f84c77f0370:   000000000000b510 00007f851b2fcd7c
0x00007f84c77f0380:   01007f84c77f03e0 00007f84c77f0570
0x00007f84c77f0390:   00007f84c77f03b0 00007f851aefdfb6
0x00007f84c77f03a0:   00000000c8037630 00007f84c0a82bc0
0x00007f84c77f03b0:   00007f84c77f03d0 00007f851aefdfb6
0x00007f84c77f03c0:   00000000c8037630 00007f84c0a82bc0
0x00007f84c77f03d0:   0000000001851d90 00007f84c0a82bc0
0x00007f84c77f03e0:   00007f84c77f03f0 00007f851aefd24d
0x00007f84c77f03f0:   00007f84c77f0450 00007f851ab9940e
0x00007f84c77f0400:   0000000000000000 50cde2350076b608
0x00007f84c77f0410:   0000000000000000 000000001af01818
0x00007f84c77f0420:   00007f8488ca6bff 000000000176b608
0x00007f84c77f0430:   00007f84c77f0490 00007f851ac1ff91
0x00007f84c77f0440:   00007f84c77f0460 00007f84c00adc00
0x00007f84c77f0450:   00007f84c0335ab8 0000000002333408
0x00007f84c77f0460:   00007f84c77f0480 00000000013ee270
0x00007f84c77f0470:   00007f84c77f1070 00007f84c77f1070
0x00007f84c77f0480:   00007f84c0334f00 00000000013ee270 

Instructions: (pc=0x00007f851ad77ca0)
0x00007f851ad77c90:   89 f6 48 c1 e6 03 48 03 b3 d0 09 00 00 48 8b 06
0x00007f851ad77ca0:   48 8b 50 08 48 83 3a 00 75 27 8b 4b 28 0f 1f 00 

Stack: [0x00007f84c76f4000,0x00007f84c77f5000],  sp=0x00007f84c77f0290,  free space=3f00000000000000030k
Native frames: (J=compiled Java code, j=interpreted, Vv=VM code, C=native code)
V  [libjvm.so+0x50bca0]
V  [libjvm.so+0x50c207]
V  [libjvm.so+0x50f750]
V  [libjvm.so+0x2b7a9b]
V  [libjvm.so+0x2b85ea]
V  [libjvm.so+0x246f7c]
V  [libjvm.so+0x2bd4ca]
V  [libjvm.so+0x2bdaef]
V  [libjvm.so+0x687d0b]
V  [libjvm.so+0x58fff2]


Current CompileTask:
C2:924      jregex.Pretokenizer.next()V (1064 bytes)


---------------  P R O C E S S  ---------------

Java Threads: ( => current thread )
  0x0000000001452800 JavaThread "NioProcessor-1" [_thread_in_native, id=10697, stack(0x00007f84c6c22000,0x00007f84c6d23000)]
  0x00007f84c8699800 JavaThread "AWT-XAWT" daemon [_thread_in_native, id=9578, stack(0x00007f84bf3f2000,0x00007f84bf4f3000)]
  0x00007f84c800a800 JavaThread "Java2D Disposer" daemon [_thread_blocked, id=9577, stack(0x00007f84c463d000,0x00007f84c473e000)]
  0x00007f84c845b000 JavaThread "com.mchange.v2.async.ThreadPoolAsynchronousRunner$PoolThread-#2" daemon [_thread_blocked, id=9575, stack(0x00007f84c650e000,0x00007f84c660f000)]
  0x00007f84c85c2000 JavaThread "com.mchange.v2.async.ThreadPoolAsynchronousRunner$PoolThread-#1" daemon [_thread_blocked, id=9574, stack(0x00007f84c660f000,0x00007f84c6710000)]
  0x00007f84c870b800 JavaThread "com.mchange.v2.async.ThreadPoolAsynchronousRunner$PoolThread-#0" daemon [_thread_blocked, id=9573, stack(0x00007f84c6710000,0x00007f84c6811000)]
  0x00007f84c85ae800 JavaThread "Timer-0" daemon [_thread_blocked, id=9572, stack(0x00007f84c6811000,0x00007f84c6912000)]
  0x00000000013fe000 JavaThread "pool-3-thread-1" [_thread_in_Java, id=9571, stack(0x00007f84c6b21000,0x00007f84c6c22000)]
  0x00007f84c82e9800 JavaThread "DestroyJavaVM" [_thread_blocked, id=9549, stack(0x00007f851c002000,0x00007f851c103000)]
  0x00007f84c8305800 JavaThread "NioSocketAcceptor-1" [_thread_in_native, id=9569, stack(0x00007f84c6d23000,0x00007f84c6e24000)]
  0x00007f84c82ab800 JavaThread "NioSocketAcceptor-1-idleStatusChecker" [_thread_blocked, id=9568, stack(0x00007f84c6e24000,0x00007f84c6f25000)]
  0x00007f84c80b9800 JavaThread "Low Memory Detector" daemon [_thread_blocked, id=9566, stack(0x00007f84c74f2000,0x00007f84c75f3000)]
  0x00007f84c80b7000 JavaThread "CompilerThread1" daemon [_thread_blocked, id=9565, stack(0x00007f84c75f3000,0x00007f84c76f4000)]
=>0x00007f84c80b4000 JavaThread "CompilerThread0" daemon [_thread_in_native, id=9564, stack(0x00007f84c76f4000,0x00007f84c77f5000)]
  0x00007f84c80b1800 JavaThread "JDWP Event Helper Thread" daemon [_thread_blocked, id=9563, stack(0x00007f84c77f5000,0x00007f84c78f6000)]
  0x00007f84c80ae000 JavaThread "JDWP Transport Listener: dt_socket" daemon [_thread_in_native, id=9562, stack(0x00007f84c78f6000,0x00007f84c79f7000)]
  0x00007f84c807b000 JavaThread "Signal Dispatcher" daemon [_thread_blocked, id=9561, stack(0x00007f84c7bfc000,0x00007f84c7cfd000)]
  0x00007f84c805c800 JavaThread "Finalizer" daemon [_thread_blocked, id=9560, stack(0x00007f84c7cfd000,0x00007f84c7dfe000)]
  0x00007f84c805a800 JavaThread "Reference Handler" daemon [_thread_blocked, id=9559, stack(0x00007f84c7dfe000,0x00007f84c7eff000)]

Other Threads:
  0x00007f84c8056000 VMThread [stack: 0x00007f84c7eff000,0x00007f84c8000000] [id=9558]
  0x00007f84c80bc000 WatcherThread [stack: 0x00007f84c73f1000,0x00007f84c74f2000] [id=9567]

VM state:not at safepoint (normal execution)

VM Mutex/Monitor currently owned by a thread: None

Heap
 PSYoungGen      total 98304K, used 89385K [0x00007f85011d0000, 0x00007f8508250000, 0x00007f8515b20000)
  eden space 97792K, 90% used [0x00007f85011d0000,0x00007f850689a448,0x00007f8507150000)
  from space 512K, 100% used [0x00007f85075a0000,0x00007f8507620000,0x00007f8507620000)
  to   space 8192K, 0% used [0x00007f8507a50000,0x00007f8507a50000,0x00007f8508250000)
 PSOldGen        total 42176K, used 30451K [0x00007f84d7f20000, 0x00007f84da850000, 0x00007f85011d0000)
  object space 42176K, 72% used [0x00007f84d7f20000,0x00007f84d9cdcf60,0x00007f84da850000)
 PSPermGen       total 49088K, used 49019K [0x00007f84cd720000, 0x00007f84d0710000, 0x00007f84d7f20000)
  object space 49088K, 99% used [0x00007f84cd720000,0x00007f84d06fef38,0x00007f84d0710000)

Dynamic libraries:
00400000-00409000 r-xp 00000000 08:01 18615065                           /usr/lib/jvm/java-6-openjdk/jre/bin/java
00608000-00609000 r--p 00008000 08:01 18615065                           /usr/lib/jvm/java-6-openjdk/jre/bin/java
00609000-0060a000 rw-p 00009000 08:01 18615065                           /usr/lib/jvm/java-6-openjdk/jre/bin/java
01247000-0428c000 rw-p 00000000 00:00 0                                  [heap]
7f84beeb1000-7f84beebb000 r-xp 00000000 08:01 18613499                   /usr/lib/jvm/java-6-openjdk/jre/lib/amd64/libjpeg.so
7f84beebb000-7f84bf0ba000 ---p 0000a000 08:01 18613499                   /usr/lib/jvm/java-6-openjdk/jre/lib/amd64/libjpeg.so
7f84bf0ba000-7f84bf0bb000 r--p 00009000 08:01 18613499                   /usr/lib/jvm/java-6-openjdk/jre/lib/amd64/libjpeg.so
7f84bf0bb000-7f84bf0bc000 rw-p 0000a000 08:01 18613499                   /usr/lib/jvm/java-6-openjdk/jre/lib/amd64/libjpeg.so
7f84bf0bc000-7f84bf0ee000 r-xp 00000000 08:01 18613948                   /usr/lib/jvm/java-6-openjdk/jre/lib/amd64/liblcms.so
7f84bf0ee000-7f84bf2ed000 ---p 00032000 08:01 18613948                   /usr/lib/jvm/java-6-openjdk/jre/lib/amd64/liblcms.so
7f84bf2ed000-7f84bf2ee000 r--p 00031000 08:01 18613948                   /usr/lib/jvm/java-6-openjdk/jre/lib/amd64/liblcms.so
7f84bf2ee000-7f84bf2ef000 rw-p 00032000 08:01 18613948                   /usr/lib/jvm/java-6-openjdk/jre/lib/amd64/liblcms.so
7f84bf2ef000-7f84bf2f1000 rw-p 00000000 00:00 0 
7f84bf2f1000-7f84bf2f4000 ---p 00000000 00:00 0 
7f84bf2f4000-7f84bf3f2000 rw-p 00000000 00:00 0 
7f84bf3f2000-7f84bf3f5000 ---p 00000000 00:00 0 
7f84bf3f5000-7f84bf4f3000 rw-p 00000000 00:00 0 
7f84bf4f3000-7f84bf4f8000 r-xp 00000000 08:01 18090805                   /usr/lib/libXfixes.so.3.1.0
7f84bf4f8000-7f84bf6f7000 ---p 00005000 08:01 18090805                   /usr/lib/libXfixes.so.3.1.0
7f84bf6f7000-7f84bf6f8000 r--p 00004000 08:01 18090805                   /usr/lib/libXfixes.so.3.1.0
7f84bf6f8000-7f84bf6f9000 rw-p 00005000 08:01 18090805                   /usr/lib/libXfixes.so.3.1.0
7f84bf6f9000-7f84bf702000 r-xp 00000000 08:01 18090797                   /usr/lib/libXcursor.so.1.0.2
7f84bf702000-7f84bf901000 ---p 00009000 08:01 18090797                   /usr/lib/libXcursor.so.1.0.2
7f84bf901000-7f84bf902000 r--p 00008000 08:01 18090797                   /usr/lib/libXcursor.so.1.0.2
7f84bf902000-7f84bf903000 rw-p 00009000 08:01 18090797                   /usr/lib/libXcursor.so.1.0.2
7f84c0000000-7f84c3efe000 rw-p 00000000 00:00 0 
7f84c3efe000-7f84c4000000 ---p 00000000 00:00 0 
7f84c4185000-7f84c4186000 r--s 00000000 08:01 2883649                    /var/cache/fontconfig/c05880de57d1f5e948fdfacc138775d9-le64.cache-3
7f84c4186000-7f84c418f000 r--s 00000000 08:01 2883646                    /var/cache/fontconfig/945677eb7aeaf62f1d50efc3fb3ec7d8-le64.cache-3
7f84c418f000-7f84c4191000 r--s 00000000 08:01 2883647                    /var/cache/fontconfig/99e8ed0e538f840c565b6ed5dad60d56-le64.cache-3
7f84c4191000-7f84c4194000 r--s 00000000 08:01 2883656                    /var/cache/fontconfig/e383d7ea5fbe662a33d9b44caf393297-le64.cache-3
7f84c4194000-7f84c4195000 r--s 00000000 08:01 2883657                    /var/cache/fontconfig/e7071f4a29fa870f4323321c154eba04-le64.cache-3
7f84c4195000-7f84c4198000 r--s 00000000 08:01 2891611                    /var/cache/fontconfig/b5ea634b0fb353b8ea17632d1f9ef766-le64.cache-3
7f84c4198000-7f84c419c000 r--s 00000000 08:01 2883643                    /var/cache/fontconfig/6eb3985aa4124903f6ff08ba781cd364-le64.cache-3
7f84c419c000-7f84c419d000 r--s 00000000 08:01 2883639                    /var/cache/fontconfig/4c73fe0c47614734b17d736dbde7580a-le64.cache-3
7f84c419d000-7f84c419e000 r--s 00000000 08:01 2883633                    /var/cache/fontconfig/0d8c3b2ac0904cb8a57a757ad11a4a08-le64.cache-3
7f84c419e000-7f84c419f000 r--s 00000000 08:01 2883641                    /var/cache/fontconfig/6a53c69dea097a2d716e069445527da8-le64.cache-3
7f84c419f000-7f84c41a5000 r--s 00000000 08:01 2883648                    /var/cache/fontconfig/a755afe4a08bf5b97852ceb7400b47bc-le64.cache-3
7f84c41a5000-7f84c41ae000 r--s 00000000 08:01 2891862                    /var/cache/fontconfig/6d41288fd70b0be22e8c3a91e032eec0-le64.cache-3
7f84c41ae000-7f84c41be000 r--s 00000000 08:01 2883634                    /var/cache/fontconfig/0f34bcd4b6ee430af32735b75db7f02b-le64.cache-3
7f84c41be000-7f84c41c1000 r--s 00000000 08:01 2883653                    /var/cache/fontconfig/d60319d88cac85ba9e1a07bd06cfbb8c-le64.cache-3
7f84c41c1000-7f84c41c2000 r--s 00000000 08:01 2892747                    /var/cache/fontconfig/4794a0821666d79190d59a36cb4f44b5-le64.cache-3
7f84c41c2000-7f84c41cc000 r--s 00000000 08:01 2883652                    /var/cache/fontconfig/d52a8644073d54c13679302ca1180695-le64.cache-3
7f84c41cc000-7f84c41df000 r--s 00000000 08:01 2891445                    /var/cache/fontconfig/e13b20fdb08344e0e664864cc2ede53d-le64.cache-3
7f84c438c000-7f84c438d000 r--s 00000000 08:01 2883649                    /var/cache/fontconfig/c05880de57d1f5e948fdfacc138775d9-le64.cache-3
7f84c438d000-7f84c4396000 r--s 00000000 08:01 2883646                    /var/cache/fontconfig/945677eb7aeaf62f1d50efc3fb3ec7d8-le64.cache-3
7f84c4396000-7f84c4398000 r--s 00000000 08:01 2883647                    /var/cache/fontconfig/99e8ed0e538f840c565b6ed5dad60d56-le64.cache-3
7f84c4398000-7f84c439b000 r--s 00000000 08:01 2883656                    /var/cache/fontconfig/e383d7ea5fbe662a33d9b44caf393297-le64.cache-3
7f84c439b000-7f84c439c000 r--s 00000000 08:01 2883657                    /var/cache/fontconfig/e7071f4a29fa870f4323321c154eba04-le64.cache-3
7f84c439c000-7f84c439f000 r--s 00000000 08:01 2891611                    /var/cache/fontconfig/b5ea634b0fb353b8ea17632d1f9ef766-le64.cache-3
7f84c439f000-7f84c43a3000 r--s 00000000 08:01 2883643                    /var/cache/fontconfig/6eb3985aa4124903f6ff08ba781cd364-le64.cache-3
7f84c43a3000-7f84c43a4000 r--s 00000000 08:01 2883639                    /var/cache/fontconfig/4c73fe0c47614734b17d736dbde7580a-le64.cache-3
7f84c43a4000-7f84c43a5000 r--s 00000000 08:01 2883633                    /var/cache/fontconfig/0d8c3b2ac0904cb8a57a757ad11a4a08-le64.cache-3
7f84c43a5000-7f84c43a6000 r--s 00000000 08:01 2883641                    /var/cache/fontconfig/6a53c69dea097a2d716e069445527da8-le64.cache-3
7f84c43a6000-7f84c43ac000 r--s 00000000 08:01 2883648                    /var/cache/fontconfig/a755afe4a08bf5b97852ceb7400b47bc-le64.cache-3
7f84c43ac000-7f84c43b5000 r--s 00000000 08:01 2891862                    /var/cache/fontconfig/6d41288fd70b0be22e8c3a91e032eec0-le64.cache-3
7f84c43b5000-7f84c43c5000 r--s 00000000 08:01 2883634                    /var/cache/fontconfig/0f34bcd4b6ee430af32735b75db7f02b-le64.cache-3
7f84c43c5000-7f84c43c8000 r--s 00000000 08:01 2883653                    /var/cache/fontconfig/d60319d88cac85ba9e1a07bd06cfbb8c-le64.cache-3
7f84c43c8000-7f84c43c9000 r--s 00000000 08:01 2892747                    /var/cache/fontconfig/4794a0821666d79190d59a36cb4f44b5-le64.cache-3
7f84c43c9000-7f84c43d3000 r--s 00000000 08:01 2883652                    /var/cache/fontconfig/d52a8644073d54c13679302ca1180695-le64.cache-3
7f84c43d3000-7f84c43e6000 r--s 00000000 08:01 2891445                    /var/cache/fontconfig/e13b20fdb08344e0e664864cc2ede53d-le64.cache-3
7f84c4629000-7f84c463d000 r--s 00000000 08:01 2891444                    /var/cache/fontconfig/865f88548240fee46819705c6468c165-le64.cache-3
7f84c463d000-7f84c4640000 ---p 00000000 00:00 0 
7f84c4640000-7f84c473e000 rw-p 00000000 00:00 0 
7f84c473e000-7f84c4754000 r-xp 00000000 08:01 29622351                   /lib/libgcc_s.so.1
7f84c4754000-7f84c4953000 ---p 00016000 08:01 29622351                   /lib/libgcc_s.so.1
7f84c4953000-7f84c4954000 r--p 00015000 08:01 29622351                   /lib/libgcc_s.so.1
7f84c4954000-7f84c4955000 rw-p 00016000 08:01 29622351                   /lib/libgcc_s.so.1
7f84c4955000-7f84c49d5000 r-xp 00000000 08:01 18089136                   /usr/lib/libfreetype.so.6.3.22
7f84c49d5000-7f84c4bd5000 ---p 00080000 08:01 18089136                   /usr/lib/libfreetype.so.6.3.22
7f84c4bd5000-7f84c4bda000 r--p 00080000 08:01 18089136                   /usr/lib/libfreetype.so.6.3.22
7f84c4bda000-7f84c4bdb000 rw-p 00085000 08:01 18089136                   /usr/lib/libfreetype.so.6.3.22
7f84c4bdb000-7f84c4c22000 r-xp 00000000 08:01 18612555                   /usr/lib/jvm/java-6-openjdk/jre/lib/amd64/libfontmanager.so
7f84c4c22000-7f84c4e21000 ---p 00047000 08:01 18612555                   /usr/lib/jvm/java-6-openjdk/jre/lib/amd64/libfontmanager.so
7f84c4e21000-7f84c4e24000 r--p 00046000 08:01 18612555                   /usr/lib/jvm/java-6-openjdk/jre/lib/amd64/libfontmanager.so
7f84c4e24000-7f84c4e25000 rw-p 00049000 08:01 18612555                   /usr/lib/jvm/java-6-openjdk/jre/lib/amd64/libfontmanager.so
7f84c4e25000-7f84c4e37000 rw-p 00000000 00:00 0 
7f84c4e37000-7f84c4e3c000 r-xp 00000000 08:01 18090801                   /usr/lib/libXdmcp.so.6.0.0
7f84c4e3c000-7f84c503b000 ---p 00005000 08:01 18090801                   /usr/lib/libXdmcp.so.6.0.0
7f84c503b000-7f84c503c000 r--p 00004000 08:01 18090801                   /usr/lib/libXdmcp.so.6.0.0
7f84c503c000-7f84c503d000 rw-p 00005000 08:01 18090801                   /usr/lib/libXdmcp.so.6.0.0
7f84c503d000-7f84c503f000 r-xp 00000000 08:01 18090790                   /usr/lib/libXau.so.6.0.0
7f84c503f000-7f84c523f000 ---p 00002000 08:01 18090790                   /usr/lib/libXau.so.6.0.0
7f84c523f000-7f84c5240000 r--p 00002000 08:01 18090790                   /usr/lib/libXau.so.6.0.0
7f84c5240000-7f84c5241000 rw-p 00003000 08:01 18090790                   /usr/lib/libXau.so.6.0.0
7f84c5241000-7f84c525c000 r-xp 00000000 08:01 18091796                   /usr/lib/libxcb.so.1.1.0
7f84c525c000-7f84c545b000 ---p 0001b000 08:01 18091796                   /usr/lib/libxcb.so.1.1.0
7f84c545b000-7f84c545c000 r--p 0001a000 08:01 18091796                   /usr/lib/libxcb.so.1.1.0
7f84c545c000-7f84c545d000 rw-p 0001b000 08:01 18091796                   /usr/lib/libxcb.so.1.1.0
7f84c545d000-7f84c546c000 r-xp 00000000 08:01 18090811                   /usr/lib/libXi.so.6.1.0
7f84c546c000-7f84c566b000 ---p 0000f000 08:01 18090811                   /usr/lib/libXi.so.6.1.0
7f84c566b000-7f84c566c000 r--p 0000e000 08:01 18090811                   /usr/lib/libXi.so.6.1.0
7f84c566c000-7f84c566d000 rw-p 0000f000 08:01 18090811                   /usr/lib/libXi.so.6.1.0
7f84c566d000-7f84c5672000 r-xp 00000000 08:01 18090831                   /usr/lib/libXtst.so.6.1.0
7f84c5672000-7f84c5872000 ---p 00005000 08:01 18090831                   /usr/lib/libXtst.so.6.1.0
7f84c5872000-7f84c5873000 r--p 00005000 08:01 18090831                   /usr/lib/libXtst.so.6.1.0
7f84c5873000-7f84c5874000 rw-p 00006000 08:01 18090831                   /usr/lib/libXtst.so.6.1.0
7f84c5874000-7f84c587d000 r-xp 00000000 08:01 18090825                   /usr/lib/libXrender.so.1.3.0
7f84c587d000-7f84c5a7c000 ---p 00009000 08:01 18090825                   /usr/lib/libXrender.so.1.3.0
7f84c5a7c000-7f84c5a7d000 r--p 00008000 08:01 18090825                   /usr/lib/libXrender.so.1.3.0
7f84c5a7d000-7f84c5a7e000 rw-p 00009000 08:01 18090825                   /usr/lib/libXrender.so.1.3.0
7f84c5a7e000-7f84c5baf000 r-xp 00000000 08:01 18090786                   /usr/lib/libX11.so.6.3.0
7f84c5baf000-7f84c5daf000 ---p 00131000 08:01 18090786                   /usr/lib/libX11.so.6.3.0
7f84c5daf000-7f84c5db0000 r--p 00131000 08:01 18090786                   /usr/lib/libX11.so.6.3.0
7f84c5db0000-7f84c5db4000 rw-p 00132000 08:01 18090786                   /usr/lib/libX11.so.6.3.0
7f84c5db4000-7f84c5dc5000 r-xp 00000000 08:01 18090803                   /usr/lib/libXext.so.6.4.0
7f84c5dc5000-7f84c5fc4000 ---p 00011000 08:01 18090803                   /usr/lib/libXext.so.6.4.0
7f84c5fc4000-7f84c5fc5000 r--p 00010000 08:01 18090803                   /usr/lib/libXext.so.6.4.0
7f84c5fc5000-7f84c5fc6000 rw-p 00011000 08:01 18090803                   /usr/lib/libXext.so.6.4.0
7f84c5fcc000-7f84c5fd0000 r--s 00000000 08:01 2893045                    /var/cache/fontconfig/7ef2298fde41cc6eeb7af42e48b7d293-le64.cache-3
7f84c5fd0000-7f84c5fd4000 r--s 00000000 08:01 2893045                    /var/cache/fontconfig/7ef2298fde41cc6eeb7af42e48b7d293-le64.cache-3
7f84c5fd4000-7f84c5fe8000 r--s 00000000 08:01 2891444                    /var/cache/fontconfig/865f88548240fee46819705c6468c165-le64.cache-3
7f84c5fe8000-7f84c6034000 r-xp 00000000 08:01 18613535                   /usr/lib/jvm/java-6-openjdk/jre/lib/amd64/xawt/libmawt.so
7f84c6034000-7f84c6234000 ---p 0004c000 08:01 18613535                   /usr/lib/jvm/java-6-openjdk/jre/lib/amd64/xawt/libmawt.so
7f84c6234000-7f84c6235000 r--p 0004c000 08:01 18613535                   /usr/lib/jvm/java-6-openjdk/jre/lib/amd64/xawt/libmawt.so
7f84c6235000-7f84c6238000 rw-p 0004d000 08:01 18613535                   /usr/lib/jvm/java-6-openjdk/jre/lib/amd64/xawt/libmawt.so
7f84c6238000-7f84c6239000 rw-p 00000000 00:00 0 
7f84c6239000-7f84c62db000 r-xp 00000000 08:01 18612465                   /usr/lib/jvm/java-6-openjdk/jre/lib/amd64/libawt.so
7f84c62db000-7f84c64da000 ---p 000a2000 08:01 18612465                   /usr/lib/jvm/java-6-openjdk/jre/lib/amd64/libawt.so
7f84c64da000-7f84c64db000 r--p 000a1000 08:01 18612465                   /usr/lib/jvm/java-6-openjdk/jre/lib/amd64/libawt.so
7f84c64db000-7f84c64e6000 rw-p 000a2000 08:01 18612465                   /usr/lib/jvm/java-6-openjdk/jre/lib/amd64/libawt.so
7f84c64e6000-7f84c650b000 rw-p 00000000 00:00 0 
7f84c650b000-7f84c650e000 r--s 00031000 08:01 18612807                   /usr/lib/jvm/java-6-openjdk/jre/lib/ext/sunjce_provider.jar
7f84c650e000-7f84c6511000 ---p 00000000 00:00 0 
7f84c6511000-7f84c660f000 rw-p 00000000 00:00 0 
7f84c660f000-7f84c6612000 ---p 00000000 00:00 0 
7f84c6612000-7f84c6710000 rw-p 00000000 00:00 0 
7f84c6710000-7f84c6713000 ---p 00000000 00:00 0 
7f84c6713000-7f84c6811000 rw-p 00000000 00:00 0 
7f84c6811000-7f84c6814000 ---p 00000000 00:00 0 
7f84c6814000-7f84c6912000 rw-p 00000000 00:00 0 
7f84c6912000-7f84c6919000 r-xp 00000000 08:01 18613949                   /usr/lib/jvm/java-6-openjdk/jre/lib/amd64/libmanagement.so
7f84c6919000-7f84c6b18000 ---p 00007000 08:01 18613949                   /usr/lib/jvm/java-6-openjdk/jre/lib/amd64/libmanagement.so
7f84c6b18000-7f84c6b19000 r--p 00006000 08:01 18613949                   /usr/lib/jvm/java-6-openjdk/jre/lib/amd64/libmanagement.so
7f84c6b19000-7f84c6b1a000 rw-p 00007000 08:01 18613949                   /usr/lib/jvm/java-6-openjdk/jre/lib/amd64/libmanagement.so
7f84c6b1a000-7f84c6b21000 r--s 00102000 08:01 18612843                   /usr/lib/jvm/java-6-openjdk/jre/lib/resources.jar
7f84c6b21000-7f84c6b24000 ---p 00000000 00:00 0 
7f84c6b24000-7f84c6c22000 rw-p 00000000 00:00 0 
7f84c6c22000-7f84c6c25000 ---p 00000000 00:00 0 
7f84c6c25000-7f84c6d23000 rw-p 00000000 00:00 0 
7f84c6d23000-7f84c6d26000 ---p 00000000 00:00 0 
7f84c6d26000-7f84c6e24000 rw-p 00000000 00:00 0 
7f84c6e24000-7f84c6e27000 ---p 00000000 00:00 0 
7f84c6e27000-7f84c6f25000 rw-p 00000000 00:00 0 
7f84c6f25000-7f84c6f2d000 r-xp 00000000 08:01 18613952                   /usr/lib/jvm/java-6-openjdk/jre/lib/amd64/libnio.so
7f84c6f2d000-7f84c712c000 ---p 00008000 08:01 18613952                   /usr/lib/jvm/java-6-openjdk/jre/lib/amd64/libnio.so
7f84c712c000-7f84c712d000 r--p 00007000 08:01 18613952                   /usr/lib/jvm/java-6-openjdk/jre/lib/amd64/libnio.so
7f84c712d000-7f84c712e000 rw-p 00008000 08:01 18613952                   /usr/lib/jvm/java-6-openjdk/jre/lib/amd64/libnio.so
7f84c712e000-7f84c7143000 r-xp 00000000 08:01 18613951                   /usr/lib/jvm/java-6-openjdk/jre/lib/amd64/libnet.so
7f84c7143000-7f84c7342000 ---p 00015000 08:01 18613951                   /usr/lib/jvm/java-6-openjdk/jre/lib/amd64/libnet.so
7f84c7342000-7f84c7343000 r--p 00014000 08:01 18613951                   /usr/lib/jvm/java-6-openjdk/jre/lib/amd64/libnet.so
7f84c7343000-7f84c7344000 rw-p 00015000 08:01 18613951                   /usr/lib/jvm/java-6-openjdk/jre/lib/amd64/libnet.so
7f84c7344000-7f84c7348000 r--s 0002f000 08:01 22941597                   /home/d3orn/play-1.0.3.2/framework/lib/commons-lang.jar
7f84c7348000-7f84c7350000 r--s 0008a000 08:01 22941614                   /home/d3orn/play-1.0.3.2/framework/lib/javassist.jar
7f84c7350000-7f84c7353000 r--s 00011000 08:01 22941603                   /home/d3orn/play-1.0.3.2/framework/lib/ezmorph-1.0.3.jar
7f84c7353000-7f84c7356000 r--s 00018000 08:01 22941596                   /home/d3orn/play-1.0.3.2/framework/lib/commons-io.jar
7f84c7356000-7f84c7359000 r--s 0000a000 08:01 22941602                   /home/d3orn/play-1.0.3.2/framework/lib/ejb3-persistence.jar
7f84c7359000-7f84c735c000 r--s 00022000 08:01 22941613                   /home/d3orn/play-1.0.3.2/framework/lib/jamon-2.7.jar
7f84c735c000-7f84c7362000 r--s 00049000 08:01 22941590                   /home/d3orn/play-1.0.3.2/framework/lib/cglib-nodep-2.2.jar
7f84c7362000-7f84c7365000 r--s 0001b000 08:01 22941608                   /home/d3orn/play-1.0.3.2/framework/lib/hibernate-entitymanager.jar
7f84c7365000-7f84c7367000 r--s 00017000 08:01 22941583                   /home/d3orn/play-1.0.3.2/framework/lib/WikiText.jar
7f84c7367000-7f84c7369000 r--s 0000c000 08:01 22941585                   /home/d3orn/play-1.0.3.2/framework/lib/activation.jar
7f84c7369000-7f84c736e000 r--s 00040000 08:01 22941595                   /home/d3orn/play-1.0.3.2/framework/lib/commons-httpclient.jar
7f84c736e000-7f84c7374000 r--s 00056000 08:01 22941610                   /home/d3orn/play-1.0.3.2/framework/lib/hibernate3-ast.jar
7f84c7374000-7f84c73c3000 r--s 004b1000 08:01 22941604                   /home/d3orn/play-1.0.3.2/framework/lib/groovy-all-1.7.1.jar
7f84c73c3000-7f84c73c5000 r--s 00001000 08:01 22941618                   /home/d3orn/play-1.0.3.2/framework/lib/jsr107cache-1.0.jar
7f84c73c5000-7f84c73c7000 r--s 00011000 08:01 22941584                   /home/d3orn/play-1.0.3.2/framework/lib/ZDB.jar
7f84c73c7000-7f84c73d6000 r--s 00074000 08:01 22941616                   /home/d3orn/play-1.0.3.2/framework/lib/joda-time-1.6.jar
7f84c73d6000-7f84c73d8000 r--s 0000a000 08:01 22941592                   /home/d3orn/play-1.0.3.2/framework/lib/commons-codec.jar
7f84c73d8000-7f84c73df000 r--s 00059000 08:01 22941621                   /home/d3orn/play-1.0.3.2/framework/lib/log4j-1.2.15.jar
7f84c73df000-7f84c73e5000 r--s 00055000 08:01 22941624                   /home/d3orn/play-1.0.3.2/framework/lib/mail.jar
7f84c73e5000-7f84c73f1000 r--s 0014c000 08:01 22941599                   /home/d3orn/play-1.0.3.2/framework/lib/compiler-jdt.jar
7f84c73f1000-7f84c73f2000 ---p 00000000 00:00 0 
7f84c73f2000-7f84c74f2000 rw-p 00000000 00:00 0 
7f84c74f2000-7f84c74f5000 ---p 00000000 00:00 0 
7f84c74f5000-7f84c75f3000 rw-p 00000000 00:00 0 
7f84c75f3000-7f84c75f6000 ---p 00000000 00:00 0 
7f84c75f6000-7f84c76f4000 rw-p 00000000 00:00 0 
7f84c76f4000-7f84c76f7000 ---p 00000000 00:00 0 
7f84c76f7000-7f84c77f5000 rw-p 00000000 00:00 0 
7f84c77f5000-7f84c77f8000 ---p 00000000 00:00 0 
7f84c77f8000-7f84c78f6000 rw-p 00000000 00:00 0 
7f84c78f6000-7f84c78f9000 ---p 00000000 00:00 0 
7f84c78f9000-7f84c79f7000 rw-p 00000000 00:00 0 
7f84c79f7000-7f84c79fb000 r-xp 00000000 08:01 18612475                   /usr/lib/jvm/java-6-openjdk/jre/lib/amd64/libdt_socket.so
7f84c79fb000-7f84c7bfa000 ---p 00004000 08:01 18612475                   /usr/lib/jvm/java-6-openjdk/jre/lib/amd64/libdt_socket.so
7f84c7bfa000-7f84c7bfb000 r--p 00003000 08:01 18612475                   /usr/lib/jvm/java-6-openjdk/jre/lib/amd64/libdt_socket.so
7f84c7bfb000-7f84c7bfc000 rw-p 00004000 08:01 18612475                   /usr/lib/jvm/java-6-openjdk/jre/lib/amd64/libdt_socket.so
7f84c7bfc000-7f84c7bff000 ---p 00000000 00:00 0 
7f84c7bff000-7f84c7cfd000 rw-p 00000000 00:00 0 
7f84c7cfd000-7f84c7d00000 ---p 00000000 00:00 0 
7f84c7d00000-7f84c7dfe000 rw-p 00000000 00:00 0 
7f84c7dfe000-7f84c7e01000 ---p 00000000 00:00 0 
7f84c7e01000-7f84c7eff000 rw-p 00000000 00:00 0 
7f84c7eff000-7f84c7f00000 ---p 00000000 00:00 0 
7f84c7f00000-7f84c8000000 rw-p 00000000 00:00 0 
7f84c8000000-7f84c8ede000 rw-p 00000000 00:00 0 
7f84c8ede000-7f84cc000000 ---p 00000000 00:00 0 
7f84cc001000-7f84cc003000 r--s 00003000 08:01 22941632                   /home/d3orn/play-1.0.3.2/framework/lib/slf4j-api-1.5.0.jar
7f84cc003000-7f84cc027000 r--s 00473000 08:01 22941611                   /home/d3orn/play-1.0.3.2/framework/lib/hibernate3.jar
7f84cc027000-7f84cc02b000 r--s 00020000 08:01 22941630                   /home/d3orn/play-1.0.3.2/framework/lib/play-imaging.jar
7f84cc02b000-7f84cc030000 r--s 00023000 08:01 22941620                   /home/d3orn/play-1.0.3.2/framework/lib/junit-4.4.jar
7f84cc030000-7f84cc033000 r--s 0000f000 08:01 22941631                   /home/d3orn/play-1.0.3.2/framework/lib/provided-geronimo-servlet_2.5_spec-1.2.jar
7f84cc033000-7f84cc03f000 r--s 00097000 08:01 22941623                   /home/d3orn/play-1.0.3.2/framework/lib/lucene-core-2.3.1.jar
7f84cc03f000-7f84cc042000 r--s 0000e000 08:01 22941607                   /home/d3orn/play-1.0.3.2/framework/lib/hibernate-commons-annotations.jar
7f84cc042000-7f84cc047000 r--s 00037000 08:01 22941625                   /home/d3orn/play-1.0.3.2/framework/lib/memcached-2.4.2.jar
7f84cc047000-7f84cc054000 r--s 0007c000 08:01 22941593                   /home/d3orn/play-1.0.3.2/framework/lib/commons-collections-3.1.jar
7f84cc054000-7f84cc05a000 r--s 00032000 08:01 22941615                   /home/d3orn/play-1.0.3.2/framework/lib/jaxen-1.1.jar
7f84cc05a000-7f84cc060000 r--s 00024000 08:01 22941587                   /home/d3orn/play-1.0.3.2/framework/lib/asyncweb-common-0.9.0-SNAPSHOT.jar
7f84cc060000-7f84cc062000 r--s 00015000 08:01 22941617                   /home/d3orn/play-1.0.3.2/framework/lib/jregex1.2_01.jar
7f84cc063000-7f84cc065000 r--s 00013000 08:01 18612823                   /usr/lib/jvm/java-6-openjdk/jre/lib/jce.jar
7f84cc065000-7f84cc06b000 r--s 0002c000 08:01 22941582                   /home/d3orn/play-1.0.3.2/framework/lib/SnakeYAML-1.2.jar
7f84cc06b000-7f84cc071000 r--s 00041000 08:01 22941628                   /home/d3orn/play-1.0.3.2/framework/lib/oval-1.31.jar
7f84cc071000-7f84cc076000 r--s 00040000 08:01 22941606                   /home/d3orn/play-1.0.3.2/framework/lib/hibernate-annotations.jar
7f84cc076000-7f84cc07e000 r--s 000a3000 08:01 22941612                   /home/d3orn/play-1.0.3.2/framework/lib/hsqldb.jar
7f84cc07e000-7f84cc084000 r--s 00067000 08:01 22941586                   /home/d3orn/play-1.0.3.2/framework/lib/antlr-2.7.6.jar
7f84cc084000-7f84cc08f000 r--s 00071000 08:01 22941626                   /home/d3orn/play-1.0.3.2/framework/lib/mina-core-2.0.0-M2-SNAPSHOT.jar
7f84cc08f000-7f84cc096000 r--s 000aa000 08:01 22941627                   /home/d3orn/play-1.0.3.2/framework/lib/mysql-connector-java-5.1.8-bin.jar
7f84cc096000-7f84cc09b000 r--s 00048000 08:01 22941600                   /home/d3orn/play-1.0.3.2/framework/lib/dom4j-1.6.1.jar
7f84cc09b000-7f84cc0a0000 r--s 0002a000 08:01 22941591                   /home/d3orn/play-1.0.3.2/framework/lib/commons-beanutils.jar
7f84cc0a0000-7f84cc0a5000 r--s 0003c000 08:01 22941601                   /home/d3orn/play-1.0.3.2/framework/lib/ehcache-1.5.0.jar
7f84cc0a5000-7f84cc0a7000 r--s 00001000 08:01 22941619                   /home/d3orn/play-1.0.3.2/framework/lib/jta.jar
7f84cc0a7000-7f84cc0b0000 r--s 00048000 08:01 22941588                   /home/d3orn/play-1.0.3.2/framework/lib/backport-util-concurrent-3.0.jar
7f84cc0b0000-7f84cc0b4000 r--s 00023000 08:01 22941605                   /home/d3orn/play-1.0.3.2/framework/lib/gson-1.3.jar
7f84cc0b4000-7f84cc0b6000 r--s 00012000 08:01 22941622                   /home/d3orn/play-1.0.3.2/framework/lib/lucene-analyzers-2.3.1.jar
7f84cc0b6000-7f84cc0bd000 r--s 00038000 08:01 22941634                   /home/d3orn/play-1.0.3.2/framework/lib/wikitext.core_1.1.1.jar
7f84cc0bd000-7f84cc9f9000 rw-p 00000000 00:00 0 
7f84cc9f9000-7f84ccb8b000 r--s 03916000 08:01 18612322                   /usr/lib/jvm/java-6-openjdk/jre/lib/rt.jar
7f84ccb8b000-7f84ccb8c000 ---p 00000000 00:00 0 
7f84ccb8c000-7f84ccc8c000 rw-p 00000000 00:00 0 
7f84ccc8c000-7f84ccc8d000 ---p 00000000 00:00 0 
7f84ccc8d000-7f84ccd8d000 rw-p 00000000 00:00 0 
7f84ccd8d000-7f84ccd8e000 ---p 00000000 00:00 0 
7f84ccd8e000-7f84cce8e000 rw-p 00000000 00:00 0 
7f84cce8e000-7f84cce8f000 ---p 00000000 00:00 0 
7f84cce8f000-7f84ccf8f000 rw-p 00000000 00:00 0 
7f84ccf8f000-7f84ccf90000 ---p 00000000 00:00 0 
7f84ccf90000-7f84cd090000 rw-p 00000000 00:00 0 
7f84cd090000-7f84cd091000 ---p 00000000 00:00 0 
7f84cd091000-7f84cd191000 rw-p 00000000 00:00 0 
7f84cd191000-7f84cd192000 ---p 00000000 00:00 0 
7f84cd192000-7f84cd292000 rw-p 00000000 00:00 0 
7f84cd292000-7f84cd293000 ---p 00000000 00:00 0 
7f84cd293000-7f84cd3a8000 rw-p 00000000 00:00 0 
7f84cd3a8000-7f84cd4dd000 rw-p 00000000 00:00 0 
7f84cd4dd000-7f84cd4f5000 rw-p 00000000 00:00 0 
7f84cd4f5000-7f84cd531000 rw-p 00000000 00:00 0 
7f84cd531000-7f84cd546000 rw-p 00000000 00:00 0 
7f84cd546000-7f84cd67a000 rw-p 00000000 00:00 0 
7f84cd67a000-7f84cd6b3000 rw-p 00000000 00:00 0 
7f84cd6b3000-7f84cd6ba000 ---p 00000000 00:00 0 
7f84cd6ba000-7f84cd71f000 rw-p 00000000 00:00 0 
7f84cd71f000-7f84d0710000 rw-p 00000000 00:00 0 
7f84d0710000-7f84d7f20000 rw-p 00000000 00:00 0 
7f84d7f20000-7f84da850000 rw-p 00000000 00:00 0 
7f84da850000-7f85011d0000 rw-p 00000000 00:00 0 
7f85011d0000-7f8508250000 rw-p 00000000 00:00 0 
7f8508250000-7f8508fd0000 ---p 00000000 00:00 0 
7f8508fd0000-7f8515b20000 rw-p 00000000 00:00 0 
7f8515b20000-7f8515b22000 r--s 00001000 08:01 22941633                   /home/d3orn/play-1.0.3.2/framework/lib/slf4j-log4j12-1.5.0.jar
7f8515b22000-7f8515b2d000 r--s 0008a000 08:01 22941589                   /home/d3orn/play-1.0.3.2/framework/lib/c3p0-0.9.1.jar
7f8515b2d000-7f8515b41000 rw-p 00000000 00:00 0 
7f8515b41000-7f8515bed000 rw-p 00000000 00:00 0 
7f8515bed000-7f85160ed000 rwxp 00000000 00:00 0 
7f85160ed000-7f8518bed000 rw-p 00000000 00:00 0 
7f8518bed000-7f8518bf4000 r-xp 00000000 08:01 18613958                   /usr/lib/jvm/java-6-openjdk/jre/lib/amd64/libzip.so
7f8518bf4000-7f8518df3000 ---p 00007000 08:01 18613958                   /usr/lib/jvm/java-6-openjdk/jre/lib/amd64/libzip.so
7f8518df3000-7f8518df4000 r--p 00006000 08:01 18613958                   /usr/lib/jvm/java-6-openjdk/jre/lib/amd64/libzip.so
7f8518df4000-7f8518df5000 rw-p 00007000 08:01 18613958                   /usr/lib/jvm/java-6-openjdk/jre/lib/amd64/libzip.so
7f8518df5000-7f8518e01000 r-xp 00000000 08:01 29622883                   /lib/libnss_files-2.11.1.so
7f8518e01000-7f8519000000 ---p 0000c000 08:01 29622883                   /lib/libnss_files-2.11.1.so
7f8519000000-7f8519001000 r--p 0000b000 08:01 29622883                   /lib/libnss_files-2.11.1.so
7f8519001000-7f8519002000 rw-p 0000c000 08:01 29622883                   /lib/libnss_files-2.11.1.so
7f8519002000-7f851900c000 r-xp 00000000 08:01 29622873                   /lib/libnss_nis-2.11.1.so
7f851900c000-7f851920b000 ---p 0000a000 08:01 29622873                   /lib/libnss_nis-2.11.1.so
7f851920b000-7f851920c000 r--p 00009000 08:01 29622873                   /lib/libnss_nis-2.11.1.so
7f851920c000-7f851920d000 rw-p 0000a000 08:01 29622873                   /lib/libnss_nis-2.11.1.so
7f851920d000-7f8519215000 r-xp 00000000 08:01 29622872                   /lib/libnss_compat-2.11.1.so
7f8519215000-7f8519414000 ---p 00008000 08:01 29622872                   /lib/libnss_compat-2.11.1.so
7f8519414000-7f8519415000 r--p 00007000 08:01 29622872                   /lib/libnss_compat-2.11.1.so
7f8519415000-7f8519416000 rw-p 00008000 08:01 29622872                   /lib/libnss_compat-2.11.1.so
7f8519416000-7f8519534000 r--p 00000000 08:01 18095795                   /usr/lib/locale/en_US.utf8/LC_COLLATE
7f8519534000-7f8519537000 r-xp 00000000 08:01 18613953                   /usr/lib/jvm/java-6-openjdk/jre/lib/amd64/libnpt.so
7f8519537000-7f8519736000 ---p 00003000 08:01 18613953                   /usr/lib/jvm/java-6-openjdk/jre/lib/amd64/libnpt.so
7f8519736000-7f8519737000 r--p 00002000 08:01 18613953                   /usr/lib/jvm/java-6-openjdk/jre/lib/amd64/libnpt.so
7f8519737000-7f8519738000 rw-p 00003000 08:01 18613953                   /usr/lib/jvm/java-6-openjdk/jre/lib/amd64/libnpt.so
7f8519738000-7f8519741000 r-xp 00000000 08:01 18612584                   /usr/lib/jvm/java-6-openjdk/jre/lib/amd64/libinstrument.so
7f8519741000-7f8519941000 ---p 00009000 08:01 18612584                   /usr/lib/jvm/java-6-openjdk/jre/lib/amd64/libinstrument.so
7f8519941000-7f8519942000 r--p 00009000 08:01 18612584                   /usr/lib/jvm/java-6-openjdk/jre/lib/amd64/libinstrument.so
7f8519942000-7f8519943000 rw-p 0000a000 08:01 18612584                   /usr/lib/jvm/java-6-openjdk/jre/lib/amd64/libinstrument.so
7f8519943000-7f851997c000 r-xp 00000000 08:01 18613498                   /usr/lib/jvm/java-6-openjdk/jre/lib/amd64/libjdwp.so
7f851997c000-7f8519b7b000 ---p 00039000 08:01 18613498                   /usr/lib/jvm/java-6-openjdk/jre/lib/amd64/libjdwp.so
7f8519b7b000-7f8519b7c000 r--p 00038000 08:01 18613498                   /usr/lib/jvm/java-6-openjdk/jre/lib/amd64/libjdwp.so
7f8519b7c000-7f8519b7d000 rw-p 00039000 08:01 18613498                   /usr/lib/jvm/java-6-openjdk/jre/lib/amd64/libjdwp.so
7f8519b7d000-7f8519b85000 r-xp 00000000 08:01 18613959                   /usr/lib/jvm/java-6-openjdk/jre/lib/amd64/native_threads/libhpi.so
7f8519b85000-7f8519d84000 ---p 00008000 08:01 18613959                   /usr/lib/jvm/java-6-openjdk/jre/lib/amd64/native_threads/libhpi.so
7f8519d84000-7f8519d85000 r--p 00007000 08:01 18613959                   /usr/lib/jvm/java-6-openjdk/jre/lib/amd64/native_threads/libhpi.so
7f8519d85000-7f8519d86000 rw-p 00008000 08:01 18613959                   /usr/lib/jvm/java-6-openjdk/jre/lib/amd64/native_threads/libhpi.so
7f8519d86000-7f8519d9d000 r-xp 00000000 08:01 29622442                   /lib/libnsl-2.11.1.so
7f8519d9d000-7f8519f9c000 ---p 00017000 08:01 29622442                   /lib/libnsl-2.11.1.so
7f8519f9c000-7f8519f9d000 r--p 00016000 08:01 29622442                   /lib/libnsl-2.11.1.so
7f8519f9d000-7f8519f9e000 rw-p 00017000 08:01 29622442                   /lib/libnsl-2.11.1.so
7f8519f9e000-7f8519fa0000 rw-p 00000000 00:00 0 
7f8519fa0000-7f8519fcd000 r-xp 00000000 08:01 18613494                   /usr/lib/jvm/java-6-openjdk/jre/lib/amd64/libjava.so
7f8519fcd000-7f851a1cc000 ---p 0002d000 08:01 18613494                   /usr/lib/jvm/java-6-openjdk/jre/lib/amd64/libjava.so
7f851a1cc000-7f851a1cd000 r--p 0002c000 08:01 18613494                   /usr/lib/jvm/java-6-openjdk/jre/lib/amd64/libjava.so
7f851a1cd000-7f851a1d0000 rw-p 0002d000 08:01 18613494                   /usr/lib/jvm/java-6-openjdk/jre/lib/amd64/libjava.so
7f851a1d0000-7f851a1df000 r-xp 00000000 08:01 18613957                   /usr/lib/jvm/java-6-openjdk/jre/lib/amd64/libverify.so
7f851a1df000-7f851a3de000 ---p 0000f000 08:01 18613957                   /usr/lib/jvm/java-6-openjdk/jre/lib/amd64/libverify.so
7f851a3de000-7f851a3e0000 r--p 0000e000 08:01 18613957                   /usr/lib/jvm/java-6-openjdk/jre/lib/amd64/libverify.so
7f851a3e0000-7f851a3e1000 rw-p 00010000 08:01 18613957                   /usr/lib/jvm/java-6-openjdk/jre/lib/amd64/libverify.so
7f851a3e1000-7f851a3e8000 r-xp 00000000 08:01 29622868                   /lib/librt-2.11.1.so
7f851a3e8000-7f851a5e7000 ---p 00007000 08:01 29622868                   /lib/librt-2.11.1.so
7f851a5e7000-7f851a5e8000 r--p 00006000 08:01 29622868                   /lib/librt-2.11.1.so
7f851a5e8000-7f851a5e9000 rw-p 00007000 08:01 29622868                   /lib/librt-2.11.1.so
7f851a5e9000-7f851a66b000 r-xp 00000000 08:01 29622432                   /lib/libm-2.11.1.so
7f851a66b000-7f851a86a000 ---p 00082000 08:01 29622432                   /lib/libm-2.11.1.so
7f851a86a000-7f851a86b000 r--p 00081000 08:01 29622432                   /lib/libm-2.11.1.so
7f851a86b000-7f851a86c000 rw-p 00082000 08:01 29622432                   /lib/libm-2.11.1.so
7f851a86c000-7f851b087000 r-xp 00000000 08:01 18613961                   /usr/lib/jvm/java-6-openjdk/jre/lib/amd64/server/libjvm.so
7f851b087000-7f851b286000 ---p 0081b000 08:01 18613961                   /usr/lib/jvm/java-6-openjdk/jre/lib/amd64/server/libjvm.so
7f851b286000-7f851b2fa000 r--p 0081a000 08:01 18613961                   /usr/lib/jvm/java-6-openjdk/jre/lib/amd64/server/libjvm.so
7f851b2fa000-7f851b314000 rw-p 0088e000 08:01 18613961                   /usr/lib/jvm/java-6-openjdk/jre/lib/amd64/server/libjvm.so
7f851b314000-7f851b34d000 rw-p 00000000 00:00 0 
7f851b34d000-7f851b4c7000 r-xp 00000000 08:01 29622880                   /lib/libc-2.11.1.so
7f851b4c7000-7f851b6c6000 ---p 0017a000 08:01 29622880                   /lib/libc-2.11.1.so
7f851b6c6000-7f851b6ca000 r--p 00179000 08:01 29622880                   /lib/libc-2.11.1.so
7f851b6ca000-7f851b6cb000 rw-p 0017d000 08:01 29622880                   /lib/libc-2.11.1.so
7f851b6cb000-7f851b6d0000 rw-p 00000000 00:00 0 
7f851b6d0000-7f851b6d2000 r-xp 00000000 08:01 29622884                   /lib/libdl-2.11.1.so
7f851b6d2000-7f851b8d2000 ---p 00002000 08:01 29622884                   /lib/libdl-2.11.1.so
7f851b8d2000-7f851b8d3000 r--p 00002000 08:01 29622884                   /lib/libdl-2.11.1.so
7f851b8d3000-7f851b8d4000 rw-p 00003000 08:01 29622884                   /lib/libdl-2.11.1.so
7f851b8d4000-7f851b8d8000 r-xp 00000000 08:01 18612351                   /usr/lib/jvm/java-6-openjdk/jre/lib/amd64/jli/libjli.so
7f851b8d8000-7f851bad7000 ---p 00004000 08:01 18612351                   /usr/lib/jvm/java-6-openjdk/jre/lib/amd64/jli/libjli.so
7f851bad7000-7f851bad8000 r--p 00003000 08:01 18612351                   /usr/lib/jvm/java-6-openjdk/jre/lib/amd64/jli/libjli.so
7f851bad8000-7f851bad9000 rw-p 00004000 08:01 18612351                   /usr/lib/jvm/java-6-openjdk/jre/lib/amd64/jli/libjli.so
7f851bad9000-7f851baf1000 r-xp 00000000 08:01 29622878                   /lib/libpthread-2.11.1.so
7f851baf1000-7f851bcf0000 ---p 00018000 08:01 29622878                   /lib/libpthread-2.11.1.so
7f851bcf0000-7f851bcf1000 r--p 00017000 08:01 29622878                   /lib/libpthread-2.11.1.so
7f851bcf1000-7f851bcf2000 rw-p 00018000 08:01 29622878                   /lib/libpthread-2.11.1.so
7f851bcf2000-7f851bcf6000 rw-p 00000000 00:00 0 
7f851bcf6000-7f851bd0c000 r-xp 00000000 08:01 29622466                   /lib/libz.so.1.2.3.3
7f851bd0c000-7f851bf0b000 ---p 00016000 08:01 29622466                   /lib/libz.so.1.2.3.3
7f851bf0b000-7f851bf0c000 r--p 00015000 08:01 29622466                   /lib/libz.so.1.2.3.3
7f851bf0c000-7f851bf0d000 rw-p 00016000 08:01 29622466                   /lib/libz.so.1.2.3.3
7f851bf0d000-7f851bf2d000 r-xp 00000000 08:01 29622863                   /lib/ld-2.11.1.so
7f851bf2d000-7f851bf2e000 r--p 00000000 00:00 0 
7f851bf2e000-7f851bf30000 r--s 0000b000 08:01 22941594                   /home/d3orn/play-1.0.3.2/framework/lib/commons-fileupload-1.2.jar
7f851bf30000-7f851bf33000 r--s 0000d000 08:01 22941609                   /home/d3orn/play-1.0.3.2/framework/lib/hibernate-validator.jar
7f851bf33000-7f851bf37000 r--s 0007c000 08:01 18612827                   /usr/lib/jvm/java-6-openjdk/jre/lib/jsse.jar
7f851bf37000-7f851bf3e000 r--s 00079000 08:01 22941635                   /home/d3orn/play-1.0.3.2/framework/play.jar
7f851bf3e000-7f851bf47000 r--s 00065000 08:01 18229017                   /usr/share/java/gnome-java-bridge.jar
7f851bf47000-7f851bf87000 rw-p 00000000 00:00 0 
7f851bf87000-7f851bfc3000 rw-p 00000000 00:00 0 
7f851bfc3000-7f851c002000 r--p 00000000 08:01 18096017                   /usr/lib/locale/en_US.utf8/LC_CTYPE
7f851c002000-7f851c005000 ---p 00000000 00:00 0 
7f851c005000-7f851c108000 rw-p 00000000 00:00 0 
7f851c108000-7f851c109000 r--s 00015000 08:01 22941629                   /home/d3orn/play-1.0.3.2/framework/lib/play-SimpleCaptcha.jar
7f851c109000-7f851c10b000 r--s 0000d000 08:01 22941598                   /home/d3orn/play-1.0.3.2/framework/lib/commons-logging-1.1.1.jar
7f851c10b000-7f851c10c000 rw-p 00000000 00:00 0 
7f851c10c000-7f851c10f000 r--s 0000f000 08:01 18612809                   /usr/lib/jvm/java-6-openjdk/jre/lib/ext/pulse-java.jar
7f851c10f000-7f851c117000 rw-s 00000000 08:01 15728895                   /tmp/hsperfdata_d3orn/9548
7f851c117000-7f851c118000 r--p 00000000 08:01 18096139                   /usr/lib/locale/en_US.utf8/LC_NUMERIC
7f851c118000-7f851c119000 r--p 00000000 08:01 18098299                   /usr/lib/locale/en_US.utf8/LC_TIME
7f851c119000-7f851c11a000 r--p 00000000 08:01 18098300                   /usr/lib/locale/en_US.utf8/LC_MONETARY
7f851c11a000-7f851c11b000 r--p 00000000 08:01 18098301                   /usr/lib/locale/en_US.utf8/LC_MESSAGES/SYS_LC_MESSAGES
7f851c11b000-7f851c11c000 r--p 00000000 08:01 18095789                   /usr/lib/locale/en_US.utf8/LC_PAPER
7f851c11c000-7f851c11d000 r--p 00000000 08:01 18095709                   /usr/lib/locale/en_US.utf8/LC_NAME
7f851c11d000-7f851c11e000 r--p 00000000 08:01 18098302                   /usr/lib/locale/en_US.utf8/LC_ADDRESS
7f851c11e000-7f851c11f000 r--p 00000000 08:01 18098303                   /usr/lib/locale/en_US.utf8/LC_TELEPHONE
7f851c11f000-7f851c120000 r--p 00000000 08:01 18096071                   /usr/lib/locale/en_US.utf8/LC_MEASUREMENT
7f851c120000-7f851c127000 r--s 00000000 08:01 18093123                   /usr/lib/gconv/gconv-modules.cache
7f851c127000-7f851c128000 r--p 00000000 08:01 18098304                   /usr/lib/locale/en_US.utf8/LC_IDENTIFICATION
7f851c128000-7f851c129000 rw-p 00000000 00:00 0 
7f851c129000-7f851c12a000 r--p 00000000 00:00 0 
7f851c12a000-7f851c12c000 rw-p 00000000 00:00 0 
7f851c12c000-7f851c12d000 r--p 0001f000 08:01 29622863                   /lib/ld-2.11.1.so
7f851c12d000-7f851c12e000 rw-p 00020000 08:01 29622863                   /lib/ld-2.11.1.so
7f851c12e000-7f851c12f000 rw-p 00000000 00:00 0 
7fffa61f0000-7fffa6206000 rw-p 00000000 00:00 0                          [stack]
7fffa632b000-7fffa632c000 r-xp 00000000 00:00 0                          [vdso]
ffffffffff600000-ffffffffff601000 r-xp 00000000 00:00 0                  [vsyscall]

VM Arguments:
jvm_args: -javaagent:/home/d3orn/play-1.0.3.2/framework/play.jar -Dplay.debug=yes -Xrunjdwp:transport=dt_socket,address=8000,server=y,suspend=n -Xdebug -Dapplication.path=/home/d3orn/ese2010-team4/qa -Dplay.id= 
java_command: play.server.Server
Launcher Type: SUN_STANDARD

Environment Variables:
PATH=/usr/local/sbin:/usr/local/bin:/usr/sbin:/usr/bin:/sbin:/bin:/usr/games
USERNAME=d3orn
LD_LIBRARY_PATH=/usr/lib/jvm/java-6-openjdk/jre/lib/amd64/server:/usr/lib/jvm/java-6-openjdk/jre/lib/amd64:/usr/lib/jvm/java-6-openjdk/jre/../lib/amd64
SHELL=/bin/bash
DISPLAY=:0.0

Signal Handlers:
SIGSEGV: [libjvm.so+0x6c2030], sa_mask[0]=0x7ffbfeff, sa_flags=0x10000004
SIGBUS: [libjvm.so+0x6c2030], sa_mask[0]=0x7ffbfeff, sa_flags=0x10000004
SIGFPE: [libjvm.so+0x58ca90], sa_mask[0]=0x7ffbfeff, sa_flags=0x10000004
SIGPIPE: [libjvm.so+0x58ca90], sa_mask[0]=0x7ffbfeff, sa_flags=0x10000004
SIGXFSZ: [libjvm.so+0x58ca90], sa_mask[0]=0x7ffbfeff, sa_flags=0x10000004
SIGILL: [libjvm.so+0x58ca90], sa_mask[0]=0x7ffbfeff, sa_flags=0x10000004
SIGUSR1: SIG_DFL, sa_mask[0]=0x00000000, sa_flags=0x00000000
SIGUSR2: [libjvm.so+0x58c1e0], sa_mask[0]=0x00000000, sa_flags=0x10000004
SIGHUP: [libjvm.so+0x58e8d0], sa_mask[0]=0x7ffbfeff, sa_flags=0x10000004
SIGINT: [libjvm.so+0x58e8d0], sa_mask[0]=0x7ffbfeff, sa_flags=0x10000004
SIGTERM: [libjvm.so+0x58e8d0], sa_mask[0]=0x7ffbfeff, sa_flags=0x10000004
SIGQUIT: [libjvm.so+0x58e8d0], sa_mask[0]=0x7ffbfeff, sa_flags=0x10000004


---------------  S Y S T E M  ---------------

OS:Ubuntu 10.04 (lucid)
uname:Linux 2.6.32-25-generic #45-Ubuntu SMP Sat Oct 16 19:52:42 UTC 2010 x86_64
libc:glibc 2.11.1 NPTL 2.11.1 
rlimit: STACK 8192k, CORE 0k, NPROC infinity, NOFILE 1024, AS infinity
load average:1.43 1.35 1.28

CPU:total 8 (8 cores per cpu, 2 threads per core) family 6 model 30 stepping 5, cmov, cx8, fxsr, mmx, sse, sse2, sse3, ssse3, sse4.1, sse4.2, popcnt, ht

Memory: 4k page, physical 4046404k(246360k free), swap 11852792k(11822928k free)

vm_info: OpenJDK 64-Bit Server VM (16.0-b13) for linux-amd64 JRE (1.6.0_18-b18), built on Oct 25 2010 18:07:10 by "buildd" with gcc 4.4.3

time: Thu Dec  2 12:12:04 2010
elapsed time: 2253 seconds

