#
# A fatal error has been detected by the Java Runtime Environment:
#
#  SIGSEGV (0xb) at pc=0x0125973b, pid=3042, tid=2346929008
#
# JRE version: 6.0_20-b20
# Java VM: OpenJDK Server VM (19.0-b09 mixed mode linux-x86 )
# Derivative: IcedTea6 1.9.2
# Distribution: Ubuntu 10.04.1 LTS, package 6b20-1.9.2-0ubuntu1~10.04.1
# Problematic frame:
# V  [libjvm.so+0x48b73b]
#
# If you would like to submit a bug report, please include
# instructions how to reproduce the bug and visit:
#   https://bugs.launchpad.net/ubuntu/+source/openjdk-6/
#

---------------  T H R E A D  ---------------

Current thread (0x086d2800):  JavaThread "CompilerThread0" daemon [_thread_in_native, id=3052, stack(0x8bdb4000,0x8be35000)]

siginfo:si_signo=SIGSEGV: si_errno=0, si_code=1 (SEGV_MAPERR), si_addr=0x00000004

Registers:
EAX=0x00000000, EBX=0x014c5ff4, ECX=0x00001300, EDX=0x8aa18038
ESP=0x8be32aa0, EBP=0x8be32ae8, ESI=0x8be3337c, EDI=0x8b139bd8
EIP=0x0125973b, CR2=0x00000004, EFLAGS=0x00210212

Register to memory mapping:

EAX=0x00000000
0x00000000 is pointing to unknown location

EBX=0x014c5ff4
0x014c5ff4: <offset 0x6f7ff4> in /usr/lib/jvm/java-6-openjdk/jre/lib/i386/server/libjvm.so at 0x00dce000

ECX=0x00001300
0x00001300 is pointing to unknown location

EDX=0x8aa18038
0x8aa18038 is pointing to unknown location

ESP=0x8be32aa0
0x8be32aa0 is pointing into the stack for thread: 0x086d2800
"CompilerThread0" daemon prio=10 tid=0x086d2800 nid=0xbec runnable [0x00000000]
   java.lang.Thread.State: RUNNABLE

EBP=0x8be32ae8
0x8be32ae8 is pointing into the stack for thread: 0x086d2800
"CompilerThread0" daemon prio=10 tid=0x086d2800 nid=0xbec runnable [0x00000000]
   java.lang.Thread.State: RUNNABLE

ESI=0x8be3337c
0x8be3337c is pointing into the stack for thread: 0x086d2800
"CompilerThread0" daemon prio=10 tid=0x086d2800 nid=0xbec runnable [0x00000000]
   java.lang.Thread.State: RUNNABLE

EDI=0x8b139bd8
0x8b139bd8 is pointing to unknown location


Top of Stack: (sp=0x8be32aa0)
0x8be32aa0:   00000400 00c480bb 014c5ff4 00002000
0x8be32ab0:   8aaf1250 00000000 00000400 8be3338c
0x8be32ac0:   8b12cc8c 00139bd8 0952ec78 0000133b
0x8be32ad0:   89f08028 89f10014 89f10038 014c5ff4
0x8be32ae0:   8b156fcc 09533600 8be32b68 01259cec
0x8be32af0:   8be3337c 8b156fcc 00000002 00000002
0x8be32b00:   8ad6b338 00000000 00007ff0 00000002
0x8be32b10:   096b8794 8be3337c 8be32b68 00000004 

Instructions: (pc=0x0125973b)
0x0125972b:   50 1c 89 45 e0 8b 86 d0 02 00 00 8d 14 90 8b 02
0x0125973b:   8b 48 04 8b 39 85 ff 75 1f 8b 7e 14 90 8b 48 1c 

Stack: [0x8bdb4000,0x8be35000],  sp=0x8be32aa0,  free space=506k
Native frames: (J=compiled Java code, j=interpreted, Vv=VM code, C=native code)
V  [libjvm.so+0x48b73b]
V  [libjvm.so+0x48bcec]
V  [libjvm.so+0x490100]
V  [libjvm.so+0x24c36d]
V  [libjvm.so+0x24ce7b]
V  [libjvm.so+0x1d9503]
V  [libjvm.so+0x2517c1]
V  [libjvm.so+0x25203f]
V  [libjvm.so+0x5f9678]
V  [libjvm.so+0x5fe8cc]
V  [libjvm.so+0x5fe992]
V  [libjvm.so+0x512321]
C  [libpthread.so.0+0x596e]


Current CompileTask:
C2:1242      jregex.Pretokenizer.next()V (1064 bytes)


---------------  P R O C E S S  ---------------

Java Threads: ( => current thread )
  0x08a5ec00 JavaThread "NioProcessor-1" [_thread_in_native, id=3279, stack(0x8b945000,0x8b996000)]
  0x8a57d800 JavaThread "com.mchange.v2.async.ThreadPoolAsynchronousRunner$PoolThread-#2" daemon [_thread_blocked, id=3064, stack(0x8b50d000,0x8b55e000)]
  0x8a580400 JavaThread "com.mchange.v2.async.ThreadPoolAsynchronousRunner$PoolThread-#1" daemon [_thread_blocked, id=3063, stack(0x8b55e000,0x8b5af000)]
  0x8a57bc00 JavaThread "com.mchange.v2.async.ThreadPoolAsynchronousRunner$PoolThread-#0" daemon [_thread_blocked, id=3062, stack(0x8b70d000,0x8b75e000)]
  0x8a54d800 JavaThread "Timer-0" daemon [_thread_blocked, id=3061, stack(0x8b75e000,0x8b7af000)]
  0x08642000 JavaThread "pool-3-thread-1" [_thread_in_native, id=3060, stack(0x8b7af000,0x8b800000)]
  0x08605800 JavaThread "DestroyJavaVM" [_thread_blocked, id=3043, stack(0xb777e000,0xb77cf000)]
  0x08a6bc00 JavaThread "NioSocketAcceptor-1" [_thread_in_native, id=3057, stack(0x8b996000,0x8b9e7000)]
  0x08772400 JavaThread "NioSocketAcceptor-1-idleStatusChecker" [_thread_blocked, id=3056, stack(0x8b5af000,0x8b600000)]
  0x086d6400 JavaThread "Low Memory Detector" daemon [_thread_blocked, id=3054, stack(0x8bd63000,0x8bdb4000)]
  0x086d4800 JavaThread "CompilerThread1" daemon [_thread_in_native, id=3053, stack(0x8bb7f000,0x8bc00000)]
=>0x086d2800 JavaThread "CompilerThread0" daemon [_thread_in_native, id=3052, stack(0x8bdb4000,0x8be35000)]
  0x086c7000 JavaThread "JDWP Event Helper Thread" daemon [_thread_blocked, id=3051, stack(0x8be35000,0x8be86000)]
  0x086c4800 JavaThread "JDWP Transport Listener: dt_socket" daemon [_thread_in_native, id=3050, stack(0x8be86000,0x8bed7000)]
  0x086a2c00 JavaThread "Signal Dispatcher" daemon [_thread_blocked, id=3049, stack(0x8bee7000,0x8bf38000)]
  0x08693800 JavaThread "Finalizer" daemon [_thread_blocked, id=3048, stack(0x8bf38000,0x8bf89000)]
  0x0868f000 JavaThread "Reference Handler" daemon [_thread_blocked, id=3047, stack(0x8bf89000,0x8bfda000)]

Other Threads:
  0x0868b400 VMThread [stack: 0x8bfda000,0x8c05b000] [id=3046]
  0x086d8800 WatcherThread [stack: 0x8bafe000,0x8bb7f000] [id=3055]

VM state:not at safepoint (normal execution)

VM Mutex/Monitor currently owned by a thread: None

Heap
 PSYoungGen      total 74048K, used 10206K [0xa9ab0000, 0xb25b0000, 0xb4550000)
  eden space 67520K, 12% used [0xa9ab0000,0xaa2b2358,0xadca0000)
  from space 6528K, 30% used [0xb1920000,0xb1b15838,0xb1f80000)
  to   space 6080K, 0% used [0xb1fc0000,0xb1fc0000,0xb25b0000)
 PSOldGen        total 29056K, used 18120K [0x94550000, 0x961b0000, 0xa9ab0000)
  object space 29056K, 62% used [0x94550000,0x95702270,0x961b0000)
 PSPermGen       total 58880K, used 31282K [0x8c550000, 0x8fed0000, 0x94550000)
  object space 58880K, 53% used [0x8c550000,0x8e3dca30,0x8fed0000)

Dynamic libraries:
00110000-00117000 r-xp 00000000 08:05 4340       /lib/tls/i686/cmov/librt-2.11.1.so
00117000-00118000 r--p 00006000 08:05 4340       /lib/tls/i686/cmov/librt-2.11.1.so
00118000-00119000 rw-p 00007000 08:05 4340       /lib/tls/i686/cmov/librt-2.11.1.so
00119000-00125000 r-xp 00000000 08:05 6964       /usr/lib/jvm/java-6-openjdk/jre/lib/i386/libverify.so
00125000-00126000 r--p 0000b000 08:05 6964       /usr/lib/jvm/java-6-openjdk/jre/lib/i386/libverify.so
00126000-00127000 rw-p 0000c000 08:05 6964       /usr/lib/jvm/java-6-openjdk/jre/lib/i386/libverify.so
00127000-0014b000 r-xp 00000000 08:05 5558       /usr/lib/jvm/java-6-openjdk/jre/lib/i386/libjava.so
0014b000-0014c000 r--p 00023000 08:05 5558       /usr/lib/jvm/java-6-openjdk/jre/lib/i386/libjava.so
0014c000-0014e000 rw-p 00024000 08:05 5558       /usr/lib/jvm/java-6-openjdk/jre/lib/i386/libjava.so
0014e000-00161000 r-xp 00000000 08:05 4286       /lib/tls/i686/cmov/libnsl-2.11.1.so
00161000-00162000 r--p 00012000 08:05 4286       /lib/tls/i686/cmov/libnsl-2.11.1.so
00162000-00163000 rw-p 00013000 08:05 4286       /lib/tls/i686/cmov/libnsl-2.11.1.so
00163000-00165000 rw-p 00000000 00:00 0 
00165000-0016d000 r-xp 00000000 08:05 4322       /lib/tls/i686/cmov/libnss_nis-2.11.1.so
0016d000-0016e000 r--p 00007000 08:05 4322       /lib/tls/i686/cmov/libnss_nis-2.11.1.so
0016e000-0016f000 rw-p 00008000 08:05 4322       /lib/tls/i686/cmov/libnss_nis-2.11.1.so
00177000-0017e000 r-xp 00000000 08:05 6965       /usr/lib/jvm/java-6-openjdk/jre/lib/i386/libzip.so
0017e000-0017f000 r--p 00006000 08:05 6965       /usr/lib/jvm/java-6-openjdk/jre/lib/i386/libzip.so
0017f000-00180000 rw-p 00007000 08:05 6965       /usr/lib/jvm/java-6-openjdk/jre/lib/i386/libzip.so
001c6000-001db000 r-xp 00000000 08:05 4335       /lib/tls/i686/cmov/libpthread-2.11.1.so
001db000-001dc000 r--p 00014000 08:05 4335       /lib/tls/i686/cmov/libpthread-2.11.1.so
001dc000-001dd000 rw-p 00015000 08:05 4335       /lib/tls/i686/cmov/libpthread-2.11.1.so
001dd000-001df000 rw-p 00000000 00:00 0 
0028b000-0029f000 r-xp 00000000 08:05 6953       /usr/lib/jvm/java-6-openjdk/jre/lib/i386/libnet.so
0029f000-002a0000 r--p 00013000 08:05 6953       /usr/lib/jvm/java-6-openjdk/jre/lib/i386/libnet.so
002a0000-002a1000 rw-p 00014000 08:05 6953       /usr/lib/jvm/java-6-openjdk/jre/lib/i386/libnet.so
0032b000-00331000 r-xp 00000000 08:05 4290       /lib/tls/i686/cmov/libnss_compat-2.11.1.so
00331000-00332000 r--p 00006000 08:05 4290       /lib/tls/i686/cmov/libnss_compat-2.11.1.so
00332000-00333000 rw-p 00007000 08:05 4290       /lib/tls/i686/cmov/libnss_compat-2.11.1.so
00338000-00339000 r-xp 00000000 00:00 0          [vdso]
0034d000-00354000 r-xp 00000000 08:05 677911     /usr/lib/jvm/java-6-openjdk/jre/lib/i386/native_threads/libhpi.so
00354000-00355000 r--p 00006000 08:05 677911     /usr/lib/jvm/java-6-openjdk/jre/lib/i386/native_threads/libhpi.so
00355000-00356000 rw-p 00007000 08:05 677911     /usr/lib/jvm/java-6-openjdk/jre/lib/i386/native_threads/libhpi.so
003ae000-003c1000 r-xp 00000000 08:05 1966       /lib/libz.so.1.2.3.3
003c1000-003c2000 r--p 00012000 08:05 1966       /lib/libz.so.1.2.3.3
003c2000-003c3000 rw-p 00013000 08:05 1966       /lib/libz.so.1.2.3.3
00555000-0058b000 r-xp 00000000 08:05 6717       /usr/lib/jvm/java-6-openjdk/jre/lib/i386/libjdwp.so
0058b000-0058c000 r--p 00036000 08:05 6717       /usr/lib/jvm/java-6-openjdk/jre/lib/i386/libjdwp.so
0058c000-0058d000 rw-p 00037000 08:05 6717       /usr/lib/jvm/java-6-openjdk/jre/lib/i386/libjdwp.so
0064a000-00651000 r-xp 00000000 08:05 6957       /usr/lib/jvm/java-6-openjdk/jre/lib/i386/libnio.so
00651000-00652000 r--p 00006000 08:05 6957       /usr/lib/jvm/java-6-openjdk/jre/lib/i386/libnio.so
00652000-00653000 rw-p 00007000 08:05 6957       /usr/lib/jvm/java-6-openjdk/jre/lib/i386/libnio.so
006c4000-006ce000 r-xp 00000000 08:05 4302       /lib/tls/i686/cmov/libnss_files-2.11.1.so
006ce000-006cf000 r--p 00009000 08:05 4302       /lib/tls/i686/cmov/libnss_files-2.11.1.so
006cf000-006d0000 rw-p 0000a000 08:05 4302       /lib/tls/i686/cmov/libnss_files-2.11.1.so
006df000-006fa000 r-xp 00000000 08:05 1081       /lib/ld-2.11.1.so
006fa000-006fb000 r--p 0001a000 08:05 1081       /lib/ld-2.11.1.so
006fb000-006fc000 rw-p 0001b000 08:05 1081       /lib/ld-2.11.1.so
00774000-00798000 r-xp 00000000 08:05 4274       /lib/tls/i686/cmov/libm-2.11.1.so
00798000-00799000 r--p 00023000 08:05 4274       /lib/tls/i686/cmov/libm-2.11.1.so
00799000-0079a000 rw-p 00024000 08:05 4274       /lib/tls/i686/cmov/libm-2.11.1.so
00867000-00870000 r-xp 00000000 08:05 5553       /usr/lib/jvm/java-6-openjdk/jre/lib/i386/libinstrument.so
00870000-00871000 r--p 00008000 08:05 5553       /usr/lib/jvm/java-6-openjdk/jre/lib/i386/libinstrument.so
00871000-00872000 rw-p 00009000 08:05 5553       /usr/lib/jvm/java-6-openjdk/jre/lib/i386/libinstrument.so
008e0000-008e3000 r-xp 00000000 08:05 6959       /usr/lib/jvm/java-6-openjdk/jre/lib/i386/libnpt.so
008e3000-008e4000 r--p 00002000 08:05 6959       /usr/lib/jvm/java-6-openjdk/jre/lib/i386/libnpt.so
008e4000-008e5000 rw-p 00003000 08:05 6959       /usr/lib/jvm/java-6-openjdk/jre/lib/i386/libnpt.so
0097d000-00983000 r-xp 00000000 08:05 6938       /usr/lib/jvm/java-6-openjdk/jre/lib/i386/libmanagement.so
00983000-00984000 r--p 00005000 08:05 6938       /usr/lib/jvm/java-6-openjdk/jre/lib/i386/libmanagement.so
00984000-00985000 rw-p 00006000 08:05 6938       /usr/lib/jvm/java-6-openjdk/jre/lib/i386/libmanagement.so
009d6000-009d8000 r-xp 00000000 08:05 4272       /lib/tls/i686/cmov/libdl-2.11.1.so
009d8000-009d9000 r--p 00001000 08:05 4272       /lib/tls/i686/cmov/libdl-2.11.1.so
009d9000-009da000 rw-p 00002000 08:05 4272       /lib/tls/i686/cmov/libdl-2.11.1.so
00b39000-00c8c000 r-xp 00000000 08:05 4264       /lib/tls/i686/cmov/libc-2.11.1.so
00c8c000-00c8d000 ---p 00153000 08:05 4264       /lib/tls/i686/cmov/libc-2.11.1.so
00c8d000-00c8f000 r--p 00153000 08:05 4264       /lib/tls/i686/cmov/libc-2.11.1.so
00c8f000-00c90000 rw-p 00155000 08:05 4264       /lib/tls/i686/cmov/libc-2.11.1.so
00c90000-00c93000 rw-p 00000000 00:00 0 
00cae000-00cb1000 r-xp 00000000 08:05 5550       /usr/lib/jvm/java-6-openjdk/jre/lib/i386/libdt_socket.so
00cb1000-00cb2000 r--p 00002000 08:05 5550       /usr/lib/jvm/java-6-openjdk/jre/lib/i386/libdt_socket.so
00cb2000-00cb3000 rw-p 00003000 08:05 5550       /usr/lib/jvm/java-6-openjdk/jre/lib/i386/libdt_socket.so
00dc9000-00dcc000 r-xp 00000000 08:05 677910     /usr/lib/jvm/java-6-openjdk/jre/lib/i386/jli/libjli.so
00dcc000-00dcd000 r--p 00003000 08:05 677910     /usr/lib/jvm/java-6-openjdk/jre/lib/i386/jli/libjli.so
00dcd000-00dce000 rw-p 00004000 08:05 677910     /usr/lib/jvm/java-6-openjdk/jre/lib/i386/jli/libjli.so
00dce000-01480000 r-xp 00000000 08:05 678174     /usr/lib/jvm/java-6-openjdk/jre/lib/i386/server/libjvm.so
01480000-01481000 ---p 006b2000 08:05 678174     /usr/lib/jvm/java-6-openjdk/jre/lib/i386/server/libjvm.so
01481000-014c6000 r--p 006b2000 08:05 678174     /usr/lib/jvm/java-6-openjdk/jre/lib/i386/server/libjvm.so
014c6000-014d5000 rw-p 006f7000 08:05 678174     /usr/lib/jvm/java-6-openjdk/jre/lib/i386/server/libjvm.so
014d5000-018f4000 rw-p 00000000 00:00 0 
08048000-08051000 r-xp 00000000 08:05 678373     /usr/lib/jvm/java-6-openjdk/jre/bin/java
08051000-08052000 r--p 00008000 08:05 678373     /usr/lib/jvm/java-6-openjdk/jre/bin/java
08052000-08053000 rw-p 00009000 08:05 678373     /usr/lib/jvm/java-6-openjdk/jre/bin/java
085f8000-09ab7000 rw-p 00000000 00:00 0          [heap]
88b00000-88bfd000 rw-p 00000000 00:00 0 
88bfd000-88c00000 ---p 00000000 00:00 0 
88c00000-88ced000 rw-p 00000000 00:00 0 
88ced000-88d00000 ---p 00000000 00:00 0 
88d00000-88e00000 rw-p 00000000 00:00 0 
89000000-89100000 rw-p 00000000 00:00 0 
89400000-894ec000 rw-p 00000000 00:00 0 
894ec000-89500000 ---p 00000000 00:00 0 
89500000-895fc000 rw-p 00000000 00:00 0 
895fc000-89600000 ---p 00000000 00:00 0 
89600000-89700000 rw-p 00000000 00:00 0 
89800000-899fb000 rw-p 00000000 00:00 0 
899fb000-89a00000 ---p 00000000 00:00 0 
89a00000-89c00000 rw-p 00000000 00:00 0 
89d00000-89dfd000 rw-p 00000000 00:00 0 
89dfd000-89e00000 ---p 00000000 00:00 0 
89f00000-89fff000 rw-p 00000000 00:00 0 
89fff000-8a000000 ---p 00000000 00:00 0 
8a000000-8a1f9000 rw-p 00000000 00:00 0 
8a1f9000-8a200000 ---p 00000000 00:00 0 
8a200000-8a2f4000 rw-p 00000000 00:00 0 
8a2f4000-8a300000 ---p 00000000 00:00 0 
8a300000-8a3f3000 rw-p 00000000 00:00 0 
8a3f3000-8a400000 ---p 00000000 00:00 0 
8a400000-8a4f8000 rw-p 00000000 00:00 0 
8a4f8000-8a500000 ---p 00000000 00:00 0 
8a500000-8a600000 rw-p 00000000 00:00 0 
8a600000-8a6fb000 rw-p 00000000 00:00 0 
8a6fb000-8a700000 ---p 00000000 00:00 0 
8a700000-8a800000 rw-p 00000000 00:00 0 
8a800000-8a8fc000 rw-p 00000000 00:00 0 
8a8fc000-8a900000 ---p 00000000 00:00 0 
8a900000-8a9fd000 rw-p 00000000 00:00 0 
8a9fd000-8aa00000 ---p 00000000 00:00 0 
8aa00000-8aafd000 rw-p 00000000 00:00 0 
8aafd000-8ab00000 ---p 00000000 00:00 0 
8ab00000-8abf1000 rw-p 00000000 00:00 0 
8abf1000-8ac00000 ---p 00000000 00:00 0 
8ac00000-8ade9000 rw-p 00000000 00:00 0 
8ade9000-8ae00000 ---p 00000000 00:00 0 
8ae00000-8aefe000 rw-p 00000000 00:00 0 
8aefe000-8af00000 ---p 00000000 00:00 0 
8af00000-8aff5000 rw-p 00000000 00:00 0 
8aff5000-8b000000 ---p 00000000 00:00 0 
8b000000-8b0fe000 rw-p 00000000 00:00 0 
8b0fe000-8b100000 ---p 00000000 00:00 0 
8b100000-8b1fb000 rw-p 00000000 00:00 0 
8b1fb000-8b200000 ---p 00000000 00:00 0 
8b200000-8b2fc000 rw-p 00000000 00:00 0 
8b2fc000-8b300000 ---p 00000000 00:00 0 
8b300000-8b3e4000 rw-p 00000000 00:00 0 
8b3e4000-8b400000 ---p 00000000 00:00 0 
8b400000-8b4fe000 rw-p 00000000 00:00 0 
8b4fe000-8b500000 ---p 00000000 00:00 0 
8b50d000-8b510000 ---p 00000000 00:00 0 
8b510000-8b55e000 rw-p 00000000 00:00 0 
8b55e000-8b561000 ---p 00000000 00:00 0 
8b561000-8b5af000 rw-p 00000000 00:00 0 
8b5af000-8b5b2000 ---p 00000000 00:00 0 
8b5b2000-8b600000 rw-p 00000000 00:00 0 
8b600000-8b6f6000 rw-p 00000000 00:00 0 
8b6f6000-8b700000 ---p 00000000 00:00 0 
8b70d000-8b710000 ---p 00000000 00:00 0 
8b710000-8b75e000 rw-p 00000000 00:00 0 
8b75e000-8b761000 ---p 00000000 00:00 0 
8b761000-8b7af000 rw-p 00000000 00:00 0 
8b7af000-8b7b2000 ---p 00000000 00:00 0 
8b7b2000-8b800000 rw-p 00000000 00:00 0 
8b800000-8b8ff000 rw-p 00000000 00:00 0 
8b8ff000-8b900000 ---p 00000000 00:00 0 
8b93a000-8b93d000 r--s 00031000 08:05 6465       /usr/lib/jvm/java-6-openjdk/jre/lib/ext/sunjce_provider.jar
8b93d000-8b93f000 r--s 00013000 08:05 6497       /usr/lib/jvm/java-6-openjdk/jre/lib/jce.jar
8b93f000-8b945000 r--s 000fc000 08:05 6525       /usr/lib/jvm/java-6-openjdk/jre/lib/resources.jar
8b945000-8b948000 ---p 00000000 00:00 0 
8b948000-8b996000 rw-p 00000000 00:00 0 
8b996000-8b999000 ---p 00000000 00:00 0 
8b999000-8b9e7000 rw-p 00000000 00:00 0 
8b9e7000-8b9ea000 r--s 0000f000 08:05 659858     /home/simon/ese2010/play-1.0.3.2/framework/lib/provided-geronimo-servlet_2.5_spec-1.2.jar
8b9ea000-8b9f2000 r--s 0008a000 08:05 659841     /home/simon/ese2010/play-1.0.3.2/framework/lib/javassist.jar
8b9f2000-8b9f5000 r--s 00022000 08:05 659840     /home/simon/ese2010/play-1.0.3.2/framework/lib/jamon-2.7.jar
8b9f5000-8b9fa000 r--s 00040000 08:05 659833     /home/simon/ese2010/play-1.0.3.2/framework/lib/hibernate-annotations.jar
8b9fa000-8b9fc000 r--s 00001000 08:05 659860     /home/simon/ese2010/play-1.0.3.2/framework/lib/slf4j-log4j12-1.5.0.jar
8b9fc000-8ba02000 r--s 00024000 08:05 659814     /home/simon/ese2010/play-1.0.3.2/framework/lib/asyncweb-common-0.9.0-SNAPSHOT.jar
8ba02000-8ba07000 r--s 00023000 08:05 659847     /home/simon/ese2010/play-1.0.3.2/framework/lib/junit-4.4.jar
8ba07000-8ba09000 r--s 00011000 08:05 659811     /home/simon/ese2010/play-1.0.3.2/framework/lib/ZDB.jar
8ba09000-8ba0e000 r--s 00037000 08:05 659852     /home/simon/ese2010/play-1.0.3.2/framework/lib/memcached-2.4.2.jar
8ba0e000-8ba11000 r--s 0000d000 08:05 659836     /home/simon/ese2010/play-1.0.3.2/framework/lib/hibernate-validator.jar
8ba11000-8ba16000 r--s 0002a000 08:05 659818     /home/simon/ese2010/play-1.0.3.2/framework/lib/commons-beanutils.jar
8ba16000-8ba18000 r--s 00017000 08:05 659810     /home/simon/ese2010/play-1.0.3.2/framework/lib/WikiText.jar
8ba18000-8ba1f000 r--s 000aa000 08:05 659854     /home/simon/ese2010/play-1.0.3.2/framework/lib/mysql-connector-java-5.1.8-bin.jar
8ba1f000-8ba2c000 r--s 0007c000 08:05 659820     /home/simon/ese2010/play-1.0.3.2/framework/lib/commons-collections-3.1.jar
8ba2c000-8ba7b000 r--s 004b1000 08:05 659831     /home/simon/ese2010/play-1.0.3.2/framework/lib/groovy-all-1.7.1.jar
8ba7b000-8ba81000 r--s 00049000 08:05 659817     /home/simon/ese2010/play-1.0.3.2/framework/lib/cglib-nodep-2.2.jar
8ba81000-8ba8d000 r--s 0014c000 08:05 659826     /home/simon/ese2010/play-1.0.3.2/framework/lib/compiler-jdt.jar
8ba8d000-8ba94000 r--s 00038000 08:05 659861     /home/simon/ese2010/play-1.0.3.2/framework/lib/wikitext.core_1.1.1.jar
8ba94000-8ba97000 r--s 0001b000 08:05 659835     /home/simon/ese2010/play-1.0.3.2/framework/lib/hibernate-entitymanager.jar
8ba97000-8ba99000 r--s 00015000 08:05 659844     /home/simon/ese2010/play-1.0.3.2/framework/lib/jregex1.2_01.jar
8ba99000-8babd000 r--s 00473000 08:05 659838     /home/simon/ese2010/play-1.0.3.2/framework/lib/hibernate3.jar
8babd000-8bac8000 r--s 0008a000 08:05 659816     /home/simon/ese2010/play-1.0.3.2/framework/lib/c3p0-0.9.1.jar
8bac8000-8baca000 r--s 0000a000 08:05 659819     /home/simon/ese2010/play-1.0.3.2/framework/lib/commons-codec.jar
8baca000-8bacd000 r--s 00018000 08:05 659823     /home/simon/ese2010/play-1.0.3.2/framework/lib/commons-io.jar
8bacd000-8bad3000 r--s 00041000 08:05 659855     /home/simon/ese2010/play-1.0.3.2/framework/lib/oval-1.31.jar
8bad3000-8bad7000 r--s 00020000 08:05 659857     /home/simon/ese2010/play-1.0.3.2/framework/lib/play-imaging.jar
8bad7000-8bae6000 r--s 00074000 08:05 659843     /home/simon/ese2010/play-1.0.3.2/framework/lib/joda-time-1.6.jar
8bae6000-8baec000 r--s 00067000 08:05 659813     /home/simon/ese2010/play-1.0.3.2/framework/lib/antlr-2.7.6.jar
8baec000-8baee000 r--s 00001000 08:05 659846     /home/simon/ese2010/play-1.0.3.2/framework/lib/jta.jar
8baee000-8baf0000 r--s 00003000 08:05 659859     /home/simon/ese2010/play-1.0.3.2/framework/lib/slf4j-api-1.5.0.jar
8baf0000-8baf6000 r--s 00055000 08:05 659851     /home/simon/ese2010/play-1.0.3.2/framework/lib/mail.jar
8baf6000-8bafb000 r--s 00040000 08:05 659822     /home/simon/ese2010/play-1.0.3.2/framework/lib/commons-httpclient.jar
8bafb000-8bafe000 r--s 0000e000 08:05 659834     /home/simon/ese2010/play-1.0.3.2/framework/lib/hibernate-commons-annotations.jar
8bafe000-8baff000 ---p 00000000 00:00 0 
8baff000-8bb7f000 rw-p 00000000 00:00 0 
8bb7f000-8bb82000 ---p 00000000 00:00 0 
8bb82000-8bc00000 rw-p 00000000 00:00 0 
8bc00000-8bcff000 rw-p 00000000 00:00 0 
8bcff000-8bd00000 ---p 00000000 00:00 0 
8bd00000-8bd02000 r--s 00012000 08:05 659849     /home/simon/ese2010/play-1.0.3.2/framework/lib/lucene-analyzers-2.3.1.jar
8bd02000-8bd08000 r--s 00032000 08:05 659842     /home/simon/ese2010/play-1.0.3.2/framework/lib/jaxen-1.1.jar
8bd08000-8bd0d000 r--s 0003c000 08:05 659828     /home/simon/ese2010/play-1.0.3.2/framework/lib/ehcache-1.5.0.jar
8bd0d000-8bd0f000 r--s 00001000 08:05 659845     /home/simon/ese2010/play-1.0.3.2/framework/lib/jsr107cache-1.0.jar
8bd0f000-8bd11000 r--s 0000b000 08:05 659821     /home/simon/ese2010/play-1.0.3.2/framework/lib/commons-fileupload-1.2.jar
8bd11000-8bd1c000 r--s 00071000 08:05 659853     /home/simon/ese2010/play-1.0.3.2/framework/lib/mina-core-2.0.0-M2-SNAPSHOT.jar
8bd1c000-8bd20000 r--s 00023000 08:05 659832     /home/simon/ese2010/play-1.0.3.2/framework/lib/gson-1.3.jar
8bd20000-8bd23000 r--s 0000a000 08:05 659829     /home/simon/ese2010/play-1.0.3.2/framework/lib/ejb3-persistence.jar
8bd23000-8bd27000 r--s 0002f000 08:05 659824     /home/simon/ese2010/play-1.0.3.2/framework/lib/commons-lang.jar
8bd27000-8bd33000 r--s 00097000 08:05 659850     /home/simon/ese2010/play-1.0.3.2/framework/lib/lucene-core-2.3.1.jar
8bd33000-8bd35000 r--s 0000d000 08:05 659825     /home/simon/ese2010/play-1.0.3.2/framework/lib/commons-logging-1.1.1.jar
8bd35000-8bd3b000 r--s 0002c000 08:05 659809     /home/simon/ese2010/play-1.0.3.2/framework/lib/SnakeYAML-1.2.jar
8bd3b000-8bd41000 r--s 00056000 08:05 659837     /home/simon/ese2010/play-1.0.3.2/framework/lib/hibernate3-ast.jar
8bd41000-8bd49000 r--s 000a3000 08:05 659839     /home/simon/ese2010/play-1.0.3.2/framework/lib/hsqldb.jar
8bd49000-8bd4b000 r--s 0000c000 08:05 659812     /home/simon/ese2010/play-1.0.3.2/framework/lib/activation.jar
8bd4b000-8bd50000 r--s 00048000 08:05 659827     /home/simon/ese2010/play-1.0.3.2/framework/lib/dom4j-1.6.1.jar
8bd50000-8bd57000 r--s 00059000 08:05 659848     /home/simon/ese2010/play-1.0.3.2/framework/lib/log4j-1.2.15.jar
8bd57000-8bd5a000 r--s 00011000 08:05 659830     /home/simon/ese2010/play-1.0.3.2/framework/lib/ezmorph-1.0.3.jar
8bd5a000-8bd63000 r--s 00048000 08:05 659815     /home/simon/ese2010/play-1.0.3.2/framework/lib/backport-util-concurrent-3.0.jar
8bd63000-8bd66000 ---p 00000000 00:00 0 
8bd66000-8bdb4000 rw-p 00000000 00:00 0 
8bdb4000-8bdb7000 ---p 00000000 00:00 0 
8bdb7000-8be35000 rw-p 00000000 00:00 0 
8be35000-8be38000 ---p 00000000 00:00 0 
8be38000-8be86000 rw-p 00000000 00:00 0 
8be86000-8be89000 ---p 00000000 00:00 0 
8be89000-8bed7000 rw-p 00000000 00:00 0 
8bed7000-8bede000 r--s 00079000 08:05 659862     /home/simon/ese2010/play-1.0.3.2/framework/play.jar
8bede000-8bee7000 r--s 00065000 08:05 151420     /usr/share/java/gnome-java-bridge.jar
8bee7000-8beea000 ---p 00000000 00:00 0 
8beea000-8bf38000 rw-p 00000000 00:00 0 
8bf38000-8bf3b000 ---p 00000000 00:00 0 
8bf3b000-8bf89000 rw-p 00000000 00:00 0 
8bf89000-8bf8c000 ---p 00000000 00:00 0 
8bf8c000-8bfda000 rw-p 00000000 00:00 0 
8bfda000-8bfdb000 ---p 00000000 00:00 0 
8bfdb000-8c05b000 rw-p 00000000 00:00 0 
8c05b000-8c05d000 r--s 0001d000 08:05 6521       /usr/lib/jvm/java-6-openjdk/jre/lib/plugin.jar
8c05d000-8c062000 r--s 00044000 08:05 6516       /usr/lib/jvm/java-6-openjdk/jre/lib/netx.jar
8c062000-8c094000 rw-p 00000000 00:00 0 
8c094000-8c222000 r--s 038af000 08:05 5546       /usr/lib/jvm/java-6-openjdk/jre/lib/rt.jar
8c222000-8c223000 ---p 00000000 00:00 0 
8c223000-8c2a3000 rw-p 00000000 00:00 0 
8c2a3000-8c2a4000 ---p 00000000 00:00 0 
8c2a4000-8c341000 rw-p 00000000 00:00 0 
8c341000-8c364000 rw-p 00000000 00:00 0 
8c364000-8c373000 rw-p 00000000 00:00 0 
8c373000-8c40f000 rw-p 00000000 00:00 0 
8c40f000-8c42c000 rw-p 00000000 00:00 0 
8c42c000-8c44f000 rw-p 00000000 00:00 0 
8c44f000-8c45e000 rw-p 00000000 00:00 0 
8c45e000-8c4f9000 rw-p 00000000 00:00 0 
8c4f9000-8c540000 rw-p 00000000 00:00 0 
8c540000-8c54d000 ---p 00000000 00:00 0 
8c54d000-8c54f000 rw-p 00000000 00:00 0 
8c54f000-8fed0000 rw-p 00000000 00:00 0 
8fed0000-94550000 rw-p 00000000 00:00 0 
94550000-961b0000 rw-p 00000000 00:00 0 
961b0000-a9ab0000 rw-p 00000000 00:00 0 
a9ab0000-b25b0000 rw-p 00000000 00:00 0 
b25b0000-b40f0000 ---p 00000000 00:00 0 
b40f0000-b4550000 rw-p 00000000 00:00 0 
b4551000-b4552000 r--s 00015000 08:05 659856     /home/simon/ese2010/play-1.0.3.2/framework/lib/play-SimpleCaptcha.jar
b4552000-b4556000 r--s 0007c000 08:05 6500       /usr/lib/jvm/java-6-openjdk/jre/lib/jsse.jar
b4556000-b4559000 r--s 0000f000 08:05 6469       /usr/lib/jvm/java-6-openjdk/jre/lib/ext/pulse-java.jar
b4559000-b4570000 rw-p 00000000 00:00 0 
b4570000-b4619000 rw-p 00000000 00:00 0 
b4619000-b4bc1000 rwxp 00000000 00:00 0 
b4bc1000-b7619000 rw-p 00000000 00:00 0 
b7619000-b7621000 rw-s 00000000 08:05 539118     /tmp/hsperfdata_simon/3042
b7621000-b7660000 r--p 00000000 08:05 658598     /usr/lib/locale/en_US.utf8/LC_CTYPE
b7660000-b777e000 r--p 00000000 08:05 658599     /usr/lib/locale/en_US.utf8/LC_COLLATE
b777e000-b7781000 ---p 00000000 00:00 0 
b7781000-b77d3000 rw-p 00000000 00:00 0 
b77d3000-b77d4000 r--p 00000000 08:05 663758     /usr/lib/locale/en_US.utf8/LC_NUMERIC
b77d4000-b77d5000 r--p 00000000 08:05 658595     /usr/lib/locale/en_US.utf8/LC_TIME
b77d5000-b77d6000 r--p 00000000 08:05 661903     /usr/lib/locale/en_US.utf8/LC_MONETARY
b77d6000-b77d7000 r--p 00000000 08:05 661904     /usr/lib/locale/en_US.utf8/LC_MESSAGES/SYS_LC_MESSAGES
b77d7000-b77d8000 r--p 00000000 08:05 663764     /usr/lib/locale/en_US.utf8/LC_PAPER
b77d8000-b77d9000 r--p 00000000 08:05 663765     /usr/lib/locale/en_US.utf8/LC_NAME
b77d9000-b77da000 r--p 00000000 08:05 661905     /usr/lib/locale/en_US.utf8/LC_ADDRESS
b77da000-b77db000 r--p 00000000 08:05 661906     /usr/lib/locale/en_US.utf8/LC_TELEPHONE
b77db000-b77dc000 r--p 00000000 08:05 663768     /usr/lib/locale/en_US.utf8/LC_MEASUREMENT
b77dc000-b77e3000 r--s 00000000 08:05 140804     /usr/lib/gconv/gconv-modules.cache
b77e3000-b77e4000 r--p 00000000 08:05 661907     /usr/lib/locale/en_US.utf8/LC_IDENTIFICATION
b77e4000-b77e5000 rw-p 00000000 00:00 0 
b77e5000-b77e6000 r--p 00000000 00:00 0 
b77e6000-b77e8000 rw-p 00000000 00:00 0 
bfc96000-bfcac000 rw-p 00000000 00:00 0          [stack]

VM Arguments:
jvm_args: -javaagent:/home/simon/ese2010/play-1.0.3.2/framework/play.jar -Dplay.debug=yes -Xrunjdwp:transport=dt_socket,address=8000,server=y,suspend=n -Xdebug -Dapplication.path=/home/simon/ese2010/ese2010-team4/qa -Dplay.id= 
java_command: play.server.Server
Launcher Type: SUN_STANDARD

Environment Variables:
PATH=/usr/local/sbin:/usr/local/bin:/usr/sbin:/usr/bin:/sbin:/bin:/usr/games:~/ese2010/play-1.0.3.2/
USERNAME=simon
LD_LIBRARY_PATH=/usr/lib/jvm/java-6-openjdk/jre/lib/i386/server:/usr/lib/jvm/java-6-openjdk/jre/lib/i386:/usr/lib/jvm/java-6-openjdk/jre/../lib/i386
SHELL=/bin/bash
DISPLAY=:0.0

Signal Handlers:
SIGSEGV: [libjvm.so+0x637530], sa_mask[0]=0x7ffbfeff, sa_flags=0x10000004
SIGBUS: [libjvm.so+0x637530], sa_mask[0]=0x7ffbfeff, sa_flags=0x10000004
SIGFPE: [libjvm.so+0x50e640], sa_mask[0]=0x7ffbfeff, sa_flags=0x10000004
SIGPIPE: [libjvm.so+0x50e640], sa_mask[0]=0x7ffbfeff, sa_flags=0x10000004
SIGXFSZ: [libjvm.so+0x50e640], sa_mask[0]=0x7ffbfeff, sa_flags=0x10000004
SIGILL: [libjvm.so+0x50e640], sa_mask[0]=0x7ffbfeff, sa_flags=0x10000004
SIGUSR1: SIG_DFL, sa_mask[0]=0x00000000, sa_flags=0x00000000
SIGUSR2: [libjvm.so+0x50dcf0], sa_mask[0]=0x00000000, sa_flags=0x10000004
SIGHUP: [libjvm.so+0x510860], sa_mask[0]=0x7ffbfeff, sa_flags=0x10000004
SIGINT: [libjvm.so+0x510860], sa_mask[0]=0x7ffbfeff, sa_flags=0x10000004
SIGTERM: [libjvm.so+0x510860], sa_mask[0]=0x7ffbfeff, sa_flags=0x10000004
SIGQUIT: [libjvm.so+0x510860], sa_mask[0]=0x7ffbfeff, sa_flags=0x10000004


---------------  S Y S T E M  ---------------

OS:Ubuntu 10.04 (lucid)
uname:Linux 2.6.32-26-generic #48-Ubuntu SMP Wed Nov 24 09:00:03 UTC 2010 i686
libc:glibc 2.11.1 NPTL 2.11.1 
rlimit: STACK 8192k, CORE 0k, NPROC infinity, NOFILE 1024, AS infinity
load average:0.40 0.55 0.51

/proc/meminfo:
MemTotal:        2061408 kB
MemFree:          551920 kB
Buffers:          143596 kB
Cached:           603384 kB
SwapCached:            0 kB
Active:           930036 kB
Inactive:         470556 kB
Active(anon):     654556 kB
Inactive(anon):     7072 kB
Active(file):     275480 kB
Inactive(file):   463484 kB
Unevictable:          16 kB
Mlocked:              16 kB
HighTotal:       1187528 kB
HighFree:           1736 kB
LowTotal:         873880 kB
LowFree:          550184 kB
SwapTotal:       2088408 kB
SwapFree:        2088408 kB
Dirty:               176 kB
Writeback:             0 kB
AnonPages:        653668 kB
Mapped:           117984 kB
Shmem:              8020 kB
Slab:              63264 kB
SReclaimable:      47076 kB
SUnreclaim:        16188 kB
KernelStack:        2784 kB
PageTables:         6496 kB
NFS_Unstable:          0 kB
Bounce:                0 kB
WritebackTmp:          0 kB
CommitLimit:     3119112 kB
Committed_AS:    1507796 kB
VmallocTotal:     122880 kB
VmallocUsed:       33768 kB
VmallocChunk:      79940 kB
HardwareCorrupted:     0 kB
HugePages_Total:       0
HugePages_Free:        0
HugePages_Rsvd:        0
HugePages_Surp:        0
Hugepagesize:       4096 kB
DirectMap4k:       12280 kB
DirectMap4M:      897024 kB


CPU:total 2 (2 cores per cpu, 1 threads per core) family 6 model 15 stepping 11, cmov, cx8, fxsr, mmx, sse, sse2, sse3, ssse3

Memory: 4k page, physical 2061408k(551920k free), swap 2088408k(2088408k free)

vm_info: OpenJDK Server VM (19.0-b09) for linux-x86 JRE (1.6.0_20-b20), built on Nov 25 2010 19:36:58 by "buildd" with gcc 4.4.3

time: Wed Dec 15 21:55:16 2010
elapsed time: 1922 seconds

