#
# A fatal error has been detected by the Java Runtime Environment:
#
#  SIGSEGV (0xb) at pc=0x00007fe1966feca0, pid=5480, tid=140605470467856
#
# JRE version: 6.0_18-b18
# Java VM: OpenJDK 64-Bit Server VM (16.0-b13 mixed mode linux-amd64 )
# Derivative: IcedTea6 1.8.2
# Distribution: Ubuntu 10.04.1 LTS, package 6b18-1.8.2-4ubuntu2
# Problematic frame:
# V  [libjvm.so+0x50bca0]
#
# If you would like to submit a bug report, please include
# instructions how to reproduce the bug and visit:
#   https://bugs.launchpad.net/ubuntu/+source/openjdk-6/
#

---------------  T H R E A D  ---------------

Current thread (0x00007fe144001000):  JavaThread "CompilerThread0" daemon [_thread_in_native, id=5496, stack(0x00007fe1430ee000,0x00007fe1431ef000)]

siginfo:si_signo=SIGSEGV: si_errno=0, si_code=1 (SEGV_MAPERR), si_addr=0x0000000000000008

Registers:
RAX=0x0000000000000000, RBX=0x00007fe1431eb880, RCX=0x00007fe144dd4e00, RDX=0x0000000000002000
RSP=0x00007fe1431ea090, RBP=0x00007fe1431ea0d0, RSI=0x00007fe1447372a0, RDI=0x0000000000000000
R8 =0x00007fe144dc4de0, R9 =0x00007fe145164de0, R10=0x0000000000000000, R11=0x00007fe196d59e53
R12=0x00007fe144955d48, R13=0x00007fe144724a68, R14=0x00007fe1431eb8a0, R15=0x00007fe145167998
RIP=0x00007fe1966feca0, EFL=0x0000000000010206, CSGSFS=0x0000000000000033, ERR=0x0000000000000004
  TRAPNO=0x000000000000000e

Top of Stack: (sp=0x00007fe1431ea090)
0x00007fe1431ea090:   00007fe1431ea3b0 000000000000138a
0x00007fe1431ea0a0:   00007fe1431ea0d0 00007fe1431ea370
0x00007fe1431ea0b0:   00007fe1431eb880 00007fe144955d48
0x00007fe1431ea0c0:   0000000000000002 00007fe13c49eeb8
0x00007fe1431ea0d0:   00007fe1431ea140 00007fe1966ff207
0x00007fe1431ea0e0:   0000000000000020 00007fe100000001
0x00007fe1431ea0f0:   00007fe1431ec210 0000000000000000
0x00007fe1431ea100:   00007fe1431ea350 00007fe1431ea3b0
0x00007fe1431ea110:   0000000000001687 00007fe1431eb880
0x00007fe1431ea120:   00007fe1431eae70 00007fe1431ea3b0
0x00007fe1431ea130:   00007fe1431ea350 0000000000000000
0x00007fe1431ea140:   00007fe1431ea410 00007fe196702750
0x00007fe1431ea150:   00007fe196ca1888 00007fe196cbcad8
0x00007fe1431ea160:   00007fe1431ea190 00007fe100001675
0x00007fe1431ea170:   000000000000b4a0 00007fe196c83d7c
0x00007fe1431ea180:   01007fe1431ecfc0 00007fe1431ea370
0x00007fe1431ea190:   00007fe1431ea1b0 00007fe196884fb6
0x00007fe1431ea1a0:   0000000001632050 0000000002e2a070
0x00007fe1431ea1b0:   00007fe1431ea1d0 00007fe196884fb6
0x00007fe1431ea1c0:   0000000001632050 0000000002e2a070
0x00007fe1431ea1d0:   00007fe14465d900 0000000002e2a070
0x00007fe1431ea1e0:   00007fe1431ea1f0 00007fe19688424d
0x00007fe1431ea1f0:   00007fe1431ea250 00007fe19652040e
0x00007fe1431ea200:   0000000000000000 8a2d8c550066ab38
0x00007fe1431ea210:   0000000000000000 0000000096888818
0x00007fe1431ea220:   00007fe188ca6bff 00007fe14466ab38
0x00007fe1431ea230:   00007fe1431ea290 00007fe1965a6f91
0x00007fe1431ea240:   00007fe1431ea260 00007fe144b0c370
0x00007fe1431ea250:   00007fe144976288 00000000443e6f68
0x00007fe1431ea260:   00007fe1431ea280 00007fe144976338
0x00007fe1431ea270:   00007fe1431eae70 00007fe1431eae70
0x00007fe1431ea280:   00007fe1443e74c0 00007fe144976338 

Instructions: (pc=0x00007fe1966feca0)
0x00007fe1966fec90:   89 f6 48 c1 e6 03 48 03 b3 d0 09 00 00 48 8b 06
0x00007fe1966feca0:   48 8b 50 08 48 83 3a 00 75 27 8b 4b 28 0f 1f 00 

Stack: [0x00007fe1430ee000,0x00007fe1431ef000],  sp=0x00007fe1431ea090,  free space=3f00000000000000030k
Native frames: (J=compiled Java code, j=interpreted, Vv=VM code, C=native code)
V  [libjvm.so+0x50bca0]
V  [libjvm.so+0x50c207]
V  [libjvm.so+0x50f750]
V  [libjvm.so+0x2b7a9b]
V  [libjvm.so+0x2b85ea]
V  [libjvm.so+0x246f7c]
V  [libjvm.so+0x2bd4ca]
V  [libjvm.so+0x2bdaef]
V  [libjvm.so+0x687d0b]
V  [libjvm.so+0x58fff2]


Current CompileTask:
C2:1100      jregex.Pretokenizer.next()V (1064 bytes)


---------------  P R O C E S S  ---------------

Java Threads: ( => current thread )
  0x00007fe13c080000 JavaThread "com.mchange.v2.async.ThreadPoolAsynchronousRunner$PoolThread-#2" daemon [_thread_blocked, id=5507, stack(0x00007fe141e96000,0x00007fe141f97000)]
  0x00007fe13c184800 JavaThread "com.mchange.v2.async.ThreadPoolAsynchronousRunner$PoolThread-#1" daemon [_thread_blocked, id=5506, stack(0x00007fe141f97000,0x00007fe142098000)]
  0x00007fe13c040800 JavaThread "com.mchange.v2.async.ThreadPoolAsynchronousRunner$PoolThread-#0" daemon [_thread_blocked, id=5505, stack(0x00007fe142098000,0x00007fe142199000)]
  0x00007fe13c184000 JavaThread "Timer-0" daemon [_thread_blocked, id=5504, stack(0x00007fe142199000,0x00007fe14229a000)]
  0x00007fe144186800 JavaThread "pool-3-thread-1" [_thread_in_Java, id=5503, stack(0x00007fe1424a9000,0x00007fe1425aa000)]
  0x00000000017c9000 JavaThread "NioProcessor-1" [_thread_in_native, id=5502, stack(0x00007fe1425aa000,0x00007fe1426ab000)]
  0x00007fe14433f000 JavaThread "DestroyJavaVM" [_thread_blocked, id=5481, stack(0x00007fe197989000,0x00007fe197a8a000)]
  0x00007fe1442dd800 JavaThread "NioSocketAcceptor-1" [_thread_in_native, id=5501, stack(0x00007fe1426ab000,0x00007fe1427ac000)]
  0x00007fe144192800 JavaThread "NioSocketAcceptor-1-idleStatusChecker" [_thread_blocked, id=5500, stack(0x00007fe1427ac000,0x00007fe1428ad000)]
  0x00007fe144006800 JavaThread "Low Memory Detector" daemon [_thread_blocked, id=5498, stack(0x00007fe142eec000,0x00007fe142fed000)]
  0x00007fe144004000 JavaThread "CompilerThread1" daemon [_thread_in_native, id=5497, stack(0x00007fe142fed000,0x00007fe1430ee000)]
=>0x00007fe144001000 JavaThread "CompilerThread0" daemon [_thread_in_native, id=5496, stack(0x00007fe1430ee000,0x00007fe1431ef000)]
  0x00000000016b2000 JavaThread "JDWP Event Helper Thread" daemon [_thread_blocked, id=5495, stack(0x00007fe1431ef000,0x00007fe1432f0000)]
  0x00000000016ae800 JavaThread "JDWP Transport Listener: dt_socket" daemon [_thread_in_native, id=5494, stack(0x00007fe1432f0000,0x00007fe1433f1000)]
  0x000000000167b000 JavaThread "Signal Dispatcher" daemon [_thread_blocked, id=5493, stack(0x00007fe1435f6000,0x00007fe1436f7000)]
  0x000000000165d000 JavaThread "Finalizer" daemon [_thread_blocked, id=5492, stack(0x00007fe1436f7000,0x00007fe1437f8000)]
  0x0000000001655800 JavaThread "Reference Handler" daemon [_thread_blocked, id=5491, stack(0x00007fe1437f8000,0x00007fe1438f9000)]

Other Threads:
  0x0000000001651000 VMThread [stack: 0x00007fe1438f9000,0x00007fe1439fa000] [id=5490]
  0x00007fe144009000 WatcherThread [stack: 0x00007fe142deb000,0x00007fe142eec000] [id=5499]

VM state:not at safepoint (normal execution)

VM Mutex/Monitor currently owned by a thread: None

Heap
 PSYoungGen      total 32384K, used 30538K [0x00007fe17cb60000, 0x00007fe17f050000, 0x00007fe1914b0000)
  eden space 31296K, 94% used [0x00007fe17cb60000,0x00007fe17e8253f8,0x00007fe17e9f0000)
  from space 1088K, 99% used [0x00007fe17eaf0000,0x00007fe17ebfd638,0x00007fe17ec00000)
  to   space 3264K, 0% used [0x00007fe17ed20000,0x00007fe17ed20000,0x00007fe17f050000)
 PSOldGen        total 42176K, used 26469K [0x00007fe1538b0000, 0x00007fe1561e0000, 0x00007fe17cb60000)
  object space 42176K, 62% used [0x00007fe1538b0000,0x00007fe155289460,0x00007fe1561e0000)
 PSPermGen       total 41216K, used 41135K [0x00007fe1490b0000, 0x00007fe14b8f0000, 0x00007fe1538b0000)
  object space 41216K, 99% used [0x00007fe1490b0000,0x00007fe14b8dbe48,0x00007fe14b8f0000)

Dynamic libraries:
00400000-00409000 r-xp 00000000 08:01 18615065                           /usr/lib/jvm/java-6-openjdk/jre/bin/java
00608000-00609000 r--p 00008000 08:01 18615065                           /usr/lib/jvm/java-6-openjdk/jre/bin/java
00609000-0060a000 rw-p 00009000 08:01 18615065                           /usr/lib/jvm/java-6-openjdk/jre/bin/java
015cf000-04136000 rw-p 00000000 00:00 0                                  [heap]
7fe13c000000-7fe13c815000 rw-p 00000000 00:00 0 
7fe13c815000-7fe140000000 ---p 00000000 00:00 0 
7fe141e93000-7fe141e96000 r--s 00031000 08:01 18612807                   /usr/lib/jvm/java-6-openjdk/jre/lib/ext/sunjce_provider.jar
7fe141e96000-7fe141e99000 ---p 00000000 00:00 0 
7fe141e99000-7fe141f97000 rw-p 00000000 00:00 0 
7fe141f97000-7fe141f9a000 ---p 00000000 00:00 0 
7fe141f9a000-7fe142098000 rw-p 00000000 00:00 0 
7fe142098000-7fe14209b000 ---p 00000000 00:00 0 
7fe14209b000-7fe142199000 rw-p 00000000 00:00 0 
7fe142199000-7fe14219c000 ---p 00000000 00:00 0 
7fe14219c000-7fe14229a000 rw-p 00000000 00:00 0 
7fe14229a000-7fe1422a1000 r-xp 00000000 08:01 18613949                   /usr/lib/jvm/java-6-openjdk/jre/lib/amd64/libmanagement.so
7fe1422a1000-7fe1424a0000 ---p 00007000 08:01 18613949                   /usr/lib/jvm/java-6-openjdk/jre/lib/amd64/libmanagement.so
7fe1424a0000-7fe1424a1000 r--p 00006000 08:01 18613949                   /usr/lib/jvm/java-6-openjdk/jre/lib/amd64/libmanagement.so
7fe1424a1000-7fe1424a2000 rw-p 00007000 08:01 18613949                   /usr/lib/jvm/java-6-openjdk/jre/lib/amd64/libmanagement.so
7fe1424a2000-7fe1424a9000 r--s 00102000 08:01 18612843                   /usr/lib/jvm/java-6-openjdk/jre/lib/resources.jar
7fe1424a9000-7fe1424ac000 ---p 00000000 00:00 0 
7fe1424ac000-7fe1425aa000 rw-p 00000000 00:00 0 
7fe1425aa000-7fe1425ad000 ---p 00000000 00:00 0 
7fe1425ad000-7fe1426ab000 rw-p 00000000 00:00 0 
7fe1426ab000-7fe1426ae000 ---p 00000000 00:00 0 
7fe1426ae000-7fe1427ac000 rw-p 00000000 00:00 0 
7fe1427ac000-7fe1427af000 ---p 00000000 00:00 0 
7fe1427af000-7fe1428ad000 rw-p 00000000 00:00 0 
7fe1428ad000-7fe1428b5000 r-xp 00000000 08:01 18613952                   /usr/lib/jvm/java-6-openjdk/jre/lib/amd64/libnio.so
7fe1428b5000-7fe142ab4000 ---p 00008000 08:01 18613952                   /usr/lib/jvm/java-6-openjdk/jre/lib/amd64/libnio.so
7fe142ab4000-7fe142ab5000 r--p 00007000 08:01 18613952                   /usr/lib/jvm/java-6-openjdk/jre/lib/amd64/libnio.so
7fe142ab5000-7fe142ab6000 rw-p 00008000 08:01 18613952                   /usr/lib/jvm/java-6-openjdk/jre/lib/amd64/libnio.so
7fe142ab6000-7fe142acb000 r-xp 00000000 08:01 18613951                   /usr/lib/jvm/java-6-openjdk/jre/lib/amd64/libnet.so
7fe142acb000-7fe142cca000 ---p 00015000 08:01 18613951                   /usr/lib/jvm/java-6-openjdk/jre/lib/amd64/libnet.so
7fe142cca000-7fe142ccb000 r--p 00014000 08:01 18613951                   /usr/lib/jvm/java-6-openjdk/jre/lib/amd64/libnet.so
7fe142ccb000-7fe142ccc000 rw-p 00015000 08:01 18613951                   /usr/lib/jvm/java-6-openjdk/jre/lib/amd64/libnet.so
7fe142ccc000-7fe142cd0000 r--s 0002f000 08:01 22941597                   /home/d3orn/play-1.0.3.2/framework/lib/commons-lang.jar
7fe142cd0000-7fe142cd8000 r--s 0008a000 08:01 22941614                   /home/d3orn/play-1.0.3.2/framework/lib/javassist.jar
7fe142cd8000-7fe142cdb000 r--s 00011000 08:01 22941603                   /home/d3orn/play-1.0.3.2/framework/lib/ezmorph-1.0.3.jar
7fe142cdb000-7fe142cde000 r--s 00018000 08:01 22941596                   /home/d3orn/play-1.0.3.2/framework/lib/commons-io.jar
7fe142cde000-7fe142ce1000 r--s 0000a000 08:01 22941602                   /home/d3orn/play-1.0.3.2/framework/lib/ejb3-persistence.jar
7fe142ce1000-7fe142ce4000 r--s 00022000 08:01 22941613                   /home/d3orn/play-1.0.3.2/framework/lib/jamon-2.7.jar
7fe142ce4000-7fe142cea000 r--s 00049000 08:01 22941590                   /home/d3orn/play-1.0.3.2/framework/lib/cglib-nodep-2.2.jar
7fe142cea000-7fe142ced000 r--s 0001b000 08:01 22941608                   /home/d3orn/play-1.0.3.2/framework/lib/hibernate-entitymanager.jar
7fe142ced000-7fe142cef000 r--s 00017000 08:01 22941583                   /home/d3orn/play-1.0.3.2/framework/lib/WikiText.jar
7fe142cef000-7fe142cf1000 r--s 0000c000 08:01 22941585                   /home/d3orn/play-1.0.3.2/framework/lib/activation.jar
7fe142cf1000-7fe142cf6000 r--s 00040000 08:01 22941595                   /home/d3orn/play-1.0.3.2/framework/lib/commons-httpclient.jar
7fe142cf6000-7fe142cfc000 r--s 00056000 08:01 22941610                   /home/d3orn/play-1.0.3.2/framework/lib/hibernate3-ast.jar
7fe142cfc000-7fe142d4b000 r--s 004b1000 08:01 22941604                   /home/d3orn/play-1.0.3.2/framework/lib/groovy-all-1.7.1.jar
7fe142d4b000-7fe142d4d000 r--s 00001000 08:01 22941618                   /home/d3orn/play-1.0.3.2/framework/lib/jsr107cache-1.0.jar
7fe142d4d000-7fe142d4f000 r--s 00011000 08:01 22941584                   /home/d3orn/play-1.0.3.2/framework/lib/ZDB.jar
7fe142d4f000-7fe142d5e000 r--s 00074000 08:01 22941616                   /home/d3orn/play-1.0.3.2/framework/lib/joda-time-1.6.jar
7fe142d5e000-7fe142d60000 r--s 0000a000 08:01 22941592                   /home/d3orn/play-1.0.3.2/framework/lib/commons-codec.jar
7fe142d60000-7fe142d67000 r--s 00059000 08:01 22941621                   /home/d3orn/play-1.0.3.2/framework/lib/log4j-1.2.15.jar
7fe142d67000-7fe142d6d000 r--s 00055000 08:01 22941624                   /home/d3orn/play-1.0.3.2/framework/lib/mail.jar
7fe142d6d000-7fe142d79000 r--s 0014c000 08:01 22941599                   /home/d3orn/play-1.0.3.2/framework/lib/compiler-jdt.jar
7fe142d79000-7fe142d7b000 r--s 00003000 08:01 22941632                   /home/d3orn/play-1.0.3.2/framework/lib/slf4j-api-1.5.0.jar
7fe142d7b000-7fe142d9f000 r--s 00473000 08:01 22941611                   /home/d3orn/play-1.0.3.2/framework/lib/hibernate3.jar
7fe142d9f000-7fe142da3000 r--s 00020000 08:01 22941630                   /home/d3orn/play-1.0.3.2/framework/lib/play-imaging.jar
7fe142da3000-7fe142da8000 r--s 00023000 08:01 22941620                   /home/d3orn/play-1.0.3.2/framework/lib/junit-4.4.jar
7fe142da8000-7fe142dab000 r--s 0000f000 08:01 22941631                   /home/d3orn/play-1.0.3.2/framework/lib/provided-geronimo-servlet_2.5_spec-1.2.jar
7fe142dab000-7fe142db7000 r--s 00097000 08:01 22941623                   /home/d3orn/play-1.0.3.2/framework/lib/lucene-core-2.3.1.jar
7fe142db7000-7fe142dba000 r--s 0000e000 08:01 22941607                   /home/d3orn/play-1.0.3.2/framework/lib/hibernate-commons-annotations.jar
7fe142dba000-7fe142dbf000 r--s 00037000 08:01 22941625                   /home/d3orn/play-1.0.3.2/framework/lib/memcached-2.4.2.jar
7fe142dbf000-7fe142dc5000 r--s 0002c000 08:01 22941582                   /home/d3orn/play-1.0.3.2/framework/lib/SnakeYAML-1.2.jar
7fe142dc5000-7fe142dd2000 r--s 0007c000 08:01 22941593                   /home/d3orn/play-1.0.3.2/framework/lib/commons-collections-3.1.jar
7fe142dd2000-7fe142dd8000 r--s 00041000 08:01 22941628                   /home/d3orn/play-1.0.3.2/framework/lib/oval-1.31.jar
7fe142dd8000-7fe142ddd000 r--s 00040000 08:01 22941606                   /home/d3orn/play-1.0.3.2/framework/lib/hibernate-annotations.jar
7fe142ddd000-7fe142de5000 r--s 000a3000 08:01 22941612                   /home/d3orn/play-1.0.3.2/framework/lib/hsqldb.jar
7fe142de5000-7fe142deb000 r--s 00067000 08:01 22941586                   /home/d3orn/play-1.0.3.2/framework/lib/antlr-2.7.6.jar
7fe142deb000-7fe142dec000 ---p 00000000 00:00 0 
7fe142dec000-7fe142eec000 rw-p 00000000 00:00 0 
7fe142eec000-7fe142eef000 ---p 00000000 00:00 0 
7fe142eef000-7fe142fed000 rw-p 00000000 00:00 0 
7fe142fed000-7fe142ff0000 ---p 00000000 00:00 0 
7fe142ff0000-7fe1430ee000 rw-p 00000000 00:00 0 
7fe1430ee000-7fe1430f1000 ---p 00000000 00:00 0 
7fe1430f1000-7fe1431ef000 rw-p 00000000 00:00 0 
7fe1431ef000-7fe1431f2000 ---p 00000000 00:00 0 
7fe1431f2000-7fe1432f0000 rw-p 00000000 00:00 0 
7fe1432f0000-7fe1432f3000 ---p 00000000 00:00 0 
7fe1432f3000-7fe1433f1000 rw-p 00000000 00:00 0 
7fe1433f1000-7fe1433f5000 r-xp 00000000 08:01 18612475                   /usr/lib/jvm/java-6-openjdk/jre/lib/amd64/libdt_socket.so
7fe1433f5000-7fe1435f4000 ---p 00004000 08:01 18612475                   /usr/lib/jvm/java-6-openjdk/jre/lib/amd64/libdt_socket.so
7fe1435f4000-7fe1435f5000 r--p 00003000 08:01 18612475                   /usr/lib/jvm/java-6-openjdk/jre/lib/amd64/libdt_socket.so
7fe1435f5000-7fe1435f6000 rw-p 00004000 08:01 18612475                   /usr/lib/jvm/java-6-openjdk/jre/lib/amd64/libdt_socket.so
7fe1435f6000-7fe1435f9000 ---p 00000000 00:00 0 
7fe1435f9000-7fe1436f7000 rw-p 00000000 00:00 0 
7fe1436f7000-7fe1436fa000 ---p 00000000 00:00 0 
7fe1436fa000-7fe1437f8000 rw-p 00000000 00:00 0 
7fe1437f8000-7fe1437fb000 ---p 00000000 00:00 0 
7fe1437fb000-7fe1438f9000 rw-p 00000000 00:00 0 
7fe1438f9000-7fe1438fa000 ---p 00000000 00:00 0 
7fe1438fa000-7fe144000000 rw-p 00000000 00:00 0 
7fe144000000-7fe146ae3000 rw-p 00000000 00:00 0 
7fe146ae3000-7fe148000000 ---p 00000000 00:00 0 
7fe148001000-7fe148003000 r--s 00013000 08:01 18612823                   /usr/lib/jvm/java-6-openjdk/jre/lib/jce.jar
7fe148003000-7fe148009000 r--s 00032000 08:01 22941615                   /home/d3orn/play-1.0.3.2/framework/lib/jaxen-1.1.jar
7fe148009000-7fe14800f000 r--s 00024000 08:01 22941587                   /home/d3orn/play-1.0.3.2/framework/lib/asyncweb-common-0.9.0-SNAPSHOT.jar
7fe14800f000-7fe148011000 r--s 00015000 08:01 22941617                   /home/d3orn/play-1.0.3.2/framework/lib/jregex1.2_01.jar
7fe148011000-7fe14801c000 r--s 00071000 08:01 22941626                   /home/d3orn/play-1.0.3.2/framework/lib/mina-core-2.0.0-M2-SNAPSHOT.jar
7fe14801c000-7fe148023000 r--s 000aa000 08:01 22941627                   /home/d3orn/play-1.0.3.2/framework/lib/mysql-connector-java-5.1.8-bin.jar
7fe148023000-7fe148028000 r--s 00048000 08:01 22941600                   /home/d3orn/play-1.0.3.2/framework/lib/dom4j-1.6.1.jar
7fe148028000-7fe14802d000 r--s 0002a000 08:01 22941591                   /home/d3orn/play-1.0.3.2/framework/lib/commons-beanutils.jar
7fe14802d000-7fe148032000 r--s 0003c000 08:01 22941601                   /home/d3orn/play-1.0.3.2/framework/lib/ehcache-1.5.0.jar
7fe148032000-7fe148034000 r--s 00001000 08:01 22941619                   /home/d3orn/play-1.0.3.2/framework/lib/jta.jar
7fe148034000-7fe14803d000 r--s 00048000 08:01 22941588                   /home/d3orn/play-1.0.3.2/framework/lib/backport-util-concurrent-3.0.jar
7fe14803d000-7fe14803f000 r--s 00012000 08:01 22941622                   /home/d3orn/play-1.0.3.2/framework/lib/lucene-analyzers-2.3.1.jar
7fe14803f000-7fe148046000 r--s 00038000 08:01 22941634                   /home/d3orn/play-1.0.3.2/framework/lib/wikitext.core_1.1.1.jar
7fe148046000-7fe148048000 r--s 00001000 08:01 22941633                   /home/d3orn/play-1.0.3.2/framework/lib/slf4j-log4j12-1.5.0.jar
7fe148048000-7fe148053000 r--s 0008a000 08:01 22941589                   /home/d3orn/play-1.0.3.2/framework/lib/c3p0-0.9.1.jar
7fe148053000-7fe148389000 rw-p 00000000 00:00 0 
7fe148389000-7fe14851b000 r--s 03916000 08:01 18612322                   /usr/lib/jvm/java-6-openjdk/jre/lib/rt.jar
7fe14851b000-7fe14851c000 ---p 00000000 00:00 0 
7fe14851c000-7fe14861c000 rw-p 00000000 00:00 0 
7fe14861c000-7fe14861d000 ---p 00000000 00:00 0 
7fe14861d000-7fe14871d000 rw-p 00000000 00:00 0 
7fe14871d000-7fe14871e000 ---p 00000000 00:00 0 
7fe14871e000-7fe14881e000 rw-p 00000000 00:00 0 
7fe14881e000-7fe14881f000 ---p 00000000 00:00 0 
7fe14881f000-7fe14891f000 rw-p 00000000 00:00 0 
7fe14891f000-7fe148920000 ---p 00000000 00:00 0 
7fe148920000-7fe148a20000 rw-p 00000000 00:00 0 
7fe148a20000-7fe148a21000 ---p 00000000 00:00 0 
7fe148a21000-7fe148b21000 rw-p 00000000 00:00 0 
7fe148b21000-7fe148b22000 ---p 00000000 00:00 0 
7fe148b22000-7fe148c22000 rw-p 00000000 00:00 0 
7fe148c22000-7fe148c23000 ---p 00000000 00:00 0 
7fe148c23000-7fe148d38000 rw-p 00000000 00:00 0 
7fe148d38000-7fe148e6d000 rw-p 00000000 00:00 0 
7fe148e6d000-7fe148e82000 rw-p 00000000 00:00 0 
7fe148e82000-7fe148ec1000 rw-p 00000000 00:00 0 
7fe148ec1000-7fe148ed6000 rw-p 00000000 00:00 0 
7fe148ed6000-7fe14900a000 rw-p 00000000 00:00 0 
7fe14900a000-7fe14901d000 rw-p 00000000 00:00 0 
7fe14901d000-7fe149020000 ---p 00000000 00:00 0 
7fe149020000-7fe1490af000 rw-p 00000000 00:00 0 
7fe1490af000-7fe14b8f0000 rw-p 00000000 00:00 0 
7fe14b8f0000-7fe1538b0000 rw-p 00000000 00:00 0 
7fe1538b0000-7fe1561e0000 rw-p 00000000 00:00 0 
7fe1561e0000-7fe17cb60000 rw-p 00000000 00:00 0 
7fe17cb60000-7fe17f050000 rw-p 00000000 00:00 0 
7fe17f050000-7fe17f670000 ---p 00000000 00:00 0 
7fe17f670000-7fe1914b0000 rw-p 00000000 00:00 0 
7fe1914b0000-7fe1914b4000 r--s 00023000 08:01 22941605                   /home/d3orn/play-1.0.3.2/framework/lib/gson-1.3.jar
7fe1914b4000-7fe1914c9000 rw-p 00000000 00:00 0 
7fe1914c9000-7fe191574000 rw-p 00000000 00:00 0 
7fe191574000-7fe191a84000 rwxp 00000000 00:00 0 
7fe191a84000-7fe194574000 rw-p 00000000 00:00 0 
7fe194574000-7fe19457b000 r-xp 00000000 08:01 18613958                   /usr/lib/jvm/java-6-openjdk/jre/lib/amd64/libzip.so
7fe19457b000-7fe19477a000 ---p 00007000 08:01 18613958                   /usr/lib/jvm/java-6-openjdk/jre/lib/amd64/libzip.so
7fe19477a000-7fe19477b000 r--p 00006000 08:01 18613958                   /usr/lib/jvm/java-6-openjdk/jre/lib/amd64/libzip.so
7fe19477b000-7fe19477c000 rw-p 00007000 08:01 18613958                   /usr/lib/jvm/java-6-openjdk/jre/lib/amd64/libzip.so
7fe19477c000-7fe194788000 r-xp 00000000 08:01 29622883                   /lib/libnss_files-2.11.1.so
7fe194788000-7fe194987000 ---p 0000c000 08:01 29622883                   /lib/libnss_files-2.11.1.so
7fe194987000-7fe194988000 r--p 0000b000 08:01 29622883                   /lib/libnss_files-2.11.1.so
7fe194988000-7fe194989000 rw-p 0000c000 08:01 29622883                   /lib/libnss_files-2.11.1.so
7fe194989000-7fe194993000 r-xp 00000000 08:01 29622873                   /lib/libnss_nis-2.11.1.so
7fe194993000-7fe194b92000 ---p 0000a000 08:01 29622873                   /lib/libnss_nis-2.11.1.so
7fe194b92000-7fe194b93000 r--p 00009000 08:01 29622873                   /lib/libnss_nis-2.11.1.so
7fe194b93000-7fe194b94000 rw-p 0000a000 08:01 29622873                   /lib/libnss_nis-2.11.1.so
7fe194b94000-7fe194b9c000 r-xp 00000000 08:01 29622872                   /lib/libnss_compat-2.11.1.so
7fe194b9c000-7fe194d9b000 ---p 00008000 08:01 29622872                   /lib/libnss_compat-2.11.1.so
7fe194d9b000-7fe194d9c000 r--p 00007000 08:01 29622872                   /lib/libnss_compat-2.11.1.so
7fe194d9c000-7fe194d9d000 rw-p 00008000 08:01 29622872                   /lib/libnss_compat-2.11.1.so
7fe194d9d000-7fe194ebb000 r--p 00000000 08:01 18095795                   /usr/lib/locale/en_US.utf8/LC_COLLATE
7fe194ebb000-7fe194ebe000 r-xp 00000000 08:01 18613953                   /usr/lib/jvm/java-6-openjdk/jre/lib/amd64/libnpt.so
7fe194ebe000-7fe1950bd000 ---p 00003000 08:01 18613953                   /usr/lib/jvm/java-6-openjdk/jre/lib/amd64/libnpt.so
7fe1950bd000-7fe1950be000 r--p 00002000 08:01 18613953                   /usr/lib/jvm/java-6-openjdk/jre/lib/amd64/libnpt.so
7fe1950be000-7fe1950bf000 rw-p 00003000 08:01 18613953                   /usr/lib/jvm/java-6-openjdk/jre/lib/amd64/libnpt.so
7fe1950bf000-7fe1950c8000 r-xp 00000000 08:01 18612584                   /usr/lib/jvm/java-6-openjdk/jre/lib/amd64/libinstrument.so
7fe1950c8000-7fe1952c8000 ---p 00009000 08:01 18612584                   /usr/lib/jvm/java-6-openjdk/jre/lib/amd64/libinstrument.so
7fe1952c8000-7fe1952c9000 r--p 00009000 08:01 18612584                   /usr/lib/jvm/java-6-openjdk/jre/lib/amd64/libinstrument.so
7fe1952c9000-7fe1952ca000 rw-p 0000a000 08:01 18612584                   /usr/lib/jvm/java-6-openjdk/jre/lib/amd64/libinstrument.so
7fe1952ca000-7fe195303000 r-xp 00000000 08:01 18613498                   /usr/lib/jvm/java-6-openjdk/jre/lib/amd64/libjdwp.so
7fe195303000-7fe195502000 ---p 00039000 08:01 18613498                   /usr/lib/jvm/java-6-openjdk/jre/lib/amd64/libjdwp.so
7fe195502000-7fe195503000 r--p 00038000 08:01 18613498                   /usr/lib/jvm/java-6-openjdk/jre/lib/amd64/libjdwp.so
7fe195503000-7fe195504000 rw-p 00039000 08:01 18613498                   /usr/lib/jvm/java-6-openjdk/jre/lib/amd64/libjdwp.so
7fe195504000-7fe19550c000 r-xp 00000000 08:01 18613959                   /usr/lib/jvm/java-6-openjdk/jre/lib/amd64/native_threads/libhpi.so
7fe19550c000-7fe19570b000 ---p 00008000 08:01 18613959                   /usr/lib/jvm/java-6-openjdk/jre/lib/amd64/native_threads/libhpi.so
7fe19570b000-7fe19570c000 r--p 00007000 08:01 18613959                   /usr/lib/jvm/java-6-openjdk/jre/lib/amd64/native_threads/libhpi.so
7fe19570c000-7fe19570d000 rw-p 00008000 08:01 18613959                   /usr/lib/jvm/java-6-openjdk/jre/lib/amd64/native_threads/libhpi.so
7fe19570d000-7fe195724000 r-xp 00000000 08:01 29622442                   /lib/libnsl-2.11.1.so
7fe195724000-7fe195923000 ---p 00017000 08:01 29622442                   /lib/libnsl-2.11.1.so
7fe195923000-7fe195924000 r--p 00016000 08:01 29622442                   /lib/libnsl-2.11.1.so
7fe195924000-7fe195925000 rw-p 00017000 08:01 29622442                   /lib/libnsl-2.11.1.so
7fe195925000-7fe195927000 rw-p 00000000 00:00 0 
7fe195927000-7fe195954000 r-xp 00000000 08:01 18613494                   /usr/lib/jvm/java-6-openjdk/jre/lib/amd64/libjava.so
7fe195954000-7fe195b53000 ---p 0002d000 08:01 18613494                   /usr/lib/jvm/java-6-openjdk/jre/lib/amd64/libjava.so
7fe195b53000-7fe195b54000 r--p 0002c000 08:01 18613494                   /usr/lib/jvm/java-6-openjdk/jre/lib/amd64/libjava.so
7fe195b54000-7fe195b57000 rw-p 0002d000 08:01 18613494                   /usr/lib/jvm/java-6-openjdk/jre/lib/amd64/libjava.so
7fe195b57000-7fe195b66000 r-xp 00000000 08:01 18613957                   /usr/lib/jvm/java-6-openjdk/jre/lib/amd64/libverify.so
7fe195b66000-7fe195d65000 ---p 0000f000 08:01 18613957                   /usr/lib/jvm/java-6-openjdk/jre/lib/amd64/libverify.so
7fe195d65000-7fe195d67000 r--p 0000e000 08:01 18613957                   /usr/lib/jvm/java-6-openjdk/jre/lib/amd64/libverify.so
7fe195d67000-7fe195d68000 rw-p 00010000 08:01 18613957                   /usr/lib/jvm/java-6-openjdk/jre/lib/amd64/libverify.so
7fe195d68000-7fe195d6f000 r-xp 00000000 08:01 29622868                   /lib/librt-2.11.1.so
7fe195d6f000-7fe195f6e000 ---p 00007000 08:01 29622868                   /lib/librt-2.11.1.so
7fe195f6e000-7fe195f6f000 r--p 00006000 08:01 29622868                   /lib/librt-2.11.1.so
7fe195f6f000-7fe195f70000 rw-p 00007000 08:01 29622868                   /lib/librt-2.11.1.so
7fe195f70000-7fe195ff2000 r-xp 00000000 08:01 29622432                   /lib/libm-2.11.1.so
7fe195ff2000-7fe1961f1000 ---p 00082000 08:01 29622432                   /lib/libm-2.11.1.so
7fe1961f1000-7fe1961f2000 r--p 00081000 08:01 29622432                   /lib/libm-2.11.1.so
7fe1961f2000-7fe1961f3000 rw-p 00082000 08:01 29622432                   /lib/libm-2.11.1.so
7fe1961f3000-7fe196a0e000 r-xp 00000000 08:01 18613961                   /usr/lib/jvm/java-6-openjdk/jre/lib/amd64/server/libjvm.so
7fe196a0e000-7fe196c0d000 ---p 0081b000 08:01 18613961                   /usr/lib/jvm/java-6-openjdk/jre/lib/amd64/server/libjvm.so
7fe196c0d000-7fe196c81000 r--p 0081a000 08:01 18613961                   /usr/lib/jvm/java-6-openjdk/jre/lib/amd64/server/libjvm.so
7fe196c81000-7fe196c9b000 rw-p 0088e000 08:01 18613961                   /usr/lib/jvm/java-6-openjdk/jre/lib/amd64/server/libjvm.so
7fe196c9b000-7fe196cd4000 rw-p 00000000 00:00 0 
7fe196cd4000-7fe196e4e000 r-xp 00000000 08:01 29622880                   /lib/libc-2.11.1.so
7fe196e4e000-7fe19704d000 ---p 0017a000 08:01 29622880                   /lib/libc-2.11.1.so
7fe19704d000-7fe197051000 r--p 00179000 08:01 29622880                   /lib/libc-2.11.1.so
7fe197051000-7fe197052000 rw-p 0017d000 08:01 29622880                   /lib/libc-2.11.1.so
7fe197052000-7fe197057000 rw-p 00000000 00:00 0 
7fe197057000-7fe197059000 r-xp 00000000 08:01 29622884                   /lib/libdl-2.11.1.so
7fe197059000-7fe197259000 ---p 00002000 08:01 29622884                   /lib/libdl-2.11.1.so
7fe197259000-7fe19725a000 r--p 00002000 08:01 29622884                   /lib/libdl-2.11.1.so
7fe19725a000-7fe19725b000 rw-p 00003000 08:01 29622884                   /lib/libdl-2.11.1.so
7fe19725b000-7fe19725f000 r-xp 00000000 08:01 18612351                   /usr/lib/jvm/java-6-openjdk/jre/lib/amd64/jli/libjli.so
7fe19725f000-7fe19745e000 ---p 00004000 08:01 18612351                   /usr/lib/jvm/java-6-openjdk/jre/lib/amd64/jli/libjli.so
7fe19745e000-7fe19745f000 r--p 00003000 08:01 18612351                   /usr/lib/jvm/java-6-openjdk/jre/lib/amd64/jli/libjli.so
7fe19745f000-7fe197460000 rw-p 00004000 08:01 18612351                   /usr/lib/jvm/java-6-openjdk/jre/lib/amd64/jli/libjli.so
7fe197460000-7fe197478000 r-xp 00000000 08:01 29622878                   /lib/libpthread-2.11.1.so
7fe197478000-7fe197677000 ---p 00018000 08:01 29622878                   /lib/libpthread-2.11.1.so
7fe197677000-7fe197678000 r--p 00017000 08:01 29622878                   /lib/libpthread-2.11.1.so
7fe197678000-7fe197679000 rw-p 00018000 08:01 29622878                   /lib/libpthread-2.11.1.so
7fe197679000-7fe19767d000 rw-p 00000000 00:00 0 
7fe19767d000-7fe197693000 r-xp 00000000 08:01 29622466                   /lib/libz.so.1.2.3.3
7fe197693000-7fe197892000 ---p 00016000 08:01 29622466                   /lib/libz.so.1.2.3.3
7fe197892000-7fe197893000 r--p 00015000 08:01 29622466                   /lib/libz.so.1.2.3.3
7fe197893000-7fe197894000 rw-p 00016000 08:01 29622466                   /lib/libz.so.1.2.3.3
7fe197894000-7fe1978b4000 r-xp 00000000 08:01 29622863                   /lib/ld-2.11.1.so
7fe1978b5000-7fe1978b7000 r--s 0000b000 08:01 22941594                   /home/d3orn/play-1.0.3.2/framework/lib/commons-fileupload-1.2.jar
7fe1978b7000-7fe1978ba000 r--s 0000d000 08:01 22941609                   /home/d3orn/play-1.0.3.2/framework/lib/hibernate-validator.jar
7fe1978ba000-7fe1978be000 r--s 0007c000 08:01 18612827                   /usr/lib/jvm/java-6-openjdk/jre/lib/jsse.jar
7fe1978be000-7fe1978c5000 r--s 00079000 08:01 22941635                   /home/d3orn/play-1.0.3.2/framework/play.jar
7fe1978c5000-7fe1978ce000 r--s 00065000 08:01 18229017                   /usr/share/java/gnome-java-bridge.jar
7fe1978ce000-7fe19790b000 rw-p 00000000 00:00 0 
7fe19790b000-7fe19794a000 rw-p 00000000 00:00 0 
7fe19794a000-7fe197989000 r--p 00000000 08:01 18096017                   /usr/lib/locale/en_US.utf8/LC_CTYPE
7fe197989000-7fe19798c000 ---p 00000000 00:00 0 
7fe19798c000-7fe197a8f000 rw-p 00000000 00:00 0 
7fe197a8f000-7fe197a90000 r--s 00015000 08:01 22941629                   /home/d3orn/play-1.0.3.2/framework/lib/play-SimpleCaptcha.jar
7fe197a90000-7fe197a92000 r--s 0000d000 08:01 22941598                   /home/d3orn/play-1.0.3.2/framework/lib/commons-logging-1.1.1.jar
7fe197a92000-7fe197a93000 rw-p 00000000 00:00 0 
7fe197a93000-7fe197a96000 r--s 0000f000 08:01 18612809                   /usr/lib/jvm/java-6-openjdk/jre/lib/ext/pulse-java.jar
7fe197a96000-7fe197a9e000 rw-s 00000000 08:01 15728877                   /tmp/hsperfdata_d3orn/5480
7fe197a9e000-7fe197a9f000 r--p 00000000 08:01 18096139                   /usr/lib/locale/en_US.utf8/LC_NUMERIC
7fe197a9f000-7fe197aa0000 r--p 00000000 08:01 18098299                   /usr/lib/locale/en_US.utf8/LC_TIME
7fe197aa0000-7fe197aa1000 r--p 00000000 08:01 18098300                   /usr/lib/locale/en_US.utf8/LC_MONETARY
7fe197aa1000-7fe197aa2000 r--p 00000000 08:01 18098301                   /usr/lib/locale/en_US.utf8/LC_MESSAGES/SYS_LC_MESSAGES
7fe197aa2000-7fe197aa3000 r--p 00000000 08:01 18095789                   /usr/lib/locale/en_US.utf8/LC_PAPER
7fe197aa3000-7fe197aa4000 r--p 00000000 08:01 18095709                   /usr/lib/locale/en_US.utf8/LC_NAME
7fe197aa4000-7fe197aa5000 r--p 00000000 08:01 18098302                   /usr/lib/locale/en_US.utf8/LC_ADDRESS
7fe197aa5000-7fe197aa6000 r--p 00000000 08:01 18098303                   /usr/lib/locale/en_US.utf8/LC_TELEPHONE
7fe197aa6000-7fe197aa7000 r--p 00000000 08:01 18096071                   /usr/lib/locale/en_US.utf8/LC_MEASUREMENT
7fe197aa7000-7fe197aae000 r--s 00000000 08:01 18093123                   /usr/lib/gconv/gconv-modules.cache
7fe197aae000-7fe197aaf000 r--p 00000000 08:01 18098304                   /usr/lib/locale/en_US.utf8/LC_IDENTIFICATION
7fe197aaf000-7fe197ab0000 rw-p 00000000 00:00 0 
7fe197ab0000-7fe197ab1000 r--p 00000000 00:00 0 
7fe197ab1000-7fe197ab3000 rw-p 00000000 00:00 0 
7fe197ab3000-7fe197ab4000 r--p 0001f000 08:01 29622863                   /lib/ld-2.11.1.so
7fe197ab4000-7fe197ab5000 rw-p 00020000 08:01 29622863                   /lib/ld-2.11.1.so
7fe197ab5000-7fe197ab6000 rw-p 00000000 00:00 0 
7fffcd649000-7fffcd65f000 rw-p 00000000 00:00 0                          [stack]
7fffcd7af000-7fffcd7b0000 r-xp 00000000 00:00 0                          [vdso]
ffffffffff600000-ffffffffff601000 r-xp 00000000 00:00 0                  [vsyscall]

VM Arguments:
jvm_args: -javaagent:/home/d3orn/play-1.0.3.2/framework/play.jar -Dplay.debug=yes -Xrunjdwp:transport=dt_socket,address=8000,server=y,suspend=n -Xdebug -Dapplication.path=/home/d3orn/ese2010-team4/qa -Dplay.id= 
java_command: play.server.Server
Launcher Type: SUN_STANDARD

Environment Variables:
PATH=/usr/local/sbin:/usr/local/bin:/usr/sbin:/usr/bin:/sbin:/bin:/usr/games
USERNAME=d3orn
LD_LIBRARY_PATH=/usr/lib/jvm/java-6-openjdk/jre/lib/amd64/server:/usr/lib/jvm/java-6-openjdk/jre/lib/amd64:/usr/lib/jvm/java-6-openjdk/jre/../lib/amd64
SHELL=/bin/bash
DISPLAY=:0.0

Signal Handlers:
SIGSEGV: [libjvm.so+0x6c2030], sa_mask[0]=0x7ffbfeff, sa_flags=0x10000004
SIGBUS: [libjvm.so+0x6c2030], sa_mask[0]=0x7ffbfeff, sa_flags=0x10000004
SIGFPE: [libjvm.so+0x58ca90], sa_mask[0]=0x7ffbfeff, sa_flags=0x10000004
SIGPIPE: [libjvm.so+0x58ca90], sa_mask[0]=0x7ffbfeff, sa_flags=0x10000004
SIGXFSZ: [libjvm.so+0x58ca90], sa_mask[0]=0x7ffbfeff, sa_flags=0x10000004
SIGILL: [libjvm.so+0x58ca90], sa_mask[0]=0x7ffbfeff, sa_flags=0x10000004
SIGUSR1: SIG_DFL, sa_mask[0]=0x00000000, sa_flags=0x00000000
SIGUSR2: [libjvm.so+0x58c1e0], sa_mask[0]=0x00000000, sa_flags=0x10000004
SIGHUP: [libjvm.so+0x58e8d0], sa_mask[0]=0x7ffbfeff, sa_flags=0x10000004
SIGINT: [libjvm.so+0x58e8d0], sa_mask[0]=0x7ffbfeff, sa_flags=0x10000004
SIGTERM: [libjvm.so+0x58e8d0], sa_mask[0]=0x7ffbfeff, sa_flags=0x10000004
SIGQUIT: [libjvm.so+0x58e8d0], sa_mask[0]=0x7ffbfeff, sa_flags=0x10000004


---------------  S Y S T E M  ---------------

OS:Ubuntu 10.04 (lucid)
uname:Linux 2.6.32-25-generic #45-Ubuntu SMP Sat Oct 16 19:52:42 UTC 2010 x86_64
libc:glibc 2.11.1 NPTL 2.11.1 
rlimit: STACK 8192k, CORE 0k, NPROC infinity, NOFILE 1024, AS infinity
load average:1.31 1.16 1.14

CPU:total 8 (8 cores per cpu, 2 threads per core) family 6 model 30 stepping 5, cmov, cx8, fxsr, mmx, sse, sse2, sse3, ssse3, sse4.1, sse4.2, popcnt, ht

Memory: 4k page, physical 4046404k(1101084k free), swap 11852792k(11852792k free)

vm_info: OpenJDK 64-Bit Server VM (16.0-b13) for linux-amd64 JRE (1.6.0_18-b18), built on Oct 25 2010 18:07:10 by "buildd" with gcc 4.4.3

time: Tue Nov 16 11:19:58 2010
elapsed time: 56 seconds

