#
# A fatal error has been detected by the Java Runtime Environment:
#
#  SIGSEGV (0xb) at pc=0x00007f96d0d98ca0, pid=5706, tid=140284394276624
#
# JRE version: 6.0_18-b18
# Java VM: OpenJDK 64-Bit Server VM (16.0-b13 mixed mode linux-amd64 )
# Derivative: IcedTea6 1.8.2
# Distribution: Ubuntu 10.04.1 LTS, package 6b18-1.8.2-4ubuntu2
# Problematic frame:
# V  [libjvm.so+0x50bca0]
#
# If you would like to submit a bug report, please include
# instructions how to reproduce the bug and visit:
#   https://bugs.launchpad.net/ubuntu/+source/openjdk-6/
#

---------------  T H R E A D  ---------------

Current thread (0x00007f967c0b7800):  JavaThread "CompilerThread1" daemon [_thread_in_native, id=5723, stack(0x00007f96816d0000,0x00007f96817d1000)]

siginfo:si_signo=SIGSEGV: si_errno=0, si_code=1 (SEGV_MAPERR), si_addr=0x0000000000000008

Registers:
RAX=0x0000000000000000, RBX=0x00007f96817cd900, RCX=0x0000000001ad9df0, RDX=0x0000000000002000
RSP=0x00007f96817cc110, RBP=0x00007f96817cc150, RSI=0x0000000001c155e0, RDI=0x0000000000000000
R8 =0x00000000015531d0, R9 =0x0000000001929918, R10=0x0000000000000000, R11=0x00007f96d13f3e53
R12=0x00007f96743572e8, R13=0x00007f9674c85538, R14=0x00007f96817cd920, R15=0x000000000192c660
RIP=0x00007f96d0d98ca0, EFL=0x0000000000010202, CSGSFS=0x0000000000000033, ERR=0x0000000000000004
  TRAPNO=0x000000000000000e

Top of Stack: (sp=0x00007f96817cc110)
0x00007f96817cc110:   00007f96817cc430 0000000000001272
0x00007f96817cc120:   00007f96817cc150 00007f96817cc3f0
0x00007f96817cc130:   00007f96817cd900 00007f96743572e8
0x00007f96817cc140:   0000000000000002 00007f9674c97cc8
0x00007f96817cc150:   00007f96817cc1c0 00007f96d0d99207
0x00007f96817cc160:   0000000000000020 00007f9600000001
0x00007f96817cc170:   00007f96817ce290 0000000000000000
0x00007f96817cc180:   00007f96817cc3d0 00007f96817cc430
0x00007f96817cc190:   0000000000001573 00007f96817cd900
0x00007f96817cc1a0:   00007f96817ccef0 00007f96817cc430
0x00007f96817cc1b0:   00007f96817cc3d0 0000000000000000
0x00007f96817cc1c0:   00007f96817cc490 00007f96d0d9c750
0x00007f96817cc1d0:   00007f96d133b888 00007f96d1356ad8
0x00007f96817cc1e0:   00007f96817cc210 00007f9600001561
0x00007f96817cc1f0:   000000000000ac00 00007f96d131dd7c
0x00007f96817cc200:   01007f96817cf040 00007f96817cc3f0
0x00007f96817cc210:   00007f96817cc230 00007f96d0f1efb6
0x00007f96817cc220:   000000007c037d50 0000000001d03600
0x00007f96817cc230:   00007f96817cc250 00007f96d0f1efb6
0x00007f96817cc240:   000000007c037d50 0000000001d03600
0x00007f96817cc250:   00007f96740d31d0 0000000001d03600
0x00007f96817cc260:   00007f96817cc270 00007f96d0f1e24d
0x00007f96817cc270:   00007f96817cc2d0 00007f96d0bba40e
0x00007f96817cc280:   0000000000000000 04cde95500ca11b8
0x00007f96817cc290:   0000000000000000 00000000d0f22818
0x00007f96817cc2a0:   00007f9688ca6bff 00007f9674ca11b8
0x00007f96817cc2b0:   00007f96817cc310 00007f96d0c40f91
0x00007f96817cc2c0:   00007f96743b05f0 00007f967c037dc0
0x00007f96817cc2d0:   00007f9674022ca8 00007f96d0f1fa03
0x00007f96817cc2e0:   00007f967c037dc0 00007f9674c19720
0x00007f96817cc2f0:   00007f96817ccef0 00007f96817ccef0
0x00007f96817cc300:   00007f96740220f0 00007f9674c19720 

Instructions: (pc=0x00007f96d0d98ca0)
0x00007f96d0d98c90:   89 f6 48 c1 e6 03 48 03 b3 d0 09 00 00 48 8b 06
0x00007f96d0d98ca0:   48 8b 50 08 48 83 3a 00 75 27 8b 4b 28 0f 1f 00 

Stack: [0x00007f96816d0000,0x00007f96817d1000],  sp=0x00007f96817cc110,  free space=3f00000000000000030k
Native frames: (J=compiled Java code, j=interpreted, Vv=VM code, C=native code)
V  [libjvm.so+0x50bca0]
V  [libjvm.so+0x50c207]
V  [libjvm.so+0x50f750]
V  [libjvm.so+0x2b7a9b]
V  [libjvm.so+0x2b85ea]
V  [libjvm.so+0x246f7c]
V  [libjvm.so+0x2bd4ca]
V  [libjvm.so+0x2bdaef]
V  [libjvm.so+0x687d0b]
V  [libjvm.so+0x58fff2]


Current CompileTask:
C2:531      jregex.Pretokenizer.next()V (1064 bytes)


---------------  P R O C E S S  ---------------

Java Threads: ( => current thread )
  0x00007f967d230800 JavaThread "File Reaper" daemon [_thread_blocked, id=5750, stack(0x00007f968082f000,0x00007f9680930000)]
  0x00007f967c925800 JavaThread "com.mchange.v2.async.ThreadPoolAsynchronousRunner$PoolThread-#2" daemon [_thread_blocked, id=5733, stack(0x00007f9680075000,0x00007f9680176000)]
  0x00007f967cdf3000 JavaThread "com.mchange.v2.async.ThreadPoolAsynchronousRunner$PoolThread-#1" daemon [_thread_blocked, id=5732, stack(0x00007f9680176000,0x00007f9680277000)]
  0x00007f967c943000 JavaThread "com.mchange.v2.async.ThreadPoolAsynchronousRunner$PoolThread-#0" daemon [_thread_blocked, id=5731, stack(0x00007f9680277000,0x00007f9680378000)]
  0x00007f967cb33800 JavaThread "Timer-0" daemon [_thread_blocked, id=5730, stack(0x00007f9680378000,0x00007f9680479000)]
  0x00007f96740dc000 JavaThread "pool-3-thread-1" [_thread_in_Java, id=5729, stack(0x00007f9680b42000,0x00007f9680c43000)]
  0x0000000000f0c000 JavaThread "NioProcessor-1" [_thread_in_native, id=5728, stack(0x00007f9680c43000,0x00007f9680d44000)]
  0x00007f967c310000 JavaThread "DestroyJavaVM" [_thread_blocked, id=5707, stack(0x00007f96d2023000,0x00007f96d2124000)]
  0x00007f967c2dd800 JavaThread "NioSocketAcceptor-1" [_thread_in_native, id=5727, stack(0x00007f9680d44000,0x00007f9680e45000)]
  0x00007f967c2f4000 JavaThread "NioSocketAcceptor-1-idleStatusChecker" [_thread_blocked, id=5726, stack(0x00007f9680e45000,0x00007f9680f46000)]
  0x00007f967c0ba000 JavaThread "Low Memory Detector" daemon [_thread_blocked, id=5724, stack(0x00007f96815cf000,0x00007f96816d0000)]
=>0x00007f967c0b7800 JavaThread "CompilerThread1" daemon [_thread_in_native, id=5723, stack(0x00007f96816d0000,0x00007f96817d1000)]
  0x00007f967c0b4800 JavaThread "CompilerThread0" daemon [_thread_in_native, id=5722, stack(0x00007f96817d1000,0x00007f96818d2000)]
  0x00007f967c0b2000 JavaThread "JDWP Event Helper Thread" daemon [_thread_blocked, id=5721, stack(0x00007f96818d2000,0x00007f96819d3000)]
  0x00007f967c0ae800 JavaThread "JDWP Transport Listener: dt_socket" daemon [_thread_in_native, id=5720, stack(0x00007f96819d3000,0x00007f9681ad4000)]
  0x00007f967c07b000 JavaThread "Signal Dispatcher" daemon [_thread_blocked, id=5719, stack(0x00007f9681cd9000,0x00007f9681dda000)]
  0x00007f967c05d000 JavaThread "Finalizer" daemon [_thread_blocked, id=5718, stack(0x00007f9681dda000,0x00007f9681edb000)]
  0x00007f967c05b000 JavaThread "Reference Handler" daemon [_thread_blocked, id=5717, stack(0x00007f9681edb000,0x00007f9681fdc000)]

Other Threads:
  0x00007f967c056800 VMThread [stack: 0x00007f9681fdc000,0x00007f96820dd000] [id=5716]
  0x00007f967c0bc800 WatcherThread [stack: 0x00007f96814ce000,0x00007f96815cf000] [id=5725]

VM state:not at safepoint (normal execution)

VM Mutex/Monitor currently owned by a thread: None

Heap
 PSYoungGen      total 41728K, used 9000K [0x00007f96b71f0000, 0x00007f96ba950000, 0x00007f96cbb40000)
  eden space 39936K, 18% used [0x00007f96b71f0000,0x00007f96b7907460,0x00007f96b98f0000)
  from space 1792K, 97% used [0x00007f96b9a60000,0x00007f96b9c12d58,0x00007f96b9c20000)
  to   space 8384K, 0% used [0x00007f96ba120000,0x00007f96ba120000,0x00007f96ba950000)
 PSOldGen        total 42176K, used 19952K [0x00007f968df40000, 0x00007f9690870000, 0x00007f96b71f0000)
  object space 42176K, 47% used [0x00007f968df40000,0x00007f968f2bc0c8,0x00007f9690870000)
 PSPermGen       total 40640K, used 40497K [0x00007f9683740000, 0x00007f9685ef0000, 0x00007f968df40000)
  object space 40640K, 99% used [0x00007f9683740000,0x00007f9685ecc6e0,0x00007f9685ef0000)

Dynamic libraries:
00400000-00409000 r-xp 00000000 08:01 18615065                           /usr/lib/jvm/java-6-openjdk/jre/bin/java
00608000-00609000 r--p 00008000 08:01 18615065                           /usr/lib/jvm/java-6-openjdk/jre/bin/java
00609000-0060a000 rw-p 00009000 08:01 18615065                           /usr/lib/jvm/java-6-openjdk/jre/bin/java
00cd1000-036dc000 rw-p 00000000 00:00 0                                  [heap]
7f9674000000-7f967795b000 rw-p 00000000 00:00 0 
7f967795b000-7f9678000000 ---p 00000000 00:00 0 
7f967c000000-7f967d2d7000 rw-p 00000000 00:00 0 
7f967d2d7000-7f9680000000 ---p 00000000 00:00 0 
7f9680075000-7f9680078000 ---p 00000000 00:00 0 
7f9680078000-7f9680176000 rw-p 00000000 00:00 0 
7f9680176000-7f9680179000 ---p 00000000 00:00 0 
7f9680179000-7f9680277000 rw-p 00000000 00:00 0 
7f9680277000-7f968027a000 ---p 00000000 00:00 0 
7f968027a000-7f9680378000 rw-p 00000000 00:00 0 
7f9680378000-7f968037b000 ---p 00000000 00:00 0 
7f968037b000-7f9680479000 rw-p 00000000 00:00 0 
7f968082f000-7f9680832000 ---p 00000000 00:00 0 
7f9680832000-7f9680930000 rw-p 00000000 00:00 0 
7f9680930000-7f9680933000 r--s 00031000 08:01 18612807                   /usr/lib/jvm/java-6-openjdk/jre/lib/ext/sunjce_provider.jar
7f9680933000-7f968093a000 r-xp 00000000 08:01 18613949                   /usr/lib/jvm/java-6-openjdk/jre/lib/amd64/libmanagement.so
7f968093a000-7f9680b39000 ---p 00007000 08:01 18613949                   /usr/lib/jvm/java-6-openjdk/jre/lib/amd64/libmanagement.so
7f9680b39000-7f9680b3a000 r--p 00006000 08:01 18613949                   /usr/lib/jvm/java-6-openjdk/jre/lib/amd64/libmanagement.so
7f9680b3a000-7f9680b3b000 rw-p 00007000 08:01 18613949                   /usr/lib/jvm/java-6-openjdk/jre/lib/amd64/libmanagement.so
7f9680b3b000-7f9680b42000 r--s 00102000 08:01 18612843                   /usr/lib/jvm/java-6-openjdk/jre/lib/resources.jar
7f9680b42000-7f9680b45000 ---p 00000000 00:00 0 
7f9680b45000-7f9680c43000 rw-p 00000000 00:00 0 
7f9680c43000-7f9680c46000 ---p 00000000 00:00 0 
7f9680c46000-7f9680d44000 rw-p 00000000 00:00 0 
7f9680d44000-7f9680d47000 ---p 00000000 00:00 0 
7f9680d47000-7f9680e45000 rw-p 00000000 00:00 0 
7f9680e45000-7f9680e48000 ---p 00000000 00:00 0 
7f9680e48000-7f9680f46000 rw-p 00000000 00:00 0 
7f9680f46000-7f9680f4e000 r-xp 00000000 08:01 18613952                   /usr/lib/jvm/java-6-openjdk/jre/lib/amd64/libnio.so
7f9680f4e000-7f968114d000 ---p 00008000 08:01 18613952                   /usr/lib/jvm/java-6-openjdk/jre/lib/amd64/libnio.so
7f968114d000-7f968114e000 r--p 00007000 08:01 18613952                   /usr/lib/jvm/java-6-openjdk/jre/lib/amd64/libnio.so
7f968114e000-7f968114f000 rw-p 00008000 08:01 18613952                   /usr/lib/jvm/java-6-openjdk/jre/lib/amd64/libnio.so
7f968114f000-7f9681164000 r-xp 00000000 08:01 18613951                   /usr/lib/jvm/java-6-openjdk/jre/lib/amd64/libnet.so
7f9681164000-7f9681363000 ---p 00015000 08:01 18613951                   /usr/lib/jvm/java-6-openjdk/jre/lib/amd64/libnet.so
7f9681363000-7f9681364000 r--p 00014000 08:01 18613951                   /usr/lib/jvm/java-6-openjdk/jre/lib/amd64/libnet.so
7f9681364000-7f9681365000 rw-p 00015000 08:01 18613951                   /usr/lib/jvm/java-6-openjdk/jre/lib/amd64/libnet.so
7f9681365000-7f9681369000 r--s 0002f000 08:01 22941597                   /home/d3orn/play-1.0.3.2/framework/lib/commons-lang.jar
7f9681369000-7f9681371000 r--s 0008a000 08:01 22941614                   /home/d3orn/play-1.0.3.2/framework/lib/javassist.jar
7f9681371000-7f9681374000 r--s 00011000 08:01 22941603                   /home/d3orn/play-1.0.3.2/framework/lib/ezmorph-1.0.3.jar
7f9681374000-7f9681377000 r--s 00018000 08:01 22941596                   /home/d3orn/play-1.0.3.2/framework/lib/commons-io.jar
7f9681377000-7f968137a000 r--s 0000a000 08:01 22941602                   /home/d3orn/play-1.0.3.2/framework/lib/ejb3-persistence.jar
7f968137a000-7f968137d000 r--s 00022000 08:01 22941613                   /home/d3orn/play-1.0.3.2/framework/lib/jamon-2.7.jar
7f968137d000-7f9681383000 r--s 00049000 08:01 22941590                   /home/d3orn/play-1.0.3.2/framework/lib/cglib-nodep-2.2.jar
7f9681383000-7f9681386000 r--s 0001b000 08:01 22941608                   /home/d3orn/play-1.0.3.2/framework/lib/hibernate-entitymanager.jar
7f9681386000-7f9681388000 r--s 00017000 08:01 22941583                   /home/d3orn/play-1.0.3.2/framework/lib/WikiText.jar
7f9681388000-7f968138a000 r--s 0000c000 08:01 22941585                   /home/d3orn/play-1.0.3.2/framework/lib/activation.jar
7f968138a000-7f968138f000 r--s 00040000 08:01 22941595                   /home/d3orn/play-1.0.3.2/framework/lib/commons-httpclient.jar
7f968138f000-7f9681395000 r--s 00056000 08:01 22941610                   /home/d3orn/play-1.0.3.2/framework/lib/hibernate3-ast.jar
7f9681395000-7f96813e4000 r--s 004b1000 08:01 22941604                   /home/d3orn/play-1.0.3.2/framework/lib/groovy-all-1.7.1.jar
7f96813e4000-7f96813e6000 r--s 00001000 08:01 22941618                   /home/d3orn/play-1.0.3.2/framework/lib/jsr107cache-1.0.jar
7f96813e6000-7f96813e8000 r--s 00011000 08:01 22941584                   /home/d3orn/play-1.0.3.2/framework/lib/ZDB.jar
7f96813e8000-7f96813f7000 r--s 00074000 08:01 22941616                   /home/d3orn/play-1.0.3.2/framework/lib/joda-time-1.6.jar
7f96813f7000-7f96813f9000 r--s 0000a000 08:01 22941592                   /home/d3orn/play-1.0.3.2/framework/lib/commons-codec.jar
7f96813f9000-7f9681400000 r--s 00059000 08:01 22941621                   /home/d3orn/play-1.0.3.2/framework/lib/log4j-1.2.15.jar
7f9681400000-7f9681406000 r--s 00055000 08:01 22941624                   /home/d3orn/play-1.0.3.2/framework/lib/mail.jar
7f9681406000-7f9681412000 r--s 0014c000 08:01 22941599                   /home/d3orn/play-1.0.3.2/framework/lib/compiler-jdt.jar
7f9681412000-7f9681414000 r--s 00003000 08:01 22941632                   /home/d3orn/play-1.0.3.2/framework/lib/slf4j-api-1.5.0.jar
7f9681414000-7f9681438000 r--s 00473000 08:01 22941611                   /home/d3orn/play-1.0.3.2/framework/lib/hibernate3.jar
7f9681438000-7f968143c000 r--s 00020000 08:01 22941630                   /home/d3orn/play-1.0.3.2/framework/lib/play-imaging.jar
7f968143c000-7f9681441000 r--s 00023000 08:01 22941620                   /home/d3orn/play-1.0.3.2/framework/lib/junit-4.4.jar
7f9681441000-7f9681444000 r--s 0000f000 08:01 22941631                   /home/d3orn/play-1.0.3.2/framework/lib/provided-geronimo-servlet_2.5_spec-1.2.jar
7f9681444000-7f9681450000 r--s 00097000 08:01 22941623                   /home/d3orn/play-1.0.3.2/framework/lib/lucene-core-2.3.1.jar
7f9681450000-7f9681453000 r--s 0000e000 08:01 22941607                   /home/d3orn/play-1.0.3.2/framework/lib/hibernate-commons-annotations.jar
7f9681453000-7f9681458000 r--s 00037000 08:01 22941625                   /home/d3orn/play-1.0.3.2/framework/lib/memcached-2.4.2.jar
7f9681458000-7f968145e000 r--s 0002c000 08:01 22941582                   /home/d3orn/play-1.0.3.2/framework/lib/SnakeYAML-1.2.jar
7f968145e000-7f968146b000 r--s 0007c000 08:01 22941593                   /home/d3orn/play-1.0.3.2/framework/lib/commons-collections-3.1.jar
7f968146b000-7f9681471000 r--s 00041000 08:01 22941628                   /home/d3orn/play-1.0.3.2/framework/lib/oval-1.31.jar
7f9681471000-7f9681473000 r--s 00015000 08:01 22941617                   /home/d3orn/play-1.0.3.2/framework/lib/jregex1.2_01.jar
7f9681474000-7f9681476000 r--s 00013000 08:01 18612823                   /usr/lib/jvm/java-6-openjdk/jre/lib/jce.jar
7f9681476000-7f968147b000 r--s 00040000 08:01 22941606                   /home/d3orn/play-1.0.3.2/framework/lib/hibernate-annotations.jar
7f968147b000-7f9681483000 r--s 000a3000 08:01 22941612                   /home/d3orn/play-1.0.3.2/framework/lib/hsqldb.jar
7f9681483000-7f9681489000 r--s 00067000 08:01 22941586                   /home/d3orn/play-1.0.3.2/framework/lib/antlr-2.7.6.jar
7f9681489000-7f968148f000 r--s 00032000 08:01 22941615                   /home/d3orn/play-1.0.3.2/framework/lib/jaxen-1.1.jar
7f968148f000-7f9681495000 r--s 00024000 08:01 22941587                   /home/d3orn/play-1.0.3.2/framework/lib/asyncweb-common-0.9.0-SNAPSHOT.jar
7f9681495000-7f96814a0000 r--s 00071000 08:01 22941626                   /home/d3orn/play-1.0.3.2/framework/lib/mina-core-2.0.0-M2-SNAPSHOT.jar
7f96814a0000-7f96814a7000 r--s 000aa000 08:01 22941627                   /home/d3orn/play-1.0.3.2/framework/lib/mysql-connector-java-5.1.8-bin.jar
7f96814a7000-7f96814ac000 r--s 00048000 08:01 22941600                   /home/d3orn/play-1.0.3.2/framework/lib/dom4j-1.6.1.jar
7f96814ac000-7f96814b1000 r--s 0002a000 08:01 22941591                   /home/d3orn/play-1.0.3.2/framework/lib/commons-beanutils.jar
7f96814b1000-7f96814b6000 r--s 0003c000 08:01 22941601                   /home/d3orn/play-1.0.3.2/framework/lib/ehcache-1.5.0.jar
7f96814b6000-7f96814b8000 r--s 00001000 08:01 22941619                   /home/d3orn/play-1.0.3.2/framework/lib/jta.jar
7f96814b8000-7f96814ba000 r--s 0000b000 08:01 22941594                   /home/d3orn/play-1.0.3.2/framework/lib/commons-fileupload-1.2.jar
7f96814ba000-7f96814c3000 r--s 00048000 08:01 22941588                   /home/d3orn/play-1.0.3.2/framework/lib/backport-util-concurrent-3.0.jar
7f96814c3000-7f96814c7000 r--s 00023000 08:01 22941605                   /home/d3orn/play-1.0.3.2/framework/lib/gson-1.3.jar
7f96814c7000-7f96814ce000 r--s 00038000 08:01 22941634                   /home/d3orn/play-1.0.3.2/framework/lib/wikitext.core_1.1.1.jar
7f96814ce000-7f96814cf000 ---p 00000000 00:00 0 
7f96814cf000-7f96815cf000 rw-p 00000000 00:00 0 
7f96815cf000-7f96815d2000 ---p 00000000 00:00 0 
7f96815d2000-7f96816d0000 rw-p 00000000 00:00 0 
7f96816d0000-7f96816d3000 ---p 00000000 00:00 0 
7f96816d3000-7f96817d1000 rw-p 00000000 00:00 0 
7f96817d1000-7f96817d4000 ---p 00000000 00:00 0 
7f96817d4000-7f96818d2000 rw-p 00000000 00:00 0 
7f96818d2000-7f96818d5000 ---p 00000000 00:00 0 
7f96818d5000-7f96819d3000 rw-p 00000000 00:00 0 
7f96819d3000-7f96819d6000 ---p 00000000 00:00 0 
7f96819d6000-7f9681ad4000 rw-p 00000000 00:00 0 
7f9681ad4000-7f9681ad8000 r-xp 00000000 08:01 18612475                   /usr/lib/jvm/java-6-openjdk/jre/lib/amd64/libdt_socket.so
7f9681ad8000-7f9681cd7000 ---p 00004000 08:01 18612475                   /usr/lib/jvm/java-6-openjdk/jre/lib/amd64/libdt_socket.so
7f9681cd7000-7f9681cd8000 r--p 00003000 08:01 18612475                   /usr/lib/jvm/java-6-openjdk/jre/lib/amd64/libdt_socket.so
7f9681cd8000-7f9681cd9000 rw-p 00004000 08:01 18612475                   /usr/lib/jvm/java-6-openjdk/jre/lib/amd64/libdt_socket.so
7f9681cd9000-7f9681cdc000 ---p 00000000 00:00 0 
7f9681cdc000-7f9681dda000 rw-p 00000000 00:00 0 
7f9681dda000-7f9681ddd000 ---p 00000000 00:00 0 
7f9681ddd000-7f9681edb000 rw-p 00000000 00:00 0 
7f9681edb000-7f9681ede000 ---p 00000000 00:00 0 
7f9681ede000-7f9681fdc000 rw-p 00000000 00:00 0 
7f9681fdc000-7f9681fdd000 ---p 00000000 00:00 0 
7f9681fdd000-7f9682a19000 rw-p 00000000 00:00 0 
7f9682a19000-7f9682bab000 r--s 03916000 08:01 18612322                   /usr/lib/jvm/java-6-openjdk/jre/lib/rt.jar
7f9682bab000-7f9682bac000 ---p 00000000 00:00 0 
7f9682bac000-7f9682cac000 rw-p 00000000 00:00 0 
7f9682cac000-7f9682cad000 ---p 00000000 00:00 0 
7f9682cad000-7f9682dad000 rw-p 00000000 00:00 0 
7f9682dad000-7f9682dae000 ---p 00000000 00:00 0 
7f9682dae000-7f9682eae000 rw-p 00000000 00:00 0 
7f9682eae000-7f9682eaf000 ---p 00000000 00:00 0 
7f9682eaf000-7f9682faf000 rw-p 00000000 00:00 0 
7f9682faf000-7f9682fb0000 ---p 00000000 00:00 0 
7f9682fb0000-7f96830b0000 rw-p 00000000 00:00 0 
7f96830b0000-7f96830b1000 ---p 00000000 00:00 0 
7f96830b1000-7f96831b1000 rw-p 00000000 00:00 0 
7f96831b1000-7f96831b2000 ---p 00000000 00:00 0 
7f96831b2000-7f96832b2000 rw-p 00000000 00:00 0 
7f96832b2000-7f96832b3000 ---p 00000000 00:00 0 
7f96832b3000-7f96833c8000 rw-p 00000000 00:00 0 
7f96833c8000-7f96834fd000 rw-p 00000000 00:00 0 
7f96834fd000-7f9683511000 rw-p 00000000 00:00 0 
7f9683511000-7f9683551000 rw-p 00000000 00:00 0 
7f9683551000-7f9683566000 rw-p 00000000 00:00 0 
7f9683566000-7f968369a000 rw-p 00000000 00:00 0 
7f968369a000-7f96836b7000 rw-p 00000000 00:00 0 
7f96836b7000-7f96836b9000 ---p 00000000 00:00 0 
7f96836b9000-7f968373f000 rw-p 00000000 00:00 0 
7f968373f000-7f9685ef0000 rw-p 00000000 00:00 0 
7f9685ef0000-7f968df40000 rw-p 00000000 00:00 0 
7f968df40000-7f9690870000 rw-p 00000000 00:00 0 
7f9690870000-7f96b71f0000 rw-p 00000000 00:00 0 
7f96b71f0000-7f96ba950000 rw-p 00000000 00:00 0 
7f96ba950000-7f96baef0000 ---p 00000000 00:00 0 
7f96baef0000-7f96cbb40000 rw-p 00000000 00:00 0 
7f96cbb41000-7f96cbb43000 r--s 00001000 08:01 22941633                   /home/d3orn/play-1.0.3.2/framework/lib/slf4j-log4j12-1.5.0.jar
7f96cbb43000-7f96cbb4e000 r--s 0008a000 08:01 22941589                   /home/d3orn/play-1.0.3.2/framework/lib/c3p0-0.9.1.jar
7f96cbb4e000-7f96cbb5d000 rw-p 00000000 00:00 0 
7f96cbb5d000-7f96cbc0e000 rw-p 00000000 00:00 0 
7f96cbc0e000-7f96cbfce000 rwxp 00000000 00:00 0 
7f96cbfce000-7f96cec0e000 rw-p 00000000 00:00 0 
7f96cec0e000-7f96cec15000 r-xp 00000000 08:01 18613958                   /usr/lib/jvm/java-6-openjdk/jre/lib/amd64/libzip.so
7f96cec15000-7f96cee14000 ---p 00007000 08:01 18613958                   /usr/lib/jvm/java-6-openjdk/jre/lib/amd64/libzip.so
7f96cee14000-7f96cee15000 r--p 00006000 08:01 18613958                   /usr/lib/jvm/java-6-openjdk/jre/lib/amd64/libzip.so
7f96cee15000-7f96cee16000 rw-p 00007000 08:01 18613958                   /usr/lib/jvm/java-6-openjdk/jre/lib/amd64/libzip.so
7f96cee16000-7f96cee22000 r-xp 00000000 08:01 29622883                   /lib/libnss_files-2.11.1.so
7f96cee22000-7f96cf021000 ---p 0000c000 08:01 29622883                   /lib/libnss_files-2.11.1.so
7f96cf021000-7f96cf022000 r--p 0000b000 08:01 29622883                   /lib/libnss_files-2.11.1.so
7f96cf022000-7f96cf023000 rw-p 0000c000 08:01 29622883                   /lib/libnss_files-2.11.1.so
7f96cf023000-7f96cf02d000 r-xp 00000000 08:01 29622873                   /lib/libnss_nis-2.11.1.so
7f96cf02d000-7f96cf22c000 ---p 0000a000 08:01 29622873                   /lib/libnss_nis-2.11.1.so
7f96cf22c000-7f96cf22d000 r--p 00009000 08:01 29622873                   /lib/libnss_nis-2.11.1.so
7f96cf22d000-7f96cf22e000 rw-p 0000a000 08:01 29622873                   /lib/libnss_nis-2.11.1.so
7f96cf22e000-7f96cf236000 r-xp 00000000 08:01 29622872                   /lib/libnss_compat-2.11.1.so
7f96cf236000-7f96cf435000 ---p 00008000 08:01 29622872                   /lib/libnss_compat-2.11.1.so
7f96cf435000-7f96cf436000 r--p 00007000 08:01 29622872                   /lib/libnss_compat-2.11.1.so
7f96cf436000-7f96cf437000 rw-p 00008000 08:01 29622872                   /lib/libnss_compat-2.11.1.so
7f96cf437000-7f96cf555000 r--p 00000000 08:01 18095795                   /usr/lib/locale/en_US.utf8/LC_COLLATE
7f96cf555000-7f96cf558000 r-xp 00000000 08:01 18613953                   /usr/lib/jvm/java-6-openjdk/jre/lib/amd64/libnpt.so
7f96cf558000-7f96cf757000 ---p 00003000 08:01 18613953                   /usr/lib/jvm/java-6-openjdk/jre/lib/amd64/libnpt.so
7f96cf757000-7f96cf758000 r--p 00002000 08:01 18613953                   /usr/lib/jvm/java-6-openjdk/jre/lib/amd64/libnpt.so
7f96cf758000-7f96cf759000 rw-p 00003000 08:01 18613953                   /usr/lib/jvm/java-6-openjdk/jre/lib/amd64/libnpt.so
7f96cf759000-7f96cf762000 r-xp 00000000 08:01 18612584                   /usr/lib/jvm/java-6-openjdk/jre/lib/amd64/libinstrument.so
7f96cf762000-7f96cf962000 ---p 00009000 08:01 18612584                   /usr/lib/jvm/java-6-openjdk/jre/lib/amd64/libinstrument.so
7f96cf962000-7f96cf963000 r--p 00009000 08:01 18612584                   /usr/lib/jvm/java-6-openjdk/jre/lib/amd64/libinstrument.so
7f96cf963000-7f96cf964000 rw-p 0000a000 08:01 18612584                   /usr/lib/jvm/java-6-openjdk/jre/lib/amd64/libinstrument.so
7f96cf964000-7f96cf99d000 r-xp 00000000 08:01 18613498                   /usr/lib/jvm/java-6-openjdk/jre/lib/amd64/libjdwp.so
7f96cf99d000-7f96cfb9c000 ---p 00039000 08:01 18613498                   /usr/lib/jvm/java-6-openjdk/jre/lib/amd64/libjdwp.so
7f96cfb9c000-7f96cfb9d000 r--p 00038000 08:01 18613498                   /usr/lib/jvm/java-6-openjdk/jre/lib/amd64/libjdwp.so
7f96cfb9d000-7f96cfb9e000 rw-p 00039000 08:01 18613498                   /usr/lib/jvm/java-6-openjdk/jre/lib/amd64/libjdwp.so
7f96cfb9e000-7f96cfba6000 r-xp 00000000 08:01 18613959                   /usr/lib/jvm/java-6-openjdk/jre/lib/amd64/native_threads/libhpi.so
7f96cfba6000-7f96cfda5000 ---p 00008000 08:01 18613959                   /usr/lib/jvm/java-6-openjdk/jre/lib/amd64/native_threads/libhpi.so
7f96cfda5000-7f96cfda6000 r--p 00007000 08:01 18613959                   /usr/lib/jvm/java-6-openjdk/jre/lib/amd64/native_threads/libhpi.so
7f96cfda6000-7f96cfda7000 rw-p 00008000 08:01 18613959                   /usr/lib/jvm/java-6-openjdk/jre/lib/amd64/native_threads/libhpi.so
7f96cfda7000-7f96cfdbe000 r-xp 00000000 08:01 29622442                   /lib/libnsl-2.11.1.so
7f96cfdbe000-7f96cffbd000 ---p 00017000 08:01 29622442                   /lib/libnsl-2.11.1.so
7f96cffbd000-7f96cffbe000 r--p 00016000 08:01 29622442                   /lib/libnsl-2.11.1.so
7f96cffbe000-7f96cffbf000 rw-p 00017000 08:01 29622442                   /lib/libnsl-2.11.1.so
7f96cffbf000-7f96cffc1000 rw-p 00000000 00:00 0 
7f96cffc1000-7f96cffee000 r-xp 00000000 08:01 18613494                   /usr/lib/jvm/java-6-openjdk/jre/lib/amd64/libjava.so
7f96cffee000-7f96d01ed000 ---p 0002d000 08:01 18613494                   /usr/lib/jvm/java-6-openjdk/jre/lib/amd64/libjava.so
7f96d01ed000-7f96d01ee000 r--p 0002c000 08:01 18613494                   /usr/lib/jvm/java-6-openjdk/jre/lib/amd64/libjava.so
7f96d01ee000-7f96d01f1000 rw-p 0002d000 08:01 18613494                   /usr/lib/jvm/java-6-openjdk/jre/lib/amd64/libjava.so
7f96d01f1000-7f96d0200000 r-xp 00000000 08:01 18613957                   /usr/lib/jvm/java-6-openjdk/jre/lib/amd64/libverify.so
7f96d0200000-7f96d03ff000 ---p 0000f000 08:01 18613957                   /usr/lib/jvm/java-6-openjdk/jre/lib/amd64/libverify.so
7f96d03ff000-7f96d0401000 r--p 0000e000 08:01 18613957                   /usr/lib/jvm/java-6-openjdk/jre/lib/amd64/libverify.so
7f96d0401000-7f96d0402000 rw-p 00010000 08:01 18613957                   /usr/lib/jvm/java-6-openjdk/jre/lib/amd64/libverify.so
7f96d0402000-7f96d0409000 r-xp 00000000 08:01 29622868                   /lib/librt-2.11.1.so
7f96d0409000-7f96d0608000 ---p 00007000 08:01 29622868                   /lib/librt-2.11.1.so
7f96d0608000-7f96d0609000 r--p 00006000 08:01 29622868                   /lib/librt-2.11.1.so
7f96d0609000-7f96d060a000 rw-p 00007000 08:01 29622868                   /lib/librt-2.11.1.so
7f96d060a000-7f96d068c000 r-xp 00000000 08:01 29622432                   /lib/libm-2.11.1.so
7f96d068c000-7f96d088b000 ---p 00082000 08:01 29622432                   /lib/libm-2.11.1.so
7f96d088b000-7f96d088c000 r--p 00081000 08:01 29622432                   /lib/libm-2.11.1.so
7f96d088c000-7f96d088d000 rw-p 00082000 08:01 29622432                   /lib/libm-2.11.1.so
7f96d088d000-7f96d10a8000 r-xp 00000000 08:01 18613961                   /usr/lib/jvm/java-6-openjdk/jre/lib/amd64/server/libjvm.so
7f96d10a8000-7f96d12a7000 ---p 0081b000 08:01 18613961                   /usr/lib/jvm/java-6-openjdk/jre/lib/amd64/server/libjvm.so
7f96d12a7000-7f96d131b000 r--p 0081a000 08:01 18613961                   /usr/lib/jvm/java-6-openjdk/jre/lib/amd64/server/libjvm.so
7f96d131b000-7f96d1335000 rw-p 0088e000 08:01 18613961                   /usr/lib/jvm/java-6-openjdk/jre/lib/amd64/server/libjvm.so
7f96d1335000-7f96d136e000 rw-p 00000000 00:00 0 
7f96d136e000-7f96d14e8000 r-xp 00000000 08:01 29622880                   /lib/libc-2.11.1.so
7f96d14e8000-7f96d16e7000 ---p 0017a000 08:01 29622880                   /lib/libc-2.11.1.so
7f96d16e7000-7f96d16eb000 r--p 00179000 08:01 29622880                   /lib/libc-2.11.1.so
7f96d16eb000-7f96d16ec000 rw-p 0017d000 08:01 29622880                   /lib/libc-2.11.1.so
7f96d16ec000-7f96d16f1000 rw-p 00000000 00:00 0 
7f96d16f1000-7f96d16f3000 r-xp 00000000 08:01 29622884                   /lib/libdl-2.11.1.so
7f96d16f3000-7f96d18f3000 ---p 00002000 08:01 29622884                   /lib/libdl-2.11.1.so
7f96d18f3000-7f96d18f4000 r--p 00002000 08:01 29622884                   /lib/libdl-2.11.1.so
7f96d18f4000-7f96d18f5000 rw-p 00003000 08:01 29622884                   /lib/libdl-2.11.1.so
7f96d18f5000-7f96d18f9000 r-xp 00000000 08:01 18612351                   /usr/lib/jvm/java-6-openjdk/jre/lib/amd64/jli/libjli.so
7f96d18f9000-7f96d1af8000 ---p 00004000 08:01 18612351                   /usr/lib/jvm/java-6-openjdk/jre/lib/amd64/jli/libjli.so
7f96d1af8000-7f96d1af9000 r--p 00003000 08:01 18612351                   /usr/lib/jvm/java-6-openjdk/jre/lib/amd64/jli/libjli.so
7f96d1af9000-7f96d1afa000 rw-p 00004000 08:01 18612351                   /usr/lib/jvm/java-6-openjdk/jre/lib/amd64/jli/libjli.so
7f96d1afa000-7f96d1b12000 r-xp 00000000 08:01 29622878                   /lib/libpthread-2.11.1.so
7f96d1b12000-7f96d1d11000 ---p 00018000 08:01 29622878                   /lib/libpthread-2.11.1.so
7f96d1d11000-7f96d1d12000 r--p 00017000 08:01 29622878                   /lib/libpthread-2.11.1.so
7f96d1d12000-7f96d1d13000 rw-p 00018000 08:01 29622878                   /lib/libpthread-2.11.1.so
7f96d1d13000-7f96d1d17000 rw-p 00000000 00:00 0 
7f96d1d17000-7f96d1d2d000 r-xp 00000000 08:01 29622466                   /lib/libz.so.1.2.3.3
7f96d1d2d000-7f96d1f2c000 ---p 00016000 08:01 29622466                   /lib/libz.so.1.2.3.3
7f96d1f2c000-7f96d1f2d000 r--p 00015000 08:01 29622466                   /lib/libz.so.1.2.3.3
7f96d1f2d000-7f96d1f2e000 rw-p 00016000 08:01 29622466                   /lib/libz.so.1.2.3.3
7f96d1f2e000-7f96d1f4e000 r-xp 00000000 08:01 29622863                   /lib/ld-2.11.1.so
7f96d1f4e000-7f96d1f4f000 r--s 00015000 08:01 22941629                   /home/d3orn/play-1.0.3.2/framework/lib/play-SimpleCaptcha.jar
7f96d1f4f000-7f96d1f51000 r--s 00012000 08:01 22941622                   /home/d3orn/play-1.0.3.2/framework/lib/lucene-analyzers-2.3.1.jar
7f96d1f51000-7f96d1f54000 r--s 0000d000 08:01 22941609                   /home/d3orn/play-1.0.3.2/framework/lib/hibernate-validator.jar
7f96d1f54000-7f96d1f58000 r--s 0007c000 08:01 18612827                   /usr/lib/jvm/java-6-openjdk/jre/lib/jsse.jar
7f96d1f58000-7f96d1f5f000 r--s 00079000 08:01 22941635                   /home/d3orn/play-1.0.3.2/framework/play.jar
7f96d1f5f000-7f96d1f68000 r--s 00065000 08:01 18229017                   /usr/share/java/gnome-java-bridge.jar
7f96d1f68000-7f96d1fa4000 rw-p 00000000 00:00 0 
7f96d1fa4000-7f96d1fe4000 rw-p 00000000 00:00 0 
7f96d1fe4000-7f96d2023000 r--p 00000000 08:01 18096017                   /usr/lib/locale/en_US.utf8/LC_CTYPE
7f96d2023000-7f96d2026000 ---p 00000000 00:00 0 
7f96d2026000-7f96d2129000 rw-p 00000000 00:00 0 
7f96d212a000-7f96d212c000 r--s 0000d000 08:01 22941598                   /home/d3orn/play-1.0.3.2/framework/lib/commons-logging-1.1.1.jar
7f96d212c000-7f96d212d000 rw-p 00000000 00:00 0 
7f96d212d000-7f96d2130000 r--s 0000f000 08:01 18612809                   /usr/lib/jvm/java-6-openjdk/jre/lib/ext/pulse-java.jar
7f96d2130000-7f96d2138000 rw-s 00000000 08:01 15728877                   /tmp/hsperfdata_d3orn/5706
7f96d2138000-7f96d2139000 r--p 00000000 08:01 18096139                   /usr/lib/locale/en_US.utf8/LC_NUMERIC
7f96d2139000-7f96d213a000 r--p 00000000 08:01 18098299                   /usr/lib/locale/en_US.utf8/LC_TIME
7f96d213a000-7f96d213b000 r--p 00000000 08:01 18098300                   /usr/lib/locale/en_US.utf8/LC_MONETARY
7f96d213b000-7f96d213c000 r--p 00000000 08:01 18098301                   /usr/lib/locale/en_US.utf8/LC_MESSAGES/SYS_LC_MESSAGES
7f96d213c000-7f96d213d000 r--p 00000000 08:01 18095789                   /usr/lib/locale/en_US.utf8/LC_PAPER
7f96d213d000-7f96d213e000 r--p 00000000 08:01 18095709                   /usr/lib/locale/en_US.utf8/LC_NAME
7f96d213e000-7f96d213f000 r--p 00000000 08:01 18098302                   /usr/lib/locale/en_US.utf8/LC_ADDRESS
7f96d213f000-7f96d2140000 r--p 00000000 08:01 18098303                   /usr/lib/locale/en_US.utf8/LC_TELEPHONE
7f96d2140000-7f96d2141000 r--p 00000000 08:01 18096071                   /usr/lib/locale/en_US.utf8/LC_MEASUREMENT
7f96d2141000-7f96d2148000 r--s 00000000 08:01 18093123                   /usr/lib/gconv/gconv-modules.cache
7f96d2148000-7f96d2149000 r--p 00000000 08:01 18098304                   /usr/lib/locale/en_US.utf8/LC_IDENTIFICATION
7f96d2149000-7f96d214a000 rw-p 00000000 00:00 0 
7f96d214a000-7f96d214b000 r--p 00000000 00:00 0 
7f96d214b000-7f96d214d000 rw-p 00000000 00:00 0 
7f96d214d000-7f96d214e000 r--p 0001f000 08:01 29622863                   /lib/ld-2.11.1.so
7f96d214e000-7f96d214f000 rw-p 00020000 08:01 29622863                   /lib/ld-2.11.1.so
7f96d214f000-7f96d2150000 rw-p 00000000 00:00 0 
7fff0ac40000-7fff0ac56000 rw-p 00000000 00:00 0                          [stack]
7fff0ad0f000-7fff0ad10000 r-xp 00000000 00:00 0                          [vdso]
ffffffffff600000-ffffffffff601000 r-xp 00000000 00:00 0                  [vsyscall]

VM Arguments:
jvm_args: -javaagent:/home/d3orn/play-1.0.3.2/framework/play.jar -Dplay.debug=yes -Xrunjdwp:transport=dt_socket,address=8000,server=y,suspend=n -Xdebug -Dapplication.path=/home/d3orn/ese2010-team4/qa -Dplay.id= 
java_command: play.server.Server
Launcher Type: SUN_STANDARD

Environment Variables:
PATH=/usr/local/sbin:/usr/local/bin:/usr/sbin:/usr/bin:/sbin:/bin:/usr/games
USERNAME=d3orn
LD_LIBRARY_PATH=/usr/lib/jvm/java-6-openjdk/jre/lib/amd64/server:/usr/lib/jvm/java-6-openjdk/jre/lib/amd64:/usr/lib/jvm/java-6-openjdk/jre/../lib/amd64
SHELL=/bin/bash
DISPLAY=:0.0

Signal Handlers:
SIGSEGV: [libjvm.so+0x6c2030], sa_mask[0]=0x7ffbfeff, sa_flags=0x10000004
SIGBUS: [libjvm.so+0x6c2030], sa_mask[0]=0x7ffbfeff, sa_flags=0x10000004
SIGFPE: [libjvm.so+0x58ca90], sa_mask[0]=0x7ffbfeff, sa_flags=0x10000004
SIGPIPE: [libjvm.so+0x58ca90], sa_mask[0]=0x7ffbfeff, sa_flags=0x10000004
SIGXFSZ: [libjvm.so+0x58ca90], sa_mask[0]=0x7ffbfeff, sa_flags=0x10000004
SIGILL: [libjvm.so+0x58ca90], sa_mask[0]=0x7ffbfeff, sa_flags=0x10000004
SIGUSR1: SIG_DFL, sa_mask[0]=0x00000000, sa_flags=0x00000000
SIGUSR2: [libjvm.so+0x58c1e0], sa_mask[0]=0x00000000, sa_flags=0x10000004
SIGHUP: [libjvm.so+0x58e8d0], sa_mask[0]=0x7ffbfeff, sa_flags=0x10000004
SIGINT: [libjvm.so+0x58e8d0], sa_mask[0]=0x7ffbfeff, sa_flags=0x10000004
SIGTERM: [libjvm.so+0x58e8d0], sa_mask[0]=0x7ffbfeff, sa_flags=0x10000004
SIGQUIT: [libjvm.so+0x58e8d0], sa_mask[0]=0x7ffbfeff, sa_flags=0x10000004


---------------  S Y S T E M  ---------------

OS:Ubuntu 10.04 (lucid)
uname:Linux 2.6.32-25-generic #45-Ubuntu SMP Sat Oct 16 19:52:42 UTC 2010 x86_64
libc:glibc 2.11.1 NPTL 2.11.1 
rlimit: STACK 8192k, CORE 0k, NPROC infinity, NOFILE 1024, AS infinity
load average:1.01 1.14 1.14

CPU:total 8 (8 cores per cpu, 2 threads per core) family 6 model 30 stepping 5, cmov, cx8, fxsr, mmx, sse, sse2, sse3, ssse3, sse4.1, sse4.2, popcnt, ht

Memory: 4k page, physical 4046404k(988376k free), swap 11852792k(11852792k free)

vm_info: OpenJDK 64-Bit Server VM (16.0-b13) for linux-amd64 JRE (1.6.0_18-b18), built on Oct 25 2010 18:07:10 by "buildd" with gcc 4.4.3

time: Tue Nov 16 11:26:42 2010
elapsed time: 72 seconds

