#
# A fatal error has been detected by the Java Runtime Environment:
#
#  SIGSEGV (0xb) at pc=0x00007f3c85630ca0, pid=5599, tid=139896581195536
#
# JRE version: 6.0_18-b18
# Java VM: OpenJDK 64-Bit Server VM (16.0-b13 mixed mode linux-amd64 )
# Derivative: IcedTea6 1.8.2
# Distribution: Ubuntu 10.04.1 LTS, package 6b18-1.8.2-4ubuntu2
# Problematic frame:
# V  [libjvm.so+0x50bca0]
#
# If you would like to submit a bug report, please include
# instructions how to reproduce the bug and visit:
#   https://bugs.launchpad.net/ubuntu/+source/openjdk-6/
#

---------------  T H R E A D  ---------------

Current thread (0x00007f3c300b7000):  JavaThread "CompilerThread1" daemon [_thread_in_native, id=5616, stack(0x00007f3c35f70000,0x00007f3c36071000)]

siginfo:si_signo=SIGSEGV: si_errno=0, si_code=1 (SEGV_MAPERR), si_addr=0x0000000000000008

Registers:
RAX=0x0000000000000000, RBX=0x00007f3c3606db80, RCX=0x0000000002cdaf00, RDX=0x0000000000002000
RSP=0x00007f3c3606c390, RBP=0x00007f3c3606c3d0, RSI=0x00007f3c284c9130, RDI=0x0000000000000000
R8 =0x00007f3c281b7c70, R9 =0x00000000022e72a8, R10=0x0000000000000000, R11=0x00007f3c85c8be53
R12=0x00007f3c28185a68, R13=0x0000000002e90740, R14=0x00007f3c3606dba0, R15=0x00000000022e9e60
RIP=0x00007f3c85630ca0, EFL=0x0000000000010206, CSGSFS=0x0000000000000033, ERR=0x0000000000000004
  TRAPNO=0x000000000000000e

Top of Stack: (sp=0x00007f3c3606c390)
0x00007f3c3606c390:   00007f3c3606c6b0 0000000000001268
0x00007f3c3606c3a0:   00007f3c3606c3d0 00007f3c3606c670
0x00007f3c3606c3b0:   00007f3c3606db80 00007f3c28185a68
0x00007f3c3606c3c0:   0000000000000002 00007f3c2837d3a8
0x00007f3c3606c3d0:   00007f3c3606c440 00007f3c85631207
0x00007f3c3606c3e0:   0000000000000020 00007f3c00000001
0x00007f3c3606c3f0:   00007f3c3606e510 0000000000000000
0x00007f3c3606c400:   00007f3c3606c650 00007f3c3606c6b0
0x00007f3c3606c410:   0000000000001565 00007f3c3606db80
0x00007f3c3606c420:   00007f3c3606d170 00007f3c3606c6b0
0x00007f3c3606c430:   00007f3c3606c650 0000000000000000
0x00007f3c3606c440:   00007f3c3606c710 00007f3c85634750
0x00007f3c3606c450:   00007f3c85bd3888 00007f3c85beead8
0x00007f3c3606c460:   00007f3c3606c490 00007f3c00001553
0x00007f3c3606c470:   000000000000ab90 00007f3c85bb5d7c
0x00007f3c3606c480:   01007f3c3606f2c0 00007f3c3606c670
0x00007f3c3606c490:   00007f3c3606c4b0 00007f3c857b6fb6
0x00007f3c3606c4a0:   0000000030037740 00007f3c304171c0
0x00007f3c3606c4b0:   00007f3c3606c4d0 00007f3c857b6fb6
0x00007f3c3606c4c0:   0000000030037740 00007f3c304171c0
0x00007f3c3606c4d0:   00007f3c28035440 00007f3c304171c0
0x00007f3c3606c4e0:   00007f3c3606c4f0 00007f3c857b624d
0x00007f3c3606c4f0:   00007f3c3606c550 00007f3c8545240e
0x00007f3c3606c500:   0000000000000000 b8cde3450017e4a8
0x00007f3c3606c510:   0000000000000000 00000000857ba818
0x00007f3c3606c520:   0000000088ca6bff 00007f3c2817e4a8
0x00007f3c3606c530:   00007f3c85bc0758 00007f3c304171c0
0x00007f3c3606c540:   00000000022ad020 00007f3c300377d0
0x00007f3c3606c550:   00007f3c2817e4a8 00007f3c857b7a03
0x00007f3c3606c560:   00007f3c300377d0 0000000000000000
0x00007f3c3606c570:   0000000000000001 00000000022eb9d8
0x00007f3c3606c580:   00007f3c3606c610 00007f3c8566624c 

Instructions: (pc=0x00007f3c85630ca0)
0x00007f3c85630c90:   89 f6 48 c1 e6 03 48 03 b3 d0 09 00 00 48 8b 06
0x00007f3c85630ca0:   48 8b 50 08 48 83 3a 00 75 27 8b 4b 28 0f 1f 00 

Stack: [0x00007f3c35f70000,0x00007f3c36071000],  sp=0x00007f3c3606c390,  free space=3f00000000000000030k
Native frames: (J=compiled Java code, j=interpreted, Vv=VM code, C=native code)
V  [libjvm.so+0x50bca0]
V  [libjvm.so+0x50c207]
V  [libjvm.so+0x50f750]
V  [libjvm.so+0x2b7a9b]
V  [libjvm.so+0x2b85ea]
V  [libjvm.so+0x246f7c]
V  [libjvm.so+0x2bd4ca]
V  [libjvm.so+0x2bdaef]
V  [libjvm.so+0x687d0b]
V  [libjvm.so+0x58fff2]


Current CompileTask:
C2:1097      jregex.Pretokenizer.next()V (1064 bytes)


---------------  P R O C E S S  ---------------

Java Threads: ( => current thread )
  0x00007f3c281da000 JavaThread "com.mchange.v2.async.ThreadPoolAsynchronousRunner$PoolThread-#2" daemon [_thread_blocked, id=5626, stack(0x00007f3c34dc9000,0x00007f3c34eca000)]
  0x00007f3c28080800 JavaThread "com.mchange.v2.async.ThreadPoolAsynchronousRunner$PoolThread-#1" daemon [_thread_blocked, id=5625, stack(0x00007f3c34eca000,0x00007f3c34fcb000)]
  0x00007f3c283ba000 JavaThread "com.mchange.v2.async.ThreadPoolAsynchronousRunner$PoolThread-#0" daemon [_thread_blocked, id=5624, stack(0x00007f3c34fcb000,0x00007f3c350cc000)]
  0x00007f3c283b6000 JavaThread "Timer-0" daemon [_thread_blocked, id=5623, stack(0x00007f3c350cc000,0x00007f3c351cd000)]
  0x000000000233b000 JavaThread "pool-3-thread-1" [_thread_in_Java, id=5622, stack(0x00007f3c353dc000,0x00007f3c354dd000)]
  0x0000000002161000 JavaThread "NioProcessor-1" [_thread_in_native, id=5621, stack(0x00007f3c354dd000,0x00007f3c355de000)]
  0x00007f3c30235800 JavaThread "DestroyJavaVM" [_thread_blocked, id=5600, stack(0x00007f3c868bb000,0x00007f3c869bc000)]
  0x00007f3c30513800 JavaThread "NioSocketAcceptor-1" [_thread_in_native, id=5620, stack(0x00007f3c355de000,0x00007f3c356df000)]
  0x00007f3c30241000 JavaThread "NioSocketAcceptor-1-idleStatusChecker" [_thread_blocked, id=5619, stack(0x00007f3c356df000,0x00007f3c357e0000)]
  0x00007f3c300b9800 JavaThread "Low Memory Detector" daemon [_thread_blocked, id=5617, stack(0x00007f3c35e6f000,0x00007f3c35f70000)]
=>0x00007f3c300b7000 JavaThread "CompilerThread1" daemon [_thread_in_native, id=5616, stack(0x00007f3c35f70000,0x00007f3c36071000)]
  0x00007f3c300b4000 JavaThread "CompilerThread0" daemon [_thread_in_native, id=5615, stack(0x00007f3c36071000,0x00007f3c36172000)]
  0x00007f3c300b2000 JavaThread "JDWP Event Helper Thread" daemon [_thread_blocked, id=5614, stack(0x00007f3c36172000,0x00007f3c36273000)]
  0x00007f3c300ae000 JavaThread "JDWP Transport Listener: dt_socket" daemon [_thread_in_native, id=5613, stack(0x00007f3c36273000,0x00007f3c36374000)]
  0x00007f3c3007b000 JavaThread "Signal Dispatcher" daemon [_thread_blocked, id=5612, stack(0x00007f3c36579000,0x00007f3c3667a000)]
  0x00007f3c3005c800 JavaThread "Finalizer" daemon [_thread_blocked, id=5611, stack(0x00007f3c3667a000,0x00007f3c3677b000)]
  0x00007f3c3005b000 JavaThread "Reference Handler" daemon [_thread_blocked, id=5610, stack(0x00007f3c3677b000,0x00007f3c3687c000)]

Other Threads:
  0x00007f3c30056000 VMThread [stack: 0x00007f3c3687c000,0x00007f3c3697d000] [id=5609]
  0x00007f3c300bc800 WatcherThread [stack: 0x00007f3c35d6e000,0x00007f3c35e6f000] [id=5618]

VM state:not at safepoint (normal execution)

VM Mutex/Monitor currently owned by a thread: None

Heap
 PSYoungGen      total 27008K, used 21424K [0x00007f3c6ba90000, 0x00007f3c6dd40000, 0x00007f3c803e0000)
  eden space 25152K, 77% used [0x00007f3c6ba90000,0x00007f3c6cdacfe8,0x00007f3c6d320000)
  from space 1856K, 99% used [0x00007f3c6d3e0000,0x00007f3c6d5af278,0x00007f3c6d5b0000)
  to   space 5184K, 0% used [0x00007f3c6d830000,0x00007f3c6d830000,0x00007f3c6dd40000)
 PSOldGen        total 42176K, used 26957K [0x00007f3c427e0000, 0x00007f3c45110000, 0x00007f3c6ba90000)
  object space 42176K, 63% used [0x00007f3c427e0000,0x00007f3c442337d0,0x00007f3c45110000)
 PSPermGen       total 43712K, used 43621K [0x00007f3c37fe0000, 0x00007f3c3aa90000, 0x00007f3c427e0000)
  object space 43712K, 99% used [0x00007f3c37fe0000,0x00007f3c3aa79440,0x00007f3c3aa90000)

Dynamic libraries:
00400000-00409000 r-xp 00000000 08:01 18615065                           /usr/lib/jvm/java-6-openjdk/jre/bin/java
00608000-00609000 r--p 00008000 08:01 18615065                           /usr/lib/jvm/java-6-openjdk/jre/bin/java
00609000-0060a000 rw-p 00009000 08:01 18615065                           /usr/lib/jvm/java-6-openjdk/jre/bin/java
01e2e000-03ef9000 rw-p 00000000 00:00 0                                  [heap]
7f3c28000000-7f3c2aa24000 rw-p 00000000 00:00 0 
7f3c2aa24000-7f3c2c000000 ---p 00000000 00:00 0 
7f3c30000000-7f3c31b4d000 rw-p 00000000 00:00 0 
7f3c31b4d000-7f3c34000000 ---p 00000000 00:00 0 
7f3c34dc6000-7f3c34dc9000 r--s 00031000 08:01 18612807                   /usr/lib/jvm/java-6-openjdk/jre/lib/ext/sunjce_provider.jar
7f3c34dc9000-7f3c34dcc000 ---p 00000000 00:00 0 
7f3c34dcc000-7f3c34eca000 rw-p 00000000 00:00 0 
7f3c34eca000-7f3c34ecd000 ---p 00000000 00:00 0 
7f3c34ecd000-7f3c34fcb000 rw-p 00000000 00:00 0 
7f3c34fcb000-7f3c34fce000 ---p 00000000 00:00 0 
7f3c34fce000-7f3c350cc000 rw-p 00000000 00:00 0 
7f3c350cc000-7f3c350cf000 ---p 00000000 00:00 0 
7f3c350cf000-7f3c351cd000 rw-p 00000000 00:00 0 
7f3c351cd000-7f3c351d4000 r-xp 00000000 08:01 18613949                   /usr/lib/jvm/java-6-openjdk/jre/lib/amd64/libmanagement.so
7f3c351d4000-7f3c353d3000 ---p 00007000 08:01 18613949                   /usr/lib/jvm/java-6-openjdk/jre/lib/amd64/libmanagement.so
7f3c353d3000-7f3c353d4000 r--p 00006000 08:01 18613949                   /usr/lib/jvm/java-6-openjdk/jre/lib/amd64/libmanagement.so
7f3c353d4000-7f3c353d5000 rw-p 00007000 08:01 18613949                   /usr/lib/jvm/java-6-openjdk/jre/lib/amd64/libmanagement.so
7f3c353d5000-7f3c353dc000 r--s 00102000 08:01 18612843                   /usr/lib/jvm/java-6-openjdk/jre/lib/resources.jar
7f3c353dc000-7f3c353df000 ---p 00000000 00:00 0 
7f3c353df000-7f3c354dd000 rw-p 00000000 00:00 0 
7f3c354dd000-7f3c354e0000 ---p 00000000 00:00 0 
7f3c354e0000-7f3c355de000 rw-p 00000000 00:00 0 
7f3c355de000-7f3c355e1000 ---p 00000000 00:00 0 
7f3c355e1000-7f3c356df000 rw-p 00000000 00:00 0 
7f3c356df000-7f3c356e2000 ---p 00000000 00:00 0 
7f3c356e2000-7f3c357e0000 rw-p 00000000 00:00 0 
7f3c357e0000-7f3c357e8000 r-xp 00000000 08:01 18613952                   /usr/lib/jvm/java-6-openjdk/jre/lib/amd64/libnio.so
7f3c357e8000-7f3c359e7000 ---p 00008000 08:01 18613952                   /usr/lib/jvm/java-6-openjdk/jre/lib/amd64/libnio.so
7f3c359e7000-7f3c359e8000 r--p 00007000 08:01 18613952                   /usr/lib/jvm/java-6-openjdk/jre/lib/amd64/libnio.so
7f3c359e8000-7f3c359e9000 rw-p 00008000 08:01 18613952                   /usr/lib/jvm/java-6-openjdk/jre/lib/amd64/libnio.so
7f3c359e9000-7f3c359fe000 r-xp 00000000 08:01 18613951                   /usr/lib/jvm/java-6-openjdk/jre/lib/amd64/libnet.so
7f3c359fe000-7f3c35bfd000 ---p 00015000 08:01 18613951                   /usr/lib/jvm/java-6-openjdk/jre/lib/amd64/libnet.so
7f3c35bfd000-7f3c35bfe000 r--p 00014000 08:01 18613951                   /usr/lib/jvm/java-6-openjdk/jre/lib/amd64/libnet.so
7f3c35bfe000-7f3c35bff000 rw-p 00015000 08:01 18613951                   /usr/lib/jvm/java-6-openjdk/jre/lib/amd64/libnet.so
7f3c35bff000-7f3c35c03000 r--s 0002f000 08:01 22941597                   /home/d3orn/play-1.0.3.2/framework/lib/commons-lang.jar
7f3c35c03000-7f3c35c0b000 r--s 0008a000 08:01 22941614                   /home/d3orn/play-1.0.3.2/framework/lib/javassist.jar
7f3c35c0b000-7f3c35c0e000 r--s 00011000 08:01 22941603                   /home/d3orn/play-1.0.3.2/framework/lib/ezmorph-1.0.3.jar
7f3c35c0e000-7f3c35c11000 r--s 00018000 08:01 22941596                   /home/d3orn/play-1.0.3.2/framework/lib/commons-io.jar
7f3c35c11000-7f3c35c14000 r--s 0000a000 08:01 22941602                   /home/d3orn/play-1.0.3.2/framework/lib/ejb3-persistence.jar
7f3c35c14000-7f3c35c17000 r--s 00022000 08:01 22941613                   /home/d3orn/play-1.0.3.2/framework/lib/jamon-2.7.jar
7f3c35c17000-7f3c35c1d000 r--s 00049000 08:01 22941590                   /home/d3orn/play-1.0.3.2/framework/lib/cglib-nodep-2.2.jar
7f3c35c1d000-7f3c35c20000 r--s 0001b000 08:01 22941608                   /home/d3orn/play-1.0.3.2/framework/lib/hibernate-entitymanager.jar
7f3c35c20000-7f3c35c22000 r--s 00017000 08:01 22941583                   /home/d3orn/play-1.0.3.2/framework/lib/WikiText.jar
7f3c35c22000-7f3c35c24000 r--s 0000c000 08:01 22941585                   /home/d3orn/play-1.0.3.2/framework/lib/activation.jar
7f3c35c24000-7f3c35c29000 r--s 00040000 08:01 22941595                   /home/d3orn/play-1.0.3.2/framework/lib/commons-httpclient.jar
7f3c35c29000-7f3c35c2f000 r--s 00056000 08:01 22941610                   /home/d3orn/play-1.0.3.2/framework/lib/hibernate3-ast.jar
7f3c35c2f000-7f3c35c7e000 r--s 004b1000 08:01 22941604                   /home/d3orn/play-1.0.3.2/framework/lib/groovy-all-1.7.1.jar
7f3c35c7e000-7f3c35c80000 r--s 00001000 08:01 22941618                   /home/d3orn/play-1.0.3.2/framework/lib/jsr107cache-1.0.jar
7f3c35c80000-7f3c35c82000 r--s 00011000 08:01 22941584                   /home/d3orn/play-1.0.3.2/framework/lib/ZDB.jar
7f3c35c82000-7f3c35c91000 r--s 00074000 08:01 22941616                   /home/d3orn/play-1.0.3.2/framework/lib/joda-time-1.6.jar
7f3c35c91000-7f3c35c93000 r--s 0000a000 08:01 22941592                   /home/d3orn/play-1.0.3.2/framework/lib/commons-codec.jar
7f3c35c93000-7f3c35c9a000 r--s 00059000 08:01 22941621                   /home/d3orn/play-1.0.3.2/framework/lib/log4j-1.2.15.jar
7f3c35c9a000-7f3c35ca0000 r--s 00055000 08:01 22941624                   /home/d3orn/play-1.0.3.2/framework/lib/mail.jar
7f3c35ca0000-7f3c35cac000 r--s 0014c000 08:01 22941599                   /home/d3orn/play-1.0.3.2/framework/lib/compiler-jdt.jar
7f3c35cac000-7f3c35cae000 r--s 00003000 08:01 22941632                   /home/d3orn/play-1.0.3.2/framework/lib/slf4j-api-1.5.0.jar
7f3c35cae000-7f3c35cd2000 r--s 00473000 08:01 22941611                   /home/d3orn/play-1.0.3.2/framework/lib/hibernate3.jar
7f3c35cd2000-7f3c35cd6000 r--s 00020000 08:01 22941630                   /home/d3orn/play-1.0.3.2/framework/lib/play-imaging.jar
7f3c35cd6000-7f3c35cdb000 r--s 00023000 08:01 22941620                   /home/d3orn/play-1.0.3.2/framework/lib/junit-4.4.jar
7f3c35cdb000-7f3c35cde000 r--s 0000f000 08:01 22941631                   /home/d3orn/play-1.0.3.2/framework/lib/provided-geronimo-servlet_2.5_spec-1.2.jar
7f3c35cde000-7f3c35cea000 r--s 00097000 08:01 22941623                   /home/d3orn/play-1.0.3.2/framework/lib/lucene-core-2.3.1.jar
7f3c35cea000-7f3c35ced000 r--s 0000e000 08:01 22941607                   /home/d3orn/play-1.0.3.2/framework/lib/hibernate-commons-annotations.jar
7f3c35ced000-7f3c35cf2000 r--s 00037000 08:01 22941625                   /home/d3orn/play-1.0.3.2/framework/lib/memcached-2.4.2.jar
7f3c35cf2000-7f3c35cf8000 r--s 0002c000 08:01 22941582                   /home/d3orn/play-1.0.3.2/framework/lib/SnakeYAML-1.2.jar
7f3c35cf8000-7f3c35d05000 r--s 0007c000 08:01 22941593                   /home/d3orn/play-1.0.3.2/framework/lib/commons-collections-3.1.jar
7f3c35d05000-7f3c35d0b000 r--s 00041000 08:01 22941628                   /home/d3orn/play-1.0.3.2/framework/lib/oval-1.31.jar
7f3c35d0b000-7f3c35d10000 r--s 00040000 08:01 22941606                   /home/d3orn/play-1.0.3.2/framework/lib/hibernate-annotations.jar
7f3c35d10000-7f3c35d18000 r--s 000a3000 08:01 22941612                   /home/d3orn/play-1.0.3.2/framework/lib/hsqldb.jar
7f3c35d18000-7f3c35d1e000 r--s 00067000 08:01 22941586                   /home/d3orn/play-1.0.3.2/framework/lib/antlr-2.7.6.jar
7f3c35d1e000-7f3c35d24000 r--s 00032000 08:01 22941615                   /home/d3orn/play-1.0.3.2/framework/lib/jaxen-1.1.jar
7f3c35d24000-7f3c35d2a000 r--s 00024000 08:01 22941587                   /home/d3orn/play-1.0.3.2/framework/lib/asyncweb-common-0.9.0-SNAPSHOT.jar
7f3c35d2a000-7f3c35d2c000 r--s 00015000 08:01 22941617                   /home/d3orn/play-1.0.3.2/framework/lib/jregex1.2_01.jar
7f3c35d2c000-7f3c35d37000 r--s 00071000 08:01 22941626                   /home/d3orn/play-1.0.3.2/framework/lib/mina-core-2.0.0-M2-SNAPSHOT.jar
7f3c35d37000-7f3c35d3e000 r--s 000aa000 08:01 22941627                   /home/d3orn/play-1.0.3.2/framework/lib/mysql-connector-java-5.1.8-bin.jar
7f3c35d3e000-7f3c35d43000 r--s 00048000 08:01 22941600                   /home/d3orn/play-1.0.3.2/framework/lib/dom4j-1.6.1.jar
7f3c35d43000-7f3c35d48000 r--s 0002a000 08:01 22941591                   /home/d3orn/play-1.0.3.2/framework/lib/commons-beanutils.jar
7f3c35d48000-7f3c35d4d000 r--s 0003c000 08:01 22941601                   /home/d3orn/play-1.0.3.2/framework/lib/ehcache-1.5.0.jar
7f3c35d4d000-7f3c35d4f000 r--s 00001000 08:01 22941619                   /home/d3orn/play-1.0.3.2/framework/lib/jta.jar
7f3c35d4f000-7f3c35d51000 r--s 0000b000 08:01 22941594                   /home/d3orn/play-1.0.3.2/framework/lib/commons-fileupload-1.2.jar
7f3c35d51000-7f3c35d5a000 r--s 00048000 08:01 22941588                   /home/d3orn/play-1.0.3.2/framework/lib/backport-util-concurrent-3.0.jar
7f3c35d5a000-7f3c35d5c000 r--s 00012000 08:01 22941622                   /home/d3orn/play-1.0.3.2/framework/lib/lucene-analyzers-2.3.1.jar
7f3c35d5c000-7f3c35d63000 r--s 00038000 08:01 22941634                   /home/d3orn/play-1.0.3.2/framework/lib/wikitext.core_1.1.1.jar
7f3c35d63000-7f3c35d6e000 r--s 0008a000 08:01 22941589                   /home/d3orn/play-1.0.3.2/framework/lib/c3p0-0.9.1.jar
7f3c35d6e000-7f3c35d6f000 ---p 00000000 00:00 0 
7f3c35d6f000-7f3c35e6f000 rw-p 00000000 00:00 0 
7f3c35e6f000-7f3c35e72000 ---p 00000000 00:00 0 
7f3c35e72000-7f3c35f70000 rw-p 00000000 00:00 0 
7f3c35f70000-7f3c35f73000 ---p 00000000 00:00 0 
7f3c35f73000-7f3c36071000 rw-p 00000000 00:00 0 
7f3c36071000-7f3c36074000 ---p 00000000 00:00 0 
7f3c36074000-7f3c36172000 rw-p 00000000 00:00 0 
7f3c36172000-7f3c36175000 ---p 00000000 00:00 0 
7f3c36175000-7f3c36273000 rw-p 00000000 00:00 0 
7f3c36273000-7f3c36276000 ---p 00000000 00:00 0 
7f3c36276000-7f3c36374000 rw-p 00000000 00:00 0 
7f3c36374000-7f3c36378000 r-xp 00000000 08:01 18612475                   /usr/lib/jvm/java-6-openjdk/jre/lib/amd64/libdt_socket.so
7f3c36378000-7f3c36577000 ---p 00004000 08:01 18612475                   /usr/lib/jvm/java-6-openjdk/jre/lib/amd64/libdt_socket.so
7f3c36577000-7f3c36578000 r--p 00003000 08:01 18612475                   /usr/lib/jvm/java-6-openjdk/jre/lib/amd64/libdt_socket.so
7f3c36578000-7f3c36579000 rw-p 00004000 08:01 18612475                   /usr/lib/jvm/java-6-openjdk/jre/lib/amd64/libdt_socket.so
7f3c36579000-7f3c3657c000 ---p 00000000 00:00 0 
7f3c3657c000-7f3c3667a000 rw-p 00000000 00:00 0 
7f3c3667a000-7f3c3667d000 ---p 00000000 00:00 0 
7f3c3667d000-7f3c3677b000 rw-p 00000000 00:00 0 
7f3c3677b000-7f3c3677e000 ---p 00000000 00:00 0 
7f3c3677e000-7f3c3687c000 rw-p 00000000 00:00 0 
7f3c3687c000-7f3c3687d000 ---p 00000000 00:00 0 
7f3c3687d000-7f3c372b9000 rw-p 00000000 00:00 0 
7f3c372b9000-7f3c3744b000 r--s 03916000 08:01 18612322                   /usr/lib/jvm/java-6-openjdk/jre/lib/rt.jar
7f3c3744b000-7f3c3744c000 ---p 00000000 00:00 0 
7f3c3744c000-7f3c3754c000 rw-p 00000000 00:00 0 
7f3c3754c000-7f3c3754d000 ---p 00000000 00:00 0 
7f3c3754d000-7f3c3764d000 rw-p 00000000 00:00 0 
7f3c3764d000-7f3c3764e000 ---p 00000000 00:00 0 
7f3c3764e000-7f3c3774e000 rw-p 00000000 00:00 0 
7f3c3774e000-7f3c3774f000 ---p 00000000 00:00 0 
7f3c3774f000-7f3c3784f000 rw-p 00000000 00:00 0 
7f3c3784f000-7f3c37850000 ---p 00000000 00:00 0 
7f3c37850000-7f3c37950000 rw-p 00000000 00:00 0 
7f3c37950000-7f3c37951000 ---p 00000000 00:00 0 
7f3c37951000-7f3c37a51000 rw-p 00000000 00:00 0 
7f3c37a51000-7f3c37a52000 ---p 00000000 00:00 0 
7f3c37a52000-7f3c37b52000 rw-p 00000000 00:00 0 
7f3c37b52000-7f3c37b53000 ---p 00000000 00:00 0 
7f3c37b53000-7f3c37c68000 rw-p 00000000 00:00 0 
7f3c37c68000-7f3c37d9d000 rw-p 00000000 00:00 0 
7f3c37d9d000-7f3c37db3000 rw-p 00000000 00:00 0 
7f3c37db3000-7f3c37df1000 rw-p 00000000 00:00 0 
7f3c37df1000-7f3c37e06000 rw-p 00000000 00:00 0 
7f3c37e06000-7f3c37f3a000 rw-p 00000000 00:00 0 
7f3c37f3a000-7f3c37f4c000 rw-p 00000000 00:00 0 
7f3c37f4c000-7f3c37f59000 ---p 00000000 00:00 0 
7f3c37f59000-7f3c37fdf000 rw-p 00000000 00:00 0 
7f3c37fdf000-7f3c3aa90000 rw-p 00000000 00:00 0 
7f3c3aa90000-7f3c427e0000 rw-p 00000000 00:00 0 
7f3c427e0000-7f3c45110000 rw-p 00000000 00:00 0 
7f3c45110000-7f3c6ba90000 rw-p 00000000 00:00 0 
7f3c6ba90000-7f3c6dd40000 rw-p 00000000 00:00 0 
7f3c6dd40000-7f3c6f790000 ---p 00000000 00:00 0 
7f3c6f790000-7f3c803e0000 rw-p 00000000 00:00 0 
7f3c803e0000-7f3c803e2000 r--s 00013000 08:01 18612823                   /usr/lib/jvm/java-6-openjdk/jre/lib/jce.jar
7f3c803e2000-7f3c803e6000 r--s 00023000 08:01 22941605                   /home/d3orn/play-1.0.3.2/framework/lib/gson-1.3.jar
7f3c803e6000-7f3c803fb000 rw-p 00000000 00:00 0 
7f3c803fb000-7f3c804a6000 rw-p 00000000 00:00 0 
7f3c804a6000-7f3c809c6000 rwxp 00000000 00:00 0 
7f3c809c6000-7f3c834a6000 rw-p 00000000 00:00 0 
7f3c834a6000-7f3c834ad000 r-xp 00000000 08:01 18613958                   /usr/lib/jvm/java-6-openjdk/jre/lib/amd64/libzip.so
7f3c834ad000-7f3c836ac000 ---p 00007000 08:01 18613958                   /usr/lib/jvm/java-6-openjdk/jre/lib/amd64/libzip.so
7f3c836ac000-7f3c836ad000 r--p 00006000 08:01 18613958                   /usr/lib/jvm/java-6-openjdk/jre/lib/amd64/libzip.so
7f3c836ad000-7f3c836ae000 rw-p 00007000 08:01 18613958                   /usr/lib/jvm/java-6-openjdk/jre/lib/amd64/libzip.so
7f3c836ae000-7f3c836ba000 r-xp 00000000 08:01 29622883                   /lib/libnss_files-2.11.1.so
7f3c836ba000-7f3c838b9000 ---p 0000c000 08:01 29622883                   /lib/libnss_files-2.11.1.so
7f3c838b9000-7f3c838ba000 r--p 0000b000 08:01 29622883                   /lib/libnss_files-2.11.1.so
7f3c838ba000-7f3c838bb000 rw-p 0000c000 08:01 29622883                   /lib/libnss_files-2.11.1.so
7f3c838bb000-7f3c838c5000 r-xp 00000000 08:01 29622873                   /lib/libnss_nis-2.11.1.so
7f3c838c5000-7f3c83ac4000 ---p 0000a000 08:01 29622873                   /lib/libnss_nis-2.11.1.so
7f3c83ac4000-7f3c83ac5000 r--p 00009000 08:01 29622873                   /lib/libnss_nis-2.11.1.so
7f3c83ac5000-7f3c83ac6000 rw-p 0000a000 08:01 29622873                   /lib/libnss_nis-2.11.1.so
7f3c83ac6000-7f3c83ace000 r-xp 00000000 08:01 29622872                   /lib/libnss_compat-2.11.1.so
7f3c83ace000-7f3c83ccd000 ---p 00008000 08:01 29622872                   /lib/libnss_compat-2.11.1.so
7f3c83ccd000-7f3c83cce000 r--p 00007000 08:01 29622872                   /lib/libnss_compat-2.11.1.so
7f3c83cce000-7f3c83ccf000 rw-p 00008000 08:01 29622872                   /lib/libnss_compat-2.11.1.so
7f3c83ccf000-7f3c83ded000 r--p 00000000 08:01 18095795                   /usr/lib/locale/en_US.utf8/LC_COLLATE
7f3c83ded000-7f3c83df0000 r-xp 00000000 08:01 18613953                   /usr/lib/jvm/java-6-openjdk/jre/lib/amd64/libnpt.so
7f3c83df0000-7f3c83fef000 ---p 00003000 08:01 18613953                   /usr/lib/jvm/java-6-openjdk/jre/lib/amd64/libnpt.so
7f3c83fef000-7f3c83ff0000 r--p 00002000 08:01 18613953                   /usr/lib/jvm/java-6-openjdk/jre/lib/amd64/libnpt.so
7f3c83ff0000-7f3c83ff1000 rw-p 00003000 08:01 18613953                   /usr/lib/jvm/java-6-openjdk/jre/lib/amd64/libnpt.so
7f3c83ff1000-7f3c83ffa000 r-xp 00000000 08:01 18612584                   /usr/lib/jvm/java-6-openjdk/jre/lib/amd64/libinstrument.so
7f3c83ffa000-7f3c841fa000 ---p 00009000 08:01 18612584                   /usr/lib/jvm/java-6-openjdk/jre/lib/amd64/libinstrument.so
7f3c841fa000-7f3c841fb000 r--p 00009000 08:01 18612584                   /usr/lib/jvm/java-6-openjdk/jre/lib/amd64/libinstrument.so
7f3c841fb000-7f3c841fc000 rw-p 0000a000 08:01 18612584                   /usr/lib/jvm/java-6-openjdk/jre/lib/amd64/libinstrument.so
7f3c841fc000-7f3c84235000 r-xp 00000000 08:01 18613498                   /usr/lib/jvm/java-6-openjdk/jre/lib/amd64/libjdwp.so
7f3c84235000-7f3c84434000 ---p 00039000 08:01 18613498                   /usr/lib/jvm/java-6-openjdk/jre/lib/amd64/libjdwp.so
7f3c84434000-7f3c84435000 r--p 00038000 08:01 18613498                   /usr/lib/jvm/java-6-openjdk/jre/lib/amd64/libjdwp.so
7f3c84435000-7f3c84436000 rw-p 00039000 08:01 18613498                   /usr/lib/jvm/java-6-openjdk/jre/lib/amd64/libjdwp.so
7f3c84436000-7f3c8443e000 r-xp 00000000 08:01 18613959                   /usr/lib/jvm/java-6-openjdk/jre/lib/amd64/native_threads/libhpi.so
7f3c8443e000-7f3c8463d000 ---p 00008000 08:01 18613959                   /usr/lib/jvm/java-6-openjdk/jre/lib/amd64/native_threads/libhpi.so
7f3c8463d000-7f3c8463e000 r--p 00007000 08:01 18613959                   /usr/lib/jvm/java-6-openjdk/jre/lib/amd64/native_threads/libhpi.so
7f3c8463e000-7f3c8463f000 rw-p 00008000 08:01 18613959                   /usr/lib/jvm/java-6-openjdk/jre/lib/amd64/native_threads/libhpi.so
7f3c8463f000-7f3c84656000 r-xp 00000000 08:01 29622442                   /lib/libnsl-2.11.1.so
7f3c84656000-7f3c84855000 ---p 00017000 08:01 29622442                   /lib/libnsl-2.11.1.so
7f3c84855000-7f3c84856000 r--p 00016000 08:01 29622442                   /lib/libnsl-2.11.1.so
7f3c84856000-7f3c84857000 rw-p 00017000 08:01 29622442                   /lib/libnsl-2.11.1.so
7f3c84857000-7f3c84859000 rw-p 00000000 00:00 0 
7f3c84859000-7f3c84886000 r-xp 00000000 08:01 18613494                   /usr/lib/jvm/java-6-openjdk/jre/lib/amd64/libjava.so
7f3c84886000-7f3c84a85000 ---p 0002d000 08:01 18613494                   /usr/lib/jvm/java-6-openjdk/jre/lib/amd64/libjava.so
7f3c84a85000-7f3c84a86000 r--p 0002c000 08:01 18613494                   /usr/lib/jvm/java-6-openjdk/jre/lib/amd64/libjava.so
7f3c84a86000-7f3c84a89000 rw-p 0002d000 08:01 18613494                   /usr/lib/jvm/java-6-openjdk/jre/lib/amd64/libjava.so
7f3c84a89000-7f3c84a98000 r-xp 00000000 08:01 18613957                   /usr/lib/jvm/java-6-openjdk/jre/lib/amd64/libverify.so
7f3c84a98000-7f3c84c97000 ---p 0000f000 08:01 18613957                   /usr/lib/jvm/java-6-openjdk/jre/lib/amd64/libverify.so
7f3c84c97000-7f3c84c99000 r--p 0000e000 08:01 18613957                   /usr/lib/jvm/java-6-openjdk/jre/lib/amd64/libverify.so
7f3c84c99000-7f3c84c9a000 rw-p 00010000 08:01 18613957                   /usr/lib/jvm/java-6-openjdk/jre/lib/amd64/libverify.so
7f3c84c9a000-7f3c84ca1000 r-xp 00000000 08:01 29622868                   /lib/librt-2.11.1.so
7f3c84ca1000-7f3c84ea0000 ---p 00007000 08:01 29622868                   /lib/librt-2.11.1.so
7f3c84ea0000-7f3c84ea1000 r--p 00006000 08:01 29622868                   /lib/librt-2.11.1.so
7f3c84ea1000-7f3c84ea2000 rw-p 00007000 08:01 29622868                   /lib/librt-2.11.1.so
7f3c84ea2000-7f3c84f24000 r-xp 00000000 08:01 29622432                   /lib/libm-2.11.1.so
7f3c84f24000-7f3c85123000 ---p 00082000 08:01 29622432                   /lib/libm-2.11.1.so
7f3c85123000-7f3c85124000 r--p 00081000 08:01 29622432                   /lib/libm-2.11.1.so
7f3c85124000-7f3c85125000 rw-p 00082000 08:01 29622432                   /lib/libm-2.11.1.so
7f3c85125000-7f3c85940000 r-xp 00000000 08:01 18613961                   /usr/lib/jvm/java-6-openjdk/jre/lib/amd64/server/libjvm.so
7f3c85940000-7f3c85b3f000 ---p 0081b000 08:01 18613961                   /usr/lib/jvm/java-6-openjdk/jre/lib/amd64/server/libjvm.so
7f3c85b3f000-7f3c85bb3000 r--p 0081a000 08:01 18613961                   /usr/lib/jvm/java-6-openjdk/jre/lib/amd64/server/libjvm.so
7f3c85bb3000-7f3c85bcd000 rw-p 0088e000 08:01 18613961                   /usr/lib/jvm/java-6-openjdk/jre/lib/amd64/server/libjvm.so
7f3c85bcd000-7f3c85c06000 rw-p 00000000 00:00 0 
7f3c85c06000-7f3c85d80000 r-xp 00000000 08:01 29622880                   /lib/libc-2.11.1.so
7f3c85d80000-7f3c85f7f000 ---p 0017a000 08:01 29622880                   /lib/libc-2.11.1.so
7f3c85f7f000-7f3c85f83000 r--p 00179000 08:01 29622880                   /lib/libc-2.11.1.so
7f3c85f83000-7f3c85f84000 rw-p 0017d000 08:01 29622880                   /lib/libc-2.11.1.so
7f3c85f84000-7f3c85f89000 rw-p 00000000 00:00 0 
7f3c85f89000-7f3c85f8b000 r-xp 00000000 08:01 29622884                   /lib/libdl-2.11.1.so
7f3c85f8b000-7f3c8618b000 ---p 00002000 08:01 29622884                   /lib/libdl-2.11.1.so
7f3c8618b000-7f3c8618c000 r--p 00002000 08:01 29622884                   /lib/libdl-2.11.1.so
7f3c8618c000-7f3c8618d000 rw-p 00003000 08:01 29622884                   /lib/libdl-2.11.1.so
7f3c8618d000-7f3c86191000 r-xp 00000000 08:01 18612351                   /usr/lib/jvm/java-6-openjdk/jre/lib/amd64/jli/libjli.so
7f3c86191000-7f3c86390000 ---p 00004000 08:01 18612351                   /usr/lib/jvm/java-6-openjdk/jre/lib/amd64/jli/libjli.so
7f3c86390000-7f3c86391000 r--p 00003000 08:01 18612351                   /usr/lib/jvm/java-6-openjdk/jre/lib/amd64/jli/libjli.so
7f3c86391000-7f3c86392000 rw-p 00004000 08:01 18612351                   /usr/lib/jvm/java-6-openjdk/jre/lib/amd64/jli/libjli.so
7f3c86392000-7f3c863aa000 r-xp 00000000 08:01 29622878                   /lib/libpthread-2.11.1.so
7f3c863aa000-7f3c865a9000 ---p 00018000 08:01 29622878                   /lib/libpthread-2.11.1.so
7f3c865a9000-7f3c865aa000 r--p 00017000 08:01 29622878                   /lib/libpthread-2.11.1.so
7f3c865aa000-7f3c865ab000 rw-p 00018000 08:01 29622878                   /lib/libpthread-2.11.1.so
7f3c865ab000-7f3c865af000 rw-p 00000000 00:00 0 
7f3c865af000-7f3c865c5000 r-xp 00000000 08:01 29622466                   /lib/libz.so.1.2.3.3
7f3c865c5000-7f3c867c4000 ---p 00016000 08:01 29622466                   /lib/libz.so.1.2.3.3
7f3c867c4000-7f3c867c5000 r--p 00015000 08:01 29622466                   /lib/libz.so.1.2.3.3
7f3c867c5000-7f3c867c6000 rw-p 00016000 08:01 29622466                   /lib/libz.so.1.2.3.3
7f3c867c6000-7f3c867e6000 r-xp 00000000 08:01 29622863                   /lib/ld-2.11.1.so
7f3c867e7000-7f3c867e9000 r--s 00001000 08:01 22941633                   /home/d3orn/play-1.0.3.2/framework/lib/slf4j-log4j12-1.5.0.jar
7f3c867e9000-7f3c867ec000 r--s 0000d000 08:01 22941609                   /home/d3orn/play-1.0.3.2/framework/lib/hibernate-validator.jar
7f3c867ec000-7f3c867f0000 r--s 0007c000 08:01 18612827                   /usr/lib/jvm/java-6-openjdk/jre/lib/jsse.jar
7f3c867f0000-7f3c867f7000 r--s 00079000 08:01 22941635                   /home/d3orn/play-1.0.3.2/framework/play.jar
7f3c867f7000-7f3c86800000 r--s 00065000 08:01 18229017                   /usr/share/java/gnome-java-bridge.jar
7f3c86800000-7f3c8683e000 rw-p 00000000 00:00 0 
7f3c8683e000-7f3c8687c000 rw-p 00000000 00:00 0 
7f3c8687c000-7f3c868bb000 r--p 00000000 08:01 18096017                   /usr/lib/locale/en_US.utf8/LC_CTYPE
7f3c868bb000-7f3c868be000 ---p 00000000 00:00 0 
7f3c868be000-7f3c869c1000 rw-p 00000000 00:00 0 
7f3c869c1000-7f3c869c2000 r--s 00015000 08:01 22941629                   /home/d3orn/play-1.0.3.2/framework/lib/play-SimpleCaptcha.jar
7f3c869c2000-7f3c869c4000 r--s 0000d000 08:01 22941598                   /home/d3orn/play-1.0.3.2/framework/lib/commons-logging-1.1.1.jar
7f3c869c4000-7f3c869c5000 rw-p 00000000 00:00 0 
7f3c869c5000-7f3c869c8000 r--s 0000f000 08:01 18612809                   /usr/lib/jvm/java-6-openjdk/jre/lib/ext/pulse-java.jar
7f3c869c8000-7f3c869d0000 rw-s 00000000 08:01 15728877                   /tmp/hsperfdata_d3orn/5599
7f3c869d0000-7f3c869d1000 r--p 00000000 08:01 18096139                   /usr/lib/locale/en_US.utf8/LC_NUMERIC
7f3c869d1000-7f3c869d2000 r--p 00000000 08:01 18098299                   /usr/lib/locale/en_US.utf8/LC_TIME
7f3c869d2000-7f3c869d3000 r--p 00000000 08:01 18098300                   /usr/lib/locale/en_US.utf8/LC_MONETARY
7f3c869d3000-7f3c869d4000 r--p 00000000 08:01 18098301                   /usr/lib/locale/en_US.utf8/LC_MESSAGES/SYS_LC_MESSAGES
7f3c869d4000-7f3c869d5000 r--p 00000000 08:01 18095789                   /usr/lib/locale/en_US.utf8/LC_PAPER
7f3c869d5000-7f3c869d6000 r--p 00000000 08:01 18095709                   /usr/lib/locale/en_US.utf8/LC_NAME
7f3c869d6000-7f3c869d7000 r--p 00000000 08:01 18098302                   /usr/lib/locale/en_US.utf8/LC_ADDRESS
7f3c869d7000-7f3c869d8000 r--p 00000000 08:01 18098303                   /usr/lib/locale/en_US.utf8/LC_TELEPHONE
7f3c869d8000-7f3c869d9000 r--p 00000000 08:01 18096071                   /usr/lib/locale/en_US.utf8/LC_MEASUREMENT
7f3c869d9000-7f3c869e0000 r--s 00000000 08:01 18093123                   /usr/lib/gconv/gconv-modules.cache
7f3c869e0000-7f3c869e1000 r--p 00000000 08:01 18098304                   /usr/lib/locale/en_US.utf8/LC_IDENTIFICATION
7f3c869e1000-7f3c869e2000 rw-p 00000000 00:00 0 
7f3c869e2000-7f3c869e3000 r--p 00000000 00:00 0 
7f3c869e3000-7f3c869e5000 rw-p 00000000 00:00 0 
7f3c869e5000-7f3c869e6000 r--p 0001f000 08:01 29622863                   /lib/ld-2.11.1.so
7f3c869e6000-7f3c869e7000 rw-p 00020000 08:01 29622863                   /lib/ld-2.11.1.so
7f3c869e7000-7f3c869e8000 rw-p 00000000 00:00 0 
7fffb90ea000-7fffb9100000 rw-p 00000000 00:00 0                          [stack]
7fffb913c000-7fffb913d000 r-xp 00000000 00:00 0                          [vdso]
ffffffffff600000-ffffffffff601000 r-xp 00000000 00:00 0                  [vsyscall]

VM Arguments:
jvm_args: -javaagent:/home/d3orn/play-1.0.3.2/framework/play.jar -Dplay.debug=yes -Xrunjdwp:transport=dt_socket,address=8000,server=y,suspend=n -Xdebug -Dapplication.path=/home/d3orn/ese2010-team4/qa -Dplay.id= 
java_command: play.server.Server
Launcher Type: SUN_STANDARD

Environment Variables:
PATH=/usr/local/sbin:/usr/local/bin:/usr/sbin:/usr/bin:/sbin:/bin:/usr/games
USERNAME=d3orn
LD_LIBRARY_PATH=/usr/lib/jvm/java-6-openjdk/jre/lib/amd64/server:/usr/lib/jvm/java-6-openjdk/jre/lib/amd64:/usr/lib/jvm/java-6-openjdk/jre/../lib/amd64
SHELL=/bin/bash
DISPLAY=:0.0

Signal Handlers:
SIGSEGV: [libjvm.so+0x6c2030], sa_mask[0]=0x7ffbfeff, sa_flags=0x10000004
SIGBUS: [libjvm.so+0x6c2030], sa_mask[0]=0x7ffbfeff, sa_flags=0x10000004
SIGFPE: [libjvm.so+0x58ca90], sa_mask[0]=0x7ffbfeff, sa_flags=0x10000004
SIGPIPE: [libjvm.so+0x58ca90], sa_mask[0]=0x7ffbfeff, sa_flags=0x10000004
SIGXFSZ: [libjvm.so+0x58ca90], sa_mask[0]=0x7ffbfeff, sa_flags=0x10000004
SIGILL: [libjvm.so+0x58ca90], sa_mask[0]=0x7ffbfeff, sa_flags=0x10000004
SIGUSR1: SIG_DFL, sa_mask[0]=0x00000000, sa_flags=0x00000000
SIGUSR2: [libjvm.so+0x58c1e0], sa_mask[0]=0x00000000, sa_flags=0x10000004
SIGHUP: [libjvm.so+0x58e8d0], sa_mask[0]=0x7ffbfeff, sa_flags=0x10000004
SIGINT: [libjvm.so+0x58e8d0], sa_mask[0]=0x7ffbfeff, sa_flags=0x10000004
SIGTERM: [libjvm.so+0x58e8d0], sa_mask[0]=0x7ffbfeff, sa_flags=0x10000004
SIGQUIT: [libjvm.so+0x58e8d0], sa_mask[0]=0x7ffbfeff, sa_flags=0x10000004


---------------  S Y S T E M  ---------------

OS:Ubuntu 10.04 (lucid)
uname:Linux 2.6.32-25-generic #45-Ubuntu SMP Sat Oct 16 19:52:42 UTC 2010 x86_64
libc:glibc 2.11.1 NPTL 2.11.1 
rlimit: STACK 8192k, CORE 0k, NPROC infinity, NOFILE 1024, AS infinity
load average:1.12 1.19 1.16

CPU:total 8 (8 cores per cpu, 2 threads per core) family 6 model 30 stepping 5, cmov, cx8, fxsr, mmx, sse, sse2, sse3, ssse3, sse4.1, sse4.2, popcnt, ht

Memory: 4k page, physical 4046404k(1025384k free), swap 11852792k(11852792k free)

vm_info: OpenJDK 64-Bit Server VM (16.0-b13) for linux-amd64 JRE (1.6.0_18-b18), built on Oct 25 2010 18:07:10 by "buildd" with gcc 4.4.3

time: Tue Nov 16 11:25:23 2010
elapsed time: 147 seconds

