#
# A fatal error has been detected by the Java Runtime Environment:
#
#  SIGSEGV (0xb) at pc=0x00007f1df18d7ca0, pid=11040, tid=139765252953872
#
# JRE version: 6.0_18-b18
# Java VM: OpenJDK 64-Bit Server VM (16.0-b13 mixed mode linux-amd64 )
# Derivative: IcedTea6 1.8.2
# Distribution: Ubuntu 10.04.1 LTS, package 6b18-1.8.2-4ubuntu2
# Problematic frame:
# V  [libjvm.so+0x50bca0]
#
# If you would like to submit a bug report, please include
# instructions how to reproduce the bug and visit:
#   https://bugs.launchpad.net/ubuntu/+source/openjdk-6/
#

---------------  T H R E A D  ---------------

Current thread (0x00007f1d9c058800):  JavaThread "CompilerThread0" daemon [_thread_in_native, id=11056, stack(0x00007f1da2311000,0x00007f1da2412000)]

siginfo:si_signo=SIGSEGV: si_errno=0, si_code=1 (SEGV_MAPERR), si_addr=0x0000000000000008

Registers:
RAX=0x0000000000000000, RBX=0x00007f1da240e880, RCX=0x00000000037a0970, RDX=0x0000000000002000
RSP=0x00007f1da240d090, RBP=0x00007f1da240d0d0, RSI=0x00007f1d9cdf4480, RDI=0x0000000000000000
R8 =0x00007f1d9d04f5b0, R9 =0x00007f1d9c99e5c0, R10=0x0000000000000000, R11=0x00007f1df1f32e53
R12=0x00007f1d9cf88dd8, R13=0x00007f1d9c8f1ac8, R14=0x00007f1da240e8a0, R15=0x00007f1d9c9a1178
RIP=0x00007f1df18d7ca0, EFL=0x0000000000010202, CSGSFS=0x0000000000000033, ERR=0x0000000000000004
  TRAPNO=0x000000000000000e

Top of Stack: (sp=0x00007f1da240d090)
0x00007f1da240d090:   00007f1da240d3b0 000000000000138a
0x00007f1da240d0a0:   00007f1da240d0d0 00007f1da240d370
0x00007f1da240d0b0:   00007f1da240e880 00007f1d9cf88dd8
0x00007f1da240d0c0:   0000000000000002 00007f1d9c775aa8
0x00007f1da240d0d0:   00007f1da240d140 00007f1df18d8207
0x00007f1da240d0e0:   0000000000000020 00007f1d00000001
0x00007f1da240d0f0:   00007f1da240f210 0000000000000000
0x00007f1da240d100:   00007f1da240d350 00007f1da240d3b0
0x00007f1da240d110:   0000000000001687 00007f1da240e880
0x00007f1da240d120:   00007f1da240de70 00007f1da240d3b0
0x00007f1da240d130:   00007f1da240d350 0000000000000000
0x00007f1da240d140:   00007f1da240d410 00007f1df18db750
0x00007f1da240d150:   00007f1da240de70 00007f1d9d1597e0
0x00007f1da240d160:   00007f1da240de70 0000000000001675
0x00007f1da240d170:   000000000000b4a0 00007f1df1e5cd7c
0x00007f1da240d180:   01007f1da240d1e0 00007f1da240d370
0x00007f1da240d190:   00007f1da240d1b0 00007f1df1a5dfb6
0x00007f1da240d1a0:   0000000001d8c100 00007f1d9c76abd0
0x00007f1da240d1b0:   00007f1da240d1d0 00007f1df1a5dfb6
0x00007f1da240d1c0:   0000000001d8c100 00007f1d9c76abd0
0x00007f1da240d1d0:   00007f1d9cf0fd20 00007f1d9c76abd0
0x00007f1da240d1e0:   00007f1da240d1f0 00007f1df1a5d24d
0x00007f1da240d1f0:   00007f1da240d250 00007f1df16f940e
0x00007f1da240d200:   0000000000000000 8aa32d0500952608
0x00007f1da240d210:   0000000000000000 00000000f1a61818
0x00007f1da240d220:   00007f1d88ca6bff 00007f1d9c952608
0x00007f1da240d230:   00007f1da240d290 00007f1df177ff91
0x00007f1da240d240:   00007f1da240d260 00007f1d9d0ecba0
0x00007f1da240d250:   00007f1d9d145b08 000000009ca19078
0x00007f1da240d260:   00007f1da240d280 00007f1d9d145bb8
0x00007f1da240d270:   00007f1da240de70 00007f1da240de70
0x00007f1da240d280:   00007f1d9ca195d0 00007f1d9d145bb8 

Instructions: (pc=0x00007f1df18d7ca0)
0x00007f1df18d7c90:   89 f6 48 c1 e6 03 48 03 b3 d0 09 00 00 48 8b 06
0x00007f1df18d7ca0:   48 8b 50 08 48 83 3a 00 75 27 8b 4b 28 0f 1f 00 

Stack: [0x00007f1da2311000,0x00007f1da2412000],  sp=0x00007f1da240d090,  free space=3f00000000000000030k
Native frames: (J=compiled Java code, j=interpreted, Vv=VM code, C=native code)
V  [libjvm.so+0x50bca0]
V  [libjvm.so+0x50c207]
V  [libjvm.so+0x50f750]
V  [libjvm.so+0x2b7a9b]
V  [libjvm.so+0x2b85ea]
V  [libjvm.so+0x246f7c]
V  [libjvm.so+0x2bd4ca]
V  [libjvm.so+0x2bdaef]
V  [libjvm.so+0x687d0b]
V  [libjvm.so+0x58fff2]


Current CompileTask:
C2:823      jregex.Pretokenizer.next()V (1064 bytes)


---------------  P R O C E S S  ---------------

Java Threads: ( => current thread )
  0x00007f1d9c863800 JavaThread "AWT-XAWT" daemon [_thread_in_native, id=11070, stack(0x00007f1d99f78000,0x00007f1d9a079000)]
  0x00007f1d9c6d0000 JavaThread "Java2D Disposer" daemon [_thread_blocked, id=11069, stack(0x00007f1da00ce000,0x00007f1da01cf000)]
  0x00007f1d9c371800 JavaThread "com.mchange.v2.async.ThreadPoolAsynchronousRunner$PoolThread-#2" daemon [_thread_blocked, id=11067, stack(0x00007f1da1072000,0x00007f1da1173000)]
  0x00007f1d9c333800 JavaThread "com.mchange.v2.async.ThreadPoolAsynchronousRunner$PoolThread-#1" daemon [_thread_blocked, id=11066, stack(0x00007f1da1173000,0x00007f1da1274000)]
  0x00007f1d9c310000 JavaThread "com.mchange.v2.async.ThreadPoolAsynchronousRunner$PoolThread-#0" daemon [_thread_blocked, id=11065, stack(0x00007f1da1274000,0x00007f1da1375000)]
  0x00007f1d9c179000 JavaThread "Timer-0" daemon [_thread_blocked, id=11064, stack(0x00007f1da1375000,0x00007f1da1476000)]
  0x00007f1d9c21f000 JavaThread "pool-3-thread-1" [_thread_in_vm_trans, id=11063, stack(0x00007f1da1685000,0x00007f1da1786000)]
  0x000000000247b800 JavaThread "NioProcessor-1" [_thread_in_native, id=11062, stack(0x00007f1da1786000,0x00007f1da1887000)]
  0x00007f1d9c21e000 JavaThread "DestroyJavaVM" [_thread_blocked, id=11041, stack(0x00007f1df2b62000,0x00007f1df2c63000)]
  0x00007f1d9c25a000 JavaThread "NioSocketAcceptor-1" [_thread_in_native, id=11061, stack(0x00007f1da1887000,0x00007f1da1988000)]
  0x00007f1d9c1f4000 JavaThread "NioSocketAcceptor-1-idleStatusChecker" [_thread_blocked, id=11060, stack(0x00007f1da1988000,0x00007f1da1a89000)]
  0x00007f1d9c05e000 JavaThread "Low Memory Detector" daemon [_thread_blocked, id=11058, stack(0x00007f1da210f000,0x00007f1da2210000)]
  0x00007f1d9c05b800 JavaThread "CompilerThread1" daemon [_thread_blocked, id=11057, stack(0x00007f1da2210000,0x00007f1da2311000)]
=>0x00007f1d9c058800 JavaThread "CompilerThread0" daemon [_thread_in_native, id=11056, stack(0x00007f1da2311000,0x00007f1da2412000)]
  0x00007f1d9c056800 JavaThread "JDWP Event Helper Thread" daemon [_thread_blocked, id=11055, stack(0x00007f1da2412000,0x00007f1da2513000)]
  0x00007f1d9c052800 JavaThread "JDWP Transport Listener: dt_socket" daemon [_thread_in_native, id=11054, stack(0x00007f1da2513000,0x00007f1da2614000)]
  0x00007f1d9c01f800 JavaThread "Signal Dispatcher" daemon [_thread_blocked, id=11053, stack(0x00007f1da2819000,0x00007f1da291a000)]
  0x00007f1d9c001000 JavaThread "Finalizer" daemon [_thread_blocked, id=11052, stack(0x00007f1da291a000,0x00007f1da2a1b000)]
  0x0000000001daf800 JavaThread "Reference Handler" daemon [_thread_blocked, id=11051, stack(0x00007f1da2a1b000,0x00007f1da2b1c000)]

Other Threads:
  0x0000000001dab000 VMThread [stack: 0x00007f1da2b1c000,0x00007f1da2c1d000] [id=11050]
  0x00007f1d9c061000 WatcherThread [stack: 0x00007f1da200e000,0x00007f1da210f000] [id=11059]

VM state:not at safepoint (normal execution)

VM Mutex/Monitor currently owned by a thread: None

Heap
 PSYoungGen      total 163840K, used 98586K [0x00007f1dd7d30000, 0x00007f1de81f0000, 0x00007f1dec680000)
  eden space 152064K, 64% used [0x00007f1dd7d30000,0x00007f1dddcbab98,0x00007f1de11b0000)
  from space 11776K, 6% used [0x00007f1de11b0000,0x00007f1de126c020,0x00007f1de1d30000)
  to   space 11840K, 0% used [0x00007f1de7660000,0x00007f1de7660000,0x00007f1de81f0000)
 PSOldGen        total 42176K, used 25329K [0x00007f1daea80000, 0x00007f1db13b0000, 0x00007f1dd7d30000)
  object space 42176K, 60% used [0x00007f1daea80000,0x00007f1db033c688,0x00007f1db13b0000)
 PSPermGen       total 46208K, used 46101K [0x00007f1da4280000, 0x00007f1da6fa0000, 0x00007f1daea80000)
  object space 46208K, 99% used [0x00007f1da4280000,0x00007f1da6f85728,0x00007f1da6fa0000)

Dynamic libraries:
00400000-00409000 r-xp 00000000 08:01 18615065                           /usr/lib/jvm/java-6-openjdk/jre/bin/java
00608000-00609000 r--p 00008000 08:01 18615065                           /usr/lib/jvm/java-6-openjdk/jre/bin/java
00609000-0060a000 rw-p 00009000 08:01 18615065                           /usr/lib/jvm/java-6-openjdk/jre/bin/java
01d29000-0636b000 rw-p 00000000 00:00 0                                  [heap]
7f1d99936000-7f1d99940000 r-xp 00000000 08:01 18613499                   /usr/lib/jvm/java-6-openjdk/jre/lib/amd64/libjpeg.so
7f1d99940000-7f1d99b3f000 ---p 0000a000 08:01 18613499                   /usr/lib/jvm/java-6-openjdk/jre/lib/amd64/libjpeg.so
7f1d99b3f000-7f1d99b40000 r--p 00009000 08:01 18613499                   /usr/lib/jvm/java-6-openjdk/jre/lib/amd64/libjpeg.so
7f1d99b40000-7f1d99b41000 rw-p 0000a000 08:01 18613499                   /usr/lib/jvm/java-6-openjdk/jre/lib/amd64/libjpeg.so
7f1d99b41000-7f1d99b73000 r-xp 00000000 08:01 18613948                   /usr/lib/jvm/java-6-openjdk/jre/lib/amd64/liblcms.so
7f1d99b73000-7f1d99d72000 ---p 00032000 08:01 18613948                   /usr/lib/jvm/java-6-openjdk/jre/lib/amd64/liblcms.so
7f1d99d72000-7f1d99d73000 r--p 00031000 08:01 18613948                   /usr/lib/jvm/java-6-openjdk/jre/lib/amd64/liblcms.so
7f1d99d73000-7f1d99d74000 rw-p 00032000 08:01 18613948                   /usr/lib/jvm/java-6-openjdk/jre/lib/amd64/liblcms.so
7f1d99d74000-7f1d99d76000 rw-p 00000000 00:00 0 
7f1d99d76000-7f1d99d79000 ---p 00000000 00:00 0 
7f1d99d79000-7f1d99e77000 rw-p 00000000 00:00 0 
7f1d99e77000-7f1d99e7a000 ---p 00000000 00:00 0 
7f1d99e7a000-7f1d99f78000 rw-p 00000000 00:00 0 
7f1d99f78000-7f1d99f7b000 ---p 00000000 00:00 0 
7f1d99f7b000-7f1d9a079000 rw-p 00000000 00:00 0 
7f1d9a079000-7f1d9a07e000 r-xp 00000000 08:01 18090805                   /usr/lib/libXfixes.so.3.1.0
7f1d9a07e000-7f1d9a27d000 ---p 00005000 08:01 18090805                   /usr/lib/libXfixes.so.3.1.0
7f1d9a27d000-7f1d9a27e000 r--p 00004000 08:01 18090805                   /usr/lib/libXfixes.so.3.1.0
7f1d9a27e000-7f1d9a27f000 rw-p 00005000 08:01 18090805                   /usr/lib/libXfixes.so.3.1.0
7f1d9a27f000-7f1d9a288000 r-xp 00000000 08:01 18090797                   /usr/lib/libXcursor.so.1.0.2
7f1d9a288000-7f1d9a487000 ---p 00009000 08:01 18090797                   /usr/lib/libXcursor.so.1.0.2
7f1d9a487000-7f1d9a488000 r--p 00008000 08:01 18090797                   /usr/lib/libXcursor.so.1.0.2
7f1d9a488000-7f1d9a489000 rw-p 00009000 08:01 18090797                   /usr/lib/libXcursor.so.1.0.2
7f1d9b0d1000-7f1d9b0e7000 r-xp 00000000 08:01 29622351                   /lib/libgcc_s.so.1
7f1d9b0e7000-7f1d9b2e6000 ---p 00016000 08:01 29622351                   /lib/libgcc_s.so.1
7f1d9b2e6000-7f1d9b2e7000 r--p 00015000 08:01 29622351                   /lib/libgcc_s.so.1
7f1d9b2e7000-7f1d9b2e8000 rw-p 00016000 08:01 29622351                   /lib/libgcc_s.so.1
7f1d9b2e8000-7f1d9b368000 r-xp 00000000 08:01 18089136                   /usr/lib/libfreetype.so.6.3.22
7f1d9b368000-7f1d9b568000 ---p 00080000 08:01 18089136                   /usr/lib/libfreetype.so.6.3.22
7f1d9b568000-7f1d9b56d000 r--p 00080000 08:01 18089136                   /usr/lib/libfreetype.so.6.3.22
7f1d9b56d000-7f1d9b56e000 rw-p 00085000 08:01 18089136                   /usr/lib/libfreetype.so.6.3.22
7f1d9b56e000-7f1d9b5b5000 r-xp 00000000 08:01 18612555                   /usr/lib/jvm/java-6-openjdk/jre/lib/amd64/libfontmanager.so
7f1d9b5b5000-7f1d9b7b4000 ---p 00047000 08:01 18612555                   /usr/lib/jvm/java-6-openjdk/jre/lib/amd64/libfontmanager.so
7f1d9b7b4000-7f1d9b7b7000 r--p 00046000 08:01 18612555                   /usr/lib/jvm/java-6-openjdk/jre/lib/amd64/libfontmanager.so
7f1d9b7b7000-7f1d9b7b8000 rw-p 00049000 08:01 18612555                   /usr/lib/jvm/java-6-openjdk/jre/lib/amd64/libfontmanager.so
7f1d9b7b8000-7f1d9b7ca000 rw-p 00000000 00:00 0 
7f1d9b7ca000-7f1d9b7cf000 r-xp 00000000 08:01 18090801                   /usr/lib/libXdmcp.so.6.0.0
7f1d9b7cf000-7f1d9b9ce000 ---p 00005000 08:01 18090801                   /usr/lib/libXdmcp.so.6.0.0
7f1d9b9ce000-7f1d9b9cf000 r--p 00004000 08:01 18090801                   /usr/lib/libXdmcp.so.6.0.0
7f1d9b9cf000-7f1d9b9d0000 rw-p 00005000 08:01 18090801                   /usr/lib/libXdmcp.so.6.0.0
7f1d9b9d0000-7f1d9b9d2000 r-xp 00000000 08:01 18090790                   /usr/lib/libXau.so.6.0.0
7f1d9b9d2000-7f1d9bbd2000 ---p 00002000 08:01 18090790                   /usr/lib/libXau.so.6.0.0
7f1d9bbd2000-7f1d9bbd3000 r--p 00002000 08:01 18090790                   /usr/lib/libXau.so.6.0.0
7f1d9bbd3000-7f1d9bbd4000 rw-p 00003000 08:01 18090790                   /usr/lib/libXau.so.6.0.0
7f1d9bbd4000-7f1d9bbef000 r-xp 00000000 08:01 18091796                   /usr/lib/libxcb.so.1.1.0
7f1d9bbef000-7f1d9bdee000 ---p 0001b000 08:01 18091796                   /usr/lib/libxcb.so.1.1.0
7f1d9bdee000-7f1d9bdef000 r--p 0001a000 08:01 18091796                   /usr/lib/libxcb.so.1.1.0
7f1d9bdef000-7f1d9bdf0000 rw-p 0001b000 08:01 18091796                   /usr/lib/libxcb.so.1.1.0
7f1d9bdf0000-7f1d9bdff000 r-xp 00000000 08:01 18090811                   /usr/lib/libXi.so.6.1.0
7f1d9bdff000-7f1d9bffe000 ---p 0000f000 08:01 18090811                   /usr/lib/libXi.so.6.1.0
7f1d9bffe000-7f1d9bfff000 r--p 0000e000 08:01 18090811                   /usr/lib/libXi.so.6.1.0
7f1d9bfff000-7f1d9c000000 rw-p 0000f000 08:01 18090811                   /usr/lib/libXi.so.6.1.0
7f1d9c000000-7f1d9fa59000 rw-p 00000000 00:00 0 
7f1d9fa59000-7f1da0000000 ---p 00000000 00:00 0 
7f1da0004000-7f1da0005000 r--p 00000000 00:00 0 
7f1da000d000-7f1da000e000 r--s 00000000 08:01 2883649                    /var/cache/fontconfig/c05880de57d1f5e948fdfacc138775d9-le64.cache-3
7f1da000e000-7f1da0017000 r--s 00000000 08:01 2883646                    /var/cache/fontconfig/945677eb7aeaf62f1d50efc3fb3ec7d8-le64.cache-3
7f1da0017000-7f1da0019000 r--s 00000000 08:01 2883647                    /var/cache/fontconfig/99e8ed0e538f840c565b6ed5dad60d56-le64.cache-3
7f1da0019000-7f1da001c000 r--s 00000000 08:01 2883656                    /var/cache/fontconfig/e383d7ea5fbe662a33d9b44caf393297-le64.cache-3
7f1da001c000-7f1da001d000 r--s 00000000 08:01 2883657                    /var/cache/fontconfig/e7071f4a29fa870f4323321c154eba04-le64.cache-3
7f1da001d000-7f1da0020000 r--s 00000000 08:01 2891611                    /var/cache/fontconfig/b5ea634b0fb353b8ea17632d1f9ef766-le64.cache-3
7f1da0020000-7f1da0024000 r--s 00000000 08:01 2883643                    /var/cache/fontconfig/6eb3985aa4124903f6ff08ba781cd364-le64.cache-3
7f1da0024000-7f1da0025000 r--s 00000000 08:01 2883639                    /var/cache/fontconfig/4c73fe0c47614734b17d736dbde7580a-le64.cache-3
7f1da0025000-7f1da0026000 r--s 00000000 08:01 2883633                    /var/cache/fontconfig/0d8c3b2ac0904cb8a57a757ad11a4a08-le64.cache-3
7f1da0026000-7f1da0027000 r--s 00000000 08:01 2883641                    /var/cache/fontconfig/6a53c69dea097a2d716e069445527da8-le64.cache-3
7f1da0027000-7f1da002d000 r--s 00000000 08:01 2883648                    /var/cache/fontconfig/a755afe4a08bf5b97852ceb7400b47bc-le64.cache-3
7f1da002d000-7f1da0036000 r--s 00000000 08:01 2891862                    /var/cache/fontconfig/6d41288fd70b0be22e8c3a91e032eec0-le64.cache-3
7f1da0036000-7f1da0046000 r--s 00000000 08:01 2883634                    /var/cache/fontconfig/0f34bcd4b6ee430af32735b75db7f02b-le64.cache-3
7f1da0046000-7f1da0049000 r--s 00000000 08:01 2883653                    /var/cache/fontconfig/d60319d88cac85ba9e1a07bd06cfbb8c-le64.cache-3
7f1da0049000-7f1da004a000 r--s 00000000 08:01 2892747                    /var/cache/fontconfig/4794a0821666d79190d59a36cb4f44b5-le64.cache-3
7f1da004a000-7f1da0054000 r--s 00000000 08:01 2883652                    /var/cache/fontconfig/d52a8644073d54c13679302ca1180695-le64.cache-3
7f1da0054000-7f1da0067000 r--s 00000000 08:01 2891445                    /var/cache/fontconfig/e13b20fdb08344e0e664864cc2ede53d-le64.cache-3
7f1da0067000-7f1da006b000 r--s 00000000 08:01 2893045                    /var/cache/fontconfig/7ef2298fde41cc6eeb7af42e48b7d293-le64.cache-3
7f1da006b000-7f1da007f000 r--s 00000000 08:01 2891444                    /var/cache/fontconfig/865f88548240fee46819705c6468c165-le64.cache-3
7f1da007f000-7f1da0080000 r--s 00000000 08:01 2883649                    /var/cache/fontconfig/c05880de57d1f5e948fdfacc138775d9-le64.cache-3
7f1da0080000-7f1da0089000 r--s 00000000 08:01 2883646                    /var/cache/fontconfig/945677eb7aeaf62f1d50efc3fb3ec7d8-le64.cache-3
7f1da0089000-7f1da008b000 r--s 00000000 08:01 2883647                    /var/cache/fontconfig/99e8ed0e538f840c565b6ed5dad60d56-le64.cache-3
7f1da008b000-7f1da008e000 r--s 00000000 08:01 2883656                    /var/cache/fontconfig/e383d7ea5fbe662a33d9b44caf393297-le64.cache-3
7f1da008e000-7f1da008f000 r--s 00000000 08:01 2883657                    /var/cache/fontconfig/e7071f4a29fa870f4323321c154eba04-le64.cache-3
7f1da008f000-7f1da0092000 r--s 00000000 08:01 2891611                    /var/cache/fontconfig/b5ea634b0fb353b8ea17632d1f9ef766-le64.cache-3
7f1da0092000-7f1da0096000 r--s 00000000 08:01 2883643                    /var/cache/fontconfig/6eb3985aa4124903f6ff08ba781cd364-le64.cache-3
7f1da0096000-7f1da0097000 r--s 00000000 08:01 2883639                    /var/cache/fontconfig/4c73fe0c47614734b17d736dbde7580a-le64.cache-3
7f1da0097000-7f1da0098000 r--s 00000000 08:01 2883633                    /var/cache/fontconfig/0d8c3b2ac0904cb8a57a757ad11a4a08-le64.cache-3
7f1da0098000-7f1da0099000 r--s 00000000 08:01 2883641                    /var/cache/fontconfig/6a53c69dea097a2d716e069445527da8-le64.cache-3
7f1da0099000-7f1da009f000 r--s 00000000 08:01 2883648                    /var/cache/fontconfig/a755afe4a08bf5b97852ceb7400b47bc-le64.cache-3
7f1da009f000-7f1da00a8000 r--s 00000000 08:01 2891862                    /var/cache/fontconfig/6d41288fd70b0be22e8c3a91e032eec0-le64.cache-3
7f1da00a8000-7f1da00b8000 r--s 00000000 08:01 2883634                    /var/cache/fontconfig/0f34bcd4b6ee430af32735b75db7f02b-le64.cache-3
7f1da00b8000-7f1da00bb000 r--s 00000000 08:01 2883653                    /var/cache/fontconfig/d60319d88cac85ba9e1a07bd06cfbb8c-le64.cache-3
7f1da00bb000-7f1da00ce000 r--s 00000000 08:01 2891445                    /var/cache/fontconfig/e13b20fdb08344e0e664864cc2ede53d-le64.cache-3
7f1da00ce000-7f1da00d1000 ---p 00000000 00:00 0 
7f1da00d1000-7f1da01cf000 rw-p 00000000 00:00 0 
7f1da01cf000-7f1da01d4000 r-xp 00000000 08:01 18090831                   /usr/lib/libXtst.so.6.1.0
7f1da01d4000-7f1da03d4000 ---p 00005000 08:01 18090831                   /usr/lib/libXtst.so.6.1.0
7f1da03d4000-7f1da03d5000 r--p 00005000 08:01 18090831                   /usr/lib/libXtst.so.6.1.0
7f1da03d5000-7f1da03d6000 rw-p 00006000 08:01 18090831                   /usr/lib/libXtst.so.6.1.0
7f1da03d6000-7f1da03df000 r-xp 00000000 08:01 18090825                   /usr/lib/libXrender.so.1.3.0
7f1da03df000-7f1da05de000 ---p 00009000 08:01 18090825                   /usr/lib/libXrender.so.1.3.0
7f1da05de000-7f1da05df000 r--p 00008000 08:01 18090825                   /usr/lib/libXrender.so.1.3.0
7f1da05df000-7f1da05e0000 rw-p 00009000 08:01 18090825                   /usr/lib/libXrender.so.1.3.0
7f1da05e0000-7f1da0711000 r-xp 00000000 08:01 18090786                   /usr/lib/libX11.so.6.3.0
7f1da0711000-7f1da0911000 ---p 00131000 08:01 18090786                   /usr/lib/libX11.so.6.3.0
7f1da0911000-7f1da0912000 r--p 00131000 08:01 18090786                   /usr/lib/libX11.so.6.3.0
7f1da0912000-7f1da0916000 rw-p 00132000 08:01 18090786                   /usr/lib/libX11.so.6.3.0
7f1da0916000-7f1da0927000 r-xp 00000000 08:01 18090803                   /usr/lib/libXext.so.6.4.0
7f1da0927000-7f1da0b26000 ---p 00011000 08:01 18090803                   /usr/lib/libXext.so.6.4.0
7f1da0b26000-7f1da0b27000 r--p 00010000 08:01 18090803                   /usr/lib/libXext.so.6.4.0
7f1da0b27000-7f1da0b28000 rw-p 00011000 08:01 18090803                   /usr/lib/libXext.so.6.4.0
7f1da0b28000-7f1da0b32000 r--s 00000000 08:01 2883652                    /var/cache/fontconfig/d52a8644073d54c13679302ca1180695-le64.cache-3
7f1da0b32000-7f1da0b36000 r--s 00000000 08:01 2893045                    /var/cache/fontconfig/7ef2298fde41cc6eeb7af42e48b7d293-le64.cache-3
7f1da0b36000-7f1da0b4a000 r--s 00000000 08:01 2891444                    /var/cache/fontconfig/865f88548240fee46819705c6468c165-le64.cache-3
7f1da0b4a000-7f1da0b96000 r-xp 00000000 08:01 18613535                   /usr/lib/jvm/java-6-openjdk/jre/lib/amd64/xawt/libmawt.so
7f1da0b96000-7f1da0d96000 ---p 0004c000 08:01 18613535                   /usr/lib/jvm/java-6-openjdk/jre/lib/amd64/xawt/libmawt.so
7f1da0d96000-7f1da0d97000 r--p 0004c000 08:01 18613535                   /usr/lib/jvm/java-6-openjdk/jre/lib/amd64/xawt/libmawt.so
7f1da0d97000-7f1da0d9a000 rw-p 0004d000 08:01 18613535                   /usr/lib/jvm/java-6-openjdk/jre/lib/amd64/xawt/libmawt.so
7f1da0d9a000-7f1da0d9b000 rw-p 00000000 00:00 0 
7f1da0d9b000-7f1da0e3d000 r-xp 00000000 08:01 18612465                   /usr/lib/jvm/java-6-openjdk/jre/lib/amd64/libawt.so
7f1da0e3d000-7f1da103c000 ---p 000a2000 08:01 18612465                   /usr/lib/jvm/java-6-openjdk/jre/lib/amd64/libawt.so
7f1da103c000-7f1da103d000 r--p 000a1000 08:01 18612465                   /usr/lib/jvm/java-6-openjdk/jre/lib/amd64/libawt.so
7f1da103d000-7f1da1048000 rw-p 000a2000 08:01 18612465                   /usr/lib/jvm/java-6-openjdk/jre/lib/amd64/libawt.so
7f1da1048000-7f1da106d000 rw-p 00000000 00:00 0 
7f1da106d000-7f1da1070000 r--s 00031000 08:01 18612807                   /usr/lib/jvm/java-6-openjdk/jre/lib/ext/sunjce_provider.jar
7f1da1070000-7f1da1072000 r--s 00013000 08:01 18612823                   /usr/lib/jvm/java-6-openjdk/jre/lib/jce.jar
7f1da1072000-7f1da1075000 ---p 00000000 00:00 0 
7f1da1075000-7f1da1173000 rw-p 00000000 00:00 0 
7f1da1173000-7f1da1176000 ---p 00000000 00:00 0 
7f1da1176000-7f1da1274000 rw-p 00000000 00:00 0 
7f1da1274000-7f1da1277000 ---p 00000000 00:00 0 
7f1da1277000-7f1da1375000 rw-p 00000000 00:00 0 
7f1da1375000-7f1da1378000 ---p 00000000 00:00 0 
7f1da1378000-7f1da1476000 rw-p 00000000 00:00 0 
7f1da1476000-7f1da147d000 r-xp 00000000 08:01 18613949                   /usr/lib/jvm/java-6-openjdk/jre/lib/amd64/libmanagement.so
7f1da147d000-7f1da167c000 ---p 00007000 08:01 18613949                   /usr/lib/jvm/java-6-openjdk/jre/lib/amd64/libmanagement.so
7f1da167c000-7f1da167d000 r--p 00006000 08:01 18613949                   /usr/lib/jvm/java-6-openjdk/jre/lib/amd64/libmanagement.so
7f1da167d000-7f1da167e000 rw-p 00007000 08:01 18613949                   /usr/lib/jvm/java-6-openjdk/jre/lib/amd64/libmanagement.so
7f1da167e000-7f1da1685000 r--s 00102000 08:01 18612843                   /usr/lib/jvm/java-6-openjdk/jre/lib/resources.jar
7f1da1685000-7f1da1688000 ---p 00000000 00:00 0 
7f1da1688000-7f1da1786000 rw-p 00000000 00:00 0 
7f1da1786000-7f1da1789000 ---p 00000000 00:00 0 
7f1da1789000-7f1da1887000 rw-p 00000000 00:00 0 
7f1da1887000-7f1da188a000 ---p 00000000 00:00 0 
7f1da188a000-7f1da1988000 rw-p 00000000 00:00 0 
7f1da1988000-7f1da198b000 ---p 00000000 00:00 0 
7f1da198b000-7f1da1a89000 rw-p 00000000 00:00 0 
7f1da1a89000-7f1da1a91000 r-xp 00000000 08:01 18613952                   /usr/lib/jvm/java-6-openjdk/jre/lib/amd64/libnio.so
7f1da1a91000-7f1da1c90000 ---p 00008000 08:01 18613952                   /usr/lib/jvm/java-6-openjdk/jre/lib/amd64/libnio.so
7f1da1c90000-7f1da1c91000 r--p 00007000 08:01 18613952                   /usr/lib/jvm/java-6-openjdk/jre/lib/amd64/libnio.so
7f1da1c91000-7f1da1c92000 rw-p 00008000 08:01 18613952                   /usr/lib/jvm/java-6-openjdk/jre/lib/amd64/libnio.so
7f1da1c92000-7f1da1ca7000 r-xp 00000000 08:01 18613951                   /usr/lib/jvm/java-6-openjdk/jre/lib/amd64/libnet.so
7f1da1ca7000-7f1da1ea6000 ---p 00015000 08:01 18613951                   /usr/lib/jvm/java-6-openjdk/jre/lib/amd64/libnet.so
7f1da1ea6000-7f1da1ea7000 r--p 00014000 08:01 18613951                   /usr/lib/jvm/java-6-openjdk/jre/lib/amd64/libnet.so
7f1da1ea7000-7f1da1ea8000 rw-p 00015000 08:01 18613951                   /usr/lib/jvm/java-6-openjdk/jre/lib/amd64/libnet.so
7f1da1ea8000-7f1da1eac000 r--s 0002f000 08:01 22941597                   /home/d3orn/play-1.0.3.2/framework/lib/commons-lang.jar
7f1da1eac000-7f1da1eb4000 r--s 0008a000 08:01 22941614                   /home/d3orn/play-1.0.3.2/framework/lib/javassist.jar
7f1da1eb4000-7f1da1eb7000 r--s 00011000 08:01 22941603                   /home/d3orn/play-1.0.3.2/framework/lib/ezmorph-1.0.3.jar
7f1da1eb7000-7f1da1eba000 r--s 00018000 08:01 22941596                   /home/d3orn/play-1.0.3.2/framework/lib/commons-io.jar
7f1da1eba000-7f1da1ebd000 r--s 0000a000 08:01 22941602                   /home/d3orn/play-1.0.3.2/framework/lib/ejb3-persistence.jar
7f1da1ebd000-7f1da1ec0000 r--s 00022000 08:01 22941613                   /home/d3orn/play-1.0.3.2/framework/lib/jamon-2.7.jar
7f1da1ec0000-7f1da1ec6000 r--s 00049000 08:01 22941590                   /home/d3orn/play-1.0.3.2/framework/lib/cglib-nodep-2.2.jar
7f1da1ec6000-7f1da1ec9000 r--s 0001b000 08:01 22941608                   /home/d3orn/play-1.0.3.2/framework/lib/hibernate-entitymanager.jar
7f1da1ec9000-7f1da1ecb000 r--s 00017000 08:01 22941583                   /home/d3orn/play-1.0.3.2/framework/lib/WikiText.jar
7f1da1ecb000-7f1da1ecd000 r--s 0000c000 08:01 22941585                   /home/d3orn/play-1.0.3.2/framework/lib/activation.jar
7f1da1ecd000-7f1da1ed2000 r--s 00040000 08:01 22941595                   /home/d3orn/play-1.0.3.2/framework/lib/commons-httpclient.jar
7f1da1ed2000-7f1da1ed8000 r--s 00056000 08:01 22941610                   /home/d3orn/play-1.0.3.2/framework/lib/hibernate3-ast.jar
7f1da1ed8000-7f1da1f27000 r--s 004b1000 08:01 22941604                   /home/d3orn/play-1.0.3.2/framework/lib/groovy-all-1.7.1.jar
7f1da1f27000-7f1da1f29000 r--s 00001000 08:01 22941618                   /home/d3orn/play-1.0.3.2/framework/lib/jsr107cache-1.0.jar
7f1da1f29000-7f1da1f2b000 r--s 00011000 08:01 22941584                   /home/d3orn/play-1.0.3.2/framework/lib/ZDB.jar
7f1da1f2b000-7f1da1f3a000 r--s 00074000 08:01 22941616                   /home/d3orn/play-1.0.3.2/framework/lib/joda-time-1.6.jar
7f1da1f3a000-7f1da1f3c000 r--s 0000a000 08:01 22941592                   /home/d3orn/play-1.0.3.2/framework/lib/commons-codec.jar
7f1da1f3c000-7f1da1f43000 r--s 00059000 08:01 22941621                   /home/d3orn/play-1.0.3.2/framework/lib/log4j-1.2.15.jar
7f1da1f43000-7f1da1f49000 r--s 00055000 08:01 22941624                   /home/d3orn/play-1.0.3.2/framework/lib/mail.jar
7f1da1f49000-7f1da1f55000 r--s 0014c000 08:01 22941599                   /home/d3orn/play-1.0.3.2/framework/lib/compiler-jdt.jar
7f1da1f55000-7f1da1f57000 r--s 00003000 08:01 22941632                   /home/d3orn/play-1.0.3.2/framework/lib/slf4j-api-1.5.0.jar
7f1da1f57000-7f1da1f7b000 r--s 00473000 08:01 22941611                   /home/d3orn/play-1.0.3.2/framework/lib/hibernate3.jar
7f1da1f7b000-7f1da1f7f000 r--s 00020000 08:01 22941630                   /home/d3orn/play-1.0.3.2/framework/lib/play-imaging.jar
7f1da1f7f000-7f1da1f84000 r--s 00023000 08:01 22941620                   /home/d3orn/play-1.0.3.2/framework/lib/junit-4.4.jar
7f1da1f84000-7f1da1f87000 r--s 0000f000 08:01 22941631                   /home/d3orn/play-1.0.3.2/framework/lib/provided-geronimo-servlet_2.5_spec-1.2.jar
7f1da1f87000-7f1da1f93000 r--s 00097000 08:01 22941623                   /home/d3orn/play-1.0.3.2/framework/lib/lucene-core-2.3.1.jar
7f1da1f93000-7f1da1f96000 r--s 0000e000 08:01 22941607                   /home/d3orn/play-1.0.3.2/framework/lib/hibernate-commons-annotations.jar
7f1da1f96000-7f1da1f9b000 r--s 00037000 08:01 22941625                   /home/d3orn/play-1.0.3.2/framework/lib/memcached-2.4.2.jar
7f1da1f9b000-7f1da1fa1000 r--s 0002c000 08:01 22941582                   /home/d3orn/play-1.0.3.2/framework/lib/SnakeYAML-1.2.jar
7f1da1fa1000-7f1da1fae000 r--s 0007c000 08:01 22941593                   /home/d3orn/play-1.0.3.2/framework/lib/commons-collections-3.1.jar
7f1da1fae000-7f1da1fb4000 r--s 00041000 08:01 22941628                   /home/d3orn/play-1.0.3.2/framework/lib/oval-1.31.jar
7f1da1fb4000-7f1da1fb9000 r--s 00040000 08:01 22941606                   /home/d3orn/play-1.0.3.2/framework/lib/hibernate-annotations.jar
7f1da1fb9000-7f1da1fc1000 r--s 000a3000 08:01 22941612                   /home/d3orn/play-1.0.3.2/framework/lib/hsqldb.jar
7f1da1fc1000-7f1da1fc7000 r--s 00067000 08:01 22941586                   /home/d3orn/play-1.0.3.2/framework/lib/antlr-2.7.6.jar
7f1da1fc7000-7f1da1fcd000 r--s 00032000 08:01 22941615                   /home/d3orn/play-1.0.3.2/framework/lib/jaxen-1.1.jar
7f1da1fcd000-7f1da1fd3000 r--s 00024000 08:01 22941587                   /home/d3orn/play-1.0.3.2/framework/lib/asyncweb-common-0.9.0-SNAPSHOT.jar
7f1da1fd3000-7f1da1fd5000 r--s 00015000 08:01 22941617                   /home/d3orn/play-1.0.3.2/framework/lib/jregex1.2_01.jar
7f1da1fd5000-7f1da1fe0000 r--s 00071000 08:01 22941626                   /home/d3orn/play-1.0.3.2/framework/lib/mina-core-2.0.0-M2-SNAPSHOT.jar
7f1da1fe0000-7f1da1fe7000 r--s 000aa000 08:01 22941627                   /home/d3orn/play-1.0.3.2/framework/lib/mysql-connector-java-5.1.8-bin.jar
7f1da1fe7000-7f1da1fec000 r--s 00048000 08:01 22941600                   /home/d3orn/play-1.0.3.2/framework/lib/dom4j-1.6.1.jar
7f1da1fec000-7f1da1ff1000 r--s 0002a000 08:01 22941591                   /home/d3orn/play-1.0.3.2/framework/lib/commons-beanutils.jar
7f1da1ff1000-7f1da1ff6000 r--s 0003c000 08:01 22941601                   /home/d3orn/play-1.0.3.2/framework/lib/ehcache-1.5.0.jar
7f1da1ff6000-7f1da1ff8000 r--s 00001000 08:01 22941619                   /home/d3orn/play-1.0.3.2/framework/lib/jta.jar
7f1da1ff8000-7f1da1ffa000 r--s 0000b000 08:01 22941594                   /home/d3orn/play-1.0.3.2/framework/lib/commons-fileupload-1.2.jar
7f1da1ffa000-7f1da2003000 r--s 00048000 08:01 22941588                   /home/d3orn/play-1.0.3.2/framework/lib/backport-util-concurrent-3.0.jar
7f1da2003000-7f1da2007000 r--s 00023000 08:01 22941605                   /home/d3orn/play-1.0.3.2/framework/lib/gson-1.3.jar
7f1da2007000-7f1da200e000 r--s 00038000 08:01 22941634                   /home/d3orn/play-1.0.3.2/framework/lib/wikitext.core_1.1.1.jar
7f1da200e000-7f1da200f000 ---p 00000000 00:00 0 
7f1da200f000-7f1da210f000 rw-p 00000000 00:00 0 
7f1da210f000-7f1da2112000 ---p 00000000 00:00 0 
7f1da2112000-7f1da2210000 rw-p 00000000 00:00 0 
7f1da2210000-7f1da2213000 ---p 00000000 00:00 0 
7f1da2213000-7f1da2311000 rw-p 00000000 00:00 0 
7f1da2311000-7f1da2314000 ---p 00000000 00:00 0 
7f1da2314000-7f1da2412000 rw-p 00000000 00:00 0 
7f1da2412000-7f1da2415000 ---p 00000000 00:00 0 
7f1da2415000-7f1da2513000 rw-p 00000000 00:00 0 
7f1da2513000-7f1da2516000 ---p 00000000 00:00 0 
7f1da2516000-7f1da2614000 rw-p 00000000 00:00 0 
7f1da2614000-7f1da2618000 r-xp 00000000 08:01 18612475                   /usr/lib/jvm/java-6-openjdk/jre/lib/amd64/libdt_socket.so
7f1da2618000-7f1da2817000 ---p 00004000 08:01 18612475                   /usr/lib/jvm/java-6-openjdk/jre/lib/amd64/libdt_socket.so
7f1da2817000-7f1da2818000 r--p 00003000 08:01 18612475                   /usr/lib/jvm/java-6-openjdk/jre/lib/amd64/libdt_socket.so
7f1da2818000-7f1da2819000 rw-p 00004000 08:01 18612475                   /usr/lib/jvm/java-6-openjdk/jre/lib/amd64/libdt_socket.so
7f1da2819000-7f1da281c000 ---p 00000000 00:00 0 
7f1da281c000-7f1da291a000 rw-p 00000000 00:00 0 
7f1da291a000-7f1da291d000 ---p 00000000 00:00 0 
7f1da291d000-7f1da2a1b000 rw-p 00000000 00:00 0 
7f1da2a1b000-7f1da2a1e000 ---p 00000000 00:00 0 
7f1da2a1e000-7f1da2b1c000 rw-p 00000000 00:00 0 
7f1da2b1c000-7f1da2b1d000 ---p 00000000 00:00 0 
7f1da2b1d000-7f1da3559000 rw-p 00000000 00:00 0 
7f1da3559000-7f1da36eb000 r--s 03916000 08:01 18612322                   /usr/lib/jvm/java-6-openjdk/jre/lib/rt.jar
7f1da36eb000-7f1da36ec000 ---p 00000000 00:00 0 
7f1da36ec000-7f1da37ec000 rw-p 00000000 00:00 0 
7f1da37ec000-7f1da37ed000 ---p 00000000 00:00 0 
7f1da37ed000-7f1da38ed000 rw-p 00000000 00:00 0 
7f1da38ed000-7f1da38ee000 ---p 00000000 00:00 0 
7f1da38ee000-7f1da39ee000 rw-p 00000000 00:00 0 
7f1da39ee000-7f1da39ef000 ---p 00000000 00:00 0 
7f1da39ef000-7f1da3aef000 rw-p 00000000 00:00 0 
7f1da3aef000-7f1da3af0000 ---p 00000000 00:00 0 
7f1da3af0000-7f1da3bf0000 rw-p 00000000 00:00 0 
7f1da3bf0000-7f1da3bf1000 ---p 00000000 00:00 0 
7f1da3bf1000-7f1da3cf1000 rw-p 00000000 00:00 0 
7f1da3cf1000-7f1da3cf2000 ---p 00000000 00:00 0 
7f1da3cf2000-7f1da3df2000 rw-p 00000000 00:00 0 
7f1da3df2000-7f1da3df3000 ---p 00000000 00:00 0 
7f1da3df3000-7f1da3f08000 rw-p 00000000 00:00 0 
7f1da3f08000-7f1da403d000 rw-p 00000000 00:00 0 
7f1da403d000-7f1da4054000 rw-p 00000000 00:00 0 
7f1da4054000-7f1da4091000 rw-p 00000000 00:00 0 
7f1da4091000-7f1da40a6000 rw-p 00000000 00:00 0 
7f1da40a6000-7f1da41da000 rw-p 00000000 00:00 0 
7f1da41da000-7f1da425d000 rw-p 00000000 00:00 0 
7f1da425d000-7f1da427f000 rw-p 00000000 00:00 0 
7f1da427f000-7f1da6fa0000 rw-p 00000000 00:00 0 
7f1da6fa0000-7f1daea80000 rw-p 00000000 00:00 0 
7f1daea80000-7f1db13b0000 rw-p 00000000 00:00 0 
7f1db13b0000-7f1dd7d30000 rw-p 00000000 00:00 0 
7f1dd7d30000-7f1de81f0000 rw-p 00000000 00:00 0 
7f1de81f0000-7f1dec680000 rw-p 00000000 00:00 0 
7f1dec680000-7f1dec682000 r--s 00001000 08:01 22941633                   /home/d3orn/play-1.0.3.2/framework/lib/slf4j-log4j12-1.5.0.jar
7f1dec682000-7f1dec68d000 r--s 0008a000 08:01 22941589                   /home/d3orn/play-1.0.3.2/framework/lib/c3p0-0.9.1.jar
7f1dec68d000-7f1dec6a0000 rw-p 00000000 00:00 0 
7f1dec6a0000-7f1dec74d000 rw-p 00000000 00:00 0 
7f1dec74d000-7f1decbed000 rwxp 00000000 00:00 0 
7f1decbed000-7f1def74d000 rw-p 00000000 00:00 0 
7f1def74d000-7f1def754000 r-xp 00000000 08:01 18613958                   /usr/lib/jvm/java-6-openjdk/jre/lib/amd64/libzip.so
7f1def754000-7f1def953000 ---p 00007000 08:01 18613958                   /usr/lib/jvm/java-6-openjdk/jre/lib/amd64/libzip.so
7f1def953000-7f1def954000 r--p 00006000 08:01 18613958                   /usr/lib/jvm/java-6-openjdk/jre/lib/amd64/libzip.so
7f1def954000-7f1def955000 rw-p 00007000 08:01 18613958                   /usr/lib/jvm/java-6-openjdk/jre/lib/amd64/libzip.so
7f1def955000-7f1def961000 r-xp 00000000 08:01 29622883                   /lib/libnss_files-2.11.1.so
7f1def961000-7f1defb60000 ---p 0000c000 08:01 29622883                   /lib/libnss_files-2.11.1.so
7f1defb60000-7f1defb61000 r--p 0000b000 08:01 29622883                   /lib/libnss_files-2.11.1.so
7f1defb61000-7f1defb62000 rw-p 0000c000 08:01 29622883                   /lib/libnss_files-2.11.1.so
7f1defb62000-7f1defb6c000 r-xp 00000000 08:01 29622873                   /lib/libnss_nis-2.11.1.so
7f1defb6c000-7f1defd6b000 ---p 0000a000 08:01 29622873                   /lib/libnss_nis-2.11.1.so
7f1defd6b000-7f1defd6c000 r--p 00009000 08:01 29622873                   /lib/libnss_nis-2.11.1.so
7f1defd6c000-7f1defd6d000 rw-p 0000a000 08:01 29622873                   /lib/libnss_nis-2.11.1.so
7f1defd6d000-7f1defd75000 r-xp 00000000 08:01 29622872                   /lib/libnss_compat-2.11.1.so
7f1defd75000-7f1deff74000 ---p 00008000 08:01 29622872                   /lib/libnss_compat-2.11.1.so
7f1deff74000-7f1deff75000 r--p 00007000 08:01 29622872                   /lib/libnss_compat-2.11.1.so
7f1deff75000-7f1deff76000 rw-p 00008000 08:01 29622872                   /lib/libnss_compat-2.11.1.so
7f1deff76000-7f1df0094000 r--p 00000000 08:01 18095795                   /usr/lib/locale/en_US.utf8/LC_COLLATE
7f1df0094000-7f1df0097000 r-xp 00000000 08:01 18613953                   /usr/lib/jvm/java-6-openjdk/jre/lib/amd64/libnpt.so
7f1df0097000-7f1df0296000 ---p 00003000 08:01 18613953                   /usr/lib/jvm/java-6-openjdk/jre/lib/amd64/libnpt.so
7f1df0296000-7f1df0297000 r--p 00002000 08:01 18613953                   /usr/lib/jvm/java-6-openjdk/jre/lib/amd64/libnpt.so
7f1df0297000-7f1df0298000 rw-p 00003000 08:01 18613953                   /usr/lib/jvm/java-6-openjdk/jre/lib/amd64/libnpt.so
7f1df0298000-7f1df02a1000 r-xp 00000000 08:01 18612584                   /usr/lib/jvm/java-6-openjdk/jre/lib/amd64/libinstrument.so
7f1df02a1000-7f1df04a1000 ---p 00009000 08:01 18612584                   /usr/lib/jvm/java-6-openjdk/jre/lib/amd64/libinstrument.so
7f1df04a1000-7f1df04a2000 r--p 00009000 08:01 18612584                   /usr/lib/jvm/java-6-openjdk/jre/lib/amd64/libinstrument.so
7f1df04a2000-7f1df04a3000 rw-p 0000a000 08:01 18612584                   /usr/lib/jvm/java-6-openjdk/jre/lib/amd64/libinstrument.so
7f1df04a3000-7f1df04dc000 r-xp 00000000 08:01 18613498                   /usr/lib/jvm/java-6-openjdk/jre/lib/amd64/libjdwp.so
7f1df04dc000-7f1df06db000 ---p 00039000 08:01 18613498                   /usr/lib/jvm/java-6-openjdk/jre/lib/amd64/libjdwp.so
7f1df06db000-7f1df06dc000 r--p 00038000 08:01 18613498                   /usr/lib/jvm/java-6-openjdk/jre/lib/amd64/libjdwp.so
7f1df06dc000-7f1df06dd000 rw-p 00039000 08:01 18613498                   /usr/lib/jvm/java-6-openjdk/jre/lib/amd64/libjdwp.so
7f1df06dd000-7f1df06e5000 r-xp 00000000 08:01 18613959                   /usr/lib/jvm/java-6-openjdk/jre/lib/amd64/native_threads/libhpi.so
7f1df06e5000-7f1df08e4000 ---p 00008000 08:01 18613959                   /usr/lib/jvm/java-6-openjdk/jre/lib/amd64/native_threads/libhpi.so
7f1df08e4000-7f1df08e5000 r--p 00007000 08:01 18613959                   /usr/lib/jvm/java-6-openjdk/jre/lib/amd64/native_threads/libhpi.so
7f1df08e5000-7f1df08e6000 rw-p 00008000 08:01 18613959                   /usr/lib/jvm/java-6-openjdk/jre/lib/amd64/native_threads/libhpi.so
7f1df08e6000-7f1df08fd000 r-xp 00000000 08:01 29622442                   /lib/libnsl-2.11.1.so
7f1df08fd000-7f1df0afc000 ---p 00017000 08:01 29622442                   /lib/libnsl-2.11.1.so
7f1df0afc000-7f1df0afd000 r--p 00016000 08:01 29622442                   /lib/libnsl-2.11.1.so
7f1df0afd000-7f1df0afe000 rw-p 00017000 08:01 29622442                   /lib/libnsl-2.11.1.so
7f1df0afe000-7f1df0b00000 rw-p 00000000 00:00 0 
7f1df0b00000-7f1df0b2d000 r-xp 00000000 08:01 18613494                   /usr/lib/jvm/java-6-openjdk/jre/lib/amd64/libjava.so
7f1df0b2d000-7f1df0d2c000 ---p 0002d000 08:01 18613494                   /usr/lib/jvm/java-6-openjdk/jre/lib/amd64/libjava.so
7f1df0d2c000-7f1df0d2d000 r--p 0002c000 08:01 18613494                   /usr/lib/jvm/java-6-openjdk/jre/lib/amd64/libjava.so
7f1df0d2d000-7f1df0d30000 rw-p 0002d000 08:01 18613494                   /usr/lib/jvm/java-6-openjdk/jre/lib/amd64/libjava.so
7f1df0d30000-7f1df0d3f000 r-xp 00000000 08:01 18613957                   /usr/lib/jvm/java-6-openjdk/jre/lib/amd64/libverify.so
7f1df0d3f000-7f1df0f3e000 ---p 0000f000 08:01 18613957                   /usr/lib/jvm/java-6-openjdk/jre/lib/amd64/libverify.so
7f1df0f3e000-7f1df0f40000 r--p 0000e000 08:01 18613957                   /usr/lib/jvm/java-6-openjdk/jre/lib/amd64/libverify.so
7f1df0f40000-7f1df0f41000 rw-p 00010000 08:01 18613957                   /usr/lib/jvm/java-6-openjdk/jre/lib/amd64/libverify.so
7f1df0f41000-7f1df0f48000 r-xp 00000000 08:01 29622868                   /lib/librt-2.11.1.so
7f1df0f48000-7f1df1147000 ---p 00007000 08:01 29622868                   /lib/librt-2.11.1.so
7f1df1147000-7f1df1148000 r--p 00006000 08:01 29622868                   /lib/librt-2.11.1.so
7f1df1148000-7f1df1149000 rw-p 00007000 08:01 29622868                   /lib/librt-2.11.1.so
7f1df1149000-7f1df11cb000 r-xp 00000000 08:01 29622432                   /lib/libm-2.11.1.so
7f1df11cb000-7f1df13ca000 ---p 00082000 08:01 29622432                   /lib/libm-2.11.1.so
7f1df13ca000-7f1df13cb000 r--p 00081000 08:01 29622432                   /lib/libm-2.11.1.so
7f1df13cb000-7f1df13cc000 rw-p 00082000 08:01 29622432                   /lib/libm-2.11.1.so
7f1df13cc000-7f1df1be7000 r-xp 00000000 08:01 18613961                   /usr/lib/jvm/java-6-openjdk/jre/lib/amd64/server/libjvm.so
7f1df1be7000-7f1df1de6000 ---p 0081b000 08:01 18613961                   /usr/lib/jvm/java-6-openjdk/jre/lib/amd64/server/libjvm.so
7f1df1de6000-7f1df1e5a000 r--p 0081a000 08:01 18613961                   /usr/lib/jvm/java-6-openjdk/jre/lib/amd64/server/libjvm.so
7f1df1e5a000-7f1df1e74000 rw-p 0088e000 08:01 18613961                   /usr/lib/jvm/java-6-openjdk/jre/lib/amd64/server/libjvm.so
7f1df1e74000-7f1df1ead000 rw-p 00000000 00:00 0 
7f1df1ead000-7f1df2027000 r-xp 00000000 08:01 29622880                   /lib/libc-2.11.1.so
7f1df2027000-7f1df2226000 ---p 0017a000 08:01 29622880                   /lib/libc-2.11.1.so
7f1df2226000-7f1df222a000 r--p 00179000 08:01 29622880                   /lib/libc-2.11.1.so
7f1df222a000-7f1df222b000 rw-p 0017d000 08:01 29622880                   /lib/libc-2.11.1.so
7f1df222b000-7f1df2230000 rw-p 00000000 00:00 0 
7f1df2230000-7f1df2232000 r-xp 00000000 08:01 29622884                   /lib/libdl-2.11.1.so
7f1df2232000-7f1df2432000 ---p 00002000 08:01 29622884                   /lib/libdl-2.11.1.so
7f1df2432000-7f1df2433000 r--p 00002000 08:01 29622884                   /lib/libdl-2.11.1.so
7f1df2433000-7f1df2434000 rw-p 00003000 08:01 29622884                   /lib/libdl-2.11.1.so
7f1df2434000-7f1df2438000 r-xp 00000000 08:01 18612351                   /usr/lib/jvm/java-6-openjdk/jre/lib/amd64/jli/libjli.so
7f1df2438000-7f1df2637000 ---p 00004000 08:01 18612351                   /usr/lib/jvm/java-6-openjdk/jre/lib/amd64/jli/libjli.so
7f1df2637000-7f1df2638000 r--p 00003000 08:01 18612351                   /usr/lib/jvm/java-6-openjdk/jre/lib/amd64/jli/libjli.so
7f1df2638000-7f1df2639000 rw-p 00004000 08:01 18612351                   /usr/lib/jvm/java-6-openjdk/jre/lib/amd64/jli/libjli.so
7f1df2639000-7f1df2651000 r-xp 00000000 08:01 29622878                   /lib/libpthread-2.11.1.so
7f1df2651000-7f1df2850000 ---p 00018000 08:01 29622878                   /lib/libpthread-2.11.1.so
7f1df2850000-7f1df2851000 r--p 00017000 08:01 29622878                   /lib/libpthread-2.11.1.so
7f1df2851000-7f1df2852000 rw-p 00018000 08:01 29622878                   /lib/libpthread-2.11.1.so
7f1df2852000-7f1df2856000 rw-p 00000000 00:00 0 
7f1df2856000-7f1df286c000 r-xp 00000000 08:01 29622466                   /lib/libz.so.1.2.3.3
7f1df286c000-7f1df2a6b000 ---p 00016000 08:01 29622466                   /lib/libz.so.1.2.3.3
7f1df2a6b000-7f1df2a6c000 r--p 00015000 08:01 29622466                   /lib/libz.so.1.2.3.3
7f1df2a6c000-7f1df2a6d000 rw-p 00016000 08:01 29622466                   /lib/libz.so.1.2.3.3
7f1df2a6d000-7f1df2a8d000 r-xp 00000000 08:01 29622863                   /lib/ld-2.11.1.so
7f1df2a8d000-7f1df2a8e000 r--s 00015000 08:01 22941629                   /home/d3orn/play-1.0.3.2/framework/lib/play-SimpleCaptcha.jar
7f1df2a8e000-7f1df2a90000 r--s 00012000 08:01 22941622                   /home/d3orn/play-1.0.3.2/framework/lib/lucene-analyzers-2.3.1.jar
7f1df2a90000-7f1df2a93000 r--s 0000d000 08:01 22941609                   /home/d3orn/play-1.0.3.2/framework/lib/hibernate-validator.jar
7f1df2a93000-7f1df2a97000 r--s 0007c000 08:01 18612827                   /usr/lib/jvm/java-6-openjdk/jre/lib/jsse.jar
7f1df2a97000-7f1df2a9e000 r--s 00079000 08:01 22941635                   /home/d3orn/play-1.0.3.2/framework/play.jar
7f1df2a9e000-7f1df2aa7000 r--s 00065000 08:01 18229017                   /usr/share/java/gnome-java-bridge.jar
7f1df2aa7000-7f1df2ae6000 rw-p 00000000 00:00 0 
7f1df2ae6000-7f1df2b23000 rw-p 00000000 00:00 0 
7f1df2b23000-7f1df2b62000 r--p 00000000 08:01 18096017                   /usr/lib/locale/en_US.utf8/LC_CTYPE
7f1df2b62000-7f1df2b65000 ---p 00000000 00:00 0 
7f1df2b65000-7f1df2c68000 rw-p 00000000 00:00 0 
7f1df2c68000-7f1df2c69000 r--s 00000000 08:01 2892747                    /var/cache/fontconfig/4794a0821666d79190d59a36cb4f44b5-le64.cache-3
7f1df2c69000-7f1df2c6b000 r--s 0000d000 08:01 22941598                   /home/d3orn/play-1.0.3.2/framework/lib/commons-logging-1.1.1.jar
7f1df2c6b000-7f1df2c6c000 rw-p 00000000 00:00 0 
7f1df2c6c000-7f1df2c6f000 r--s 0000f000 08:01 18612809                   /usr/lib/jvm/java-6-openjdk/jre/lib/ext/pulse-java.jar
7f1df2c6f000-7f1df2c77000 rw-s 00000000 08:01 15728895                   /tmp/hsperfdata_d3orn/11040
7f1df2c77000-7f1df2c78000 r--p 00000000 08:01 18096139                   /usr/lib/locale/en_US.utf8/LC_NUMERIC
7f1df2c78000-7f1df2c79000 r--p 00000000 08:01 18098299                   /usr/lib/locale/en_US.utf8/LC_TIME
7f1df2c79000-7f1df2c7a000 r--p 00000000 08:01 18098300                   /usr/lib/locale/en_US.utf8/LC_MONETARY
7f1df2c7a000-7f1df2c7b000 r--p 00000000 08:01 18098301                   /usr/lib/locale/en_US.utf8/LC_MESSAGES/SYS_LC_MESSAGES
7f1df2c7b000-7f1df2c7c000 r--p 00000000 08:01 18095789                   /usr/lib/locale/en_US.utf8/LC_PAPER
7f1df2c7c000-7f1df2c7d000 r--p 00000000 08:01 18095709                   /usr/lib/locale/en_US.utf8/LC_NAME
7f1df2c7d000-7f1df2c7e000 r--p 00000000 08:01 18098302                   /usr/lib/locale/en_US.utf8/LC_ADDRESS
7f1df2c7e000-7f1df2c7f000 r--p 00000000 08:01 18098303                   /usr/lib/locale/en_US.utf8/LC_TELEPHONE
7f1df2c7f000-7f1df2c80000 r--p 00000000 08:01 18096071                   /usr/lib/locale/en_US.utf8/LC_MEASUREMENT
7f1df2c80000-7f1df2c87000 r--s 00000000 08:01 18093123                   /usr/lib/gconv/gconv-modules.cache
7f1df2c87000-7f1df2c88000 r--p 00000000 08:01 18098304                   /usr/lib/locale/en_US.utf8/LC_IDENTIFICATION
7f1df2c88000-7f1df2c89000 rw-p 00000000 00:00 0 
7f1df2c89000-7f1df2c8a000 r--p 00000000 00:00 0 
7f1df2c8a000-7f1df2c8c000 rw-p 00000000 00:00 0 
7f1df2c8c000-7f1df2c8d000 r--p 0001f000 08:01 29622863                   /lib/ld-2.11.1.so
7f1df2c8d000-7f1df2c8e000 rw-p 00020000 08:01 29622863                   /lib/ld-2.11.1.so
7f1df2c8e000-7f1df2c8f000 rw-p 00000000 00:00 0 
7fffe195a000-7fffe1970000 rw-p 00000000 00:00 0                          [stack]
7fffe19ff000-7fffe1a00000 r-xp 00000000 00:00 0                          [vdso]
ffffffffff600000-ffffffffff601000 r-xp 00000000 00:00 0                  [vsyscall]

VM Arguments:
jvm_args: -javaagent:/home/d3orn/play-1.0.3.2/framework/play.jar -Dplay.debug=yes -Xrunjdwp:transport=dt_socket,address=8000,server=y,suspend=n -Xdebug -Dapplication.path=/home/d3orn/ese2010-team4/qa -Dplay.id= 
java_command: play.server.Server
Launcher Type: SUN_STANDARD

Environment Variables:
PATH=/usr/local/sbin:/usr/local/bin:/usr/sbin:/usr/bin:/sbin:/bin:/usr/games
USERNAME=d3orn
LD_LIBRARY_PATH=/usr/lib/jvm/java-6-openjdk/jre/lib/amd64/server:/usr/lib/jvm/java-6-openjdk/jre/lib/amd64:/usr/lib/jvm/java-6-openjdk/jre/../lib/amd64
SHELL=/bin/bash
DISPLAY=:0.0

Signal Handlers:
SIGSEGV: [libjvm.so+0x6c2030], sa_mask[0]=0x7ffbfeff, sa_flags=0x10000004
SIGBUS: [libjvm.so+0x6c2030], sa_mask[0]=0x7ffbfeff, sa_flags=0x10000004
SIGFPE: [libjvm.so+0x58ca90], sa_mask[0]=0x7ffbfeff, sa_flags=0x10000004
SIGPIPE: [libjvm.so+0x58ca90], sa_mask[0]=0x7ffbfeff, sa_flags=0x10000004
SIGXFSZ: [libjvm.so+0x58ca90], sa_mask[0]=0x7ffbfeff, sa_flags=0x10000004
SIGILL: [libjvm.so+0x58ca90], sa_mask[0]=0x7ffbfeff, sa_flags=0x10000004
SIGUSR1: SIG_DFL, sa_mask[0]=0x00000000, sa_flags=0x00000000
SIGUSR2: [libjvm.so+0x58c1e0], sa_mask[0]=0x00000000, sa_flags=0x10000004
SIGHUP: [libjvm.so+0x58e8d0], sa_mask[0]=0x7ffbfeff, sa_flags=0x10000004
SIGINT: [libjvm.so+0x58e8d0], sa_mask[0]=0x7ffbfeff, sa_flags=0x10000004
SIGTERM: [libjvm.so+0x58e8d0], sa_mask[0]=0x7ffbfeff, sa_flags=0x10000004
SIGQUIT: [libjvm.so+0x58e8d0], sa_mask[0]=0x7ffbfeff, sa_flags=0x10000004


---------------  S Y S T E M  ---------------

OS:Ubuntu 10.04 (lucid)
uname:Linux 2.6.32-25-generic #45-Ubuntu SMP Sat Oct 16 19:52:42 UTC 2010 x86_64
libc:glibc 2.11.1 NPTL 2.11.1 
rlimit: STACK 8192k, CORE 0k, NPROC infinity, NOFILE 1024, AS infinity
load average:1.61 1.54 1.51

CPU:total 8 (8 cores per cpu, 2 threads per core) family 6 model 30 stepping 5, cmov, cx8, fxsr, mmx, sse, sse2, sse3, ssse3, sse4.1, sse4.2, popcnt, ht

Memory: 4k page, physical 4046404k(78140k free), swap 11852792k(11822928k free)

vm_info: OpenJDK 64-Bit Server VM (16.0-b13) for linux-amd64 JRE (1.6.0_18-b18), built on Oct 25 2010 18:07:10 by "buildd" with gcc 4.4.3

time: Thu Dec  2 12:34:22 2010
elapsed time: 416 seconds

