2010/12/22 08:39:00 INFO  - jmeter.util.JMeterUtils: Setting Locale to de_CH 
2010/12/22 08:39:00 WARN  - jmeter.util.JMeterUtils: Could not find resources for 'de_CH', using 'de' 
2010/12/22 08:39:00 INFO  - jmeter.JMeter: Copyright (c) 1998-2009 The Apache Software Foundation 
2010/12/22 08:39:00 INFO  - jmeter.JMeter: Version 2.3.4 
2010/12/22 08:39:00 INFO  - jmeter.JMeter: java.version=1.6.0_22 
2010/12/22 08:39:00 INFO  - jmeter.JMeter: java.vm.name=Java HotSpot(TM) 64-Bit Server VM 
2010/12/22 08:39:00 INFO  - jmeter.JMeter: os.name=Linux 
2010/12/22 08:39:00 INFO  - jmeter.JMeter: os.arch=amd64 
2010/12/22 08:39:00 INFO  - jmeter.JMeter: os.version=2.6.32-26-generic 
2010/12/22 08:39:00 INFO  - jmeter.JMeter: file.encoding=UTF-8 
2010/12/22 08:39:00 INFO  - jmeter.JMeter: Default Locale=Deutsch (Schweiz) 
2010/12/22 08:39:00 INFO  - jmeter.JMeter: JMeter  Locale=Deutsch (Schweiz) 
2010/12/22 08:39:00 INFO  - jmeter.JMeter: JMeterHome=/usr/share/jmeter 
2010/12/22 08:39:00 INFO  - jmeter.JMeter: user.dir  =/home/juerg/workspaces/ese2010-team4 
2010/12/22 08:39:00 INFO  - jmeter.JMeter: PWD       =/home/juerg/workspaces/ese2010-team4 
2010/12/22 08:39:00 INFO  - jmeter.JMeter: IP: 127.0.1.1 Name: Caligula FullName: Caligula 
2010/12/22 08:39:00 INFO  - jmeter.JMeter: Loaded icon properties from org/apache/jmeter/images/icon.properties 
2010/12/22 08:39:02 INFO  - jmeter.util.BSFTestElement: Registering JMeter version of JavaScript engine as work-round for BSF-22 
2010/12/22 08:39:03 INFO  - jmeter.protocol.http.sampler.HTTPSamplerBase: No response parsers defined: text/html only will be scanned for embedded resources 
2010/12/22 08:39:03 INFO  - jmeter.protocol.http.sampler.HTTPSampler: Maximum connection retries = 10 
2010/12/22 08:39:03 INFO  - jmeter.protocol.http.sampler.HTTPSampler: Connection and read timeouts are available on this JVM 
2010/12/22 08:39:04 INFO  - jmeter.samplers.SampleResult: Note: Sample TimeStamps are END times 
2010/12/22 08:39:04 INFO  - jmeter.samplers.SampleResult: sampleresult.default.encoding is set to ISO-8859-1 
2010/12/22 08:41:11 INFO  - jmeter.services.FileServer: Default base=/home/juerg/workspaces/ese2010-team4 
2010/12/22 08:41:11 INFO  - jmeter.gui.action.Load: Loading file: /home/juerg/Dokumente/testplan.jmx 
2010/12/22 08:41:11 INFO  - jmeter.services.FileServer: Set new base=/home/juerg/Dokumente 
2010/12/22 08:41:12 INFO  - jmeter.save.SaveService: Testplan (JMX) version: 2.2. Testlog (JTL) version: 2.2 
2010/12/22 08:41:12 INFO  - jmeter.save.SaveService: Using SaveService properties file encoding UTF-8 
2010/12/22 08:41:12 INFO  - jmeter.save.SaveService: Using SaveService properties file version 697317 
2010/12/22 08:41:12 INFO  - jmeter.save.SaveService: Using SaveService properties version 2.1 
2010/12/22 08:41:12 INFO  - jmeter.save.SaveService: All converter versions present and correct 
2010/12/22 08:41:12 INFO  - jmeter.services.FileServer: Set new base=/home/juerg/Dokumente 
2010/12/22 08:41:26 INFO  - jmeter.engine.StandardJMeterEngine: Listeners will be started after enabling running version 
2010/12/22 08:41:26 INFO  - jmeter.engine.StandardJMeterEngine: To revert to the earlier behaviour, define jmeterengine.startlistenerslater=false 
2010/12/22 08:41:26 INFO  - jmeter.engine.StandardJMeterEngine: Running the test! 
2010/12/22 08:41:26 INFO  - jmeter.gui.util.JMeterMenuBar: setRunning(true,*local*) 
2010/12/22 08:41:26 INFO  - jmeter.engine.StandardJMeterEngine: Starting 20 threads for group First Scenario. Ramp up = 1. 
2010/12/22 08:41:26 INFO  - jmeter.engine.StandardJMeterEngine: Thread will continue on error 
2010/12/22 08:41:26 INFO  - jmeter.threads.JMeterThread: jmeterthread.startearlier=true (see jmeter.properties) 
2010/12/22 08:41:26 INFO  - jmeter.threads.JMeterThread: Running PostProcessors in forward order 
2010/12/22 08:41:26 INFO  - jmeter.threads.JMeterThread: Thread started: First Scenario 1-1 
2010/12/22 08:41:26 INFO  - jmeter.engine.StandardJMeterEngine: Starting 20 threads for group Second Scenario. Ramp up = 1. 
2010/12/22 08:41:26 INFO  - jmeter.engine.StandardJMeterEngine: Thread will continue on error 
2010/12/22 08:41:26 INFO  - jmeter.threads.JMeterThread: Thread started: Second Scenario 2-1 
2010/12/22 08:41:26 INFO  - jmeter.threads.JMeterThread: Thread started: First Scenario 1-2 
2010/12/22 08:41:26 INFO  - jmeter.engine.StandardJMeterEngine: All threads have been started 
2010/12/22 08:41:26 INFO  - jmeter.threads.JMeterThread: Thread started: Second Scenario 2-2 
2010/12/22 08:41:26 INFO  - jmeter.threads.JMeterThread: Thread started: First Scenario 1-3 
2010/12/22 08:41:26 INFO  - jmeter.threads.JMeterThread: Thread started: Second Scenario 2-3 
2010/12/22 08:41:26 INFO  - jmeter.threads.JMeterThread: Thread started: First Scenario 1-4 
2010/12/22 08:41:26 INFO  - jmeter.threads.JMeterThread: Thread started: Second Scenario 2-4 
2010/12/22 08:41:26 INFO  - jmeter.threads.JMeterThread: Thread started: First Scenario 1-5 
2010/12/22 08:41:27 INFO  - jmeter.threads.JMeterThread: Thread started: First Scenario 1-6 
2010/12/22 08:41:27 INFO  - jmeter.threads.JMeterThread: Thread started: Second Scenario 2-5 
2010/12/22 08:41:27 INFO  - jmeter.threads.JMeterThread: Thread started: Second Scenario 2-6 
2010/12/22 08:41:27 INFO  - jmeter.threads.JMeterThread: Thread started: First Scenario 1-7 
2010/12/22 08:41:27 INFO  - jmeter.threads.JMeterThread: Thread started: Second Scenario 2-7 
2010/12/22 08:41:27 INFO  - jmeter.threads.JMeterThread: Thread started: First Scenario 1-8 
2010/12/22 08:41:27 INFO  - jmeter.threads.JMeterThread: Thread started: Second Scenario 2-8 
2010/12/22 08:41:27 INFO  - jmeter.threads.JMeterThread: Thread started: First Scenario 1-9 
2010/12/22 08:41:27 INFO  - jmeter.threads.JMeterThread: Thread started: Second Scenario 2-9 
2010/12/22 08:41:27 INFO  - jmeter.threads.JMeterThread: Thread started: First Scenario 1-10 
2010/12/22 08:41:27 INFO  - jmeter.threads.JMeterThread: Thread started: Second Scenario 2-10 
2010/12/22 08:41:27 INFO  - jmeter.threads.JMeterThread: Thread started: First Scenario 1-11 
2010/12/22 08:41:27 INFO  - jmeter.threads.JMeterThread: Thread started: Second Scenario 2-11 
2010/12/22 08:41:27 INFO  - jmeter.threads.JMeterThread: Thread started: First Scenario 1-12 
2010/12/22 08:41:27 INFO  - jmeter.threads.JMeterThread: Thread started: Second Scenario 2-12 
2010/12/22 08:41:27 INFO  - jmeter.threads.JMeterThread: Thread started: First Scenario 1-13 
2010/12/22 08:41:27 INFO  - jmeter.threads.JMeterThread: Thread started: Second Scenario 2-13 
2010/12/22 08:41:27 INFO  - jmeter.threads.JMeterThread: Thread started: First Scenario 1-14 
2010/12/22 08:41:27 INFO  - jmeter.threads.JMeterThread: Thread started: Second Scenario 2-14 
2010/12/22 08:41:27 INFO  - jmeter.threads.JMeterThread: Thread started: First Scenario 1-15 
2010/12/22 08:41:27 INFO  - jmeter.threads.JMeterThread: Thread started: Second Scenario 2-15 
2010/12/22 08:41:27 INFO  - jmeter.threads.JMeterThread: Thread started: First Scenario 1-16 
2010/12/22 08:41:27 INFO  - jmeter.threads.JMeterThread: Thread started: Second Scenario 2-16 
2010/12/22 08:41:27 INFO  - jmeter.threads.JMeterThread: Thread started: First Scenario 1-17 
2010/12/22 08:41:27 INFO  - jmeter.threads.JMeterThread: Thread started: Second Scenario 2-17 
2010/12/22 08:41:27 INFO  - jmeter.threads.JMeterThread: Thread started: First Scenario 1-18 
2010/12/22 08:41:27 INFO  - jmeter.threads.JMeterThread: Thread started: Second Scenario 2-18 
2010/12/22 08:41:27 INFO  - jmeter.threads.JMeterThread: Thread started: First Scenario 1-19 
2010/12/22 08:41:27 INFO  - jmeter.threads.JMeterThread: Thread started: Second Scenario 2-19 
2010/12/22 08:41:27 INFO  - jmeter.threads.JMeterThread: Thread started: First Scenario 1-20 
2010/12/22 08:41:27 INFO  - jmeter.threads.JMeterThread: Thread started: Second Scenario 2-20 
2010/12/22 08:42:09 INFO  - jmeter.threads.JMeterThread: Thread finished: Second Scenario 2-1 
2010/12/22 08:42:09 INFO  - jmeter.engine.StandardJMeterEngine: Ending thread Second Scenario 2-1 
2010/12/22 08:42:09 INFO  - jmeter.threads.JMeterThread: Thread finished: Second Scenario 2-2 
2010/12/22 08:42:09 INFO  - jmeter.engine.StandardJMeterEngine: Ending thread Second Scenario 2-2 
2010/12/22 08:42:15 INFO  - jmeter.threads.JMeterThread: Thread finished: Second Scenario 2-3 
2010/12/22 08:42:15 INFO  - jmeter.engine.StandardJMeterEngine: Ending thread Second Scenario 2-3 
2010/12/22 08:42:17 INFO  - jmeter.threads.JMeterThread: Thread finished: Second Scenario 2-4 
2010/12/22 08:42:17 INFO  - jmeter.engine.StandardJMeterEngine: Ending thread Second Scenario 2-4 
2010/12/22 08:42:17 INFO  - jmeter.threads.JMeterThread: Thread finished: Second Scenario 2-5 
2010/12/22 08:42:17 INFO  - jmeter.engine.StandardJMeterEngine: Ending thread Second Scenario 2-5 
2010/12/22 08:42:17 INFO  - jmeter.threads.JMeterThread: Thread finished: Second Scenario 2-6 
2010/12/22 08:42:17 INFO  - jmeter.engine.StandardJMeterEngine: Ending thread Second Scenario 2-6 
2010/12/22 08:42:17 INFO  - jmeter.threads.JMeterThread: Thread finished: Second Scenario 2-8 
2010/12/22 08:42:17 INFO  - jmeter.engine.StandardJMeterEngine: Ending thread Second Scenario 2-8 
2010/12/22 08:42:18 INFO  - jmeter.threads.JMeterThread: Thread finished: Second Scenario 2-9 
2010/12/22 08:42:18 INFO  - jmeter.engine.StandardJMeterEngine: Ending thread Second Scenario 2-9 
2010/12/22 08:42:18 INFO  - jmeter.threads.JMeterThread: Thread finished: Second Scenario 2-7 
2010/12/22 08:42:18 INFO  - jmeter.engine.StandardJMeterEngine: Ending thread Second Scenario 2-7 
2010/12/22 08:42:19 INFO  - jmeter.threads.JMeterThread: Thread finished: Second Scenario 2-10 
2010/12/22 08:42:19 INFO  - jmeter.engine.StandardJMeterEngine: Ending thread Second Scenario 2-10 
2010/12/22 08:42:19 INFO  - jmeter.threads.JMeterThread: Thread finished: Second Scenario 2-11 
2010/12/22 08:42:19 INFO  - jmeter.engine.StandardJMeterEngine: Ending thread Second Scenario 2-11 
2010/12/22 08:42:21 INFO  - jmeter.threads.JMeterThread: Thread finished: Second Scenario 2-12 
2010/12/22 08:42:21 INFO  - jmeter.engine.StandardJMeterEngine: Ending thread Second Scenario 2-12 
2010/12/22 08:42:23 INFO  - jmeter.threads.JMeterThread: Thread finished: Second Scenario 2-13 
2010/12/22 08:42:23 INFO  - jmeter.engine.StandardJMeterEngine: Ending thread Second Scenario 2-13 
2010/12/22 08:42:23 INFO  - jmeter.threads.JMeterThread: Thread finished: Second Scenario 2-14 
2010/12/22 08:42:23 INFO  - jmeter.engine.StandardJMeterEngine: Ending thread Second Scenario 2-14 
2010/12/22 08:42:23 INFO  - jmeter.threads.JMeterThread: Thread finished: Second Scenario 2-15 
2010/12/22 08:42:23 INFO  - jmeter.engine.StandardJMeterEngine: Ending thread Second Scenario 2-15 
2010/12/22 08:42:26 INFO  - jmeter.threads.JMeterThread: Thread finished: Second Scenario 2-16 
2010/12/22 08:42:26 INFO  - jmeter.engine.StandardJMeterEngine: Ending thread Second Scenario 2-16 
2010/12/22 08:42:26 INFO  - jmeter.threads.JMeterThread: Thread finished: Second Scenario 2-17 
2010/12/22 08:42:26 INFO  - jmeter.engine.StandardJMeterEngine: Ending thread Second Scenario 2-17 
2010/12/22 08:42:26 INFO  - jmeter.threads.JMeterThread: Thread finished: Second Scenario 2-18 
2010/12/22 08:42:26 INFO  - jmeter.engine.StandardJMeterEngine: Ending thread Second Scenario 2-18 
2010/12/22 08:42:26 INFO  - jmeter.threads.JMeterThread: Thread finished: Second Scenario 2-19 
2010/12/22 08:42:26 INFO  - jmeter.engine.StandardJMeterEngine: Ending thread Second Scenario 2-19 
2010/12/22 08:42:26 INFO  - jmeter.threads.JMeterThread: Thread finished: Second Scenario 2-20 
2010/12/22 08:42:26 INFO  - jmeter.engine.StandardJMeterEngine: Ending thread Second Scenario 2-20 
2010/12/22 08:47:45 INFO  - jmeter.gui.action.Start: Stopping test 
2010/12/22 08:47:45 INFO  - jmeter.threads.JMeterThread: Stopping: First Scenario 1-3 
2010/12/22 08:47:45 WARN  - jmeter.threads.JMeterThread: The delay timer was interrupted - probably did not wait as long as intended. 
2010/12/22 08:47:45 INFO  - jmeter.threads.JMeterThread: Stopping: First Scenario 1-9 
2010/12/22 08:47:45 WARN  - jmeter.threads.JMeterThread: Interrupting: First Scenario 1-9 sampler: Comment 
2010/12/22 08:47:45 ERROR - jmeter.protocol.http.sampler.HTTPSampler: readResponse: java.net.SocketException: Socket closed 
2010/12/22 08:47:45 ERROR - jmeter.protocol.http.sampler.HTTPSampler: Cause: java.net.SocketException: Socket closed 
2010/12/22 08:47:45 INFO  - jmeter.threads.JMeterThread: Thread finished: First Scenario 1-9 
2010/12/22 08:47:45 INFO  - jmeter.engine.StandardJMeterEngine: Ending thread First Scenario 1-9 
2010/12/22 08:47:45 INFO  - jmeter.threads.JMeterThread: Stopping: First Scenario 1-19 
2010/12/22 08:47:45 WARN  - jmeter.threads.JMeterThread: Interrupting: First Scenario 1-19 sampler: Comment 
2010/12/22 08:47:45 INFO  - jmeter.threads.JMeterThread: Stopping: First Scenario 1-17 
2010/12/22 08:47:45 WARN  - jmeter.threads.JMeterThread: Interrupting: First Scenario 1-17 sampler: Comment 
2010/12/22 08:47:45 INFO  - jmeter.threads.JMeterThread: Stopping: First Scenario 1-1 
2010/12/22 08:47:45 WARN  - jmeter.threads.JMeterThread: Interrupting: First Scenario 1-1 sampler: Detail 
2010/12/22 08:47:45 INFO  - jmeter.threads.JMeterThread: Stopping: First Scenario 1-16 
2010/12/22 08:47:45 WARN  - jmeter.threads.JMeterThread: Interrupting: First Scenario 1-16 sampler: Comment 
2010/12/22 08:47:45 INFO  - jmeter.threads.JMeterThread: Stopping: First Scenario 1-11 
2010/12/22 08:47:45 WARN  - jmeter.threads.JMeterThread: Interrupting: First Scenario 1-11 sampler: Comment 
2010/12/22 08:47:45 INFO  - jmeter.threads.JMeterThread: Stopping: First Scenario 1-8 
2010/12/22 08:47:45 WARN  - jmeter.threads.JMeterThread: Interrupting: First Scenario 1-8 sampler: Login 
2010/12/22 08:47:45 INFO  - jmeter.threads.JMeterThread: Stopping: First Scenario 1-13 
2010/12/22 08:47:45 WARN  - jmeter.threads.JMeterThread: Interrupting: First Scenario 1-13 sampler: Login 
2010/12/22 08:47:45 INFO  - jmeter.threads.JMeterThread: Stopping: First Scenario 1-18 
2010/12/22 08:47:45 ERROR - jmeter.protocol.http.sampler.HTTPSampler: readResponse: java.net.SocketException: Socket closed 
2010/12/22 08:47:45 WARN  - jmeter.threads.JMeterThread: Interrupting: First Scenario 1-18 sampler: Comment 
2010/12/22 08:47:45 INFO  - jmeter.threads.JMeterThread: Stopping: First Scenario 1-2 
2010/12/22 08:47:45 ERROR - jmeter.protocol.http.sampler.HTTPSampler: Cause: java.net.SocketException: Socket closed 
2010/12/22 08:47:45 ERROR - jmeter.protocol.http.sampler.HTTPSampler: readResponse: java.net.SocketException: Socket closed 
2010/12/22 08:47:45 ERROR - jmeter.protocol.http.sampler.HTTPSampler: Cause: java.net.SocketException: Socket closed 
2010/12/22 08:47:45 ERROR - jmeter.protocol.http.sampler.HTTPSampler: readResponse: java.net.SocketException: Socket closed 
2010/12/22 08:47:45 ERROR - jmeter.protocol.http.sampler.HTTPSampler: Cause: java.net.SocketException: Socket closed 
2010/12/22 08:47:45 WARN  - jmeter.threads.JMeterThread: Interrupting: First Scenario 1-2 sampler: List questions 
2010/12/22 08:47:45 ERROR - jmeter.protocol.http.sampler.HTTPSampler: readResponse: java.net.SocketException: Socket closed 
2010/12/22 08:47:45 ERROR - jmeter.protocol.http.sampler.HTTPSampler: Cause: java.net.SocketException: Socket closed 
2010/12/22 08:47:45 INFO  - jmeter.threads.JMeterThread: Thread finished: First Scenario 1-19 
2010/12/22 08:47:45 INFO  - jmeter.threads.JMeterThread: Thread finished: First Scenario 1-8 
2010/12/22 08:47:45 ERROR - jmeter.protocol.http.sampler.HTTPSampler: readResponse: java.net.SocketException: Socket closed 
2010/12/22 08:47:45 ERROR - jmeter.protocol.http.sampler.HTTPSampler: Cause: java.net.SocketException: Socket closed 
2010/12/22 08:47:45 INFO  - jmeter.threads.JMeterThread: Thread finished: First Scenario 1-11 
2010/12/22 08:47:45 INFO  - jmeter.threads.JMeterThread: Stopping: First Scenario 1-7 
2010/12/22 08:47:45 WARN  - jmeter.threads.JMeterThread: Interrupting: First Scenario 1-7 sampler: Login 
2010/12/22 08:47:45 INFO  - jmeter.threads.JMeterThread: Stopping: First Scenario 1-20 
2010/12/22 08:47:45 WARN  - jmeter.threads.JMeterThread: Interrupting: First Scenario 1-20 sampler: Comment 
2010/12/22 08:47:45 ERROR - jmeter.protocol.http.sampler.HTTPSampler: readResponse: java.net.SocketException: Socket closed 
2010/12/22 08:47:45 ERROR - jmeter.protocol.http.sampler.HTTPSampler: Cause: java.net.SocketException: Socket closed 
2010/12/22 08:47:45 ERROR - jmeter.protocol.http.sampler.HTTPSampler: readResponse: java.net.SocketException: Socket closed 
2010/12/22 08:47:45 ERROR - jmeter.protocol.http.sampler.HTTPSampler: readResponse: java.net.SocketException: Socket closed 
2010/12/22 08:47:45 ERROR - jmeter.protocol.http.sampler.HTTPSampler: Cause: java.net.SocketException: Socket closed 
2010/12/22 08:47:45 INFO  - jmeter.threads.JMeterThread: Thread finished: First Scenario 1-16 
2010/12/22 08:47:45 INFO  - jmeter.threads.JMeterThread: Thread finished: First Scenario 1-1 
2010/12/22 08:47:45 INFO  - jmeter.threads.JMeterThread: Thread finished: First Scenario 1-17 
2010/12/22 08:47:45 ERROR - jmeter.protocol.http.sampler.HTTPSampler: Cause: java.net.SocketException: Socket closed 
2010/12/22 08:47:45 INFO  - jmeter.threads.JMeterThread: Thread finished: First Scenario 1-13 
2010/12/22 08:47:45 INFO  - jmeter.threads.JMeterThread: Stopping: First Scenario 1-6 
2010/12/22 08:47:45 WARN  - jmeter.threads.JMeterThread: Interrupting: First Scenario 1-6 sampler: Login 
2010/12/22 08:47:45 ERROR - jmeter.protocol.http.sampler.HTTPSampler: readResponse: java.net.SocketException: Socket closed 
2010/12/22 08:47:45 ERROR - jmeter.protocol.http.sampler.HTTPSampler: readResponse: java.net.SocketException: Socket closed 
2010/12/22 08:47:45 ERROR - jmeter.protocol.http.sampler.HTTPSampler: Cause: java.net.SocketException: Socket closed 
2010/12/22 08:47:45 INFO  - jmeter.threads.JMeterThread: Thread finished: First Scenario 1-18 
2010/12/22 08:47:45 ERROR - jmeter.protocol.http.sampler.HTTPSampler: readResponse: java.net.SocketException: Socket closed 
2010/12/22 08:47:45 ERROR - jmeter.protocol.http.sampler.HTTPSampler: Cause: java.net.SocketException: Socket closed 
2010/12/22 08:47:45 INFO  - jmeter.threads.JMeterThread: Stopping: First Scenario 1-12 
2010/12/22 08:47:45 WARN  - jmeter.threads.JMeterThread: Interrupting: First Scenario 1-12 sampler: Login 
2010/12/22 08:47:45 INFO  - jmeter.threads.JMeterThread: Stopping: First Scenario 1-5 
2010/12/22 08:47:45 WARN  - jmeter.threads.JMeterThread: Interrupting: First Scenario 1-5 sampler: Login 
2010/12/22 08:47:45 INFO  - jmeter.threads.JMeterThread: Thread finished: First Scenario 1-6 
2010/12/22 08:47:45 INFO  - jmeter.threads.JMeterThread: Thread finished: First Scenario 1-7 
2010/12/22 08:47:45 ERROR - jmeter.protocol.http.sampler.HTTPSampler: readResponse: java.net.SocketException: Socket closed 
2010/12/22 08:47:45 ERROR - jmeter.protocol.http.sampler.HTTPSampler: Cause: java.net.SocketException: Socket closed 
2010/12/22 08:47:45 ERROR - jmeter.protocol.http.sampler.HTTPSampler: Cause: java.net.SocketException: Socket closed 
2010/12/22 08:47:45 INFO  - jmeter.threads.JMeterThread: Thread finished: First Scenario 1-20 
2010/12/22 08:47:45 ERROR - jmeter.protocol.http.sampler.HTTPSampler: readResponse: java.net.SocketException: Socket closed 
2010/12/22 08:47:45 ERROR - jmeter.protocol.http.sampler.HTTPSampler: readResponse: java.net.SocketException: Socket closed 
2010/12/22 08:47:45 INFO  - jmeter.threads.JMeterThread: Stopping: First Scenario 1-4 
2010/12/22 08:47:45 ERROR - jmeter.protocol.http.sampler.HTTPSampler: Cause: java.net.SocketException: Socket closed 
2010/12/22 08:47:45 ERROR - jmeter.protocol.http.sampler.HTTPSampler: Cause: java.net.SocketException: Socket closed 
2010/12/22 08:47:45 INFO  - jmeter.threads.JMeterThread: Thread finished: First Scenario 1-2 
2010/12/22 08:47:45 WARN  - jmeter.threads.JMeterThread: Interrupting: First Scenario 1-4 sampler: Login 
2010/12/22 08:47:45 INFO  - jmeter.threads.JMeterThread: Thread finished: First Scenario 1-5 
2010/12/22 08:47:45 INFO  - jmeter.threads.JMeterThread: Thread finished: First Scenario 1-12 
2010/12/22 08:47:45 ERROR - jmeter.protocol.http.sampler.HTTPSampler: readResponse: java.net.SocketException: Socket closed 
2010/12/22 08:47:45 ERROR - jmeter.protocol.http.sampler.HTTPSampler: Cause: java.net.SocketException: Socket closed 
2010/12/22 08:47:45 INFO  - jmeter.threads.JMeterThread: Thread finished: First Scenario 1-4 
2010/12/22 08:47:45 INFO  - jmeter.threads.JMeterThread: Stopping: First Scenario 1-15 
2010/12/22 08:47:45 WARN  - jmeter.threads.JMeterThread: Interrupting: First Scenario 1-15 sampler: Login 
2010/12/22 08:47:45 INFO  - jmeter.threads.JMeterThread: Stopping: First Scenario 1-14 
2010/12/22 08:47:45 WARN  - jmeter.threads.JMeterThread: Interrupting: First Scenario 1-14 sampler: Login 
2010/12/22 08:47:45 INFO  - jmeter.threads.JMeterThread: Stopping: First Scenario 1-10 
2010/12/22 08:47:45 WARN  - jmeter.threads.JMeterThread: Interrupting: First Scenario 1-10 sampler: Login 
2010/12/22 08:47:45 ERROR - jmeter.protocol.http.sampler.HTTPSampler: readResponse: java.net.SocketException: Socket closed 
2010/12/22 08:47:45 ERROR - jmeter.protocol.http.sampler.HTTPSampler: Cause: java.net.SocketException: Socket closed 
2010/12/22 08:47:45 ERROR - jmeter.protocol.http.sampler.HTTPSampler: readResponse: java.net.SocketException: Socket closed 
2010/12/22 08:47:45 ERROR - jmeter.protocol.http.sampler.HTTPSampler: Cause: java.net.SocketException: Socket closed 
2010/12/22 08:47:45 INFO  - jmeter.engine.StandardJMeterEngine: Ending thread First Scenario 1-4 
2010/12/22 08:47:45 INFO  - jmeter.threads.JMeterThread: Thread finished: First Scenario 1-14 
2010/12/22 08:47:45 INFO  - jmeter.engine.StandardJMeterEngine: Ending thread First Scenario 1-14 
2010/12/22 08:47:45 INFO  - jmeter.threads.JMeterThread: Thread finished: First Scenario 1-15 
2010/12/22 08:47:45 INFO  - jmeter.engine.StandardJMeterEngine: Ending thread First Scenario 1-12 
2010/12/22 08:47:45 INFO  - jmeter.engine.StandardJMeterEngine: Ending thread First Scenario 1-5 
2010/12/22 08:47:45 INFO  - jmeter.engine.StandardJMeterEngine: Ending thread First Scenario 1-2 
2010/12/22 08:47:45 INFO  - jmeter.engine.StandardJMeterEngine: Ending thread First Scenario 1-20 
2010/12/22 08:47:45 ERROR - jmeter.protocol.http.sampler.HTTPSampler: readResponse: java.net.SocketException: Socket closed 
2010/12/22 08:47:45 INFO  - jmeter.engine.StandardJMeterEngine: Ending thread First Scenario 1-7 
2010/12/22 08:47:45 ERROR - jmeter.protocol.http.sampler.HTTPSampler: Cause: java.net.SocketException: Socket closed 
2010/12/22 08:47:45 INFO  - jmeter.engine.StandardJMeterEngine: Ending thread First Scenario 1-6 
2010/12/22 08:47:45 INFO  - jmeter.engine.StandardJMeterEngine: Ending thread First Scenario 1-18 
2010/12/22 08:47:45 INFO  - jmeter.engine.StandardJMeterEngine: Ending thread First Scenario 1-13 
2010/12/22 08:47:45 INFO  - jmeter.engine.StandardJMeterEngine: Ending thread First Scenario 1-17 
2010/12/22 08:47:45 INFO  - jmeter.engine.StandardJMeterEngine: Ending thread First Scenario 1-1 
2010/12/22 08:47:45 INFO  - jmeter.engine.StandardJMeterEngine: Ending thread First Scenario 1-16 
2010/12/22 08:47:45 INFO  - jmeter.engine.StandardJMeterEngine: Ending thread First Scenario 1-11 
2010/12/22 08:47:45 INFO  - jmeter.engine.StandardJMeterEngine: Ending thread First Scenario 1-8 
2010/12/22 08:47:45 INFO  - jmeter.engine.StandardJMeterEngine: Ending thread First Scenario 1-19 
2010/12/22 08:47:45 INFO  - jmeter.engine.StandardJMeterEngine: Ending thread First Scenario 1-15 
2010/12/22 08:47:45 INFO  - jmeter.threads.JMeterThread: Thread finished: First Scenario 1-10 
2010/12/22 08:47:45 INFO  - jmeter.engine.StandardJMeterEngine: Ending thread First Scenario 1-10 
2010/12/22 08:47:45 INFO  - jmeter.threads.JMeterThread: Thread finished: First Scenario 1-3 
2010/12/22 08:47:45 INFO  - jmeter.engine.StandardJMeterEngine: Ending thread First Scenario 1-3 
2010/12/22 08:47:45 INFO  - jmeter.engine.StandardJMeterEngine: Stopping test 
2010/12/22 08:47:45 INFO  - jmeter.engine.StandardJMeterEngine: Notifying test listeners of end of test 
2010/12/22 08:47:45 INFO  - jmeter.gui.util.JMeterMenuBar: setRunning(false,*local*) 
2010/12/22 08:47:45 INFO  - jmeter.engine.StandardJMeterEngine: Test has ended 
2010/12/22 08:48:02 INFO  - jmeter.engine.StandardJMeterEngine: Running the test! 
2010/12/22 08:48:02 INFO  - jmeter.gui.util.JMeterMenuBar: setRunning(true,*local*) 
2010/12/22 08:48:02 INFO  - jmeter.engine.StandardJMeterEngine: Starting 20 threads for group First Scenario. Ramp up = 1. 
2010/12/22 08:48:02 INFO  - jmeter.engine.StandardJMeterEngine: Thread will continue on error 
2010/12/22 08:48:02 INFO  - jmeter.threads.JMeterThread: Thread started: First Scenario 1-1 
2010/12/22 08:48:02 INFO  - jmeter.engine.StandardJMeterEngine: Starting 20 threads for group Second Scenario. Ramp up = 1. 
2010/12/22 08:48:02 INFO  - jmeter.engine.StandardJMeterEngine: Thread will continue on error 
2010/12/22 08:48:02 INFO  - jmeter.threads.JMeterThread: Thread started: Second Scenario 2-1 
2010/12/22 08:48:02 INFO  - jmeter.engine.StandardJMeterEngine: All threads have been started 
2010/12/22 08:48:02 INFO  - jmeter.threads.JMeterThread: Thread started: First Scenario 1-2 
2010/12/22 08:48:02 INFO  - jmeter.threads.JMeterThread: Thread started: Second Scenario 2-2 
2010/12/22 08:48:02 INFO  - jmeter.threads.JMeterThread: Thread started: First Scenario 1-3 
2010/12/22 08:48:02 INFO  - jmeter.threads.JMeterThread: Thread started: Second Scenario 2-3 
2010/12/22 08:48:03 INFO  - jmeter.threads.JMeterThread: Thread started: First Scenario 1-4 
2010/12/22 08:48:03 INFO  - jmeter.threads.JMeterThread: Thread started: Second Scenario 2-4 
2010/12/22 08:48:03 INFO  - jmeter.threads.JMeterThread: Thread started: First Scenario 1-5 
2010/12/22 08:48:03 INFO  - jmeter.threads.JMeterThread: Thread started: Second Scenario 2-5 
2010/12/22 08:48:03 INFO  - jmeter.threads.JMeterThread: Thread started: First Scenario 1-6 
2010/12/22 08:48:03 INFO  - jmeter.threads.JMeterThread: Thread started: Second Scenario 2-6 
2010/12/22 08:48:03 INFO  - jmeter.threads.JMeterThread: Thread started: First Scenario 1-7 
2010/12/22 08:48:03 INFO  - jmeter.threads.JMeterThread: Thread started: Second Scenario 2-7 
2010/12/22 08:48:03 INFO  - jmeter.threads.JMeterThread: Thread started: First Scenario 1-8 
2010/12/22 08:48:03 INFO  - jmeter.threads.JMeterThread: Thread started: Second Scenario 2-8 
2010/12/22 08:48:03 INFO  - jmeter.threads.JMeterThread: Thread started: First Scenario 1-9 
2010/12/22 08:48:03 INFO  - jmeter.threads.JMeterThread: Thread started: Second Scenario 2-9 
2010/12/22 08:48:03 INFO  - jmeter.threads.JMeterThread: Thread started: First Scenario 1-10 
2010/12/22 08:48:03 INFO  - jmeter.threads.JMeterThread: Thread started: Second Scenario 2-10 
2010/12/22 08:48:03 INFO  - jmeter.threads.JMeterThread: Thread started: First Scenario 1-11 
2010/12/22 08:48:03 INFO  - jmeter.threads.JMeterThread: Thread started: Second Scenario 2-11 
2010/12/22 08:48:03 INFO  - jmeter.threads.JMeterThread: Thread started: First Scenario 1-12 
2010/12/22 08:48:03 INFO  - jmeter.threads.JMeterThread: Thread started: Second Scenario 2-12 
2010/12/22 08:48:03 INFO  - jmeter.threads.JMeterThread: Thread started: First Scenario 1-13 
2010/12/22 08:48:03 INFO  - jmeter.threads.JMeterThread: Thread started: Second Scenario 2-13 
2010/12/22 08:48:03 INFO  - jmeter.threads.JMeterThread: Thread started: First Scenario 1-14 
2010/12/22 08:48:03 INFO  - jmeter.threads.JMeterThread: Thread started: Second Scenario 2-14 
2010/12/22 08:48:03 INFO  - jmeter.threads.JMeterThread: Thread started: First Scenario 1-15 
2010/12/22 08:48:03 INFO  - jmeter.threads.JMeterThread: Thread started: Second Scenario 2-15 
2010/12/22 08:48:03 INFO  - jmeter.threads.JMeterThread: Thread started: First Scenario 1-16 
2010/12/22 08:48:03 INFO  - jmeter.threads.JMeterThread: Thread started: Second Scenario 2-16 
2010/12/22 08:48:03 INFO  - jmeter.threads.JMeterThread: Thread started: First Scenario 1-17 
2010/12/22 08:48:03 INFO  - jmeter.threads.JMeterThread: Thread started: Second Scenario 2-17 
2010/12/22 08:48:03 INFO  - jmeter.threads.JMeterThread: Thread started: First Scenario 1-18 
2010/12/22 08:48:03 INFO  - jmeter.threads.JMeterThread: Thread started: Second Scenario 2-18 
2010/12/22 08:48:03 INFO  - jmeter.threads.JMeterThread: Thread started: First Scenario 1-19 
2010/12/22 08:48:03 INFO  - jmeter.threads.JMeterThread: Thread started: Second Scenario 2-19 
2010/12/22 08:48:03 INFO  - jmeter.threads.JMeterThread: Thread started: First Scenario 1-20 
2010/12/22 08:48:03 INFO  - jmeter.threads.JMeterThread: Thread started: Second Scenario 2-20 
2010/12/22 08:50:25 INFO  - jmeter.threads.JMeterThread: Thread finished: Second Scenario 2-8 
2010/12/22 08:50:25 INFO  - jmeter.engine.StandardJMeterEngine: Ending thread Second Scenario 2-8 
2010/12/22 08:50:25 INFO  - jmeter.threads.JMeterThread: Thread finished: Second Scenario 2-13 
2010/12/22 08:50:25 INFO  - jmeter.threads.JMeterThread: Thread finished: Second Scenario 2-2 
2010/12/22 08:50:25 INFO  - jmeter.threads.JMeterThread: Thread finished: Second Scenario 2-3 
2010/12/22 08:50:25 INFO  - jmeter.threads.JMeterThread: Thread finished: Second Scenario 2-14 
2010/12/22 08:50:25 INFO  - jmeter.threads.JMeterThread: Thread finished: Second Scenario 2-5 
2010/12/22 08:50:25 INFO  - jmeter.threads.JMeterThread: Thread finished: Second Scenario 2-9 
2010/12/22 08:50:25 INFO  - jmeter.threads.JMeterThread: Thread finished: Second Scenario 2-10 
2010/12/22 08:50:25 INFO  - jmeter.engine.StandardJMeterEngine: Ending thread Second Scenario 2-10 
2010/12/22 08:50:25 INFO  - jmeter.threads.JMeterThread: Thread finished: Second Scenario 2-17 
2010/12/22 08:50:25 INFO  - jmeter.engine.StandardJMeterEngine: Ending thread Second Scenario 2-17 
2010/12/22 08:50:25 INFO  - jmeter.threads.JMeterThread: Thread finished: Second Scenario 2-1 
2010/12/22 08:50:25 INFO  - jmeter.engine.StandardJMeterEngine: Ending thread Second Scenario 2-1 
2010/12/22 08:50:25 INFO  - jmeter.threads.JMeterThread: Thread finished: Second Scenario 2-4 
2010/12/22 08:50:25 INFO  - jmeter.engine.StandardJMeterEngine: Ending thread Second Scenario 2-4 
2010/12/22 08:50:25 INFO  - jmeter.threads.JMeterThread: Thread finished: Second Scenario 2-16 
2010/12/22 08:50:25 INFO  - jmeter.engine.StandardJMeterEngine: Ending thread Second Scenario 2-16 
2010/12/22 08:50:25 INFO  - jmeter.threads.JMeterThread: Thread finished: Second Scenario 2-6 
2010/12/22 08:50:25 INFO  - jmeter.engine.StandardJMeterEngine: Ending thread Second Scenario 2-6 
2010/12/22 08:50:25 INFO  - jmeter.threads.JMeterThread: Thread finished: Second Scenario 2-7 
2010/12/22 08:50:25 INFO  - jmeter.engine.StandardJMeterEngine: Ending thread Second Scenario 2-7 
2010/12/22 08:50:25 INFO  - jmeter.threads.JMeterThread: Thread finished: Second Scenario 2-12 
2010/12/22 08:50:25 INFO  - jmeter.engine.StandardJMeterEngine: Ending thread Second Scenario 2-12 
2010/12/22 08:50:25 INFO  - jmeter.engine.StandardJMeterEngine: Ending thread Second Scenario 2-13 
2010/12/22 08:50:25 INFO  - jmeter.engine.StandardJMeterEngine: Ending thread Second Scenario 2-2 
2010/12/22 08:50:25 INFO  - jmeter.engine.StandardJMeterEngine: Ending thread Second Scenario 2-3 
2010/12/22 08:50:25 INFO  - jmeter.engine.StandardJMeterEngine: Ending thread Second Scenario 2-14 
2010/12/22 08:50:25 INFO  - jmeter.threads.JMeterThread: Thread finished: Second Scenario 2-11 
2010/12/22 08:50:25 INFO  - jmeter.engine.StandardJMeterEngine: Ending thread Second Scenario 2-5 
2010/12/22 08:50:25 INFO  - jmeter.engine.StandardJMeterEngine: Ending thread Second Scenario 2-9 
2010/12/22 08:50:25 INFO  - jmeter.engine.StandardJMeterEngine: Ending thread Second Scenario 2-11 
2010/12/22 08:50:25 INFO  - jmeter.threads.JMeterThread: Thread finished: Second Scenario 2-15 
2010/12/22 08:50:25 INFO  - jmeter.engine.StandardJMeterEngine: Ending thread Second Scenario 2-15 
2010/12/22 08:50:25 INFO  - jmeter.threads.JMeterThread: Thread finished: Second Scenario 2-19 
2010/12/22 08:50:25 INFO  - jmeter.engine.StandardJMeterEngine: Ending thread Second Scenario 2-19 
2010/12/22 08:50:25 INFO  - jmeter.threads.JMeterThread: Thread finished: Second Scenario 2-18 
2010/12/22 08:50:25 INFO  - jmeter.engine.StandardJMeterEngine: Ending thread Second Scenario 2-18 
2010/12/22 08:50:25 INFO  - jmeter.threads.JMeterThread: Thread finished: Second Scenario 2-20 
2010/12/22 08:50:25 INFO  - jmeter.engine.StandardJMeterEngine: Ending thread Second Scenario 2-20 
2010/12/22 08:53:51 INFO  - jmeter.gui.action.Start: Stopping test 
2010/12/22 08:53:51 INFO  - jmeter.threads.JMeterThread: Stopping: First Scenario 1-18 
2010/12/22 08:53:51 WARN  - jmeter.threads.JMeterThread: Interrupting: First Scenario 1-18 sampler: Login 
2010/12/22 08:53:51 INFO  - jmeter.threads.JMeterThread: Stopping: First Scenario 1-11 
2010/12/22 08:53:51 WARN  - jmeter.threads.JMeterThread: Interrupting: First Scenario 1-11 sampler: Comment 
2010/12/22 08:53:51 INFO  - jmeter.threads.JMeterThread: Stopping: First Scenario 1-3 
2010/12/22 08:53:51 ERROR - jmeter.protocol.http.sampler.HTTPSampler: readResponse: java.net.SocketException: Socket closed 
2010/12/22 08:53:51 ERROR - jmeter.protocol.http.sampler.HTTPSampler: readResponse: java.net.SocketException: Socket closed 
2010/12/22 08:53:51 ERROR - jmeter.protocol.http.sampler.HTTPSampler: Cause: java.net.SocketException: Socket closed 
2010/12/22 08:53:51 ERROR - jmeter.protocol.http.sampler.HTTPSampler: Cause: java.net.SocketException: Socket closed 
2010/12/22 08:53:51 INFO  - jmeter.threads.JMeterThread: Thread finished: First Scenario 1-18 
2010/12/22 08:53:51 INFO  - jmeter.engine.StandardJMeterEngine: Ending thread First Scenario 1-18 
2010/12/22 08:53:51 INFO  - jmeter.threads.JMeterThread: Thread finished: First Scenario 1-11 
2010/12/22 08:53:51 WARN  - jmeter.threads.JMeterThread: Interrupting: First Scenario 1-3 sampler: Login 
2010/12/22 08:53:51 INFO  - jmeter.threads.JMeterThread: Stopping: First Scenario 1-10 
2010/12/22 08:53:51 ERROR - jmeter.protocol.http.sampler.HTTPSampler: readResponse: java.net.SocketException: Socket closed 
2010/12/22 08:53:51 ERROR - jmeter.protocol.http.sampler.HTTPSampler: Cause: java.net.SocketException: Socket closed 
2010/12/22 08:53:51 WARN  - jmeter.threads.JMeterThread: Interrupting: First Scenario 1-10 sampler: Login 
2010/12/22 08:53:51 INFO  - jmeter.threads.JMeterThread: Stopping: First Scenario 1-20 
2010/12/22 08:53:51 WARN  - jmeter.threads.JMeterThread: Interrupting: First Scenario 1-20 sampler: Comment 
2010/12/22 08:53:51 INFO  - jmeter.threads.JMeterThread: Stopping: First Scenario 1-12 
2010/12/22 08:53:51 ERROR - jmeter.protocol.http.sampler.HTTPSampler: readResponse: java.net.SocketException: Socket closed 
2010/12/22 08:53:51 WARN  - jmeter.threads.JMeterThread: Interrupting: First Scenario 1-12 sampler: Login 
2010/12/22 08:53:51 INFO  - jmeter.threads.JMeterThread: Stopping: First Scenario 1-16 
2010/12/22 08:53:51 WARN  - jmeter.threads.JMeterThread: Interrupting: First Scenario 1-16 sampler: Comment 
2010/12/22 08:53:51 ERROR - jmeter.protocol.http.sampler.HTTPSampler: readResponse: java.net.SocketException: Socket closed 
2010/12/22 08:53:51 ERROR - jmeter.protocol.http.sampler.HTTPSampler: Cause: java.net.SocketException: Socket closed 
2010/12/22 08:53:51 ERROR - jmeter.protocol.http.sampler.HTTPSampler: Cause: java.net.SocketException: Socket closed 
2010/12/22 08:53:51 INFO  - jmeter.threads.JMeterThread: Thread finished: First Scenario 1-3 
2010/12/22 08:53:51 INFO  - jmeter.threads.JMeterThread: Thread finished: First Scenario 1-20 
2010/12/22 08:53:51 INFO  - jmeter.threads.JMeterThread: Thread finished: First Scenario 1-10 
2010/12/22 08:53:51 ERROR - jmeter.protocol.http.sampler.HTTPSampler: readResponse: java.net.SocketException: Socket closed 
2010/12/22 08:53:51 ERROR - jmeter.protocol.http.sampler.HTTPSampler: Cause: java.net.SocketException: Socket closed 
2010/12/22 08:53:51 INFO  - jmeter.threads.JMeterThread: Stopping: First Scenario 1-14 
2010/12/22 08:53:51 WARN  - jmeter.threads.JMeterThread: Interrupting: First Scenario 1-14 sampler: Comment 
2010/12/22 08:53:51 INFO  - jmeter.threads.JMeterThread: Stopping: First Scenario 1-2 
2010/12/22 08:53:51 WARN  - jmeter.threads.JMeterThread: Interrupting: First Scenario 1-2 sampler: Login 
2010/12/22 08:53:51 INFO  - jmeter.threads.JMeterThread: Thread finished: First Scenario 1-12 
2010/12/22 08:53:51 ERROR - jmeter.protocol.http.sampler.HTTPSampler: readResponse: java.net.SocketException: Socket closed 
2010/12/22 08:53:51 ERROR - jmeter.protocol.http.sampler.HTTPSampler: readResponse: java.net.SocketException: Socket closed 
2010/12/22 08:53:51 ERROR - jmeter.protocol.http.sampler.HTTPSampler: Cause: java.net.SocketException: Socket closed 
2010/12/22 08:53:51 ERROR - jmeter.protocol.http.sampler.HTTPSampler: Cause: java.net.SocketException: Socket closed 
2010/12/22 08:53:51 INFO  - jmeter.threads.JMeterThread: Stopping: First Scenario 1-7 
2010/12/22 08:53:51 WARN  - jmeter.threads.JMeterThread: Interrupting: First Scenario 1-7 sampler: Login 
2010/12/22 08:53:51 INFO  - jmeter.threads.JMeterThread: Stopping: First Scenario 1-1 
2010/12/22 08:53:51 WARN  - jmeter.threads.JMeterThread: Interrupting: First Scenario 1-1 sampler: Login 
2010/12/22 08:53:51 ERROR - jmeter.protocol.http.sampler.HTTPSampler: readResponse: java.net.SocketException: Socket closed 
2010/12/22 08:53:51 ERROR - jmeter.protocol.http.sampler.HTTPSampler: Cause: java.net.SocketException: Socket closed 
2010/12/22 08:53:51 INFO  - jmeter.threads.JMeterThread: Thread finished: First Scenario 1-16 
2010/12/22 08:53:51 ERROR - jmeter.protocol.http.sampler.HTTPSampler: readResponse: java.net.SocketException: Socket closed 
2010/12/22 08:53:51 ERROR - jmeter.protocol.http.sampler.HTTPSampler: Cause: java.net.SocketException: Socket closed 
2010/12/22 08:53:51 INFO  - jmeter.threads.JMeterThread: Thread finished: First Scenario 1-14 
2010/12/22 08:53:51 INFO  - jmeter.threads.JMeterThread: Thread finished: First Scenario 1-2 
2010/12/22 08:53:51 INFO  - jmeter.threads.JMeterThread: Stopping: First Scenario 1-9 
2010/12/22 08:53:51 WARN  - jmeter.threads.JMeterThread: Interrupting: First Scenario 1-9 sampler: Login 
2010/12/22 08:53:51 ERROR - jmeter.protocol.http.sampler.HTTPSampler: readResponse: java.net.SocketException: Socket closed 
2010/12/22 08:53:51 ERROR - jmeter.protocol.http.sampler.HTTPSampler: Cause: java.net.SocketException: Socket closed 
2010/12/22 08:53:51 INFO  - jmeter.threads.JMeterThread: Stopping: First Scenario 1-6 
2010/12/22 08:53:51 WARN  - jmeter.threads.JMeterThread: Interrupting: First Scenario 1-6 sampler: Login 
2010/12/22 08:53:51 INFO  - jmeter.threads.JMeterThread: Thread finished: First Scenario 1-7 
2010/12/22 08:53:51 ERROR - jmeter.protocol.http.sampler.HTTPSampler: readResponse: java.net.SocketException: Socket closed 
2010/12/22 08:53:51 INFO  - jmeter.threads.JMeterThread: Stopping: First Scenario 1-4 
2010/12/22 08:53:51 ERROR - jmeter.protocol.http.sampler.HTTPSampler: readResponse: java.net.SocketException: Socket closed 
2010/12/22 08:53:51 INFO  - jmeter.threads.JMeterThread: Thread finished: First Scenario 1-1 
2010/12/22 08:53:51 WARN  - jmeter.threads.JMeterThread: Interrupting: First Scenario 1-4 sampler: Login 
2010/12/22 08:53:51 ERROR - jmeter.protocol.http.sampler.HTTPSampler: Cause: java.net.SocketException: Socket closed 
2010/12/22 08:53:51 ERROR - jmeter.protocol.http.sampler.HTTPSampler: Cause: java.net.SocketException: Socket closed 
2010/12/22 08:53:51 INFO  - jmeter.threads.JMeterThread: Thread finished: First Scenario 1-6 
2010/12/22 08:53:51 INFO  - jmeter.threads.JMeterThread: Stopping: First Scenario 1-5 
2010/12/22 08:53:51 WARN  - jmeter.threads.JMeterThread: Interrupting: First Scenario 1-5 sampler: Login 
2010/12/22 08:53:51 INFO  - jmeter.threads.JMeterThread: Thread finished: First Scenario 1-9 
2010/12/22 08:53:51 ERROR - jmeter.protocol.http.sampler.HTTPSampler: readResponse: java.net.SocketException: Socket closed 
2010/12/22 08:53:51 INFO  - jmeter.threads.JMeterThread: Stopping: First Scenario 1-17 
2010/12/22 08:53:51 ERROR - jmeter.protocol.http.sampler.HTTPSampler: Cause: java.net.SocketException: Socket closed 
2010/12/22 08:53:51 INFO  - jmeter.threads.JMeterThread: Thread finished: First Scenario 1-4 
2010/12/22 08:53:51 ERROR - jmeter.protocol.http.sampler.HTTPSampler: readResponse: java.net.SocketException: Socket closed 
2010/12/22 08:53:51 WARN  - jmeter.threads.JMeterThread: Interrupting: First Scenario 1-17 sampler: Comment 
2010/12/22 08:53:51 ERROR - jmeter.protocol.http.sampler.HTTPSampler: Cause: java.net.SocketException: Socket closed 
2010/12/22 08:53:51 ERROR - jmeter.protocol.http.sampler.HTTPSampler: readResponse: java.net.SocketException: Socket closed 
2010/12/22 08:53:51 ERROR - jmeter.protocol.http.sampler.HTTPSampler: Cause: java.net.SocketException: Socket closed 
2010/12/22 08:53:51 INFO  - jmeter.threads.JMeterThread: Thread finished: First Scenario 1-5 
2010/12/22 08:53:51 INFO  - jmeter.threads.JMeterThread: Thread finished: First Scenario 1-17 
2010/12/22 08:53:51 INFO  - jmeter.threads.JMeterThread: Stopping: First Scenario 1-15 
2010/12/22 08:53:51 WARN  - jmeter.threads.JMeterThread: Interrupting: First Scenario 1-15 sampler: Comment 
2010/12/22 08:53:51 ERROR - jmeter.protocol.http.sampler.HTTPSampler: readResponse: java.net.SocketException: Socket closed 
2010/12/22 08:53:51 ERROR - jmeter.protocol.http.sampler.HTTPSampler: Cause: java.net.SocketException: Socket closed 
2010/12/22 08:53:51 INFO  - jmeter.threads.JMeterThread: Thread finished: First Scenario 1-15 
2010/12/22 08:53:51 INFO  - jmeter.threads.JMeterThread: Stopping: First Scenario 1-19 
2010/12/22 08:53:51 WARN  - jmeter.threads.JMeterThread: Interrupting: First Scenario 1-19 sampler: Comment 
2010/12/22 08:53:51 INFO  - jmeter.threads.JMeterThread: Stopping: First Scenario 1-8 
2010/12/22 08:53:51 ERROR - jmeter.protocol.http.sampler.HTTPSampler: readResponse: java.net.SocketException: Socket closed 
2010/12/22 08:53:51 ERROR - jmeter.protocol.http.sampler.HTTPSampler: Cause: java.net.SocketException: Socket closed 
2010/12/22 08:53:51 WARN  - jmeter.threads.JMeterThread: Interrupting: First Scenario 1-8 sampler: Login 
2010/12/22 08:53:51 INFO  - jmeter.threads.JMeterThread: Thread finished: First Scenario 1-19 
2010/12/22 08:53:51 ERROR - jmeter.protocol.http.sampler.HTTPSampler: readResponse: java.net.SocketException: Socket closed 
2010/12/22 08:53:51 ERROR - jmeter.protocol.http.sampler.HTTPSampler: Cause: java.net.SocketException: Socket closed 
2010/12/22 08:53:51 INFO  - jmeter.threads.JMeterThread: Thread finished: First Scenario 1-8 
2010/12/22 08:53:51 INFO  - jmeter.threads.JMeterThread: Stopping: First Scenario 1-13 
2010/12/22 08:53:51 WARN  - jmeter.threads.JMeterThread: Interrupting: First Scenario 1-13 sampler: Comment 
2010/12/22 08:53:51 INFO  - jmeter.engine.StandardJMeterEngine: Ending thread First Scenario 1-8 
2010/12/22 08:53:51 ERROR - jmeter.protocol.http.sampler.HTTPSampler: readResponse: java.net.SocketException: Socket closed 
2010/12/22 08:53:51 ERROR - jmeter.protocol.http.sampler.HTTPSampler: Cause: java.net.SocketException: Socket closed 
2010/12/22 08:53:51 INFO  - jmeter.engine.StandardJMeterEngine: Ending thread First Scenario 1-19 
2010/12/22 08:53:51 INFO  - jmeter.engine.StandardJMeterEngine: Ending thread First Scenario 1-15 
2010/12/22 08:53:51 INFO  - jmeter.engine.StandardJMeterEngine: Ending thread First Scenario 1-17 
2010/12/22 08:53:51 INFO  - jmeter.threads.JMeterThread: Thread finished: First Scenario 1-13 
2010/12/22 08:53:51 INFO  - jmeter.engine.StandardJMeterEngine: Ending thread First Scenario 1-13 
2010/12/22 08:53:51 INFO  - jmeter.engine.StandardJMeterEngine: Ending thread First Scenario 1-5 
2010/12/22 08:53:51 INFO  - jmeter.engine.StandardJMeterEngine: Ending thread First Scenario 1-4 
2010/12/22 08:53:51 INFO  - jmeter.engine.StandardJMeterEngine: Ending thread First Scenario 1-9 
2010/12/22 08:53:51 INFO  - jmeter.engine.StandardJMeterEngine: Ending thread First Scenario 1-1 
2010/12/22 08:53:51 INFO  - jmeter.engine.StandardJMeterEngine: Ending thread First Scenario 1-6 
2010/12/22 08:53:51 INFO  - jmeter.engine.StandardJMeterEngine: Ending thread First Scenario 1-7 
2010/12/22 08:53:51 INFO  - jmeter.engine.StandardJMeterEngine: Ending thread First Scenario 1-2 
2010/12/22 08:53:51 INFO  - jmeter.engine.StandardJMeterEngine: Ending thread First Scenario 1-14 
2010/12/22 08:53:51 INFO  - jmeter.engine.StandardJMeterEngine: Ending thread First Scenario 1-16 
2010/12/22 08:53:51 INFO  - jmeter.engine.StandardJMeterEngine: Ending thread First Scenario 1-12 
2010/12/22 08:53:51 INFO  - jmeter.engine.StandardJMeterEngine: Ending thread First Scenario 1-10 
2010/12/22 08:53:51 INFO  - jmeter.engine.StandardJMeterEngine: Ending thread First Scenario 1-20 
2010/12/22 08:53:51 INFO  - jmeter.engine.StandardJMeterEngine: Ending thread First Scenario 1-3 
2010/12/22 08:53:51 INFO  - jmeter.engine.StandardJMeterEngine: Ending thread First Scenario 1-11 
2010/12/22 08:53:51 INFO  - jmeter.engine.StandardJMeterEngine: Stopping test 
2010/12/22 08:53:51 INFO  - jmeter.engine.StandardJMeterEngine: Notifying test listeners of end of test 
2010/12/22 08:53:51 INFO  - jmeter.gui.util.JMeterMenuBar: setRunning(false,*local*) 
2010/12/22 08:53:52 INFO  - jmeter.engine.StandardJMeterEngine: Test has ended 
2010/12/22 08:54:05 INFO  - jmeter.engine.StandardJMeterEngine: Running the test! 
2010/12/22 08:54:05 INFO  - jmeter.gui.util.JMeterMenuBar: setRunning(true,*local*) 
2010/12/22 08:54:06 INFO  - jmeter.engine.StandardJMeterEngine: Starting 15 threads for group First Scenario. Ramp up = 1. 
2010/12/22 08:54:06 INFO  - jmeter.engine.StandardJMeterEngine: Thread will continue on error 
2010/12/22 08:54:06 INFO  - jmeter.threads.JMeterThread: Thread started: First Scenario 1-1 
2010/12/22 08:54:06 INFO  - jmeter.engine.StandardJMeterEngine: Starting 15 threads for group Second Scenario. Ramp up = 1. 
2010/12/22 08:54:06 INFO  - jmeter.engine.StandardJMeterEngine: Thread will continue on error 
2010/12/22 08:54:06 INFO  - jmeter.threads.JMeterThread: Thread started: Second Scenario 2-1 
2010/12/22 08:54:06 INFO  - jmeter.engine.StandardJMeterEngine: All threads have been started 
2010/12/22 08:54:06 INFO  - jmeter.threads.JMeterThread: Thread started: First Scenario 1-2 
2010/12/22 08:54:06 INFO  - jmeter.threads.JMeterThread: Thread started: Second Scenario 2-2 
2010/12/22 08:54:06 INFO  - jmeter.threads.JMeterThread: Thread started: First Scenario 1-3 
2010/12/22 08:54:06 INFO  - jmeter.threads.JMeterThread: Thread started: Second Scenario 2-3 
2010/12/22 08:54:06 INFO  - jmeter.threads.JMeterThread: Thread started: First Scenario 1-4 
2010/12/22 08:54:06 INFO  - jmeter.threads.JMeterThread: Thread started: Second Scenario 2-4 
2010/12/22 08:54:06 INFO  - jmeter.threads.JMeterThread: Thread started: First Scenario 1-5 
2010/12/22 08:54:06 INFO  - jmeter.threads.JMeterThread: Thread started: Second Scenario 2-5 
2010/12/22 08:54:06 INFO  - jmeter.threads.JMeterThread: Thread started: First Scenario 1-6 
2010/12/22 08:54:06 INFO  - jmeter.threads.JMeterThread: Thread started: Second Scenario 2-6 
2010/12/22 08:54:06 INFO  - jmeter.threads.JMeterThread: Thread started: First Scenario 1-7 
2010/12/22 08:54:06 INFO  - jmeter.threads.JMeterThread: Thread started: Second Scenario 2-7 
2010/12/22 08:54:06 INFO  - jmeter.threads.JMeterThread: Thread started: First Scenario 1-8 
2010/12/22 08:54:06 INFO  - jmeter.threads.JMeterThread: Thread started: Second Scenario 2-8 
2010/12/22 08:54:06 INFO  - jmeter.threads.JMeterThread: Thread started: First Scenario 1-9 
2010/12/22 08:54:06 INFO  - jmeter.threads.JMeterThread: Thread started: Second Scenario 2-9 
2010/12/22 08:54:06 INFO  - jmeter.threads.JMeterThread: Thread started: First Scenario 1-10 
2010/12/22 08:54:06 INFO  - jmeter.threads.JMeterThread: Thread started: Second Scenario 2-10 
2010/12/22 08:54:06 INFO  - jmeter.threads.JMeterThread: Thread started: First Scenario 1-11 
2010/12/22 08:54:06 INFO  - jmeter.threads.JMeterThread: Thread started: Second Scenario 2-11 
2010/12/22 08:54:06 INFO  - jmeter.threads.JMeterThread: Thread started: First Scenario 1-12 
2010/12/22 08:54:06 INFO  - jmeter.threads.JMeterThread: Thread started: Second Scenario 2-12 
2010/12/22 08:54:06 INFO  - jmeter.threads.JMeterThread: Thread started: First Scenario 1-13 
2010/12/22 08:54:06 INFO  - jmeter.threads.JMeterThread: Thread started: Second Scenario 2-13 
2010/12/22 08:54:06 INFO  - jmeter.threads.JMeterThread: Thread started: First Scenario 1-14 
2010/12/22 08:54:06 INFO  - jmeter.threads.JMeterThread: Thread started: Second Scenario 2-14 
2010/12/22 08:54:07 INFO  - jmeter.threads.JMeterThread: Thread started: First Scenario 1-15 
2010/12/22 08:54:07 INFO  - jmeter.threads.JMeterThread: Thread started: Second Scenario 2-15 
2010/12/22 08:57:59 INFO  - jmeter.threads.JMeterThread: Thread finished: Second Scenario 2-1 
2010/12/22 08:57:59 INFO  - jmeter.engine.StandardJMeterEngine: Ending thread Second Scenario 2-1 
2010/12/22 08:58:22 INFO  - jmeter.threads.JMeterThread: Thread finished: Second Scenario 2-5 
2010/12/22 08:58:22 INFO  - jmeter.threads.JMeterThread: Thread finished: Second Scenario 2-3 
2010/12/22 08:58:22 INFO  - jmeter.threads.JMeterThread: Thread finished: Second Scenario 2-4 
2010/12/22 08:58:22 INFO  - jmeter.engine.StandardJMeterEngine: Ending thread Second Scenario 2-5 
2010/12/22 08:58:22 INFO  - jmeter.engine.StandardJMeterEngine: Ending thread Second Scenario 2-4 
2010/12/22 08:58:22 INFO  - jmeter.engine.StandardJMeterEngine: Ending thread Second Scenario 2-3 
2010/12/22 08:59:08 INFO  - jmeter.threads.JMeterThread: Thread finished: Second Scenario 2-2 
2010/12/22 08:59:08 INFO  - jmeter.engine.StandardJMeterEngine: Ending thread Second Scenario 2-2 
2010/12/22 08:59:08 INFO  - jmeter.threads.JMeterThread: Thread finished: Second Scenario 2-12 
2010/12/22 08:59:08 INFO  - jmeter.engine.StandardJMeterEngine: Ending thread Second Scenario 2-12 
2010/12/22 08:59:08 INFO  - jmeter.threads.JMeterThread: Thread finished: Second Scenario 2-7 
2010/12/22 08:59:08 INFO  - jmeter.engine.StandardJMeterEngine: Ending thread Second Scenario 2-7 
2010/12/22 08:59:08 INFO  - jmeter.threads.JMeterThread: Thread finished: Second Scenario 2-8 
2010/12/22 08:59:08 INFO  - jmeter.engine.StandardJMeterEngine: Ending thread Second Scenario 2-8 
2010/12/22 08:59:08 INFO  - jmeter.threads.JMeterThread: Thread finished: Second Scenario 2-9 
2010/12/22 08:59:08 INFO  - jmeter.engine.StandardJMeterEngine: Ending thread Second Scenario 2-9 
2010/12/22 08:59:08 INFO  - jmeter.threads.JMeterThread: Thread finished: Second Scenario 2-6 
2010/12/22 08:59:08 INFO  - jmeter.engine.StandardJMeterEngine: Ending thread Second Scenario 2-6 
2010/12/22 08:59:08 INFO  - jmeter.threads.JMeterThread: Thread finished: Second Scenario 2-11 
2010/12/22 08:59:08 INFO  - jmeter.engine.StandardJMeterEngine: Ending thread Second Scenario 2-11 
2010/12/22 08:59:08 INFO  - jmeter.threads.JMeterThread: Thread finished: Second Scenario 2-10 
2010/12/22 08:59:08 INFO  - jmeter.engine.StandardJMeterEngine: Ending thread Second Scenario 2-10 
2010/12/22 08:59:16 INFO  - jmeter.threads.JMeterThread: Thread finished: Second Scenario 2-15 
2010/12/22 08:59:16 INFO  - jmeter.engine.StandardJMeterEngine: Ending thread Second Scenario 2-15 
2010/12/22 08:59:16 INFO  - jmeter.threads.JMeterThread: Thread finished: Second Scenario 2-13 
2010/12/22 08:59:16 INFO  - jmeter.threads.JMeterThread: Thread finished: Second Scenario 2-14 
2010/12/22 08:59:16 INFO  - jmeter.engine.StandardJMeterEngine: Ending thread Second Scenario 2-13 
2010/12/22 08:59:16 INFO  - jmeter.engine.StandardJMeterEngine: Ending thread Second Scenario 2-14 
2010/12/22 09:01:09 INFO  - jmeter.gui.action.Start: Stopping test 
2010/12/22 09:01:09 INFO  - jmeter.threads.JMeterThread: Stopping: First Scenario 1-6 
2010/12/22 09:01:09 WARN  - jmeter.threads.JMeterThread: Interrupting: First Scenario 1-6 sampler: Answer 
2010/12/22 09:01:09 ERROR - jmeter.protocol.http.sampler.HTTPSampler: readResponse: java.net.SocketException: Socket closed 
2010/12/22 09:01:09 ERROR - jmeter.protocol.http.sampler.HTTPSampler: Cause: java.net.SocketException: Socket closed 
2010/12/22 09:01:09 INFO  - jmeter.threads.JMeterThread: Thread finished: First Scenario 1-6 
2010/12/22 09:01:09 INFO  - jmeter.engine.StandardJMeterEngine: Ending thread First Scenario 1-6 
2010/12/22 09:01:09 INFO  - jmeter.threads.JMeterThread: Stopping: First Scenario 1-5 
2010/12/22 09:01:09 WARN  - jmeter.threads.JMeterThread: Interrupting: First Scenario 1-5 sampler: Answer 
2010/12/22 09:01:09 ERROR - jmeter.protocol.http.sampler.HTTPSampler: readResponse: java.net.SocketException: Socket closed 
2010/12/22 09:01:09 ERROR - jmeter.protocol.http.sampler.HTTPSampler: Cause: java.net.SocketException: Socket closed 
2010/12/22 09:01:09 INFO  - jmeter.threads.JMeterThread: Stopping: First Scenario 1-11 
2010/12/22 09:01:09 WARN  - jmeter.threads.JMeterThread: Interrupting: First Scenario 1-11 sampler: Answer 
2010/12/22 09:01:09 INFO  - jmeter.threads.JMeterThread: Stopping: First Scenario 1-3 
2010/12/22 09:01:09 WARN  - jmeter.threads.JMeterThread: Interrupting: First Scenario 1-3 sampler: Answer 
2010/12/22 09:01:09 INFO  - jmeter.threads.JMeterThread: Stopping: First Scenario 1-1 
2010/12/22 09:01:09 WARN  - jmeter.threads.JMeterThread: Interrupting: First Scenario 1-1 sampler: Answer 
2010/12/22 09:01:09 INFO  - jmeter.threads.JMeterThread: Stopping: First Scenario 1-9 
2010/12/22 09:01:09 WARN  - jmeter.threads.JMeterThread: Interrupting: First Scenario 1-9 sampler: Answer 
2010/12/22 09:01:09 INFO  - jmeter.threads.JMeterThread: Stopping: First Scenario 1-4 
2010/12/22 09:01:09 WARN  - jmeter.threads.JMeterThread: Interrupting: First Scenario 1-4 sampler: Answer 
2010/12/22 09:01:09 INFO  - jmeter.threads.JMeterThread: Thread finished: First Scenario 1-5 
2010/12/22 09:01:09 INFO  - jmeter.threads.JMeterThread: Stopping: First Scenario 1-8 
2010/12/22 09:01:09 ERROR - jmeter.protocol.http.sampler.HTTPSampler: readResponse: java.net.SocketException: Socket closed 
2010/12/22 09:01:09 ERROR - jmeter.protocol.http.sampler.HTTPSampler: readResponse: java.net.SocketException: Socket closed 
2010/12/22 09:01:09 ERROR - jmeter.protocol.http.sampler.HTTPSampler: Cause: java.net.SocketException: Socket closed 
2010/12/22 09:01:09 ERROR - jmeter.protocol.http.sampler.HTTPSampler: readResponse: java.net.SocketException: Socket closed 
2010/12/22 09:01:09 ERROR - jmeter.protocol.http.sampler.HTTPSampler: Cause: java.net.SocketException: Socket closed 
2010/12/22 09:01:09 ERROR - jmeter.protocol.http.sampler.HTTPSampler: readResponse: java.net.SocketException: Socket closed 
2010/12/22 09:01:09 ERROR - jmeter.protocol.http.sampler.HTTPSampler: Cause: java.net.SocketException: Socket closed 
2010/12/22 09:01:09 ERROR - jmeter.protocol.http.sampler.HTTPSampler: readResponse: java.net.SocketException: Socket closed 
2010/12/22 09:01:09 ERROR - jmeter.protocol.http.sampler.HTTPSampler: Cause: java.net.SocketException: Socket closed 
2010/12/22 09:01:09 WARN  - jmeter.threads.JMeterThread: Interrupting: First Scenario 1-8 sampler: Detail 
2010/12/22 09:01:09 ERROR - jmeter.protocol.http.sampler.HTTPSampler: Cause: java.net.SocketException: Socket closed 
2010/12/22 09:01:09 INFO  - jmeter.threads.JMeterThread: Thread finished: First Scenario 1-1 
2010/12/22 09:01:09 INFO  - jmeter.threads.JMeterThread: Thread finished: First Scenario 1-9 
2010/12/22 09:01:09 INFO  - jmeter.threads.JMeterThread: Thread finished: First Scenario 1-4 
2010/12/22 09:01:09 INFO  - jmeter.threads.JMeterThread: Thread finished: First Scenario 1-3 
2010/12/22 09:01:09 INFO  - jmeter.threads.JMeterThread: Stopping: First Scenario 1-2 
2010/12/22 09:01:09 INFO  - jmeter.threads.JMeterThread: Thread finished: First Scenario 1-11 
2010/12/22 09:01:09 ERROR - jmeter.protocol.http.sampler.HTTPSampler: readResponse: java.net.SocketException: Socket closed 
2010/12/22 09:01:09 ERROR - jmeter.protocol.http.sampler.HTTPSampler: Cause: java.net.SocketException: Socket closed 
2010/12/22 09:01:09 WARN  - jmeter.threads.JMeterThread: Interrupting: First Scenario 1-2 sampler: Answer 
2010/12/22 09:01:09 ERROR - jmeter.protocol.http.sampler.HTTPSampler: readResponse: java.net.SocketException: Socket closed 
2010/12/22 09:01:09 ERROR - jmeter.protocol.http.sampler.HTTPSampler: Cause: java.net.SocketException: Socket closed 
2010/12/22 09:01:09 INFO  - jmeter.threads.JMeterThread: Thread finished: First Scenario 1-8 
2010/12/22 09:01:09 INFO  - jmeter.threads.JMeterThread: Stopping: First Scenario 1-15 
2010/12/22 09:01:09 WARN  - jmeter.threads.JMeterThread: Interrupting: First Scenario 1-15 sampler: Detail 
2010/12/22 09:01:09 ERROR - jmeter.protocol.http.sampler.HTTPSampler: readResponse: java.net.SocketException: Socket closed 
2010/12/22 09:01:09 ERROR - jmeter.protocol.http.sampler.HTTPSampler: Cause: java.net.SocketException: Socket closed 
2010/12/22 09:01:09 INFO  - jmeter.threads.JMeterThread: Thread finished: First Scenario 1-2 
2010/12/22 09:01:09 INFO  - jmeter.threads.JMeterThread: Stopping: First Scenario 1-7 
2010/12/22 09:01:09 WARN  - jmeter.threads.JMeterThread: Interrupting: First Scenario 1-7 sampler: Answer 
2010/12/22 09:01:09 INFO  - jmeter.threads.JMeterThread: Stopping: First Scenario 1-13 
2010/12/22 09:01:09 WARN  - jmeter.threads.JMeterThread: Interrupting: First Scenario 1-13 sampler: Detail 
2010/12/22 09:01:09 ERROR - jmeter.protocol.http.sampler.HTTPSampler: readResponse: java.net.SocketException: Socket closed 
2010/12/22 09:01:09 ERROR - jmeter.protocol.http.sampler.HTTPSampler: Cause: java.net.SocketException: Socket closed 
2010/12/22 09:01:09 INFO  - jmeter.threads.JMeterThread: Stopping: First Scenario 1-14 
2010/12/22 09:01:09 WARN  - jmeter.threads.JMeterThread: Interrupting: First Scenario 1-14 sampler: List questions 
2010/12/22 09:01:09 INFO  - jmeter.threads.JMeterThread: Stopping: First Scenario 1-10 
2010/12/22 09:01:09 INFO  - jmeter.threads.JMeterThread: Thread finished: First Scenario 1-15 
2010/12/22 09:01:09 WARN  - jmeter.threads.JMeterThread: Interrupting: First Scenario 1-10 sampler: Detail 
2010/12/22 09:01:09 ERROR - jmeter.protocol.http.sampler.HTTPSampler: readResponse: java.net.SocketException: Socket closed 
2010/12/22 09:01:09 ERROR - jmeter.protocol.http.sampler.HTTPSampler: Cause: java.net.SocketException: Socket closed 
2010/12/22 09:01:09 INFO  - jmeter.threads.JMeterThread: Thread finished: First Scenario 1-7 
2010/12/22 09:01:09 INFO  - jmeter.threads.JMeterThread: Stopping: First Scenario 1-12 
2010/12/22 09:01:09 ERROR - jmeter.protocol.http.sampler.HTTPSampler: readResponse: java.net.SocketException: Socket closed 
2010/12/22 09:01:09 ERROR - jmeter.protocol.http.sampler.HTTPSampler: readResponse: java.net.SocketException: Socket closed 
2010/12/22 09:01:09 INFO  - jmeter.threads.JMeterThread: Thread finished: First Scenario 1-13 
2010/12/22 09:01:09 WARN  - jmeter.threads.JMeterThread: Interrupting: First Scenario 1-12 sampler: Detail 
2010/12/22 09:01:09 ERROR - jmeter.protocol.http.sampler.HTTPSampler: Cause: java.net.SocketException: Socket closed 
2010/12/22 09:01:09 ERROR - jmeter.protocol.http.sampler.HTTPSampler: Cause: java.net.SocketException: Socket closed 
2010/12/22 09:01:09 INFO  - jmeter.engine.StandardJMeterEngine: Ending thread First Scenario 1-13 
2010/12/22 09:01:09 INFO  - jmeter.engine.StandardJMeterEngine: Ending thread First Scenario 1-7 
2010/12/22 09:01:09 INFO  - jmeter.threads.JMeterThread: Thread finished: First Scenario 1-10 
2010/12/22 09:01:09 INFO  - jmeter.engine.StandardJMeterEngine: Ending thread First Scenario 1-15 
2010/12/22 09:01:09 ERROR - jmeter.protocol.http.sampler.HTTPSampler: readResponse: java.net.SocketException: Socket closed 
2010/12/22 09:01:09 ERROR - jmeter.protocol.http.sampler.HTTPSampler: Cause: java.net.SocketException: Socket closed 
2010/12/22 09:01:09 INFO  - jmeter.threads.JMeterThread: Thread finished: First Scenario 1-14 
2010/12/22 09:01:09 INFO  - jmeter.engine.StandardJMeterEngine: Ending thread First Scenario 1-14 
2010/12/22 09:01:09 INFO  - jmeter.threads.JMeterThread: Thread finished: First Scenario 1-12 
2010/12/22 09:01:09 INFO  - jmeter.engine.StandardJMeterEngine: Ending thread First Scenario 1-12 
2010/12/22 09:01:09 INFO  - jmeter.engine.StandardJMeterEngine: Ending thread First Scenario 1-2 
2010/12/22 09:01:09 INFO  - jmeter.engine.StandardJMeterEngine: Ending thread First Scenario 1-8 
2010/12/22 09:01:09 INFO  - jmeter.engine.StandardJMeterEngine: Ending thread First Scenario 1-11 
2010/12/22 09:01:09 INFO  - jmeter.engine.StandardJMeterEngine: Ending thread First Scenario 1-3 
2010/12/22 09:01:09 INFO  - jmeter.engine.StandardJMeterEngine: Ending thread First Scenario 1-4 
2010/12/22 09:01:09 INFO  - jmeter.engine.StandardJMeterEngine: Ending thread First Scenario 1-9 
2010/12/22 09:01:09 INFO  - jmeter.engine.StandardJMeterEngine: Ending thread First Scenario 1-1 
2010/12/22 09:01:09 INFO  - jmeter.engine.StandardJMeterEngine: Ending thread First Scenario 1-5 
2010/12/22 09:01:09 INFO  - jmeter.engine.StandardJMeterEngine: Ending thread First Scenario 1-10 
2010/12/22 09:01:09 INFO  - jmeter.engine.StandardJMeterEngine: Stopping test 
2010/12/22 09:01:09 INFO  - jmeter.engine.StandardJMeterEngine: Notifying test listeners of end of test 
2010/12/22 09:01:09 INFO  - jmeter.gui.util.JMeterMenuBar: setRunning(false,*local*) 
2010/12/22 09:01:09 INFO  - jmeter.engine.StandardJMeterEngine: Test has ended 
